running egg_info
creating ../../build/learn_action/learn_action.egg-info
writing ../../build/learn_action/learn_action.egg-info/PKG-INFO
writing dependency_links to ../../build/learn_action/learn_action.egg-info/dependency_links.txt
writing entry points to ../../build/learn_action/learn_action.egg-info/entry_points.txt
writing requirements to ../../build/learn_action/learn_action.egg-info/requires.txt
writing top-level names to ../../build/learn_action/learn_action.egg-info/top_level.txt
writing manifest file '../../build/learn_action/learn_action.egg-info/SOURCES.txt'
reading manifest file '../../build/learn_action/learn_action.egg-info/SOURCES.txt'
writing manifest file '../../build/learn_action/learn_action.egg-info/SOURCES.txt'
running build
running build_py
creating /home/ubuntu/Desktop/workspace/zhao/build/learn_action/build
creating /home/ubuntu/Desktop/workspace/zhao/build/learn_action/build/lib
creating /home/ubuntu/Desktop/workspace/zhao/build/learn_action/build/lib/learn_action
copying learn_action/__init__.py -> /home/ubuntu/Desktop/workspace/zhao/build/learn_action/build/lib/learn_action
copying learn_action/action_service.py -> /home/ubuntu/Desktop/workspace/zhao/build/learn_action/build/lib/learn_action
copying learn_action/action_client.py -> /home/ubuntu/Desktop/workspace/zhao/build/learn_action/build/lib/learn_action
running install
running install_lib
creating /home/ubuntu/Desktop/workspace/zhao/install/learn_action/lib/python3.8/site-packages/learn_action
copying /home/ubuntu/Desktop/workspace/zhao/build/learn_action/build/lib/learn_action/__init__.py -> /home/ubuntu/Desktop/workspace/zhao/install/learn_action/lib/python3.8/site-packages/learn_action
copying /home/ubuntu/Desktop/workspace/zhao/build/learn_action/build/lib/learn_action/action_service.py -> /home/ubuntu/Desktop/workspace/zhao/install/learn_action/lib/python3.8/site-packages/learn_action
copying /home/ubuntu/Desktop/workspace/zhao/build/learn_action/build/lib/learn_action/action_client.py -> /home/ubuntu/Desktop/workspace/zhao/install/learn_action/lib/python3.8/site-packages/learn_action
byte-compiling /home/ubuntu/Desktop/workspace/zhao/install/learn_action/lib/python3.8/site-packages/learn_action/__init__.py to __init__.cpython-38.pyc
byte-compiling /home/ubuntu/Desktop/workspace/zhao/install/learn_action/lib/python3.8/site-packages/learn_action/action_service.py to action_service.cpython-38.pyc
byte-compiling /home/ubuntu/Desktop/workspace/zhao/install/learn_action/lib/python3.8/site-packages/learn_action/action_client.py to action_client.cpython-38.pyc
running install_data
creating /home/ubuntu/Desktop/workspace/zhao/install/learn_action/share/ament_index
creating /home/ubuntu/Desktop/workspace/zhao/install/learn_action/share/ament_index/resource_index
creating /home/ubuntu/Desktop/workspace/zhao/install/learn_action/share/ament_index/resource_index/packages
copying resource/learn_action -> /home/ubuntu/Desktop/workspace/zhao/install/learn_action/share/ament_index/resource_index/packages
copying package.xml -> /home/ubuntu/Desktop/workspace/zhao/install/learn_action/share/learn_action
running install_egg_info
Copying ../../build/learn_action/learn_action.egg-info to /home/ubuntu/Desktop/workspace/zhao/install/learn_action/lib/python3.8/site-packages/learn_action-0.0.0-py3.8.egg-info
running install_scripts
Installing action_client script to /home/ubuntu/Desktop/workspace/zhao/install/learn_action/lib/learn_action
Installing action_server script to /home/ubuntu/Desktop/workspace/zhao/install/learn_action/lib/learn_action
writing list of installed files to '/home/ubuntu/Desktop/workspace/zhao/build/learn_action/install.log'
