[0.065s] Invoking command in '/home/ubuntu/Desktop/workspace/zhao/build/learn_interface': CMAKE_PREFIX_PATH=${CMAKE_PREFIX_PATH}:/home/ubuntu/Desktop/workspace/zhao/install/learn_topic:/home/ubuntu/Desktop/workspace/zhao/install/learn_service:/opt/ros/foxy /usr/bin/cmake --build /home/ubuntu/Desktop/workspace/zhao/build/learn_interface -- -j4 -l4
[1.052s] -- Found ament_cmake: 0.9.9 (/opt/ros/foxy/share/ament_cmake/cmake)
[1.157s] -- Found PythonInterp: /usr/bin/python3 (found suitable version "3.8.10", minimum required is "3") 
[1.158s] -- Using PYTHON_EXECUTABLE: /usr/bin/python3
[1.683s] -- Found rosidl_default_generators: 1.0.1 (/opt/ros/foxy/share/rosidl_default_generators/cmake)
[1.723s] -- Using all available rosidl_typesupport_c: rosidl_typesupport_fastrtps_c;rosidl_typesupport_introspection_c
[1.746s] -- Found rosidl_adapter: 1.2.1 (/opt/ros/foxy/share/rosidl_adapter/cmake)
[2.703s] -- Using all available rosidl_typesupport_cpp: rosidl_typesupport_fastrtps_cpp;rosidl_typesupport_introspection_cpp
[2.805s] CMake Error at /opt/ros/foxy/share/rosidl_cmake/cmake/rosidl_generate_interfaces.cmake:93 (message):
[2.805s]   rosidl_generate_interfaces() the passed file 'srv/AddTwoInt32s.srv' doesn't
[2.805s]   exist relative to the CMAKE_CURRENT_SOURCE_DIR
[2.806s]   '/home/ubuntu/Desktop/workspace/zhao/src/learn_interface'
[2.806s] Call Stack (most recent call first):
[2.806s]   CMakeLists.txt:25 (rosidl_generate_interfaces)
[2.806s] 
[2.806s] 
[2.810s] -- Configuring incomplete, errors occurred!
[2.811s] See also "/home/ubuntu/Desktop/workspace/zhao/build/learn_interface/CMakeFiles/CMakeOutput.log".
[2.822s] make: *** [Makefile:988: cmake_check_build_system] Error 1
[2.825s] Invoked command in '/home/ubuntu/Desktop/workspace/zhao/build/learn_interface' returned '2': CMAKE_PREFIX_PATH=${CMAKE_PREFIX_PATH}:/home/ubuntu/Desktop/workspace/zhao/install/learn_topic:/home/ubuntu/Desktop/workspace/zhao/install/learn_service:/opt/ros/foxy /usr/bin/cmake --build /home/ubuntu/Desktop/workspace/zhao/build/learn_interface -- -j4 -l4
