[0.219s] DEBUG:colcon:Command line arguments: ['/usr/bin/colcon', 'build']
[0.220s] DEBUG:colcon:Parsed command line arguments: Namespace(allow_overriding=[], ament_cmake_args=None, base_paths=['.'], build_base='build', catkin_cmake_args=None, catkin_skip_building_tests=False, cmake_args=None, cmake_clean_cache=False, cmake_clean_first=False, cmake_force_configure=False, cmake_target=None, cmake_target_skip_unavailable=False, continue_on_error=False, event_handlers=None, executor='parallel', ignore_user_meta=False, install_base='install', log_base=None, log_level=None, main=<bound method BuildVerb.main of <colcon_core.verb.build.BuildVerb object at 0x7fa7532e5a30>>, merge_install=False, metas=['./colcon.meta'], packages_above=None, packages_above_and_dependencies=None, packages_above_depth=None, packages_end=None, packages_ignore=None, packages_ignore_regex=None, packages_select=None, packages_select_build_failed=False, packages_select_by_dep=None, packages_select_regex=None, packages_select_test_failures=False, packages_skip=None, packages_skip_build_finished=False, packages_skip_by_dep=None, packages_skip_regex=None, packages_skip_test_passed=False, packages_skip_up_to=None, packages_start=None, packages_up_to=None, packages_up_to_regex=None, parallel_workers=4, paths=None, symlink_install=False, test_result_base=None, verb_extension=<colcon_core.verb.build.BuildVerb object at 0x7fa7532e5a30>, verb_name='build', verb_parser=<colcon_defaults.argument_parser.defaults.DefaultArgumentsDecorator object at 0x7fa7532e5fa0>)
[0.263s] Level 1:colcon.colcon_core.package_discovery:discover_packages(colcon_meta) check parameters
[0.264s] Level 1:colcon.colcon_core.package_discovery:discover_packages(recursive) check parameters
[0.264s] Level 1:colcon.colcon_core.package_discovery:discover_packages(ignore) check parameters
[0.264s] Level 1:colcon.colcon_core.package_discovery:discover_packages(path) check parameters
[0.264s] Level 1:colcon.colcon_core.package_discovery:discover_packages(colcon_meta) discover
[0.264s] Level 1:colcon.colcon_core.package_discovery:discover_packages(recursive) discover
[0.264s] INFO:colcon.colcon_core.package_discovery:Crawling recursively for packages in '/home/ubuntu/Desktop/workspace/zhao'
[0.264s] Level 1:colcon.colcon_core.package_identification:_identify(.) by extensions ['ignore', 'ignore_ament_install']
[0.265s] Level 1:colcon.colcon_core.package_identification:_identify(.) by extension 'ignore'
[0.265s] Level 1:colcon.colcon_core.package_identification:_identify(.) by extension 'ignore_ament_install'
[0.265s] Level 1:colcon.colcon_core.package_identification:_identify(.) by extensions ['colcon_pkg']
[0.265s] Level 1:colcon.colcon_core.package_identification:_identify(.) by extension 'colcon_pkg'
[0.265s] Level 1:colcon.colcon_core.package_identification:_identify(.) by extensions ['colcon_meta']
[0.265s] Level 1:colcon.colcon_core.package_identification:_identify(.) by extension 'colcon_meta'
[0.265s] Level 1:colcon.colcon_core.package_identification:_identify(.) by extensions ['ros']
[0.265s] Level 1:colcon.colcon_core.package_identification:_identify(.) by extension 'ros'
[0.289s] Level 1:colcon.colcon_core.package_identification:_identify(.) by extensions ['cmake', 'python']
[0.289s] Level 1:colcon.colcon_core.package_identification:_identify(.) by extension 'cmake'
[0.289s] Level 1:colcon.colcon_core.package_identification:_identify(.) by extension 'python'
[0.289s] Level 1:colcon.colcon_core.package_identification:_identify(.) by extensions ['python_setup_py']
[0.289s] Level 1:colcon.colcon_core.package_identification:_identify(.) by extension 'python_setup_py'
[0.289s] Level 1:colcon.colcon_core.package_identification:_identify(build) by extensions ['ignore', 'ignore_ament_install']
[0.290s] Level 1:colcon.colcon_core.package_identification:_identify(build) by extension 'ignore'
[0.290s] Level 1:colcon.colcon_core.package_identification:_identify(build) ignored
[0.290s] Level 1:colcon.colcon_core.package_identification:_identify(install) by extensions ['ignore', 'ignore_ament_install']
[0.290s] Level 1:colcon.colcon_core.package_identification:_identify(install) by extension 'ignore'
[0.290s] Level 1:colcon.colcon_core.package_identification:_identify(install) ignored
[0.291s] Level 1:colcon.colcon_core.package_identification:_identify(log) by extensions ['ignore', 'ignore_ament_install']
[0.291s] Level 1:colcon.colcon_core.package_identification:_identify(log) by extension 'ignore'
[0.291s] Level 1:colcon.colcon_core.package_identification:_identify(log) ignored
[0.291s] Level 1:colcon.colcon_core.package_identification:_identify(src) by extensions ['ignore', 'ignore_ament_install']
[0.291s] Level 1:colcon.colcon_core.package_identification:_identify(src) by extension 'ignore'
[0.291s] Level 1:colcon.colcon_core.package_identification:_identify(src) by extension 'ignore_ament_install'
[0.291s] Level 1:colcon.colcon_core.package_identification:_identify(src) by extensions ['colcon_pkg']
[0.291s] Level 1:colcon.colcon_core.package_identification:_identify(src) by extension 'colcon_pkg'
[0.292s] Level 1:colcon.colcon_core.package_identification:_identify(src) by extensions ['colcon_meta']
[0.292s] Level 1:colcon.colcon_core.package_identification:_identify(src) by extension 'colcon_meta'
[0.292s] Level 1:colcon.colcon_core.package_identification:_identify(src) by extensions ['ros']
[0.292s] Level 1:colcon.colcon_core.package_identification:_identify(src) by extension 'ros'
[0.292s] Level 1:colcon.colcon_core.package_identification:_identify(src) by extensions ['cmake', 'python']
[0.292s] Level 1:colcon.colcon_core.package_identification:_identify(src) by extension 'cmake'
[0.292s] Level 1:colcon.colcon_core.package_identification:_identify(src) by extension 'python'
[0.292s] Level 1:colcon.colcon_core.package_identification:_identify(src) by extensions ['python_setup_py']
[0.292s] Level 1:colcon.colcon_core.package_identification:_identify(src) by extension 'python_setup_py'
[0.293s] Level 1:colcon.colcon_core.package_identification:_identify(src/learn_interface) by extensions ['ignore', 'ignore_ament_install']
[0.293s] Level 1:colcon.colcon_core.package_identification:_identify(src/learn_interface) by extension 'ignore'
[0.293s] Level 1:colcon.colcon_core.package_identification:_identify(src/learn_interface) by extension 'ignore_ament_install'
[0.293s] Level 1:colcon.colcon_core.package_identification:_identify(src/learn_interface) by extensions ['colcon_pkg']
[0.293s] Level 1:colcon.colcon_core.package_identification:_identify(src/learn_interface) by extension 'colcon_pkg'
[0.293s] Level 1:colcon.colcon_core.package_identification:_identify(src/learn_interface) by extensions ['colcon_meta']
[0.293s] Level 1:colcon.colcon_core.package_identification:_identify(src/learn_interface) by extension 'colcon_meta'
[0.293s] Level 1:colcon.colcon_core.package_identification:_identify(src/learn_interface) by extensions ['ros']
[0.293s] Level 1:colcon.colcon_core.package_identification:_identify(src/learn_interface) by extension 'ros'
[0.299s] DEBUG:colcon.colcon_core.package_identification:Package 'src/learn_interface' with type 'ros.ament_cmake' and name 'learn_interface'
[0.299s] Level 1:colcon.colcon_core.package_identification:_identify(src/learn_service) by extensions ['ignore', 'ignore_ament_install']
[0.299s] Level 1:colcon.colcon_core.package_identification:_identify(src/learn_service) by extension 'ignore'
[0.299s] Level 1:colcon.colcon_core.package_identification:_identify(src/learn_service) by extension 'ignore_ament_install'
[0.299s] Level 1:colcon.colcon_core.package_identification:_identify(src/learn_service) by extensions ['colcon_pkg']
[0.299s] Level 1:colcon.colcon_core.package_identification:_identify(src/learn_service) by extension 'colcon_pkg'
[0.299s] Level 1:colcon.colcon_core.package_identification:_identify(src/learn_service) by extensions ['colcon_meta']
[0.300s] Level 1:colcon.colcon_core.package_identification:_identify(src/learn_service) by extension 'colcon_meta'
[0.300s] Level 1:colcon.colcon_core.package_identification:_identify(src/learn_service) by extensions ['ros']
[0.300s] Level 1:colcon.colcon_core.package_identification:_identify(src/learn_service) by extension 'ros'
[0.301s] DEBUG:colcon.colcon_core.package_identification:Package 'src/learn_service' with type 'ros.ament_python' and name 'learn_service'
[0.301s] Level 1:colcon.colcon_core.package_identification:_identify(src/learn_topic) by extensions ['ignore', 'ignore_ament_install']
[0.301s] Level 1:colcon.colcon_core.package_identification:_identify(src/learn_topic) by extension 'ignore'
[0.301s] Level 1:colcon.colcon_core.package_identification:_identify(src/learn_topic) by extension 'ignore_ament_install'
[0.302s] Level 1:colcon.colcon_core.package_identification:_identify(src/learn_topic) by extensions ['colcon_pkg']
[0.302s] Level 1:colcon.colcon_core.package_identification:_identify(src/learn_topic) by extension 'colcon_pkg'
[0.302s] Level 1:colcon.colcon_core.package_identification:_identify(src/learn_topic) by extensions ['colcon_meta']
[0.302s] Level 1:colcon.colcon_core.package_identification:_identify(src/learn_topic) by extension 'colcon_meta'
[0.302s] Level 1:colcon.colcon_core.package_identification:_identify(src/learn_topic) by extensions ['ros']
[0.302s] Level 1:colcon.colcon_core.package_identification:_identify(src/learn_topic) by extension 'ros'
[0.303s] DEBUG:colcon.colcon_core.package_identification:Package 'src/learn_topic' with type 'ros.ament_python' and name 'learn_topic'
[0.303s] Level 1:colcon.colcon_core.package_discovery:discover_packages(recursive) using defaults
[0.303s] Level 1:colcon.colcon_core.package_discovery:discover_packages(ignore) discover
[0.303s] Level 1:colcon.colcon_core.package_discovery:discover_packages(ignore) using defaults
[0.303s] Level 1:colcon.colcon_core.package_discovery:discover_packages(path) discover
[0.304s] Level 1:colcon.colcon_core.package_discovery:discover_packages(path) using defaults
[0.345s] Level 1:colcon.colcon_core.package_discovery:discover_packages(prefix_path) check parameters
[0.345s] Level 1:colcon.colcon_core.package_discovery:discover_packages(prefix_path) discover
[0.349s] DEBUG:colcon.colcon_installed_package_information.package_discovery:Found 3 installed packages in /home/ubuntu/Desktop/workspace/zhao/install
[0.353s] DEBUG:colcon.colcon_installed_package_information.package_discovery:Found 272 installed packages in /opt/ros/foxy
[0.357s] Level 1:colcon.colcon_core.package_discovery:discover_packages(prefix_path) using defaults
[0.542s] Level 5:colcon.colcon_core.verb:set package 'learn_interface' build argument 'cmake_args' from command line to 'None'
[0.543s] Level 5:colcon.colcon_core.verb:set package 'learn_interface' build argument 'cmake_target' from command line to 'None'
[0.543s] Level 5:colcon.colcon_core.verb:set package 'learn_interface' build argument 'cmake_target_skip_unavailable' from command line to 'False'
[0.543s] Level 5:colcon.colcon_core.verb:set package 'learn_interface' build argument 'cmake_clean_cache' from command line to 'False'
[0.543s] Level 5:colcon.colcon_core.verb:set package 'learn_interface' build argument 'cmake_clean_first' from command line to 'False'
[0.543s] Level 5:colcon.colcon_core.verb:set package 'learn_interface' build argument 'cmake_force_configure' from command line to 'False'
[0.543s] Level 5:colcon.colcon_core.verb:set package 'learn_interface' build argument 'ament_cmake_args' from command line to 'None'
[0.543s] Level 5:colcon.colcon_core.verb:set package 'learn_interface' build argument 'catkin_cmake_args' from command line to 'None'
[0.543s] Level 5:colcon.colcon_core.verb:set package 'learn_interface' build argument 'catkin_skip_building_tests' from command line to 'False'
[0.543s] DEBUG:colcon.colcon_core.verb:Building package 'learn_interface' with the following arguments: {'ament_cmake_args': None, 'build_base': '/home/ubuntu/Desktop/workspace/zhao/build/learn_interface', 'catkin_cmake_args': None, 'catkin_skip_building_tests': False, 'cmake_args': None, 'cmake_clean_cache': False, 'cmake_clean_first': False, 'cmake_force_configure': False, 'cmake_target': None, 'cmake_target_skip_unavailable': False, 'install_base': '/home/ubuntu/Desktop/workspace/zhao/install/learn_interface', 'merge_install': False, 'path': '/home/ubuntu/Desktop/workspace/zhao/src/learn_interface', 'symlink_install': False, 'test_result_base': None}
[0.545s] Level 5:colcon.colcon_core.verb:set package 'learn_service' build argument 'cmake_args' from command line to 'None'
[0.545s] Level 5:colcon.colcon_core.verb:set package 'learn_service' build argument 'cmake_target' from command line to 'None'
[0.545s] Level 5:colcon.colcon_core.verb:set package 'learn_service' build argument 'cmake_target_skip_unavailable' from command line to 'False'
[0.545s] Level 5:colcon.colcon_core.verb:set package 'learn_service' build argument 'cmake_clean_cache' from command line to 'False'
[0.545s] Level 5:colcon.colcon_core.verb:set package 'learn_service' build argument 'cmake_clean_first' from command line to 'False'
[0.545s] Level 5:colcon.colcon_core.verb:set package 'learn_service' build argument 'cmake_force_configure' from command line to 'False'
[0.545s] Level 5:colcon.colcon_core.verb:set package 'learn_service' build argument 'ament_cmake_args' from command line to 'None'
[0.545s] Level 5:colcon.colcon_core.verb:set package 'learn_service' build argument 'catkin_cmake_args' from command line to 'None'
[0.545s] Level 5:colcon.colcon_core.verb:set package 'learn_service' build argument 'catkin_skip_building_tests' from command line to 'False'
[0.545s] DEBUG:colcon.colcon_core.verb:Building package 'learn_service' with the following arguments: {'ament_cmake_args': None, 'build_base': '/home/ubuntu/Desktop/workspace/zhao/build/learn_service', 'catkin_cmake_args': None, 'catkin_skip_building_tests': False, 'cmake_args': None, 'cmake_clean_cache': False, 'cmake_clean_first': False, 'cmake_force_configure': False, 'cmake_target': None, 'cmake_target_skip_unavailable': False, 'install_base': '/home/ubuntu/Desktop/workspace/zhao/install/learn_service', 'merge_install': False, 'path': '/home/ubuntu/Desktop/workspace/zhao/src/learn_service', 'symlink_install': False, 'test_result_base': None}
[0.547s] Level 5:colcon.colcon_core.verb:set package 'learn_topic' build argument 'cmake_args' from command line to 'None'
[0.547s] Level 5:colcon.colcon_core.verb:set package 'learn_topic' build argument 'cmake_target' from command line to 'None'
[0.547s] Level 5:colcon.colcon_core.verb:set package 'learn_topic' build argument 'cmake_target_skip_unavailable' from command line to 'False'
[0.547s] Level 5:colcon.colcon_core.verb:set package 'learn_topic' build argument 'cmake_clean_cache' from command line to 'False'
[0.547s] Level 5:colcon.colcon_core.verb:set package 'learn_topic' build argument 'cmake_clean_first' from command line to 'False'
[0.547s] Level 5:colcon.colcon_core.verb:set package 'learn_topic' build argument 'cmake_force_configure' from command line to 'False'
[0.547s] Level 5:colcon.colcon_core.verb:set package 'learn_topic' build argument 'ament_cmake_args' from command line to 'None'
[0.548s] Level 5:colcon.colcon_core.verb:set package 'learn_topic' build argument 'catkin_cmake_args' from command line to 'None'
[0.548s] Level 5:colcon.colcon_core.verb:set package 'learn_topic' build argument 'catkin_skip_building_tests' from command line to 'False'
[0.548s] DEBUG:colcon.colcon_core.verb:Building package 'learn_topic' with the following arguments: {'ament_cmake_args': None, 'build_base': '/home/ubuntu/Desktop/workspace/zhao/build/learn_topic', 'catkin_cmake_args': None, 'catkin_skip_building_tests': False, 'cmake_args': None, 'cmake_clean_cache': False, 'cmake_clean_first': False, 'cmake_force_configure': False, 'cmake_target': None, 'cmake_target_skip_unavailable': False, 'install_base': '/home/ubuntu/Desktop/workspace/zhao/install/learn_topic', 'merge_install': False, 'path': '/home/ubuntu/Desktop/workspace/zhao/src/learn_topic', 'symlink_install': False, 'test_result_base': None}
[0.548s] INFO:colcon.colcon_core.executor:Executing jobs using 'parallel' executor
[0.552s] DEBUG:colcon.colcon_parallel_executor.executor.parallel:run_until_complete
[0.553s] INFO:colcon.colcon_ros.task.ament_cmake.build:Building ROS package in '/home/ubuntu/Desktop/workspace/zhao/src/learn_interface' with build type 'ament_cmake'
[0.553s] INFO:colcon.colcon_cmake.task.cmake.build:Building CMake package in '/home/ubuntu/Desktop/workspace/zhao/src/learn_interface'
[0.561s] INFO:colcon.colcon_core.plugin_system:Skipping extension 'colcon_core.shell.bat': Not used on non-Windows systems
[0.561s] INFO:colcon.colcon_core.shell:Skip shell extension 'powershell' for command environment: Not usable outside of PowerShell
[0.561s] DEBUG:colcon.colcon_core.shell:Skip shell extension 'dsv' for command environment
[0.572s] INFO:colcon.colcon_ros.task.ament_python.build:Building ROS package in '/home/ubuntu/Desktop/workspace/zhao/src/learn_service' with build type 'ament_python'
[0.572s] Level 1:colcon.colcon_core.shell:create_environment_hook('learn_service', 'ament_prefix_path')
[0.574s] INFO:colcon.colcon_core.shell:Creating environment hook '/home/ubuntu/Desktop/workspace/zhao/install/learn_service/share/learn_service/hook/ament_prefix_path.ps1'
[0.576s] INFO:colcon.colcon_core.shell:Creating environment descriptor '/home/ubuntu/Desktop/workspace/zhao/install/learn_service/share/learn_service/hook/ament_prefix_path.dsv'
[0.577s] INFO:colcon.colcon_core.shell:Creating environment hook '/home/ubuntu/Desktop/workspace/zhao/install/learn_service/share/learn_service/hook/ament_prefix_path.sh'
[0.579s] INFO:colcon.colcon_core.shell:Skip shell extension 'powershell' for command environment: Not usable outside of PowerShell
[0.579s] DEBUG:colcon.colcon_core.shell:Skip shell extension 'dsv' for command environment
[0.593s] INFO:colcon.colcon_ros.task.ament_python.build:Building ROS package in '/home/ubuntu/Desktop/workspace/zhao/src/learn_topic' with build type 'ament_python'
[0.594s] Level 1:colcon.colcon_core.shell:create_environment_hook('learn_topic', 'ament_prefix_path')
[0.595s] INFO:colcon.colcon_core.shell:Creating environment hook '/home/ubuntu/Desktop/workspace/zhao/install/learn_topic/share/learn_topic/hook/ament_prefix_path.ps1'
[0.597s] INFO:colcon.colcon_core.shell:Creating environment descriptor '/home/ubuntu/Desktop/workspace/zhao/install/learn_topic/share/learn_topic/hook/ament_prefix_path.dsv'
[0.598s] INFO:colcon.colcon_core.shell:Creating environment hook '/home/ubuntu/Desktop/workspace/zhao/install/learn_topic/share/learn_topic/hook/ament_prefix_path.sh'
[0.600s] INFO:colcon.colcon_core.shell:Skip shell extension 'powershell' for command environment: Not usable outside of PowerShell
[0.600s] DEBUG:colcon.colcon_core.shell:Skip shell extension 'dsv' for command environment
[0.622s] DEBUG:colcon.colcon_core.event_handler.log_command:Invoking command in '/home/ubuntu/Desktop/workspace/zhao/build/learn_interface': CMAKE_PREFIX_PATH=${CMAKE_PREFIX_PATH}:/home/ubuntu/Desktop/workspace/zhao/install/learn_topic:/home/ubuntu/Desktop/workspace/zhao/install/learn_service:/opt/ros/foxy /usr/bin/cmake --build /home/ubuntu/Desktop/workspace/zhao/build/learn_interface -- -j4 -l4
[1.110s] INFO:colcon.colcon_core.task.python.build:Building Python package in '/home/ubuntu/Desktop/workspace/zhao/src/learn_service'
[1.111s] INFO:colcon.colcon_core.shell:Skip shell extension 'powershell' for command environment: Not usable outside of PowerShell
[1.111s] DEBUG:colcon.colcon_core.shell:Skip shell extension 'dsv' for command environment
[1.564s] INFO:colcon.colcon_core.task.python.build:Building Python package in '/home/ubuntu/Desktop/workspace/zhao/src/learn_topic'
[1.566s] INFO:colcon.colcon_core.shell:Skip shell extension 'powershell' for command environment: Not usable outside of PowerShell
[1.566s] DEBUG:colcon.colcon_core.shell:Skip shell extension 'dsv' for command environment
[1.585s] DEBUG:colcon.colcon_core.event_handler.log_command:Invoked command in '/home/ubuntu/Desktop/workspace/zhao/build/learn_interface' returned '0': CMAKE_PREFIX_PATH=${CMAKE_PREFIX_PATH}:/home/ubuntu/Desktop/workspace/zhao/install/learn_topic:/home/ubuntu/Desktop/workspace/zhao/install/learn_service:/opt/ros/foxy /usr/bin/cmake --build /home/ubuntu/Desktop/workspace/zhao/build/learn_interface -- -j4 -l4
[1.787s] DEBUG:colcon.colcon_core.event_handler.log_command:Invoking command in '/home/ubuntu/Desktop/workspace/zhao/build/learn_interface': CMAKE_PREFIX_PATH=${CMAKE_PREFIX_PATH}:/home/ubuntu/Desktop/workspace/zhao/install/learn_topic:/home/ubuntu/Desktop/workspace/zhao/install/learn_service:/opt/ros/foxy /usr/bin/cmake --install /home/ubuntu/Desktop/workspace/zhao/build/learn_interface
[2.018s] Level 1:colcon.colcon_core.environment:create_environment_scripts_only(learn_interface)
[2.026s] Level 1:colcon.colcon_core.environment:checking '/home/ubuntu/Desktop/workspace/zhao/install/learn_interface' for CMake module files
[2.027s] DEBUG:colcon.colcon_core.event_handler.log_command:Invoked command in '/home/ubuntu/Desktop/workspace/zhao/build/learn_interface' returned '0': CMAKE_PREFIX_PATH=${CMAKE_PREFIX_PATH}:/home/ubuntu/Desktop/workspace/zhao/install/learn_topic:/home/ubuntu/Desktop/workspace/zhao/install/learn_service:/opt/ros/foxy /usr/bin/cmake --install /home/ubuntu/Desktop/workspace/zhao/build/learn_interface
[2.029s] Level 1:colcon.colcon_core.environment:checking '/home/ubuntu/Desktop/workspace/zhao/install/learn_interface' for CMake config files
[2.030s] Level 1:colcon.colcon_core.shell:create_environment_hook('learn_interface', 'cmake_prefix_path')
[2.031s] INFO:colcon.colcon_core.shell:Creating environment hook '/home/ubuntu/Desktop/workspace/zhao/install/learn_interface/share/learn_interface/hook/cmake_prefix_path.ps1'
[2.032s] INFO:colcon.colcon_core.shell:Creating environment descriptor '/home/ubuntu/Desktop/workspace/zhao/install/learn_interface/share/learn_interface/hook/cmake_prefix_path.dsv'
[2.033s] INFO:colcon.colcon_core.shell:Creating environment hook '/home/ubuntu/Desktop/workspace/zhao/install/learn_interface/share/learn_interface/hook/cmake_prefix_path.sh'
[2.035s] Level 1:colcon.colcon_core.environment:checking '/home/ubuntu/Desktop/workspace/zhao/install/learn_interface/lib'
[2.035s] Level 1:colcon.colcon_core.shell:create_environment_hook('learn_interface', 'ld_library_path_lib')
[2.037s] INFO:colcon.colcon_core.shell:Creating environment hook '/home/ubuntu/Desktop/workspace/zhao/install/learn_interface/share/learn_interface/hook/ld_library_path_lib.ps1'
[2.038s] INFO:colcon.colcon_core.shell:Creating environment descriptor '/home/ubuntu/Desktop/workspace/zhao/install/learn_interface/share/learn_interface/hook/ld_library_path_lib.dsv'
[2.039s] INFO:colcon.colcon_core.shell:Creating environment hook '/home/ubuntu/Desktop/workspace/zhao/install/learn_interface/share/learn_interface/hook/ld_library_path_lib.sh'
[2.040s] Level 1:colcon.colcon_core.environment:checking '/home/ubuntu/Desktop/workspace/zhao/install/learn_interface/bin'
[2.040s] Level 1:colcon.colcon_core.environment:checking '/home/ubuntu/Desktop/workspace/zhao/install/learn_interface/lib/pkgconfig/learn_interface.pc'
[2.040s] Level 1:colcon.colcon_core.environment:checking '/home/ubuntu/Desktop/workspace/zhao/install/learn_interface/lib/python3.8/site-packages'
[2.041s] Level 1:colcon.colcon_core.shell:create_environment_hook('learn_interface', 'pythonpath')
[2.042s] INFO:colcon.colcon_core.shell:Creating environment hook '/home/ubuntu/Desktop/workspace/zhao/install/learn_interface/share/learn_interface/hook/pythonpath.ps1'
[2.043s] INFO:colcon.colcon_core.shell:Creating environment descriptor '/home/ubuntu/Desktop/workspace/zhao/install/learn_interface/share/learn_interface/hook/pythonpath.dsv'
[2.043s] INFO:colcon.colcon_core.shell:Creating environment hook '/home/ubuntu/Desktop/workspace/zhao/install/learn_interface/share/learn_interface/hook/pythonpath.sh'
[2.045s] Level 1:colcon.colcon_core.environment:checking '/home/ubuntu/Desktop/workspace/zhao/install/learn_interface/bin'
[2.046s] INFO:colcon.colcon_core.shell:Creating package script '/home/ubuntu/Desktop/workspace/zhao/install/learn_interface/share/learn_interface/package.ps1'
[2.049s] INFO:colcon.colcon_core.shell:Creating package descriptor '/home/ubuntu/Desktop/workspace/zhao/install/learn_interface/share/learn_interface/package.dsv'
[2.050s] INFO:colcon.colcon_core.shell:Creating package script '/home/ubuntu/Desktop/workspace/zhao/install/learn_interface/share/learn_interface/package.sh'
[2.052s] INFO:colcon.colcon_core.shell:Creating package script '/home/ubuntu/Desktop/workspace/zhao/install/learn_interface/share/learn_interface/package.bash'
[2.054s] INFO:colcon.colcon_core.shell:Creating package script '/home/ubuntu/Desktop/workspace/zhao/install/learn_interface/share/learn_interface/package.zsh'
[2.055s] Level 1:colcon.colcon_core.environment:create_file_with_runtime_dependencies(/home/ubuntu/Desktop/workspace/zhao/install/learn_interface/share/colcon-core/packages/learn_interface)
[2.500s] Level 1:colcon.colcon_core.environment:create_environment_scripts_only(learn_interface)
[2.502s] Level 1:colcon.colcon_core.environment:checking '/home/ubuntu/Desktop/workspace/zhao/install/learn_interface' for CMake module files
[2.503s] Level 1:colcon.colcon_core.environment:checking '/home/ubuntu/Desktop/workspace/zhao/install/learn_interface' for CMake config files
[2.504s] Level 1:colcon.colcon_core.shell:create_environment_hook('learn_interface', 'cmake_prefix_path')
[2.506s] INFO:colcon.colcon_core.shell:Creating environment hook '/home/ubuntu/Desktop/workspace/zhao/install/learn_interface/share/learn_interface/hook/cmake_prefix_path.ps1'
[2.507s] INFO:colcon.colcon_core.shell:Creating environment descriptor '/home/ubuntu/Desktop/workspace/zhao/install/learn_interface/share/learn_interface/hook/cmake_prefix_path.dsv'
[2.508s] INFO:colcon.colcon_core.shell:Creating environment hook '/home/ubuntu/Desktop/workspace/zhao/install/learn_interface/share/learn_interface/hook/cmake_prefix_path.sh'
[2.509s] Level 1:colcon.colcon_core.environment:checking '/home/ubuntu/Desktop/workspace/zhao/install/learn_interface/lib'
[2.509s] Level 1:colcon.colcon_core.shell:create_environment_hook('learn_interface', 'ld_library_path_lib')
[2.510s] INFO:colcon.colcon_core.shell:Creating environment hook '/home/ubuntu/Desktop/workspace/zhao/install/learn_interface/share/learn_interface/hook/ld_library_path_lib.ps1'
[2.511s] INFO:colcon.colcon_core.shell:Creating environment descriptor '/home/ubuntu/Desktop/workspace/zhao/install/learn_interface/share/learn_interface/hook/ld_library_path_lib.dsv'
[2.512s] INFO:colcon.colcon_core.shell:Creating environment hook '/home/ubuntu/Desktop/workspace/zhao/install/learn_interface/share/learn_interface/hook/ld_library_path_lib.sh'
[2.513s] Level 1:colcon.colcon_core.environment:checking '/home/ubuntu/Desktop/workspace/zhao/install/learn_interface/bin'
[2.513s] Level 1:colcon.colcon_core.environment:checking '/home/ubuntu/Desktop/workspace/zhao/install/learn_interface/lib/pkgconfig/learn_interface.pc'
[2.514s] Level 1:colcon.colcon_core.environment:checking '/home/ubuntu/Desktop/workspace/zhao/install/learn_interface/lib/python3.8/site-packages'
[2.514s] Level 1:colcon.colcon_core.shell:create_environment_hook('learn_interface', 'pythonpath')
[2.515s] INFO:colcon.colcon_core.shell:Creating environment hook '/home/ubuntu/Desktop/workspace/zhao/install/learn_interface/share/learn_interface/hook/pythonpath.ps1'
[2.516s] INFO:colcon.colcon_core.shell:Creating environment descriptor '/home/ubuntu/Desktop/workspace/zhao/install/learn_interface/share/learn_interface/hook/pythonpath.dsv'
[2.517s] INFO:colcon.colcon_core.shell:Creating environment hook '/home/ubuntu/Desktop/workspace/zhao/install/learn_interface/share/learn_interface/hook/pythonpath.sh'
[2.518s] Level 1:colcon.colcon_core.environment:checking '/home/ubuntu/Desktop/workspace/zhao/install/learn_interface/bin'
[2.520s] INFO:colcon.colcon_core.shell:Creating package script '/home/ubuntu/Desktop/workspace/zhao/install/learn_interface/share/learn_interface/package.ps1'
[2.522s] INFO:colcon.colcon_core.shell:Creating package descriptor '/home/ubuntu/Desktop/workspace/zhao/install/learn_interface/share/learn_interface/package.dsv'
[2.524s] INFO:colcon.colcon_core.shell:Creating package script '/home/ubuntu/Desktop/workspace/zhao/install/learn_interface/share/learn_interface/package.sh'
[2.525s] INFO:colcon.colcon_core.shell:Creating package script '/home/ubuntu/Desktop/workspace/zhao/install/learn_interface/share/learn_interface/package.bash'
[2.526s] INFO:colcon.colcon_core.shell:Creating package script '/home/ubuntu/Desktop/workspace/zhao/install/learn_interface/share/learn_interface/package.zsh'
[2.527s] Level 1:colcon.colcon_core.environment:create_file_with_runtime_dependencies(/home/ubuntu/Desktop/workspace/zhao/install/learn_interface/share/colcon-core/packages/learn_interface)
[2.536s] DEBUG:colcon.colcon_core.event_handler.log_command:Invoking command in '/home/ubuntu/Desktop/workspace/zhao/src/learn_service': PYTHONPATH=/home/ubuntu/Desktop/workspace/zhao/install/learn_service/lib/python3.8/site-packages:${PYTHONPATH} /usr/bin/python3 setup.py egg_info --egg-base ../../build/learn_service build --build-base /home/ubuntu/Desktop/workspace/zhao/build/learn_service/build install --prefix /home/ubuntu/Desktop/workspace/zhao/install/learn_service --record /home/ubuntu/Desktop/workspace/zhao/build/learn_service/install.log --single-version-externally-managed
[2.643s] DEBUG:colcon.colcon_core.event_handler.log_command:Invoking command in '/home/ubuntu/Desktop/workspace/zhao/src/learn_topic': PYTHONPATH=/home/ubuntu/Desktop/workspace/zhao/install/learn_topic/lib/python3.8/site-packages:${PYTHONPATH} /usr/bin/python3 setup.py egg_info --egg-base ../../build/learn_topic build --build-base /home/ubuntu/Desktop/workspace/zhao/build/learn_topic/build install --prefix /home/ubuntu/Desktop/workspace/zhao/install/learn_topic --record /home/ubuntu/Desktop/workspace/zhao/build/learn_topic/install.log --single-version-externally-managed
[3.192s] Level 1:colcon.colcon_core.environment:checking '/home/ubuntu/Desktop/workspace/zhao/install/learn_service' for CMake module files
[3.194s] DEBUG:colcon.colcon_core.event_handler.log_command:Invoked command in '/home/ubuntu/Desktop/workspace/zhao/src/learn_service' returned '0': PYTHONPATH=/home/ubuntu/Desktop/workspace/zhao/install/learn_service/lib/python3.8/site-packages:${PYTHONPATH} /usr/bin/python3 setup.py egg_info --egg-base ../../build/learn_service build --build-base /home/ubuntu/Desktop/workspace/zhao/build/learn_service/build install --prefix /home/ubuntu/Desktop/workspace/zhao/install/learn_service --record /home/ubuntu/Desktop/workspace/zhao/build/learn_service/install.log --single-version-externally-managed
[3.195s] Level 1:colcon.colcon_core.environment:checking '/home/ubuntu/Desktop/workspace/zhao/install/learn_service' for CMake config files
[3.197s] Level 1:colcon.colcon_core.environment:checking '/home/ubuntu/Desktop/workspace/zhao/install/learn_service/lib'
[3.197s] Level 1:colcon.colcon_core.environment:checking '/home/ubuntu/Desktop/workspace/zhao/install/learn_service/bin'
[3.198s] Level 1:colcon.colcon_core.environment:checking '/home/ubuntu/Desktop/workspace/zhao/install/learn_service/lib/pkgconfig/learn_service.pc'
[3.198s] Level 1:colcon.colcon_core.environment:checking '/home/ubuntu/Desktop/workspace/zhao/install/learn_service/lib/python3.8/site-packages'
[3.198s] Level 1:colcon.colcon_core.shell:create_environment_hook('learn_service', 'pythonpath')
[3.199s] INFO:colcon.colcon_core.shell:Creating environment hook '/home/ubuntu/Desktop/workspace/zhao/install/learn_service/share/learn_service/hook/pythonpath.ps1'
[3.201s] INFO:colcon.colcon_core.shell:Creating environment descriptor '/home/ubuntu/Desktop/workspace/zhao/install/learn_service/share/learn_service/hook/pythonpath.dsv'
[3.202s] INFO:colcon.colcon_core.shell:Creating environment hook '/home/ubuntu/Desktop/workspace/zhao/install/learn_service/share/learn_service/hook/pythonpath.sh'
[3.203s] Level 1:colcon.colcon_core.environment:checking '/home/ubuntu/Desktop/workspace/zhao/install/learn_service/bin'
[3.203s] Level 1:colcon.colcon_core.environment:create_environment_scripts_only(learn_service)
[3.205s] INFO:colcon.colcon_core.shell:Creating package script '/home/ubuntu/Desktop/workspace/zhao/install/learn_service/share/learn_service/package.ps1'
[3.206s] INFO:colcon.colcon_core.shell:Creating package descriptor '/home/ubuntu/Desktop/workspace/zhao/install/learn_service/share/learn_service/package.dsv'
[3.208s] INFO:colcon.colcon_core.shell:Creating package script '/home/ubuntu/Desktop/workspace/zhao/install/learn_service/share/learn_service/package.sh'
[3.209s] INFO:colcon.colcon_core.shell:Creating package script '/home/ubuntu/Desktop/workspace/zhao/install/learn_service/share/learn_service/package.bash'
[3.210s] INFO:colcon.colcon_core.shell:Creating package script '/home/ubuntu/Desktop/workspace/zhao/install/learn_service/share/learn_service/package.zsh'
[3.211s] Level 1:colcon.colcon_core.environment:create_file_with_runtime_dependencies(/home/ubuntu/Desktop/workspace/zhao/install/learn_service/share/colcon-core/packages/learn_service)
[3.265s] Level 1:colcon.colcon_core.environment:checking '/home/ubuntu/Desktop/workspace/zhao/install/learn_topic' for CMake module files
[3.267s] DEBUG:colcon.colcon_core.event_handler.log_command:Invoked command in '/home/ubuntu/Desktop/workspace/zhao/src/learn_topic' returned '0': PYTHONPATH=/home/ubuntu/Desktop/workspace/zhao/install/learn_topic/lib/python3.8/site-packages:${PYTHONPATH} /usr/bin/python3 setup.py egg_info --egg-base ../../build/learn_topic build --build-base /home/ubuntu/Desktop/workspace/zhao/build/learn_topic/build install --prefix /home/ubuntu/Desktop/workspace/zhao/install/learn_topic --record /home/ubuntu/Desktop/workspace/zhao/build/learn_topic/install.log --single-version-externally-managed
[3.268s] Level 1:colcon.colcon_core.environment:checking '/home/ubuntu/Desktop/workspace/zhao/install/learn_topic' for CMake config files
[3.269s] Level 1:colcon.colcon_core.environment:checking '/home/ubuntu/Desktop/workspace/zhao/install/learn_topic/lib'
[3.269s] Level 1:colcon.colcon_core.environment:checking '/home/ubuntu/Desktop/workspace/zhao/install/learn_topic/bin'
[3.269s] Level 1:colcon.colcon_core.environment:checking '/home/ubuntu/Desktop/workspace/zhao/install/learn_topic/lib/pkgconfig/learn_topic.pc'
[3.270s] Level 1:colcon.colcon_core.environment:checking '/home/ubuntu/Desktop/workspace/zhao/install/learn_topic/lib/python3.8/site-packages'
[3.270s] Level 1:colcon.colcon_core.shell:create_environment_hook('learn_topic', 'pythonpath')
[3.271s] INFO:colcon.colcon_core.shell:Creating environment hook '/home/ubuntu/Desktop/workspace/zhao/install/learn_topic/share/learn_topic/hook/pythonpath.ps1'
[3.272s] INFO:colcon.colcon_core.shell:Creating environment descriptor '/home/ubuntu/Desktop/workspace/zhao/install/learn_topic/share/learn_topic/hook/pythonpath.dsv'
[3.273s] INFO:colcon.colcon_core.shell:Creating environment hook '/home/ubuntu/Desktop/workspace/zhao/install/learn_topic/share/learn_topic/hook/pythonpath.sh'
[3.274s] Level 1:colcon.colcon_core.environment:checking '/home/ubuntu/Desktop/workspace/zhao/install/learn_topic/bin'
[3.275s] Level 1:colcon.colcon_core.environment:create_environment_scripts_only(learn_topic)
[3.276s] INFO:colcon.colcon_core.shell:Creating package script '/home/ubuntu/Desktop/workspace/zhao/install/learn_topic/share/learn_topic/package.ps1'
[3.282s] INFO:colcon.colcon_core.shell:Creating package descriptor '/home/ubuntu/Desktop/workspace/zhao/install/learn_topic/share/learn_topic/package.dsv'
[3.283s] INFO:colcon.colcon_core.shell:Creating package script '/home/ubuntu/Desktop/workspace/zhao/install/learn_topic/share/learn_topic/package.sh'
[3.284s] INFO:colcon.colcon_core.shell:Creating package script '/home/ubuntu/Desktop/workspace/zhao/install/learn_topic/share/learn_topic/package.bash'
[3.285s] INFO:colcon.colcon_core.shell:Creating package script '/home/ubuntu/Desktop/workspace/zhao/install/learn_topic/share/learn_topic/package.zsh'
[3.285s] Level 1:colcon.colcon_core.environment:create_file_with_runtime_dependencies(/home/ubuntu/Desktop/workspace/zhao/install/learn_topic/share/colcon-core/packages/learn_topic)
[3.287s] DEBUG:colcon.colcon_parallel_executor.executor.parallel:closing loop
[3.287s] DEBUG:colcon.colcon_parallel_executor.executor.parallel:loop closed
[3.287s] DEBUG:colcon.colcon_parallel_executor.executor.parallel:run_until_complete finished with '0'
[3.287s] DEBUG:colcon.colcon_core.event_reactor:joining thread
[3.312s] INFO:colcon.colcon_core.plugin_system:Skipping extension 'colcon_notification.desktop_notification.notify_send': Could not find 'notify-send'
[3.313s] INFO:colcon.colcon_core.plugin_system:Skipping extension 'colcon_notification.desktop_notification.terminal_notifier': Not used on non-Darwin systems
[3.313s] INFO:colcon.colcon_core.plugin_system:Skipping extension 'colcon_notification.desktop_notification.win32': Not used on non-Windows systems
[3.313s] INFO:colcon.colcon_notification.desktop_notification:Sending desktop notification using 'notify2'
[3.327s] DEBUG:colcon.colcon_notification.desktop_notification.notify2:Failed to initialize notify2: org.freedesktop.DBus.Error.ServiceUnknown: The name org.freedesktop.Notifications was not provided by any .service files
[3.327s] DEBUG:colcon.colcon_core.event_reactor:joined thread
[3.330s] INFO:colcon.colcon_core.shell:Creating prefix script '/home/ubuntu/Desktop/workspace/zhao/install/local_setup.ps1'
[3.332s] INFO:colcon.colcon_core.shell:Creating prefix util module '/home/ubuntu/Desktop/workspace/zhao/install/_local_setup_util_ps1.py'
[3.336s] INFO:colcon.colcon_core.shell:Creating prefix chain script '/home/ubuntu/Desktop/workspace/zhao/install/setup.ps1'
[3.339s] INFO:colcon.colcon_core.shell:Creating prefix script '/home/ubuntu/Desktop/workspace/zhao/install/local_setup.sh'
[3.340s] INFO:colcon.colcon_core.shell:Creating prefix util module '/home/ubuntu/Desktop/workspace/zhao/install/_local_setup_util_sh.py'
[3.341s] INFO:colcon.colcon_core.shell:Creating prefix chain script '/home/ubuntu/Desktop/workspace/zhao/install/setup.sh'
[3.343s] INFO:colcon.colcon_core.shell:Creating prefix script '/home/ubuntu/Desktop/workspace/zhao/install/local_setup.bash'
[3.344s] INFO:colcon.colcon_core.shell:Creating prefix chain script '/home/ubuntu/Desktop/workspace/zhao/install/setup.bash'
[3.346s] INFO:colcon.colcon_core.shell:Creating prefix script '/home/ubuntu/Desktop/workspace/zhao/install/local_setup.zsh'
[3.347s] INFO:colcon.colcon_core.shell:Creating prefix chain script '/home/ubuntu/Desktop/workspace/zhao/install/setup.zsh'
