[0.053s] Invoking command in '/home/ubuntu/Desktop/workspace/zhao/build/learn_interface': CMAKE_PREFIX_PATH=${CMAKE_PREFIX_PATH}:/home/ubuntu/Desktop/workspace/zhao/install/learn_topic:/home/ubuntu/Desktop/workspace/zhao/install/learn_service:/opt/ros/foxy /usr/bin/cmake --build /home/ubuntu/Desktop/workspace/zhao/build/learn_interface -- -j4 -l4
[0.536s] [  4%] Built target learn_interface__cpp
[0.536s] [ 12%] Built target learn_interface__rosidl_generator_c
[0.537s] [ 23%] Built target learn_interface__rosidl_typesupport_fastrtps_cpp
[0.539s] [ 34%] Built target learn_interface__rosidl_typesupport_introspection_cpp
[0.539s] [ 44%] Built target learn_interface__rosidl_typesupport_cpp
[0.540s] [ 55%] Built target learn_interface__rosidl_typesupport_introspection_c
[0.540s] [ 65%] Built target learn_interface__rosidl_typesupport_c
[0.540s] [ 76%] Built target learn_interface__rosidl_typesupport_fastrtps_c
[0.540s] [ 76%] Built target learn_interface
[0.540s] [ 78%] Built target learn_interface__py
[0.540s] [ 87%] Built target learn_interface__python
[0.541s] [ 91%] Built target learn_interface__rosidl_typesupport_c__pyext
[0.541s] [ 95%] Built target learn_interface__rosidl_typesupport_fastrtps_c__pyext
[0.541s] [100%] Built target learn_interface__rosidl_typesupport_introspection_c__pyext
[0.981s] Invoked command in '/home/ubuntu/Desktop/workspace/zhao/build/learn_interface' returned '0': CMAKE_PREFIX_PATH=${CMAKE_PREFIX_PATH}:/home/ubuntu/Desktop/workspace/zhao/install/learn_topic:/home/ubuntu/Desktop/workspace/zhao/install/learn_service:/opt/ros/foxy /usr/bin/cmake --build /home/ubuntu/Desktop/workspace/zhao/build/learn_interface -- -j4 -l4
[1.209s] Invoking command in '/home/ubuntu/Desktop/workspace/zhao/build/learn_interface': CMAKE_PREFIX_PATH=${CMAKE_PREFIX_PATH}:/home/ubuntu/Desktop/workspace/zhao/install/learn_topic:/home/ubuntu/Desktop/workspace/zhao/install/learn_service:/opt/ros/foxy /usr/bin/cmake --install /home/ubuntu/Desktop/workspace/zhao/build/learn_interface
[1.233s] -- Install configuration: ""
[1.234s] -- Up-to-date: /home/ubuntu/Desktop/workspace/zhao/install/learn_interface/share/ament_index/resource_index/rosidl_interfaces/learn_interface
[1.235s] -- Up-to-date: /home/ubuntu/Desktop/workspace/zhao/install/learn_interface/include/learn_interface
[1.238s] -- Up-to-date: /home/ubuntu/Desktop/workspace/zhao/install/learn_interface/include/learn_interface/msg
[1.239s] -- Up-to-date: /home/ubuntu/Desktop/workspace/zhao/install/learn_interface/include/learn_interface/msg/rosidl_generator_c__visibility_control.h
[1.239s] -- Up-to-date: /home/ubuntu/Desktop/workspace/zhao/install/learn_interface/include/learn_interface/msg/object_position.h
[1.239s] -- Up-to-date: /home/ubuntu/Desktop/workspace/zhao/install/learn_interface/include/learn_interface/msg/detail
[1.240s] -- Up-to-date: /home/ubuntu/Desktop/workspace/zhao/install/learn_interface/include/learn_interface/msg/detail/object_position__functions.c
[1.240s] -- Up-to-date: /home/ubuntu/Desktop/workspace/zhao/install/learn_interface/include/learn_interface/msg/detail/object_position__functions.h
[1.240s] -- Up-to-date: /home/ubuntu/Desktop/workspace/zhao/install/learn_interface/include/learn_interface/msg/detail/object_position__struct.h
[1.241s] -- Up-to-date: /home/ubuntu/Desktop/workspace/zhao/install/learn_interface/include/learn_interface/msg/detail/object_position__type_support.h
[1.241s] -- Up-to-date: /home/ubuntu/Desktop/workspace/zhao/install/learn_interface/include/learn_interface/srv
[1.242s] -- Up-to-date: /home/ubuntu/Desktop/workspace/zhao/install/learn_interface/include/learn_interface/srv/add_two_int32s.h
[1.242s] -- Up-to-date: /home/ubuntu/Desktop/workspace/zhao/install/learn_interface/include/learn_interface/srv/detail
[1.242s] -- Up-to-date: /home/ubuntu/Desktop/workspace/zhao/install/learn_interface/include/learn_interface/srv/detail/add_two_int32s__functions.c
[1.243s] -- Up-to-date: /home/ubuntu/Desktop/workspace/zhao/install/learn_interface/include/learn_interface/srv/detail/add_two_int32s__functions.h
[1.243s] -- Up-to-date: /home/ubuntu/Desktop/workspace/zhao/install/learn_interface/include/learn_interface/srv/detail/add_two_int32s__struct.h
[1.244s] -- Up-to-date: /home/ubuntu/Desktop/workspace/zhao/install/learn_interface/include/learn_interface/srv/detail/add_two_int32s__type_support.h
[1.244s] -- Up-to-date: /home/ubuntu/Desktop/workspace/zhao/install/learn_interface/include/learn_interface/srv/detail/get_object_position__functions.c
[1.244s] -- Up-to-date: /home/ubuntu/Desktop/workspace/zhao/install/learn_interface/include/learn_interface/srv/detail/get_object_position__functions.h
[1.245s] -- Up-to-date: /home/ubuntu/Desktop/workspace/zhao/install/learn_interface/include/learn_interface/srv/detail/get_object_position__struct.h
[1.245s] -- Up-to-date: /home/ubuntu/Desktop/workspace/zhao/install/learn_interface/include/learn_interface/srv/detail/get_object_position__type_support.h
[1.245s] -- Up-to-date: /home/ubuntu/Desktop/workspace/zhao/install/learn_interface/include/learn_interface/srv/detail/add_two_ints__functions.c
[1.246s] -- Up-to-date: /home/ubuntu/Desktop/workspace/zhao/install/learn_interface/include/learn_interface/srv/detail/add_two_ints__functions.h
[1.246s] -- Up-to-date: /home/ubuntu/Desktop/workspace/zhao/install/learn_interface/include/learn_interface/srv/detail/add_two_ints__struct.h
[1.247s] -- Up-to-date: /home/ubuntu/Desktop/workspace/zhao/install/learn_interface/include/learn_interface/srv/detail/add_two_ints__type_support.h
[1.247s] -- Up-to-date: /home/ubuntu/Desktop/workspace/zhao/install/learn_interface/include/learn_interface/srv/get_object_position.h
[1.248s] -- Up-to-date: /home/ubuntu/Desktop/workspace/zhao/install/learn_interface/include/learn_interface/srv/add_two_ints.h
[1.249s] -- Up-to-date: /home/ubuntu/Desktop/workspace/zhao/install/learn_interface/share/learn_interface/environment/library_path.sh
[1.249s] -- Up-to-date: /home/ubuntu/Desktop/workspace/zhao/install/learn_interface/share/learn_interface/environment/library_path.dsv
[1.250s] -- Up-to-date: /home/ubuntu/Desktop/workspace/zhao/install/learn_interface/lib/liblearn_interface__rosidl_generator_c.so
[1.251s] -- Up-to-date: /home/ubuntu/Desktop/workspace/zhao/install/learn_interface/include/learn_interface
[1.252s] -- Up-to-date: /home/ubuntu/Desktop/workspace/zhao/install/learn_interface/include/learn_interface/msg
[1.254s] -- Up-to-date: /home/ubuntu/Desktop/workspace/zhao/install/learn_interface/include/learn_interface/msg/rosidl_typesupport_fastrtps_c__visibility_control.h
[1.255s] -- Up-to-date: /home/ubuntu/Desktop/workspace/zhao/install/learn_interface/include/learn_interface/msg/detail
[1.256s] -- Up-to-date: /home/ubuntu/Desktop/workspace/zhao/install/learn_interface/include/learn_interface/msg/detail/object_position__rosidl_typesupport_fastrtps_c.h
[1.256s] -- Up-to-date: /home/ubuntu/Desktop/workspace/zhao/install/learn_interface/include/learn_interface/srv
[1.257s] -- Up-to-date: /home/ubuntu/Desktop/workspace/zhao/install/learn_interface/include/learn_interface/srv/detail
[1.257s] -- Up-to-date: /home/ubuntu/Desktop/workspace/zhao/install/learn_interface/include/learn_interface/srv/detail/add_two_int32s__rosidl_typesupport_fastrtps_c.h
[1.261s] -- Up-to-date: /home/ubuntu/Desktop/workspace/zhao/install/learn_interface/include/learn_interface/srv/detail/get_object_position__rosidl_typesupport_fastrtps_c.h
[1.262s] -- Up-to-date: /home/ubuntu/Desktop/workspace/zhao/install/learn_interface/include/learn_interface/srv/detail/add_two_ints__rosidl_typesupport_fastrtps_c.h
[1.263s] -- Up-to-date: /home/ubuntu/Desktop/workspace/zhao/install/learn_interface/lib/liblearn_interface__rosidl_typesupport_fastrtps_c.so
[1.264s] -- Up-to-date: /home/ubuntu/Desktop/workspace/zhao/install/learn_interface/include/learn_interface
[1.264s] -- Up-to-date: /home/ubuntu/Desktop/workspace/zhao/install/learn_interface/include/learn_interface/msg
[1.265s] -- Up-to-date: /home/ubuntu/Desktop/workspace/zhao/install/learn_interface/include/learn_interface/msg/rosidl_typesupport_fastrtps_cpp__visibility_control.h
[1.265s] -- Up-to-date: /home/ubuntu/Desktop/workspace/zhao/install/learn_interface/include/learn_interface/msg/detail
[1.265s] -- Up-to-date: /home/ubuntu/Desktop/workspace/zhao/install/learn_interface/include/learn_interface/msg/detail/object_position__rosidl_typesupport_fastrtps_cpp.hpp
[1.266s] -- Up-to-date: /home/ubuntu/Desktop/workspace/zhao/install/learn_interface/include/learn_interface/msg/detail/dds_fastrtps
[1.266s] -- Up-to-date: /home/ubuntu/Desktop/workspace/zhao/install/learn_interface/include/learn_interface/srv
[1.267s] -- Up-to-date: /home/ubuntu/Desktop/workspace/zhao/install/learn_interface/include/learn_interface/srv/detail
[1.267s] -- Up-to-date: /home/ubuntu/Desktop/workspace/zhao/install/learn_interface/include/learn_interface/srv/detail/add_two_int32s__rosidl_typesupport_fastrtps_cpp.hpp
[1.268s] -- Up-to-date: /home/ubuntu/Desktop/workspace/zhao/install/learn_interface/include/learn_interface/srv/detail/dds_fastrtps
[1.269s] -- Up-to-date: /home/ubuntu/Desktop/workspace/zhao/install/learn_interface/include/learn_interface/srv/detail/get_object_position__rosidl_typesupport_fastrtps_cpp.hpp
[1.269s] -- Up-to-date: /home/ubuntu/Desktop/workspace/zhao/install/learn_interface/include/learn_interface/srv/detail/add_two_ints__rosidl_typesupport_fastrtps_cpp.hpp
[1.270s] -- Up-to-date: /home/ubuntu/Desktop/workspace/zhao/install/learn_interface/lib/liblearn_interface__rosidl_typesupport_fastrtps_cpp.so
[1.272s] -- Up-to-date: /home/ubuntu/Desktop/workspace/zhao/install/learn_interface/include/learn_interface
[1.273s] -- Up-to-date: /home/ubuntu/Desktop/workspace/zhao/install/learn_interface/include/learn_interface/msg
[1.273s] -- Up-to-date: /home/ubuntu/Desktop/workspace/zhao/install/learn_interface/include/learn_interface/msg/rosidl_typesupport_introspection_c__visibility_control.h
[1.274s] -- Up-to-date: /home/ubuntu/Desktop/workspace/zhao/install/learn_interface/include/learn_interface/msg/detail
[1.274s] -- Up-to-date: /home/ubuntu/Desktop/workspace/zhao/install/learn_interface/include/learn_interface/msg/detail/object_position__rosidl_typesupport_introspection_c.h
[1.275s] -- Up-to-date: /home/ubuntu/Desktop/workspace/zhao/install/learn_interface/include/learn_interface/msg/detail/object_position__type_support.c
[1.275s] -- Up-to-date: /home/ubuntu/Desktop/workspace/zhao/install/learn_interface/include/learn_interface/srv
[1.276s] -- Up-to-date: /home/ubuntu/Desktop/workspace/zhao/install/learn_interface/include/learn_interface/srv/detail
[1.276s] -- Up-to-date: /home/ubuntu/Desktop/workspace/zhao/install/learn_interface/include/learn_interface/srv/detail/add_two_int32s__rosidl_typesupport_introspection_c.h
[1.277s] -- Up-to-date: /home/ubuntu/Desktop/workspace/zhao/install/learn_interface/include/learn_interface/srv/detail/add_two_int32s__type_support.c
[1.278s] -- Up-to-date: /home/ubuntu/Desktop/workspace/zhao/install/learn_interface/include/learn_interface/srv/detail/get_object_position__rosidl_typesupport_introspection_c.h
[1.279s] -- Up-to-date: /home/ubuntu/Desktop/workspace/zhao/install/learn_interface/include/learn_interface/srv/detail/get_object_position__type_support.c
[1.279s] -- Up-to-date: /home/ubuntu/Desktop/workspace/zhao/install/learn_interface/include/learn_interface/srv/detail/add_two_ints__rosidl_typesupport_introspection_c.h
[1.281s] -- Up-to-date: /home/ubuntu/Desktop/workspace/zhao/install/learn_interface/include/learn_interface/srv/detail/add_two_ints__type_support.c
[1.282s] -- Up-to-date: /home/ubuntu/Desktop/workspace/zhao/install/learn_interface/lib/liblearn_interface__rosidl_typesupport_introspection_c.so
[1.282s] -- Up-to-date: /home/ubuntu/Desktop/workspace/zhao/install/learn_interface/lib/liblearn_interface__rosidl_typesupport_c.so
[1.284s] -- Up-to-date: /home/ubuntu/Desktop/workspace/zhao/install/learn_interface/include/learn_interface
[1.285s] -- Up-to-date: /home/ubuntu/Desktop/workspace/zhao/install/learn_interface/include/learn_interface/srv
[1.287s] -- Up-to-date: /home/ubuntu/Desktop/workspace/zhao/install/learn_interface/include/learn_interface/srv/add_two_int32s.hpp
[1.288s] -- Up-to-date: /home/ubuntu/Desktop/workspace/zhao/install/learn_interface/include/learn_interface/srv/detail
[1.289s] -- Up-to-date: /home/ubuntu/Desktop/workspace/zhao/install/learn_interface/include/learn_interface/srv/detail/add_two_int32s__builder.hpp
[1.290s] -- Up-to-date: /home/ubuntu/Desktop/workspace/zhao/install/learn_interface/include/learn_interface/srv/detail/add_two_int32s__struct.hpp
[1.290s] -- Up-to-date: /home/ubuntu/Desktop/workspace/zhao/install/learn_interface/include/learn_interface/srv/detail/add_two_int32s__traits.hpp
[1.292s] -- Up-to-date: /home/ubuntu/Desktop/workspace/zhao/install/learn_interface/include/learn_interface/srv/detail/get_object_position__builder.hpp
[1.293s] -- Up-to-date: /home/ubuntu/Desktop/workspace/zhao/install/learn_interface/include/learn_interface/srv/detail/get_object_position__struct.hpp
[1.294s] -- Up-to-date: /home/ubuntu/Desktop/workspace/zhao/install/learn_interface/include/learn_interface/srv/detail/get_object_position__traits.hpp
[1.295s] -- Up-to-date: /home/ubuntu/Desktop/workspace/zhao/install/learn_interface/include/learn_interface/srv/detail/add_two_ints__builder.hpp
[1.295s] -- Up-to-date: /home/ubuntu/Desktop/workspace/zhao/install/learn_interface/include/learn_interface/srv/detail/add_two_ints__struct.hpp
[1.296s] -- Up-to-date: /home/ubuntu/Desktop/workspace/zhao/install/learn_interface/include/learn_interface/srv/detail/add_two_ints__traits.hpp
[1.297s] -- Up-to-date: /home/ubuntu/Desktop/workspace/zhao/install/learn_interface/include/learn_interface/srv/get_object_position.hpp
[1.297s] -- Up-to-date: /home/ubuntu/Desktop/workspace/zhao/install/learn_interface/include/learn_interface/srv/add_two_ints.hpp
[1.298s] -- Up-to-date: /home/ubuntu/Desktop/workspace/zhao/install/learn_interface/include/learn_interface/msg
[1.299s] -- Up-to-date: /home/ubuntu/Desktop/workspace/zhao/install/learn_interface/include/learn_interface/msg/object_position.hpp
[1.300s] -- Up-to-date: /home/ubuntu/Desktop/workspace/zhao/install/learn_interface/include/learn_interface/msg/detail
[1.301s] -- Up-to-date: /home/ubuntu/Desktop/workspace/zhao/install/learn_interface/include/learn_interface/msg/detail/object_position__builder.hpp
[1.302s] -- Up-to-date: /home/ubuntu/Desktop/workspace/zhao/install/learn_interface/include/learn_interface/msg/detail/object_position__struct.hpp
[1.302s] -- Up-to-date: /home/ubuntu/Desktop/workspace/zhao/install/learn_interface/include/learn_interface/msg/detail/object_position__traits.hpp
[1.303s] -- Up-to-date: /home/ubuntu/Desktop/workspace/zhao/install/learn_interface/include/learn_interface
[1.303s] -- Up-to-date: /home/ubuntu/Desktop/workspace/zhao/install/learn_interface/include/learn_interface/srv
[1.303s] -- Up-to-date: /home/ubuntu/Desktop/workspace/zhao/install/learn_interface/include/learn_interface/srv/detail
[1.304s] -- Up-to-date: /home/ubuntu/Desktop/workspace/zhao/install/learn_interface/include/learn_interface/srv/detail/add_two_int32s__rosidl_typesupport_introspection_cpp.hpp
[1.304s] -- Up-to-date: /home/ubuntu/Desktop/workspace/zhao/install/learn_interface/include/learn_interface/srv/detail/add_two_int32s__type_support.cpp
[1.304s] -- Up-to-date: /home/ubuntu/Desktop/workspace/zhao/install/learn_interface/include/learn_interface/srv/detail/get_object_position__rosidl_typesupport_introspection_cpp.hpp
[1.304s] -- Up-to-date: /home/ubuntu/Desktop/workspace/zhao/install/learn_interface/include/learn_interface/srv/detail/get_object_position__type_support.cpp
[1.305s] -- Up-to-date: /home/ubuntu/Desktop/workspace/zhao/install/learn_interface/include/learn_interface/srv/detail/add_two_ints__rosidl_typesupport_introspection_cpp.hpp
[1.305s] -- Up-to-date: /home/ubuntu/Desktop/workspace/zhao/install/learn_interface/include/learn_interface/srv/detail/add_two_ints__type_support.cpp
[1.305s] -- Up-to-date: /home/ubuntu/Desktop/workspace/zhao/install/learn_interface/include/learn_interface/msg
[1.306s] -- Up-to-date: /home/ubuntu/Desktop/workspace/zhao/install/learn_interface/include/learn_interface/msg/detail
[1.306s] -- Up-to-date: /home/ubuntu/Desktop/workspace/zhao/install/learn_interface/include/learn_interface/msg/detail/object_position__rosidl_typesupport_introspection_cpp.hpp
[1.306s] -- Up-to-date: /home/ubuntu/Desktop/workspace/zhao/install/learn_interface/include/learn_interface/msg/detail/object_position__type_support.cpp
[1.307s] -- Up-to-date: /home/ubuntu/Desktop/workspace/zhao/install/learn_interface/lib/liblearn_interface__rosidl_typesupport_introspection_cpp.so
[1.307s] -- Up-to-date: /home/ubuntu/Desktop/workspace/zhao/install/learn_interface/lib/liblearn_interface__rosidl_typesupport_cpp.so
[1.307s] -- Up-to-date: /home/ubuntu/Desktop/workspace/zhao/install/learn_interface/share/learn_interface/environment/pythonpath.sh
[1.307s] -- Up-to-date: /home/ubuntu/Desktop/workspace/zhao/install/learn_interface/share/learn_interface/environment/pythonpath.dsv
[1.308s] -- Up-to-date: /home/ubuntu/Desktop/workspace/zhao/install/learn_interface/lib/python3.8/site-packages/learn_interface/__init__.py
[1.386s] -- Up-to-date: /home/ubuntu/Desktop/workspace/zhao/install/learn_interface/lib/python3.8/site-packages/learn_interface/srv
[1.387s] -- Up-to-date: /home/ubuntu/Desktop/workspace/zhao/install/learn_interface/lib/python3.8/site-packages/learn_interface/srv/_add_two_int32s.py
[1.387s] -- Up-to-date: /home/ubuntu/Desktop/workspace/zhao/install/learn_interface/lib/python3.8/site-packages/learn_interface/srv/_add_two_int32s_s.c
[1.387s] -- Up-to-date: /home/ubuntu/Desktop/workspace/zhao/install/learn_interface/lib/python3.8/site-packages/learn_interface/srv/_get_object_position.py
[1.387s] -- Up-to-date: /home/ubuntu/Desktop/workspace/zhao/install/learn_interface/lib/python3.8/site-packages/learn_interface/srv/_get_object_position_s.c
[1.387s] -- Up-to-date: /home/ubuntu/Desktop/workspace/zhao/install/learn_interface/lib/python3.8/site-packages/learn_interface/srv/__init__.py
[1.388s] -- Up-to-date: /home/ubuntu/Desktop/workspace/zhao/install/learn_interface/lib/python3.8/site-packages/learn_interface/srv/_add_two_ints.py
[1.388s] -- Up-to-date: /home/ubuntu/Desktop/workspace/zhao/install/learn_interface/lib/python3.8/site-packages/learn_interface/srv/_add_two_ints_s.c
[1.388s] -- Up-to-date: /home/ubuntu/Desktop/workspace/zhao/install/learn_interface/lib/python3.8/site-packages/learn_interface/msg
[1.388s] -- Up-to-date: /home/ubuntu/Desktop/workspace/zhao/install/learn_interface/lib/python3.8/site-packages/learn_interface/msg/_object_position.py
[1.388s] -- Up-to-date: /home/ubuntu/Desktop/workspace/zhao/install/learn_interface/lib/python3.8/site-packages/learn_interface/msg/_object_position_s.c
[1.389s] -- Up-to-date: /home/ubuntu/Desktop/workspace/zhao/install/learn_interface/lib/python3.8/site-packages/learn_interface/msg/__init__.py
[1.389s] -- Up-to-date: /home/ubuntu/Desktop/workspace/zhao/install/learn_interface/lib/python3.8/site-packages/learn_interface/learn_interface_s__rosidl_typesupport_fastrtps_c.cpython-38-x86_64-linux-gnu.so
[1.390s] -- Up-to-date: /home/ubuntu/Desktop/workspace/zhao/install/learn_interface/lib/python3.8/site-packages/learn_interface/learn_interface_s__rosidl_typesupport_introspection_c.cpython-38-x86_64-linux-gnu.so
[1.393s] -- Up-to-date: /home/ubuntu/Desktop/workspace/zhao/install/learn_interface/lib/python3.8/site-packages/learn_interface/learn_interface_s__rosidl_typesupport_c.cpython-38-x86_64-linux-gnu.so
[1.394s] -- Up-to-date: /home/ubuntu/Desktop/workspace/zhao/install/learn_interface/lib/liblearn_interface__python.so
[1.394s] -- Up-to-date: /home/ubuntu/Desktop/workspace/zhao/install/learn_interface/share/learn_interface/srv/AddTwoInts.idl
[1.395s] -- Up-to-date: /home/ubuntu/Desktop/workspace/zhao/install/learn_interface/share/learn_interface/srv/GetObjectPosition.idl
[1.395s] -- Up-to-date: /home/ubuntu/Desktop/workspace/zhao/install/learn_interface/share/learn_interface/msg/ObjectPosition.idl
[1.396s] -- Up-to-date: /home/ubuntu/Desktop/workspace/zhao/install/learn_interface/share/learn_interface/srv/AddTwoInts.srv
[1.396s] -- Up-to-date: /home/ubuntu/Desktop/workspace/zhao/install/learn_interface/share/learn_interface/srv/AddTwoInts_Request.msg
[1.396s] -- Up-to-date: /home/ubuntu/Desktop/workspace/zhao/install/learn_interface/share/learn_interface/srv/AddTwoInts_Response.msg
[1.397s] -- Up-to-date: /home/ubuntu/Desktop/workspace/zhao/install/learn_interface/share/learn_interface/srv/GetObjectPosition.srv
[1.397s] -- Up-to-date: /home/ubuntu/Desktop/workspace/zhao/install/learn_interface/share/learn_interface/srv/GetObjectPosition_Request.msg
[1.398s] -- Up-to-date: /home/ubuntu/Desktop/workspace/zhao/install/learn_interface/share/learn_interface/srv/GetObjectPosition_Response.msg
[1.399s] -- Up-to-date: /home/ubuntu/Desktop/workspace/zhao/install/learn_interface/share/learn_interface/msg/ObjectPosition.msg
[1.399s] -- Up-to-date: /home/ubuntu/Desktop/workspace/zhao/install/learn_interface/share/ament_index/resource_index/package_run_dependencies/learn_interface
[1.399s] -- Up-to-date: /home/ubuntu/Desktop/workspace/zhao/install/learn_interface/share/ament_index/resource_index/parent_prefix_path/learn_interface
[1.399s] -- Up-to-date: /home/ubuntu/Desktop/workspace/zhao/install/learn_interface/share/learn_interface/environment/ament_prefix_path.sh
[1.400s] -- Up-to-date: /home/ubuntu/Desktop/workspace/zhao/install/learn_interface/share/learn_interface/environment/ament_prefix_path.dsv
[1.400s] -- Up-to-date: /home/ubuntu/Desktop/workspace/zhao/install/learn_interface/share/learn_interface/environment/path.sh
[1.401s] -- Up-to-date: /home/ubuntu/Desktop/workspace/zhao/install/learn_interface/share/learn_interface/environment/path.dsv
[1.402s] -- Up-to-date: /home/ubuntu/Desktop/workspace/zhao/install/learn_interface/share/learn_interface/local_setup.bash
[1.403s] -- Up-to-date: /home/ubuntu/Desktop/workspace/zhao/install/learn_interface/share/learn_interface/local_setup.sh
[1.403s] -- Up-to-date: /home/ubuntu/Desktop/workspace/zhao/install/learn_interface/share/learn_interface/local_setup.zsh
[1.403s] -- Up-to-date: /home/ubuntu/Desktop/workspace/zhao/install/learn_interface/share/learn_interface/local_setup.dsv
[1.403s] -- Installing: /home/ubuntu/Desktop/workspace/zhao/install/learn_interface/share/learn_interface/package.dsv
[1.403s] -- Up-to-date: /home/ubuntu/Desktop/workspace/zhao/install/learn_interface/share/ament_index/resource_index/packages/learn_interface
[1.404s] -- Up-to-date: /home/ubuntu/Desktop/workspace/zhao/install/learn_interface/share/learn_interface/cmake/learn_interface__rosidl_generator_cExport.cmake
[1.404s] -- Up-to-date: /home/ubuntu/Desktop/workspace/zhao/install/learn_interface/share/learn_interface/cmake/learn_interface__rosidl_generator_cExport-noconfig.cmake
[1.404s] -- Up-to-date: /home/ubuntu/Desktop/workspace/zhao/install/learn_interface/share/learn_interface/cmake/learn_interface__rosidl_typesupport_introspection_cExport.cmake
[1.416s] -- Up-to-date: /home/ubuntu/Desktop/workspace/zhao/install/learn_interface/share/learn_interface/cmake/learn_interface__rosidl_typesupport_introspection_cExport-noconfig.cmake
[1.416s] -- Up-to-date: /home/ubuntu/Desktop/workspace/zhao/install/learn_interface/share/learn_interface/cmake/learn_interface__rosidl_typesupport_cExport.cmake
[1.417s] -- Up-to-date: /home/ubuntu/Desktop/workspace/zhao/install/learn_interface/share/learn_interface/cmake/learn_interface__rosidl_typesupport_cExport-noconfig.cmake
[1.417s] -- Up-to-date: /home/ubuntu/Desktop/workspace/zhao/install/learn_interface/share/learn_interface/cmake/learn_interface__rosidl_generator_cppExport.cmake
[1.417s] -- Up-to-date: /home/ubuntu/Desktop/workspace/zhao/install/learn_interface/share/learn_interface/cmake/learn_interface__rosidl_typesupport_introspection_cppExport.cmake
[1.418s] -- Up-to-date: /home/ubuntu/Desktop/workspace/zhao/install/learn_interface/share/learn_interface/cmake/learn_interface__rosidl_typesupport_introspection_cppExport-noconfig.cmake
[1.418s] -- Up-to-date: /home/ubuntu/Desktop/workspace/zhao/install/learn_interface/share/learn_interface/cmake/learn_interface__rosidl_typesupport_cppExport.cmake
[1.418s] -- Up-to-date: /home/ubuntu/Desktop/workspace/zhao/install/learn_interface/share/learn_interface/cmake/learn_interface__rosidl_typesupport_cppExport-noconfig.cmake
[1.418s] -- Up-to-date: /home/ubuntu/Desktop/workspace/zhao/install/learn_interface/share/learn_interface/cmake/rosidl_cmake-extras.cmake
[1.420s] -- Up-to-date: /home/ubuntu/Desktop/workspace/zhao/install/learn_interface/share/learn_interface/cmake/ament_cmake_export_dependencies-extras.cmake
[1.421s] -- Up-to-date: /home/ubuntu/Desktop/workspace/zhao/install/learn_interface/share/learn_interface/cmake/ament_cmake_export_libraries-extras.cmake
[1.421s] -- Up-to-date: /home/ubuntu/Desktop/workspace/zhao/install/learn_interface/share/learn_interface/cmake/ament_cmake_export_targets-extras.cmake
[1.421s] -- Up-to-date: /home/ubuntu/Desktop/workspace/zhao/install/learn_interface/share/learn_interface/cmake/ament_cmake_export_include_directories-extras.cmake
[1.422s] -- Up-to-date: /home/ubuntu/Desktop/workspace/zhao/install/learn_interface/share/learn_interface/cmake/rosidl_cmake_export_typesupport_libraries-extras.cmake
[1.423s] -- Up-to-date: /home/ubuntu/Desktop/workspace/zhao/install/learn_interface/share/learn_interface/cmake/rosidl_cmake_export_typesupport_targets-extras.cmake
[1.423s] -- Up-to-date: /home/ubuntu/Desktop/workspace/zhao/install/learn_interface/share/learn_interface/cmake/learn_interfaceConfig.cmake
[1.423s] -- Up-to-date: /home/ubuntu/Desktop/workspace/zhao/install/learn_interface/share/learn_interface/cmake/learn_interfaceConfig-version.cmake
[1.424s] -- Up-to-date: /home/ubuntu/Desktop/workspace/zhao/install/learn_interface/share/learn_interface/package.xml
[1.425s] Invoked command in '/home/ubuntu/Desktop/workspace/zhao/build/learn_interface' returned '0': CMAKE_PREFIX_PATH=${CMAKE_PREFIX_PATH}:/home/ubuntu/Desktop/workspace/zhao/install/learn_topic:/home/ubuntu/Desktop/workspace/zhao/install/learn_service:/opt/ros/foxy /usr/bin/cmake --install /home/ubuntu/Desktop/workspace/zhao/build/learn_interface
