/home/ubuntu/Desktop/workspace/zhao/install/learn_topic/lib/python3.8/site-packages/learn_topic/__init__.py
/home/ubuntu/Desktop/workspace/zhao/install/learn_topic/lib/python3.8/site-packages/learn_topic/topic_hello.py
/home/ubuntu/Desktop/workspace/zhao/install/learn_topic/lib/python3.8/site-packages/learn_topic/topic_webcam_pub.py
/home/ubuntu/Desktop/workspace/zhao/install/learn_topic/lib/python3.8/site-packages/learn_topic/topic_webcam_sub.py
/home/ubuntu/Desktop/workspace/zhao/install/learn_topic/lib/python3.8/site-packages/learn_topic/__pycache__/__init__.cpython-38.pyc
/home/ubuntu/Desktop/workspace/zhao/install/learn_topic/lib/python3.8/site-packages/learn_topic/__pycache__/topic_hello.cpython-38.pyc
/home/ubuntu/Desktop/workspace/zhao/install/learn_topic/lib/python3.8/site-packages/learn_topic/__pycache__/topic_webcam_pub.cpython-38.pyc
/home/ubuntu/Desktop/workspace/zhao/install/learn_topic/lib/python3.8/site-packages/learn_topic/__pycache__/topic_webcam_sub.cpython-38.pyc
/home/ubuntu/Desktop/workspace/zhao/install/learn_topic/share/ament_index/resource_index/packages/learn_topic
/home/ubuntu/Desktop/workspace/zhao/install/learn_topic/share/learn_topic/package.xml
/home/ubuntu/Desktop/workspace/zhao/install/learn_topic/lib/python3.8/site-packages/learn_topic-0.0.0-py3.8.egg-info/PKG-INFO
/home/ubuntu/Desktop/workspace/zhao/install/learn_topic/lib/python3.8/site-packages/learn_topic-0.0.0-py3.8.egg-info/zip-safe
/home/ubuntu/Desktop/workspace/zhao/install/learn_topic/lib/python3.8/site-packages/learn_topic-0.0.0-py3.8.egg-info/dependency_links.txt
/home/ubuntu/Desktop/workspace/zhao/install/learn_topic/lib/python3.8/site-packages/learn_topic-0.0.0-py3.8.egg-info/entry_points.txt
/home/ubuntu/Desktop/workspace/zhao/install/learn_topic/lib/python3.8/site-packages/learn_topic-0.0.0-py3.8.egg-info/requires.txt
/home/ubuntu/Desktop/workspace/zhao/install/learn_topic/lib/python3.8/site-packages/learn_topic-0.0.0-py3.8.egg-info/top_level.txt
/home/ubuntu/Desktop/workspace/zhao/install/learn_topic/lib/python3.8/site-packages/learn_topic-0.0.0-py3.8.egg-info/SOURCES.txt
/home/ubuntu/Desktop/workspace/zhao/install/learn_topic/lib/learn_topic/topic_cam_pub
/home/ubuntu/Desktop/workspace/zhao/install/learn_topic/lib/learn_topic/topic_cam_sub
/home/ubuntu/Desktop/workspace/zhao/install/learn_topic/lib/learn_topic/topic_hello
