[4.264s] Invoking command in '/home/ubuntu/Desktop/workspace/zhao/src/learn_topic': PYTHONPATH=/home/ubuntu/Desktop/workspace/zhao/install/learn_topic/lib/python3.8/site-packages:${PYTHONPATH} /usr/bin/python3 setup.py egg_info --egg-base ../../build/learn_topic build --build-base /home/ubuntu/Desktop/workspace/zhao/build/learn_topic/build install --prefix /home/ubuntu/Desktop/workspace/zhao/install/learn_topic --record /home/ubuntu/Desktop/workspace/zhao/build/learn_topic/install.log --single-version-externally-managed
[4.824s] running egg_info
[4.824s] writing ../../build/learn_topic/learn_topic.egg-info/PKG-INFO
[4.825s] writing dependency_links to ../../build/learn_topic/learn_topic.egg-info/dependency_links.txt
[4.825s] writing entry points to ../../build/learn_topic/learn_topic.egg-info/entry_points.txt
[4.826s] writing requirements to ../../build/learn_topic/learn_topic.egg-info/requires.txt
[4.826s] writing top-level names to ../../build/learn_topic/learn_topic.egg-info/top_level.txt
[4.969s] reading manifest file '../../build/learn_topic/learn_topic.egg-info/SOURCES.txt'
[4.970s] writing manifest file '../../build/learn_topic/learn_topic.egg-info/SOURCES.txt'
[4.970s] running build
[4.971s] running build_py
[4.972s] running install
[4.974s] running install_lib
[4.980s] running install_data
[4.981s] running install_egg_info
[4.985s] removing '/home/ubuntu/Desktop/workspace/zhao/install/learn_topic/lib/python3.8/site-packages/learn_topic-0.0.0-py3.8.egg-info' (and everything under it)
[4.988s] Copying ../../build/learn_topic/learn_topic.egg-info to /home/ubuntu/Desktop/workspace/zhao/install/learn_topic/lib/python3.8/site-packages/learn_topic-0.0.0-py3.8.egg-info
[4.992s] running install_scripts
[5.084s] Installing topic_cam_pub script to /home/ubuntu/Desktop/workspace/zhao/install/learn_topic/lib/learn_topic
[5.089s] Installing topic_cam_sub script to /home/ubuntu/Desktop/workspace/zhao/install/learn_topic/lib/learn_topic
[5.091s] Installing topic_hello script to /home/ubuntu/Desktop/workspace/zhao/install/learn_topic/lib/learn_topic
[5.092s] writing list of installed files to '/home/ubuntu/Desktop/workspace/zhao/build/learn_topic/install.log'
[5.224s] Invoked command in '/home/ubuntu/Desktop/workspace/zhao/src/learn_topic' returned '0': PYTHONPATH=/home/ubuntu/Desktop/workspace/zhao/install/learn_topic/lib/python3.8/site-packages:${PYTHONPATH} /usr/bin/python3 setup.py egg_info --egg-base ../../build/learn_topic build --build-base /home/ubuntu/Desktop/workspace/zhao/build/learn_topic/build install --prefix /home/ubuntu/Desktop/workspace/zhao/install/learn_topic --record /home/ubuntu/Desktop/workspace/zhao/build/learn_topic/install.log --single-version-externally-managed
