[0.218s] DEBUG:colcon:Command line arguments: ['/usr/bin/colcon', 'build']
[0.218s] DEBUG:colcon:Parsed command line arguments: Namespace(allow_overriding=[], ament_cmake_args=None, base_paths=['.'], build_base='build', catkin_cmake_args=None, catkin_skip_building_tests=False, cmake_args=None, cmake_clean_cache=False, cmake_clean_first=False, cmake_force_configure=False, cmake_target=None, cmake_target_skip_unavailable=False, continue_on_error=False, event_handlers=None, executor='parallel', ignore_user_meta=False, install_base='install', log_base=None, log_level=None, main=<bound method BuildVerb.main of <colcon_core.verb.build.BuildVerb object at 0x7f6389d63880>>, merge_install=False, metas=['./colcon.meta'], packages_above=None, packages_above_and_dependencies=None, packages_above_depth=None, packages_end=None, packages_ignore=None, packages_ignore_regex=None, packages_select=None, packages_select_build_failed=False, packages_select_by_dep=None, packages_select_regex=None, packages_select_test_failures=False, packages_skip=None, packages_skip_build_finished=False, packages_skip_by_dep=None, packages_skip_regex=None, packages_skip_test_passed=False, packages_skip_up_to=None, packages_start=None, packages_up_to=None, packages_up_to_regex=None, parallel_workers=4, paths=None, symlink_install=False, test_result_base=None, verb_extension=<colcon_core.verb.build.BuildVerb object at 0x7f6389d63880>, verb_name='build', verb_parser=<colcon_defaults.argument_parser.defaults.DefaultArgumentsDecorator object at 0x7f6389d63df0>)
[0.253s] Level 1:colcon.colcon_core.package_discovery:discover_packages(colcon_meta) check parameters
[0.254s] Level 1:colcon.colcon_core.package_discovery:discover_packages(recursive) check parameters
[0.254s] Level 1:colcon.colcon_core.package_discovery:discover_packages(ignore) check parameters
[0.254s] Level 1:colcon.colcon_core.package_discovery:discover_packages(path) check parameters
[0.254s] Level 1:colcon.colcon_core.package_discovery:discover_packages(colcon_meta) discover
[0.254s] Level 1:colcon.colcon_core.package_discovery:discover_packages(recursive) discover
[0.254s] INFO:colcon.colcon_core.package_discovery:Crawling recursively for packages in '/home/ubuntu/Desktop/workspace/zhao'
[0.254s] Level 1:colcon.colcon_core.package_identification:_identify(.) by extensions ['ignore', 'ignore_ament_install']
[0.255s] Level 1:colcon.colcon_core.package_identification:_identify(.) by extension 'ignore'
[0.255s] Level 1:colcon.colcon_core.package_identification:_identify(.) by extension 'ignore_ament_install'
[0.255s] Level 1:colcon.colcon_core.package_identification:_identify(.) by extensions ['colcon_pkg']
[0.255s] Level 1:colcon.colcon_core.package_identification:_identify(.) by extension 'colcon_pkg'
[0.255s] Level 1:colcon.colcon_core.package_identification:_identify(.) by extensions ['colcon_meta']
[0.255s] Level 1:colcon.colcon_core.package_identification:_identify(.) by extension 'colcon_meta'
[0.255s] Level 1:colcon.colcon_core.package_identification:_identify(.) by extensions ['ros']
[0.255s] Level 1:colcon.colcon_core.package_identification:_identify(.) by extension 'ros'
[0.274s] Level 1:colcon.colcon_core.package_identification:_identify(.) by extensions ['cmake', 'python']
[0.274s] Level 1:colcon.colcon_core.package_identification:_identify(.) by extension 'cmake'
[0.274s] Level 1:colcon.colcon_core.package_identification:_identify(.) by extension 'python'
[0.274s] Level 1:colcon.colcon_core.package_identification:_identify(.) by extensions ['python_setup_py']
[0.274s] Level 1:colcon.colcon_core.package_identification:_identify(.) by extension 'python_setup_py'
[0.274s] Level 1:colcon.colcon_core.package_identification:_identify(build) by extensions ['ignore', 'ignore_ament_install']
[0.275s] Level 1:colcon.colcon_core.package_identification:_identify(build) by extension 'ignore'
[0.275s] Level 1:colcon.colcon_core.package_identification:_identify(build) ignored
[0.275s] Level 1:colcon.colcon_core.package_identification:_identify(install) by extensions ['ignore', 'ignore_ament_install']
[0.275s] Level 1:colcon.colcon_core.package_identification:_identify(install) by extension 'ignore'
[0.275s] Level 1:colcon.colcon_core.package_identification:_identify(install) ignored
[0.275s] Level 1:colcon.colcon_core.package_identification:_identify(log) by extensions ['ignore', 'ignore_ament_install']
[0.276s] Level 1:colcon.colcon_core.package_identification:_identify(log) by extension 'ignore'
[0.276s] Level 1:colcon.colcon_core.package_identification:_identify(log) ignored
[0.276s] Level 1:colcon.colcon_core.package_identification:_identify(src) by extensions ['ignore', 'ignore_ament_install']
[0.276s] Level 1:colcon.colcon_core.package_identification:_identify(src) by extension 'ignore'
[0.276s] Level 1:colcon.colcon_core.package_identification:_identify(src) by extension 'ignore_ament_install'
[0.276s] Level 1:colcon.colcon_core.package_identification:_identify(src) by extensions ['colcon_pkg']
[0.276s] Level 1:colcon.colcon_core.package_identification:_identify(src) by extension 'colcon_pkg'
[0.276s] Level 1:colcon.colcon_core.package_identification:_identify(src) by extensions ['colcon_meta']
[0.276s] Level 1:colcon.colcon_core.package_identification:_identify(src) by extension 'colcon_meta'
[0.277s] Level 1:colcon.colcon_core.package_identification:_identify(src) by extensions ['ros']
[0.277s] Level 1:colcon.colcon_core.package_identification:_identify(src) by extension 'ros'
[0.277s] Level 1:colcon.colcon_core.package_identification:_identify(src) by extensions ['cmake', 'python']
[0.277s] Level 1:colcon.colcon_core.package_identification:_identify(src) by extension 'cmake'
[0.277s] Level 1:colcon.colcon_core.package_identification:_identify(src) by extension 'python'
[0.277s] Level 1:colcon.colcon_core.package_identification:_identify(src) by extensions ['python_setup_py']
[0.277s] Level 1:colcon.colcon_core.package_identification:_identify(src) by extension 'python_setup_py'
[0.277s] Level 1:colcon.colcon_core.package_identification:_identify(src/learn_interface) by extensions ['ignore', 'ignore_ament_install']
[0.278s] Level 1:colcon.colcon_core.package_identification:_identify(src/learn_interface) by extension 'ignore'
[0.278s] Level 1:colcon.colcon_core.package_identification:_identify(src/learn_interface) by extension 'ignore_ament_install'
[0.278s] Level 1:colcon.colcon_core.package_identification:_identify(src/learn_interface) by extensions ['colcon_pkg']
[0.278s] Level 1:colcon.colcon_core.package_identification:_identify(src/learn_interface) by extension 'colcon_pkg'
[0.278s] Level 1:colcon.colcon_core.package_identification:_identify(src/learn_interface) by extensions ['colcon_meta']
[0.278s] Level 1:colcon.colcon_core.package_identification:_identify(src/learn_interface) by extension 'colcon_meta'
[0.278s] Level 1:colcon.colcon_core.package_identification:_identify(src/learn_interface) by extensions ['ros']
[0.278s] Level 1:colcon.colcon_core.package_identification:_identify(src/learn_interface) by extension 'ros'
[0.283s] DEBUG:colcon.colcon_core.package_identification:Package 'src/learn_interface' with type 'ros.ament_cmake' and name 'learn_interface'
[0.283s] Level 1:colcon.colcon_core.package_identification:_identify(src/learn_service) by extensions ['ignore', 'ignore_ament_install']
[0.283s] Level 1:colcon.colcon_core.package_identification:_identify(src/learn_service) by extension 'ignore'
[0.283s] Level 1:colcon.colcon_core.package_identification:_identify(src/learn_service) by extension 'ignore_ament_install'
[0.283s] Level 1:colcon.colcon_core.package_identification:_identify(src/learn_service) by extensions ['colcon_pkg']
[0.283s] Level 1:colcon.colcon_core.package_identification:_identify(src/learn_service) by extension 'colcon_pkg'
[0.284s] Level 1:colcon.colcon_core.package_identification:_identify(src/learn_service) by extensions ['colcon_meta']
[0.284s] Level 1:colcon.colcon_core.package_identification:_identify(src/learn_service) by extension 'colcon_meta'
[0.284s] Level 1:colcon.colcon_core.package_identification:_identify(src/learn_service) by extensions ['ros']
[0.284s] Level 1:colcon.colcon_core.package_identification:_identify(src/learn_service) by extension 'ros'
[0.284s] DEBUG:colcon.colcon_core.package_identification:Package 'src/learn_service' with type 'ros.ament_python' and name 'learn_service'
[0.285s] Level 1:colcon.colcon_core.package_identification:_identify(src/learn_topic) by extensions ['ignore', 'ignore_ament_install']
[0.285s] Level 1:colcon.colcon_core.package_identification:_identify(src/learn_topic) by extension 'ignore'
[0.285s] Level 1:colcon.colcon_core.package_identification:_identify(src/learn_topic) by extension 'ignore_ament_install'
[0.285s] Level 1:colcon.colcon_core.package_identification:_identify(src/learn_topic) by extensions ['colcon_pkg']
[0.285s] Level 1:colcon.colcon_core.package_identification:_identify(src/learn_topic) by extension 'colcon_pkg'
[0.285s] Level 1:colcon.colcon_core.package_identification:_identify(src/learn_topic) by extensions ['colcon_meta']
[0.285s] Level 1:colcon.colcon_core.package_identification:_identify(src/learn_topic) by extension 'colcon_meta'
[0.285s] Level 1:colcon.colcon_core.package_identification:_identify(src/learn_topic) by extensions ['ros']
[0.285s] Level 1:colcon.colcon_core.package_identification:_identify(src/learn_topic) by extension 'ros'
[0.286s] DEBUG:colcon.colcon_core.package_identification:Package 'src/learn_topic' with type 'ros.ament_python' and name 'learn_topic'
[0.286s] Level 1:colcon.colcon_core.package_discovery:discover_packages(recursive) using defaults
[0.286s] Level 1:colcon.colcon_core.package_discovery:discover_packages(ignore) discover
[0.286s] Level 1:colcon.colcon_core.package_discovery:discover_packages(ignore) using defaults
[0.286s] Level 1:colcon.colcon_core.package_discovery:discover_packages(path) discover
[0.286s] Level 1:colcon.colcon_core.package_discovery:discover_packages(path) using defaults
[0.315s] Level 1:colcon.colcon_core.package_discovery:discover_packages(prefix_path) check parameters
[0.315s] Level 1:colcon.colcon_core.package_discovery:discover_packages(prefix_path) discover
[0.319s] DEBUG:colcon.colcon_installed_package_information.package_discovery:Found 3 installed packages in /home/ubuntu/Desktop/workspace/zhao/install
[0.321s] DEBUG:colcon.colcon_installed_package_information.package_discovery:Found 272 installed packages in /opt/ros/foxy
[0.324s] Level 1:colcon.colcon_core.package_discovery:discover_packages(prefix_path) using defaults
[0.467s] Level 5:colcon.colcon_core.verb:set package 'learn_interface' build argument 'cmake_args' from command line to 'None'
[0.467s] Level 5:colcon.colcon_core.verb:set package 'learn_interface' build argument 'cmake_target' from command line to 'None'
[0.468s] Level 5:colcon.colcon_core.verb:set package 'learn_interface' build argument 'cmake_target_skip_unavailable' from command line to 'False'
[0.468s] Level 5:colcon.colcon_core.verb:set package 'learn_interface' build argument 'cmake_clean_cache' from command line to 'False'
[0.468s] Level 5:colcon.colcon_core.verb:set package 'learn_interface' build argument 'cmake_clean_first' from command line to 'False'
[0.468s] Level 5:colcon.colcon_core.verb:set package 'learn_interface' build argument 'cmake_force_configure' from command line to 'False'
[0.468s] Level 5:colcon.colcon_core.verb:set package 'learn_interface' build argument 'ament_cmake_args' from command line to 'None'
[0.468s] Level 5:colcon.colcon_core.verb:set package 'learn_interface' build argument 'catkin_cmake_args' from command line to 'None'
[0.468s] Level 5:colcon.colcon_core.verb:set package 'learn_interface' build argument 'catkin_skip_building_tests' from command line to 'False'
[0.468s] DEBUG:colcon.colcon_core.verb:Building package 'learn_interface' with the following arguments: {'ament_cmake_args': None, 'build_base': '/home/ubuntu/Desktop/workspace/zhao/build/learn_interface', 'catkin_cmake_args': None, 'catkin_skip_building_tests': False, 'cmake_args': None, 'cmake_clean_cache': False, 'cmake_clean_first': False, 'cmake_force_configure': False, 'cmake_target': None, 'cmake_target_skip_unavailable': False, 'install_base': '/home/ubuntu/Desktop/workspace/zhao/install/learn_interface', 'merge_install': False, 'path': '/home/ubuntu/Desktop/workspace/zhao/src/learn_interface', 'symlink_install': False, 'test_result_base': None}
[0.469s] Level 5:colcon.colcon_core.verb:set package 'learn_service' build argument 'cmake_args' from command line to 'None'
[0.470s] Level 5:colcon.colcon_core.verb:set package 'learn_service' build argument 'cmake_target' from command line to 'None'
[0.470s] Level 5:colcon.colcon_core.verb:set package 'learn_service' build argument 'cmake_target_skip_unavailable' from command line to 'False'
[0.470s] Level 5:colcon.colcon_core.verb:set package 'learn_service' build argument 'cmake_clean_cache' from command line to 'False'
[0.470s] Level 5:colcon.colcon_core.verb:set package 'learn_service' build argument 'cmake_clean_first' from command line to 'False'
[0.470s] Level 5:colcon.colcon_core.verb:set package 'learn_service' build argument 'cmake_force_configure' from command line to 'False'
[0.470s] Level 5:colcon.colcon_core.verb:set package 'learn_service' build argument 'ament_cmake_args' from command line to 'None'
[0.470s] Level 5:colcon.colcon_core.verb:set package 'learn_service' build argument 'catkin_cmake_args' from command line to 'None'
[0.470s] Level 5:colcon.colcon_core.verb:set package 'learn_service' build argument 'catkin_skip_building_tests' from command line to 'False'
[0.470s] DEBUG:colcon.colcon_core.verb:Building package 'learn_service' with the following arguments: {'ament_cmake_args': None, 'build_base': '/home/ubuntu/Desktop/workspace/zhao/build/learn_service', 'catkin_cmake_args': None, 'catkin_skip_building_tests': False, 'cmake_args': None, 'cmake_clean_cache': False, 'cmake_clean_first': False, 'cmake_force_configure': False, 'cmake_target': None, 'cmake_target_skip_unavailable': False, 'install_base': '/home/ubuntu/Desktop/workspace/zhao/install/learn_service', 'merge_install': False, 'path': '/home/ubuntu/Desktop/workspace/zhao/src/learn_service', 'symlink_install': False, 'test_result_base': None}
[0.471s] Level 5:colcon.colcon_core.verb:set package 'learn_topic' build argument 'cmake_args' from command line to 'None'
[0.472s] Level 5:colcon.colcon_core.verb:set package 'learn_topic' build argument 'cmake_target' from command line to 'None'
[0.472s] Level 5:colcon.colcon_core.verb:set package 'learn_topic' build argument 'cmake_target_skip_unavailable' from command line to 'False'
[0.472s] Level 5:colcon.colcon_core.verb:set package 'learn_topic' build argument 'cmake_clean_cache' from command line to 'False'
[0.472s] Level 5:colcon.colcon_core.verb:set package 'learn_topic' build argument 'cmake_clean_first' from command line to 'False'
[0.472s] Level 5:colcon.colcon_core.verb:set package 'learn_topic' build argument 'cmake_force_configure' from command line to 'False'
[0.472s] Level 5:colcon.colcon_core.verb:set package 'learn_topic' build argument 'ament_cmake_args' from command line to 'None'
[0.472s] Level 5:colcon.colcon_core.verb:set package 'learn_topic' build argument 'catkin_cmake_args' from command line to 'None'
[0.472s] Level 5:colcon.colcon_core.verb:set package 'learn_topic' build argument 'catkin_skip_building_tests' from command line to 'False'
[0.472s] DEBUG:colcon.colcon_core.verb:Building package 'learn_topic' with the following arguments: {'ament_cmake_args': None, 'build_base': '/home/ubuntu/Desktop/workspace/zhao/build/learn_topic', 'catkin_cmake_args': None, 'catkin_skip_building_tests': False, 'cmake_args': None, 'cmake_clean_cache': False, 'cmake_clean_first': False, 'cmake_force_configure': False, 'cmake_target': None, 'cmake_target_skip_unavailable': False, 'install_base': '/home/ubuntu/Desktop/workspace/zhao/install/learn_topic', 'merge_install': False, 'path': '/home/ubuntu/Desktop/workspace/zhao/src/learn_topic', 'symlink_install': False, 'test_result_base': None}
[0.472s] INFO:colcon.colcon_core.executor:Executing jobs using 'parallel' executor
[0.475s] DEBUG:colcon.colcon_parallel_executor.executor.parallel:run_until_complete
[0.476s] INFO:colcon.colcon_ros.task.ament_cmake.build:Building ROS package in '/home/ubuntu/Desktop/workspace/zhao/src/learn_interface' with build type 'ament_cmake'
[0.476s] INFO:colcon.colcon_cmake.task.cmake.build:Building CMake package in '/home/ubuntu/Desktop/workspace/zhao/src/learn_interface'
[0.482s] INFO:colcon.colcon_core.plugin_system:Skipping extension 'colcon_core.shell.bat': Not used on non-Windows systems
[0.482s] INFO:colcon.colcon_core.shell:Skip shell extension 'powershell' for command environment: Not usable outside of PowerShell
[0.482s] DEBUG:colcon.colcon_core.shell:Skip shell extension 'dsv' for command environment
[0.490s] INFO:colcon.colcon_ros.task.ament_python.build:Building ROS package in '/home/ubuntu/Desktop/workspace/zhao/src/learn_service' with build type 'ament_python'
[0.491s] Level 1:colcon.colcon_core.shell:create_environment_hook('learn_service', 'ament_prefix_path')
[0.492s] INFO:colcon.colcon_core.shell:Creating environment hook '/home/ubuntu/Desktop/workspace/zhao/install/learn_service/share/learn_service/hook/ament_prefix_path.ps1'
[0.493s] INFO:colcon.colcon_core.shell:Creating environment descriptor '/home/ubuntu/Desktop/workspace/zhao/install/learn_service/share/learn_service/hook/ament_prefix_path.dsv'
[0.494s] INFO:colcon.colcon_core.shell:Creating environment hook '/home/ubuntu/Desktop/workspace/zhao/install/learn_service/share/learn_service/hook/ament_prefix_path.sh'
[0.496s] INFO:colcon.colcon_core.shell:Skip shell extension 'powershell' for command environment: Not usable outside of PowerShell
[0.496s] DEBUG:colcon.colcon_core.shell:Skip shell extension 'dsv' for command environment
[0.505s] INFO:colcon.colcon_ros.task.ament_python.build:Building ROS package in '/home/ubuntu/Desktop/workspace/zhao/src/learn_topic' with build type 'ament_python'
[0.506s] Level 1:colcon.colcon_core.shell:create_environment_hook('learn_topic', 'ament_prefix_path')
[0.508s] INFO:colcon.colcon_core.shell:Creating environment hook '/home/ubuntu/Desktop/workspace/zhao/install/learn_topic/share/learn_topic/hook/ament_prefix_path.ps1'
[0.510s] INFO:colcon.colcon_core.shell:Creating environment descriptor '/home/ubuntu/Desktop/workspace/zhao/install/learn_topic/share/learn_topic/hook/ament_prefix_path.dsv'
[0.511s] INFO:colcon.colcon_core.shell:Creating environment hook '/home/ubuntu/Desktop/workspace/zhao/install/learn_topic/share/learn_topic/hook/ament_prefix_path.sh'
[0.513s] INFO:colcon.colcon_core.shell:Skip shell extension 'powershell' for command environment: Not usable outside of PowerShell
[0.513s] DEBUG:colcon.colcon_core.shell:Skip shell extension 'dsv' for command environment
[0.529s] DEBUG:colcon.colcon_core.event_handler.log_command:Invoking command in '/home/ubuntu/Desktop/workspace/zhao/build/learn_interface': CMAKE_PREFIX_PATH=${CMAKE_PREFIX_PATH}:/home/ubuntu/Desktop/workspace/zhao/install/learn_topic:/home/ubuntu/Desktop/workspace/zhao/install/learn_service:/opt/ros/foxy /usr/bin/cmake --build /home/ubuntu/Desktop/workspace/zhao/build/learn_interface -- -j4 -l4
[1.033s] INFO:colcon.colcon_core.task.python.build:Building Python package in '/home/ubuntu/Desktop/workspace/zhao/src/learn_service'
[1.035s] INFO:colcon.colcon_core.shell:Skip shell extension 'powershell' for command environment: Not usable outside of PowerShell
[1.035s] DEBUG:colcon.colcon_core.shell:Skip shell extension 'dsv' for command environment
[1.474s] INFO:colcon.colcon_core.task.python.build:Building Python package in '/home/ubuntu/Desktop/workspace/zhao/src/learn_topic'
[1.476s] INFO:colcon.colcon_core.shell:Skip shell extension 'powershell' for command environment: Not usable outside of PowerShell
[1.476s] DEBUG:colcon.colcon_core.shell:Skip shell extension 'dsv' for command environment
[1.495s] DEBUG:colcon.colcon_core.event_handler.log_command:Invoked command in '/home/ubuntu/Desktop/workspace/zhao/build/learn_interface' returned '0': CMAKE_PREFIX_PATH=${CMAKE_PREFIX_PATH}:/home/ubuntu/Desktop/workspace/zhao/install/learn_topic:/home/ubuntu/Desktop/workspace/zhao/install/learn_service:/opt/ros/foxy /usr/bin/cmake --build /home/ubuntu/Desktop/workspace/zhao/build/learn_interface -- -j4 -l4
[1.703s] DEBUG:colcon.colcon_core.event_handler.log_command:Invoking command in '/home/ubuntu/Desktop/workspace/zhao/build/learn_interface': CMAKE_PREFIX_PATH=${CMAKE_PREFIX_PATH}:/home/ubuntu/Desktop/workspace/zhao/install/learn_topic:/home/ubuntu/Desktop/workspace/zhao/install/learn_service:/opt/ros/foxy /usr/bin/cmake --install /home/ubuntu/Desktop/workspace/zhao/build/learn_interface
[1.911s] Level 1:colcon.colcon_core.environment:create_environment_scripts_only(learn_interface)
[1.924s] Level 1:colcon.colcon_core.environment:checking '/home/ubuntu/Desktop/workspace/zhao/install/learn_interface' for CMake module files
[1.925s] DEBUG:colcon.colcon_core.event_handler.log_command:Invoked command in '/home/ubuntu/Desktop/workspace/zhao/build/learn_interface' returned '0': CMAKE_PREFIX_PATH=${CMAKE_PREFIX_PATH}:/home/ubuntu/Desktop/workspace/zhao/install/learn_topic:/home/ubuntu/Desktop/workspace/zhao/install/learn_service:/opt/ros/foxy /usr/bin/cmake --install /home/ubuntu/Desktop/workspace/zhao/build/learn_interface
[1.927s] Level 1:colcon.colcon_core.environment:checking '/home/ubuntu/Desktop/workspace/zhao/install/learn_interface' for CMake config files
[1.928s] Level 1:colcon.colcon_core.shell:create_environment_hook('learn_interface', 'cmake_prefix_path')
[1.929s] INFO:colcon.colcon_core.shell:Creating environment hook '/home/ubuntu/Desktop/workspace/zhao/install/learn_interface/share/learn_interface/hook/cmake_prefix_path.ps1'
[1.930s] INFO:colcon.colcon_core.shell:Creating environment descriptor '/home/ubuntu/Desktop/workspace/zhao/install/learn_interface/share/learn_interface/hook/cmake_prefix_path.dsv'
[1.931s] INFO:colcon.colcon_core.shell:Creating environment hook '/home/ubuntu/Desktop/workspace/zhao/install/learn_interface/share/learn_interface/hook/cmake_prefix_path.sh'
[1.932s] Level 1:colcon.colcon_core.environment:checking '/home/ubuntu/Desktop/workspace/zhao/install/learn_interface/lib'
[1.933s] Level 1:colcon.colcon_core.shell:create_environment_hook('learn_interface', 'ld_library_path_lib')
[1.934s] INFO:colcon.colcon_core.shell:Creating environment hook '/home/ubuntu/Desktop/workspace/zhao/install/learn_interface/share/learn_interface/hook/ld_library_path_lib.ps1'
[1.936s] INFO:colcon.colcon_core.shell:Creating environment descriptor '/home/ubuntu/Desktop/workspace/zhao/install/learn_interface/share/learn_interface/hook/ld_library_path_lib.dsv'
[1.937s] INFO:colcon.colcon_core.shell:Creating environment hook '/home/ubuntu/Desktop/workspace/zhao/install/learn_interface/share/learn_interface/hook/ld_library_path_lib.sh'
[1.940s] Level 1:colcon.colcon_core.environment:checking '/home/ubuntu/Desktop/workspace/zhao/install/learn_interface/bin'
[1.940s] Level 1:colcon.colcon_core.environment:checking '/home/ubuntu/Desktop/workspace/zhao/install/learn_interface/lib/pkgconfig/learn_interface.pc'
[1.941s] Level 1:colcon.colcon_core.environment:checking '/home/ubuntu/Desktop/workspace/zhao/install/learn_interface/lib/python3.8/site-packages'
[1.941s] Level 1:colcon.colcon_core.shell:create_environment_hook('learn_interface', 'pythonpath')
[1.942s] INFO:colcon.colcon_core.shell:Creating environment hook '/home/ubuntu/Desktop/workspace/zhao/install/learn_interface/share/learn_interface/hook/pythonpath.ps1'
[1.943s] INFO:colcon.colcon_core.shell:Creating environment descriptor '/home/ubuntu/Desktop/workspace/zhao/install/learn_interface/share/learn_interface/hook/pythonpath.dsv'
[1.944s] INFO:colcon.colcon_core.shell:Creating environment hook '/home/ubuntu/Desktop/workspace/zhao/install/learn_interface/share/learn_interface/hook/pythonpath.sh'
[1.945s] Level 1:colcon.colcon_core.environment:checking '/home/ubuntu/Desktop/workspace/zhao/install/learn_interface/bin'
[1.947s] INFO:colcon.colcon_core.shell:Creating package script '/home/ubuntu/Desktop/workspace/zhao/install/learn_interface/share/learn_interface/package.ps1'
[1.949s] INFO:colcon.colcon_core.shell:Creating package descriptor '/home/ubuntu/Desktop/workspace/zhao/install/learn_interface/share/learn_interface/package.dsv'
[1.951s] INFO:colcon.colcon_core.shell:Creating package script '/home/ubuntu/Desktop/workspace/zhao/install/learn_interface/share/learn_interface/package.sh'
[1.953s] INFO:colcon.colcon_core.shell:Creating package script '/home/ubuntu/Desktop/workspace/zhao/install/learn_interface/share/learn_interface/package.bash'
[1.955s] INFO:colcon.colcon_core.shell:Creating package script '/home/ubuntu/Desktop/workspace/zhao/install/learn_interface/share/learn_interface/package.zsh'
[1.957s] Level 1:colcon.colcon_core.environment:create_file_with_runtime_dependencies(/home/ubuntu/Desktop/workspace/zhao/install/learn_interface/share/colcon-core/packages/learn_interface)
[2.116s] Level 1:colcon.colcon_core.environment:create_environment_scripts_only(learn_interface)
[2.118s] Level 1:colcon.colcon_core.environment:checking '/home/ubuntu/Desktop/workspace/zhao/install/learn_interface' for CMake module files
[2.119s] Level 1:colcon.colcon_core.environment:checking '/home/ubuntu/Desktop/workspace/zhao/install/learn_interface' for CMake config files
[2.120s] Level 1:colcon.colcon_core.shell:create_environment_hook('learn_interface', 'cmake_prefix_path')
[2.121s] INFO:colcon.colcon_core.shell:Creating environment hook '/home/ubuntu/Desktop/workspace/zhao/install/learn_interface/share/learn_interface/hook/cmake_prefix_path.ps1'
[2.123s] INFO:colcon.colcon_core.shell:Creating environment descriptor '/home/ubuntu/Desktop/workspace/zhao/install/learn_interface/share/learn_interface/hook/cmake_prefix_path.dsv'
[2.123s] INFO:colcon.colcon_core.shell:Creating environment hook '/home/ubuntu/Desktop/workspace/zhao/install/learn_interface/share/learn_interface/hook/cmake_prefix_path.sh'
[2.126s] Level 1:colcon.colcon_core.environment:checking '/home/ubuntu/Desktop/workspace/zhao/install/learn_interface/lib'
[2.126s] Level 1:colcon.colcon_core.shell:create_environment_hook('learn_interface', 'ld_library_path_lib')
[2.128s] INFO:colcon.colcon_core.shell:Creating environment hook '/home/ubuntu/Desktop/workspace/zhao/install/learn_interface/share/learn_interface/hook/ld_library_path_lib.ps1'
[2.129s] INFO:colcon.colcon_core.shell:Creating environment descriptor '/home/ubuntu/Desktop/workspace/zhao/install/learn_interface/share/learn_interface/hook/ld_library_path_lib.dsv'
[2.130s] INFO:colcon.colcon_core.shell:Creating environment hook '/home/ubuntu/Desktop/workspace/zhao/install/learn_interface/share/learn_interface/hook/ld_library_path_lib.sh'
[2.130s] Level 1:colcon.colcon_core.environment:checking '/home/ubuntu/Desktop/workspace/zhao/install/learn_interface/bin'
[2.131s] Level 1:colcon.colcon_core.environment:checking '/home/ubuntu/Desktop/workspace/zhao/install/learn_interface/lib/pkgconfig/learn_interface.pc'
[2.131s] Level 1:colcon.colcon_core.environment:checking '/home/ubuntu/Desktop/workspace/zhao/install/learn_interface/lib/python3.8/site-packages'
[2.131s] Level 1:colcon.colcon_core.shell:create_environment_hook('learn_interface', 'pythonpath')
[2.132s] INFO:colcon.colcon_core.shell:Creating environment hook '/home/ubuntu/Desktop/workspace/zhao/install/learn_interface/share/learn_interface/hook/pythonpath.ps1'
[2.134s] INFO:colcon.colcon_core.shell:Creating environment descriptor '/home/ubuntu/Desktop/workspace/zhao/install/learn_interface/share/learn_interface/hook/pythonpath.dsv'
[2.135s] INFO:colcon.colcon_core.shell:Creating environment hook '/home/ubuntu/Desktop/workspace/zhao/install/learn_interface/share/learn_interface/hook/pythonpath.sh'
[2.136s] Level 1:colcon.colcon_core.environment:checking '/home/ubuntu/Desktop/workspace/zhao/install/learn_interface/bin'
[2.138s] INFO:colcon.colcon_core.shell:Creating package script '/home/ubuntu/Desktop/workspace/zhao/install/learn_interface/share/learn_interface/package.ps1'
[2.139s] INFO:colcon.colcon_core.shell:Creating package descriptor '/home/ubuntu/Desktop/workspace/zhao/install/learn_interface/share/learn_interface/package.dsv'
[2.141s] INFO:colcon.colcon_core.shell:Creating package script '/home/ubuntu/Desktop/workspace/zhao/install/learn_interface/share/learn_interface/package.sh'
[2.142s] INFO:colcon.colcon_core.shell:Creating package script '/home/ubuntu/Desktop/workspace/zhao/install/learn_interface/share/learn_interface/package.bash'
[2.144s] INFO:colcon.colcon_core.shell:Creating package script '/home/ubuntu/Desktop/workspace/zhao/install/learn_interface/share/learn_interface/package.zsh'
[2.145s] Level 1:colcon.colcon_core.environment:create_file_with_runtime_dependencies(/home/ubuntu/Desktop/workspace/zhao/install/learn_interface/share/colcon-core/packages/learn_interface)
[2.477s] DEBUG:colcon.colcon_core.event_handler.log_command:Invoking command in '/home/ubuntu/Desktop/workspace/zhao/src/learn_topic': PYTHONPATH=/home/ubuntu/Desktop/workspace/zhao/install/learn_topic/lib/python3.8/site-packages:${PYTHONPATH} /usr/bin/python3 setup.py egg_info --egg-base ../../build/learn_topic build --build-base /home/ubuntu/Desktop/workspace/zhao/build/learn_topic/build install --prefix /home/ubuntu/Desktop/workspace/zhao/install/learn_topic --record /home/ubuntu/Desktop/workspace/zhao/build/learn_topic/install.log --single-version-externally-managed
[2.524s] DEBUG:colcon.colcon_core.event_handler.log_command:Invoking command in '/home/ubuntu/Desktop/workspace/zhao/src/learn_service': PYTHONPATH=/home/ubuntu/Desktop/workspace/zhao/install/learn_service/lib/python3.8/site-packages:${PYTHONPATH} /usr/bin/python3 setup.py egg_info --egg-base ../../build/learn_service build --build-base /home/ubuntu/Desktop/workspace/zhao/build/learn_service/build install --prefix /home/ubuntu/Desktop/workspace/zhao/install/learn_service --record /home/ubuntu/Desktop/workspace/zhao/build/learn_service/install.log --single-version-externally-managed
[3.212s] Level 1:colcon.colcon_core.environment:checking '/home/ubuntu/Desktop/workspace/zhao/install/learn_service' for CMake module files
[3.213s] DEBUG:colcon.colcon_core.event_handler.log_command:Invoked command in '/home/ubuntu/Desktop/workspace/zhao/src/learn_service' returned '0': PYTHONPATH=/home/ubuntu/Desktop/workspace/zhao/install/learn_service/lib/python3.8/site-packages:${PYTHONPATH} /usr/bin/python3 setup.py egg_info --egg-base ../../build/learn_service build --build-base /home/ubuntu/Desktop/workspace/zhao/build/learn_service/build install --prefix /home/ubuntu/Desktop/workspace/zhao/install/learn_service --record /home/ubuntu/Desktop/workspace/zhao/build/learn_service/install.log --single-version-externally-managed
[3.214s] Level 1:colcon.colcon_core.environment:checking '/home/ubuntu/Desktop/workspace/zhao/install/learn_service' for CMake config files
[3.216s] Level 1:colcon.colcon_core.environment:checking '/home/ubuntu/Desktop/workspace/zhao/install/learn_service/lib'
[3.217s] Level 1:colcon.colcon_core.environment:checking '/home/ubuntu/Desktop/workspace/zhao/install/learn_service/bin'
[3.217s] Level 1:colcon.colcon_core.environment:checking '/home/ubuntu/Desktop/workspace/zhao/install/learn_service/lib/pkgconfig/learn_service.pc'
[3.218s] Level 1:colcon.colcon_core.environment:checking '/home/ubuntu/Desktop/workspace/zhao/install/learn_service/lib/python3.8/site-packages'
[3.218s] Level 1:colcon.colcon_core.shell:create_environment_hook('learn_service', 'pythonpath')
[3.219s] INFO:colcon.colcon_core.shell:Creating environment hook '/home/ubuntu/Desktop/workspace/zhao/install/learn_service/share/learn_service/hook/pythonpath.ps1'
[3.221s] INFO:colcon.colcon_core.shell:Creating environment descriptor '/home/ubuntu/Desktop/workspace/zhao/install/learn_service/share/learn_service/hook/pythonpath.dsv'
[3.221s] INFO:colcon.colcon_core.shell:Creating environment hook '/home/ubuntu/Desktop/workspace/zhao/install/learn_service/share/learn_service/hook/pythonpath.sh'
[3.223s] Level 1:colcon.colcon_core.environment:checking '/home/ubuntu/Desktop/workspace/zhao/install/learn_service/bin'
[3.224s] Level 1:colcon.colcon_core.environment:create_environment_scripts_only(learn_service)
[3.225s] INFO:colcon.colcon_core.shell:Creating package script '/home/ubuntu/Desktop/workspace/zhao/install/learn_service/share/learn_service/package.ps1'
[3.226s] INFO:colcon.colcon_core.shell:Creating package descriptor '/home/ubuntu/Desktop/workspace/zhao/install/learn_service/share/learn_service/package.dsv'
[3.228s] INFO:colcon.colcon_core.shell:Creating package script '/home/ubuntu/Desktop/workspace/zhao/install/learn_service/share/learn_service/package.sh'
[3.229s] INFO:colcon.colcon_core.shell:Creating package script '/home/ubuntu/Desktop/workspace/zhao/install/learn_service/share/learn_service/package.bash'
[3.230s] INFO:colcon.colcon_core.shell:Creating package script '/home/ubuntu/Desktop/workspace/zhao/install/learn_service/share/learn_service/package.zsh'
[3.231s] Level 1:colcon.colcon_core.environment:create_file_with_runtime_dependencies(/home/ubuntu/Desktop/workspace/zhao/install/learn_service/share/colcon-core/packages/learn_service)
[3.330s] Level 1:colcon.colcon_core.environment:checking '/home/ubuntu/Desktop/workspace/zhao/install/learn_topic' for CMake module files
[3.331s] DEBUG:colcon.colcon_core.event_handler.log_command:Invoked command in '/home/ubuntu/Desktop/workspace/zhao/src/learn_topic' returned '0': PYTHONPATH=/home/ubuntu/Desktop/workspace/zhao/install/learn_topic/lib/python3.8/site-packages:${PYTHONPATH} /usr/bin/python3 setup.py egg_info --egg-base ../../build/learn_topic build --build-base /home/ubuntu/Desktop/workspace/zhao/build/learn_topic/build install --prefix /home/ubuntu/Desktop/workspace/zhao/install/learn_topic --record /home/ubuntu/Desktop/workspace/zhao/build/learn_topic/install.log --single-version-externally-managed
[3.332s] Level 1:colcon.colcon_core.environment:checking '/home/ubuntu/Desktop/workspace/zhao/install/learn_topic' for CMake config files
[3.333s] Level 1:colcon.colcon_core.environment:checking '/home/ubuntu/Desktop/workspace/zhao/install/learn_topic/lib'
[3.333s] Level 1:colcon.colcon_core.environment:checking '/home/ubuntu/Desktop/workspace/zhao/install/learn_topic/bin'
[3.334s] Level 1:colcon.colcon_core.environment:checking '/home/ubuntu/Desktop/workspace/zhao/install/learn_topic/lib/pkgconfig/learn_topic.pc'
[3.334s] Level 1:colcon.colcon_core.environment:checking '/home/ubuntu/Desktop/workspace/zhao/install/learn_topic/lib/python3.8/site-packages'
[3.334s] Level 1:colcon.colcon_core.shell:create_environment_hook('learn_topic', 'pythonpath')
[3.335s] INFO:colcon.colcon_core.shell:Creating environment hook '/home/ubuntu/Desktop/workspace/zhao/install/learn_topic/share/learn_topic/hook/pythonpath.ps1'
[3.337s] INFO:colcon.colcon_core.shell:Creating environment descriptor '/home/ubuntu/Desktop/workspace/zhao/install/learn_topic/share/learn_topic/hook/pythonpath.dsv'
[3.337s] INFO:colcon.colcon_core.shell:Creating environment hook '/home/ubuntu/Desktop/workspace/zhao/install/learn_topic/share/learn_topic/hook/pythonpath.sh'
[3.339s] Level 1:colcon.colcon_core.environment:checking '/home/ubuntu/Desktop/workspace/zhao/install/learn_topic/bin'
[3.339s] Level 1:colcon.colcon_core.environment:create_environment_scripts_only(learn_topic)
[3.341s] INFO:colcon.colcon_core.shell:Creating package script '/home/ubuntu/Desktop/workspace/zhao/install/learn_topic/share/learn_topic/package.ps1'
[3.344s] INFO:colcon.colcon_core.shell:Creating package descriptor '/home/ubuntu/Desktop/workspace/zhao/install/learn_topic/share/learn_topic/package.dsv'
[3.346s] INFO:colcon.colcon_core.shell:Creating package script '/home/ubuntu/Desktop/workspace/zhao/install/learn_topic/share/learn_topic/package.sh'
[3.348s] INFO:colcon.colcon_core.shell:Creating package script '/home/ubuntu/Desktop/workspace/zhao/install/learn_topic/share/learn_topic/package.bash'
[3.349s] INFO:colcon.colcon_core.shell:Creating package script '/home/ubuntu/Desktop/workspace/zhao/install/learn_topic/share/learn_topic/package.zsh'
[3.350s] Level 1:colcon.colcon_core.environment:create_file_with_runtime_dependencies(/home/ubuntu/Desktop/workspace/zhao/install/learn_topic/share/colcon-core/packages/learn_topic)
[3.352s] DEBUG:colcon.colcon_parallel_executor.executor.parallel:closing loop
[3.352s] DEBUG:colcon.colcon_parallel_executor.executor.parallel:loop closed
[3.353s] DEBUG:colcon.colcon_parallel_executor.executor.parallel:run_until_complete finished with '0'
[3.353s] DEBUG:colcon.colcon_core.event_reactor:joining thread
[3.366s] INFO:colcon.colcon_core.plugin_system:Skipping extension 'colcon_notification.desktop_notification.notify_send': Could not find 'notify-send'
[3.366s] INFO:colcon.colcon_core.plugin_system:Skipping extension 'colcon_notification.desktop_notification.terminal_notifier': Not used on non-Darwin systems
[3.366s] INFO:colcon.colcon_core.plugin_system:Skipping extension 'colcon_notification.desktop_notification.win32': Not used on non-Windows systems
[3.366s] INFO:colcon.colcon_notification.desktop_notification:Sending desktop notification using 'notify2'
[3.376s] DEBUG:colcon.colcon_notification.desktop_notification.notify2:Failed to initialize notify2: org.freedesktop.DBus.Error.ServiceUnknown: The name org.freedesktop.Notifications was not provided by any .service files
[3.376s] DEBUG:colcon.colcon_core.event_reactor:joined thread
[3.377s] INFO:colcon.colcon_core.shell:Creating prefix script '/home/ubuntu/Desktop/workspace/zhao/install/local_setup.ps1'
[3.379s] INFO:colcon.colcon_core.shell:Creating prefix util module '/home/ubuntu/Desktop/workspace/zhao/install/_local_setup_util_ps1.py'
[3.384s] INFO:colcon.colcon_core.shell:Creating prefix chain script '/home/ubuntu/Desktop/workspace/zhao/install/setup.ps1'
[3.387s] INFO:colcon.colcon_core.shell:Creating prefix script '/home/ubuntu/Desktop/workspace/zhao/install/local_setup.sh'
[3.388s] INFO:colcon.colcon_core.shell:Creating prefix util module '/home/ubuntu/Desktop/workspace/zhao/install/_local_setup_util_sh.py'
[3.390s] INFO:colcon.colcon_core.shell:Creating prefix chain script '/home/ubuntu/Desktop/workspace/zhao/install/setup.sh'
[3.393s] INFO:colcon.colcon_core.shell:Creating prefix script '/home/ubuntu/Desktop/workspace/zhao/install/local_setup.bash'
[3.394s] INFO:colcon.colcon_core.shell:Creating prefix chain script '/home/ubuntu/Desktop/workspace/zhao/install/setup.bash'
[3.396s] INFO:colcon.colcon_core.shell:Creating prefix script '/home/ubuntu/Desktop/workspace/zhao/install/local_setup.zsh'
[3.397s] INFO:colcon.colcon_core.shell:Creating prefix chain script '/home/ubuntu/Desktop/workspace/zhao/install/setup.zsh'
