[0.986s] Invoking command in '/home/ubuntu/Desktop/workspace/zhao/src/learn_topic': PYTHONPATH=/home/ubuntu/Desktop/workspace/zhao/install/learn_topic/lib/python3.8/site-packages:${PYTHONPATH} /usr/bin/python3 setup.py egg_info --egg-base ../../build/learn_topic build --build-base /home/ubuntu/Desktop/workspace/zhao/build/learn_topic/build install --prefix /home/ubuntu/Desktop/workspace/zhao/install/learn_topic --record /home/ubuntu/Desktop/workspace/zhao/build/learn_topic/install.log --single-version-externally-managed
[1.291s] running egg_info
[1.292s] creating ../../build/learn_topic/learn_topic.egg-info
[1.292s] writing ../../build/learn_topic/learn_topic.egg-info/PKG-INFO
[1.293s] writing dependency_links to ../../build/learn_topic/learn_topic.egg-info/dependency_links.txt
[1.293s] writing entry points to ../../build/learn_topic/learn_topic.egg-info/entry_points.txt
[1.294s] writing requirements to ../../build/learn_topic/learn_topic.egg-info/requires.txt
[1.294s] writing top-level names to ../../build/learn_topic/learn_topic.egg-info/top_level.txt
[1.297s] writing manifest file '../../build/learn_topic/learn_topic.egg-info/SOURCES.txt'
[1.360s] reading manifest file '../../build/learn_topic/learn_topic.egg-info/SOURCES.txt'
[1.362s] writing manifest file '../../build/learn_topic/learn_topic.egg-info/SOURCES.txt'
[1.362s] running build
[1.362s] running build_py
[1.363s] creating /home/ubuntu/Desktop/workspace/zhao/build/learn_topic/build
[1.363s] creating /home/ubuntu/Desktop/workspace/zhao/build/learn_topic/build/lib
[1.363s] creating /home/ubuntu/Desktop/workspace/zhao/build/learn_topic/build/lib/learn_topic
[1.364s] copying learn_topic/__init__.py -> /home/ubuntu/Desktop/workspace/zhao/build/learn_topic/build/lib/learn_topic
[1.364s] copying learn_topic/topic_hello.py -> /home/ubuntu/Desktop/workspace/zhao/build/learn_topic/build/lib/learn_topic
[1.365s] running install
[1.366s] running install_lib
[1.368s] creating /home/ubuntu/Desktop/workspace/zhao/install/learn_topic/lib/python3.8/site-packages/learn_topic
[1.369s] copying /home/ubuntu/Desktop/workspace/zhao/build/learn_topic/build/lib/learn_topic/__init__.py -> /home/ubuntu/Desktop/workspace/zhao/install/learn_topic/lib/python3.8/site-packages/learn_topic
[1.369s] copying /home/ubuntu/Desktop/workspace/zhao/build/learn_topic/build/lib/learn_topic/topic_hello.py -> /home/ubuntu/Desktop/workspace/zhao/install/learn_topic/lib/python3.8/site-packages/learn_topic
[1.369s] byte-compiling /home/ubuntu/Desktop/workspace/zhao/install/learn_topic/lib/python3.8/site-packages/learn_topic/__init__.py to __init__.cpython-38.pyc
[1.372s] byte-compiling /home/ubuntu/Desktop/workspace/zhao/install/learn_topic/lib/python3.8/site-packages/learn_topic/topic_hello.py to topic_hello.cpython-38.pyc
[1.372s] running install_data
[1.373s] creating /home/ubuntu/Desktop/workspace/zhao/install/learn_topic/share/ament_index
[1.373s] creating /home/ubuntu/Desktop/workspace/zhao/install/learn_topic/share/ament_index/resource_index
[1.373s] creating /home/ubuntu/Desktop/workspace/zhao/install/learn_topic/share/ament_index/resource_index/packages
[1.373s] copying resource/learn_topic -> /home/ubuntu/Desktop/workspace/zhao/install/learn_topic/share/ament_index/resource_index/packages
[1.374s] copying package.xml -> /home/ubuntu/Desktop/workspace/zhao/install/learn_topic/share/learn_topic
[1.374s] running install_egg_info
[1.376s] Copying ../../build/learn_topic/learn_topic.egg-info to /home/ubuntu/Desktop/workspace/zhao/install/learn_topic/lib/python3.8/site-packages/learn_topic-0.0.0-py3.8.egg-info
[1.378s] running install_scripts
[1.407s] writing list of installed files to '/home/ubuntu/Desktop/workspace/zhao/build/learn_topic/install.log'
[1.462s] Invoked command in '/home/ubuntu/Desktop/workspace/zhao/src/learn_topic' returned '0': PYTHONPATH=/home/ubuntu/Desktop/workspace/zhao/install/learn_topic/lib/python3.8/site-packages:${PYTHONPATH} /usr/bin/python3 setup.py egg_info --egg-base ../../build/learn_topic build --build-base /home/ubuntu/Desktop/workspace/zhao/build/learn_topic/build install --prefix /home/ubuntu/Desktop/workspace/zhao/install/learn_topic --record /home/ubuntu/Desktop/workspace/zhao/build/learn_topic/install.log --single-version-externally-managed
