[2.006s] Invoking command in '/home/ubuntu/Desktop/workspace/zhao/src/learn_topic': PYTHONPATH=/home/ubuntu/Desktop/workspace/zhao/install/learn_topic/lib/python3.8/site-packages:${PYTHONPATH} /usr/bin/python3 setup.py egg_info --egg-base ../../build/learn_topic build --build-base /home/ubuntu/Desktop/workspace/zhao/build/learn_topic/build install --prefix /home/ubuntu/Desktop/workspace/zhao/install/learn_topic --record /home/ubuntu/Desktop/workspace/zhao/build/learn_topic/install.log --single-version-externally-managed
[2.582s] running egg_info
[2.584s] writing ../../build/learn_topic/learn_topic.egg-info/PKG-INFO
[2.584s] writing dependency_links to ../../build/learn_topic/learn_topic.egg-info/dependency_links.txt
[2.584s] writing entry points to ../../build/learn_topic/learn_topic.egg-info/entry_points.txt
[2.584s] writing requirements to ../../build/learn_topic/learn_topic.egg-info/requires.txt
[2.585s] writing top-level names to ../../build/learn_topic/learn_topic.egg-info/top_level.txt
[2.665s] reading manifest file '../../build/learn_topic/learn_topic.egg-info/SOURCES.txt'
[2.667s] writing manifest file '../../build/learn_topic/learn_topic.egg-info/SOURCES.txt'
[2.667s] running build
[2.668s] running build_py
[2.668s] running install
[2.670s] running install_lib
[2.673s] running install_data
[2.674s] running install_egg_info
[2.677s] removing '/home/ubuntu/Desktop/workspace/zhao/install/learn_topic/lib/python3.8/site-packages/learn_topic-0.0.0-py3.8.egg-info' (and everything under it)
[2.678s] Copying ../../build/learn_topic/learn_topic.egg-info to /home/ubuntu/Desktop/workspace/zhao/install/learn_topic/lib/python3.8/site-packages/learn_topic-0.0.0-py3.8.egg-info
[2.680s] running install_scripts
[2.711s] Installing topic_cam_pub script to /home/ubuntu/Desktop/workspace/zhao/install/learn_topic/lib/learn_topic
[2.712s] Installing topic_cam_sub script to /home/ubuntu/Desktop/workspace/zhao/install/learn_topic/lib/learn_topic
[2.712s] Installing topic_hello script to /home/ubuntu/Desktop/workspace/zhao/install/learn_topic/lib/learn_topic
[2.712s] writing list of installed files to '/home/ubuntu/Desktop/workspace/zhao/build/learn_topic/install.log'
[2.770s] Invoked command in '/home/ubuntu/Desktop/workspace/zhao/src/learn_topic' returned '0': PYTHONPATH=/home/ubuntu/Desktop/workspace/zhao/install/learn_topic/lib/python3.8/site-packages:${PYTHONPATH} /usr/bin/python3 setup.py egg_info --egg-base ../../build/learn_topic build --build-base /home/ubuntu/Desktop/workspace/zhao/build/learn_topic/build install --prefix /home/ubuntu/Desktop/workspace/zhao/install/learn_topic --record /home/ubuntu/Desktop/workspace/zhao/build/learn_topic/install.log --single-version-externally-managed
