[1.952s] Invoking command in '/home/ubuntu/Desktop/workspace/zhao/src/learn_topic': PYTHONPATH=/home/ubuntu/Desktop/workspace/zhao/install/learn_topic/lib/python3.8/site-packages:${PYTHONPATH} /usr/bin/python3 setup.py egg_info --egg-base ../../build/learn_topic build --build-base /home/ubuntu/Desktop/workspace/zhao/build/learn_topic/build install --prefix /home/ubuntu/Desktop/workspace/zhao/install/learn_topic --record /home/ubuntu/Desktop/workspace/zhao/build/learn_topic/install.log --single-version-externally-managed
[2.535s] running egg_info
[2.536s] writing ../../build/learn_topic/learn_topic.egg-info/PKG-INFO
[2.537s] writing dependency_links to ../../build/learn_topic/learn_topic.egg-info/dependency_links.txt
[2.540s] writing entry points to ../../build/learn_topic/learn_topic.egg-info/entry_points.txt
[2.541s] writing requirements to ../../build/learn_topic/learn_topic.egg-info/requires.txt
[2.541s] writing top-level names to ../../build/learn_topic/learn_topic.egg-info/top_level.txt
[2.638s] reading manifest file '../../build/learn_topic/learn_topic.egg-info/SOURCES.txt'
[2.640s] writing manifest file '../../build/learn_topic/learn_topic.egg-info/SOURCES.txt'
[2.640s] running build
[2.640s] running build_py
[2.641s] running install
[2.643s] running install_lib
[2.650s] running install_data
[2.651s] running install_egg_info
[2.656s] removing '/home/ubuntu/Desktop/workspace/zhao/install/learn_topic/lib/python3.8/site-packages/learn_topic-0.0.0-py3.8.egg-info' (and everything under it)
[2.658s] Copying ../../build/learn_topic/learn_topic.egg-info to /home/ubuntu/Desktop/workspace/zhao/install/learn_topic/lib/python3.8/site-packages/learn_topic-0.0.0-py3.8.egg-info
[2.660s] running install_scripts
[2.716s] Installing topic_cam_pub script to /home/ubuntu/Desktop/workspace/zhao/install/learn_topic/lib/learn_topic
[2.716s] Installing topic_cam_sub script to /home/ubuntu/Desktop/workspace/zhao/install/learn_topic/lib/learn_topic
[2.716s] Installing topic_hello script to /home/ubuntu/Desktop/workspace/zhao/install/learn_topic/lib/learn_topic
[2.716s] writing list of installed files to '/home/ubuntu/Desktop/workspace/zhao/build/learn_topic/install.log'
[2.833s] Invoked command in '/home/ubuntu/Desktop/workspace/zhao/src/learn_topic' returned '0': PYTHONPATH=/home/ubuntu/Desktop/workspace/zhao/install/learn_topic/lib/python3.8/site-packages:${PYTHONPATH} /usr/bin/python3 setup.py egg_info --egg-base ../../build/learn_topic build --build-base /home/ubuntu/Desktop/workspace/zhao/build/learn_topic/build install --prefix /home/ubuntu/Desktop/workspace/zhao/install/learn_topic --record /home/ubuntu/Desktop/workspace/zhao/build/learn_topic/install.log --single-version-externally-managed
