[0.975s] Invoking command in '/home/ubuntu/Desktop/workspace/zhao/src/learn_topic': PYTHONPATH=/home/ubuntu/Desktop/workspace/zhao/install/learn_topic/lib/python3.8/site-packages:${PYTHONPATH} /usr/bin/python3 setup.py egg_info --egg-base ../../build/learn_topic build --build-base /home/ubuntu/Desktop/workspace/zhao/build/learn_topic/build install --prefix /home/ubuntu/Desktop/workspace/zhao/install/learn_topic --record /home/ubuntu/Desktop/workspace/zhao/build/learn_topic/install.log --single-version-externally-managed
[1.263s] running egg_info
[1.264s] writing ../../build/learn_topic/learn_topic.egg-info/PKG-INFO
[1.265s] writing dependency_links to ../../build/learn_topic/learn_topic.egg-info/dependency_links.txt
[1.265s] writing entry points to ../../build/learn_topic/learn_topic.egg-info/entry_points.txt
[1.265s] writing requirements to ../../build/learn_topic/learn_topic.egg-info/requires.txt
[1.266s] writing top-level names to ../../build/learn_topic/learn_topic.egg-info/top_level.txt
[1.324s] reading manifest file '../../build/learn_topic/learn_topic.egg-info/SOURCES.txt'
[1.325s] writing manifest file '../../build/learn_topic/learn_topic.egg-info/SOURCES.txt'
[1.325s] running build
[1.326s] running build_py
[1.326s] running install
[1.327s] running install_lib
[1.329s] running install_data
[1.330s] running install_egg_info
[1.332s] removing '/home/ubuntu/Desktop/workspace/zhao/install/learn_topic/lib/python3.8/site-packages/learn_topic-0.0.0-py3.8.egg-info' (and everything under it)
[1.333s] Copying ../../build/learn_topic/learn_topic.egg-info to /home/ubuntu/Desktop/workspace/zhao/install/learn_topic/lib/python3.8/site-packages/learn_topic-0.0.0-py3.8.egg-info
[1.334s] running install_scripts
[1.361s] Installing topic_hello script to /home/ubuntu/Desktop/workspace/zhao/install/learn_topic/lib/learn_topic
[1.362s] writing list of installed files to '/home/ubuntu/Desktop/workspace/zhao/build/learn_topic/install.log'
[1.412s] Invoked command in '/home/ubuntu/Desktop/workspace/zhao/src/learn_topic' returned '0': PYTHONPATH=/home/ubuntu/Desktop/workspace/zhao/install/learn_topic/lib/python3.8/site-packages:${PYTHONPATH} /usr/bin/python3 setup.py egg_info --egg-base ../../build/learn_topic build --build-base /home/ubuntu/Desktop/workspace/zhao/build/learn_topic/build install --prefix /home/ubuntu/Desktop/workspace/zhao/install/learn_topic --record /home/ubuntu/Desktop/workspace/zhao/build/learn_topic/install.log --single-version-externally-managed
