[0.093s] Invoking command in '/home/ubuntu/Desktop/workspace/zhao/build/learn_interface': /usr/bin/cmake /home/ubuntu/Desktop/workspace/zhao/src/learn_interface -DCMAKE_INSTALL_PREFIX=/home/ubuntu/Desktop/workspace/zhao/install/learn_interface
[0.716s] -- Found ament_cmake: 0.9.9 (/opt/ros/foxy/share/ament_cmake/cmake)
[0.716s] -- Found PythonInterp: /usr/bin/python3 (found suitable version "3.8.10", minimum required is "3") 
[0.716s] -- Using PYTHON_EXECUTABLE: /usr/bin/python3
[1.266s] -- Found rosidl_default_generators: 1.0.1 (/opt/ros/foxy/share/rosidl_default_generators/cmake)
[1.299s] -- Using all available rosidl_typesupport_c: rosidl_typesupport_fastrtps_c;rosidl_typesupport_introspection_c
[1.314s] -- Found rosidl_adapter: 1.2.1 (/opt/ros/foxy/share/rosidl_adapter/cmake)
[1.768s] -- Using all available rosidl_typesupport_cpp: rosidl_typesupport_fastrtps_cpp;rosidl_typesupport_introspection_cpp
[1.907s] -- Found PythonInterp: /usr/bin/python3 (found version "3.8.10") 
[2.094s] CMake Error at /opt/ros/foxy/share/rosidl_adapter/cmake/rosidl_adapt_interfaces.cmake:60 (message):
[2.094s]   execute_process(/usr/bin/python3 -m rosidl_adapter --package-name
[2.094s]   learn_interface --arguments-file
[2.095s]   /home/ubuntu/Desktop/workspace/zhao/build/learn_interface/rosidl_adapter__arguments__learn_interface.json
[2.095s]   --output-dir
[2.095s]   /home/ubuntu/Desktop/workspace/zhao/build/learn_interface/rosidl_adapter/learn_interface
[2.095s]   --output-file
[2.095s]   /home/ubuntu/Desktop/workspace/zhao/build/learn_interface/rosidl_adapter/learn_interface.idls)
[2.096s]   returned error code 1:
[2.096s] 
[2.096s]   Traceback (most recent call last):
[2.096s] 
[2.097s]     File "/usr/lib/python3.8/runpy.py", line 194, in _run_module_as_main
[2.097s]       return _run_code(code, main_globals, None,
[2.097s]     File "/usr/lib/python3.8/runpy.py", line 87, in _run_code
[2.097s]       exec(code, run_globals)
[2.098s]     File "/opt/ros/foxy/lib/python3.8/site-packages/rosidl_adapter/__main__.py", line 19, in <module>
[2.098s]       sys.exit(main())
[2.098s]     File "/opt/ros/foxy/lib/python3.8/site-packages/rosidl_adapter/main.py", line 53, in main
[2.098s]       abs_idl_file = convert_to_idl(
[2.099s]     File "/opt/ros/foxy/lib/python3.8/site-packages/rosidl_adapter/__init__.py", line 24, in convert_to_idl
[2.099s]       return convert_srv_to_idl(
[2.100s]     File "/opt/ros/foxy/lib/python3.8/site-packages/rosidl_adapter/srv/__init__.py", line 28, in convert_srv_to_idl
[2.100s]       srv = parse_service_string(package_name, input_file.stem, content)
[2.100s]     File "/opt/ros/foxy/lib/python3.8/site-packages/rosidl_adapter/parser.py", line 852, in parse_service_string
[2.101s]       request_message = parse_message_string(
[2.101s]     File "/opt/ros/foxy/lib/python3.8/site-packages/rosidl_adapter/parser.py", line 540, in parse_message_string
[2.101s]       msg = MessageSpecification(pkg_name, msg_name, fields, constants)
[2.102s]     File "/opt/ros/foxy/lib/python3.8/site-packages/rosidl_adapter/parser.py", line 387, in __init__
[2.102s]       self.base_type = BaseType(
[2.102s]     File "/opt/ros/foxy/lib/python3.8/site-packages/rosidl_adapter/parser.py", line 204, in __init__
[2.103s]       raise InvalidResourceName(
[2.103s] 
[2.103s]   rosidl_adapter.parser.InvalidResourceName: 'addTwoInt32s_Request' is an
[2.104s]   invalid message name.  It should have the pattern '^[A-Z][A-Za-z0-9]*$'
[2.104s] 
[2.104s] Call Stack (most recent call first):
[2.105s]   /opt/ros/foxy/share/rosidl_cmake/cmake/rosidl_generate_interfaces.cmake:130 (rosidl_adapt_interfaces)
[2.105s]   CMakeLists.txt:25 (rosidl_generate_interfaces)
[2.106s] 
[2.106s] 
[2.108s] -- Configuring incomplete, errors occurred!
[2.110s] See also "/home/ubuntu/Desktop/workspace/zhao/build/learn_interface/CMakeFiles/CMakeOutput.log".
[2.118s] Invoked command in '/home/ubuntu/Desktop/workspace/zhao/build/learn_interface' returned '1': /usr/bin/cmake /home/ubuntu/Desktop/workspace/zhao/src/learn_interface -DCMAKE_INSTALL_PREFIX=/home/ubuntu/Desktop/workspace/zhao/install/learn_interface
