[0.050s] Invoking command in '/home/ubuntu/Desktop/workspace/zhao/build/learn_interface': CMAKE_PREFIX_PATH=${CMAKE_PREFIX_PATH}:/home/ubuntu/Desktop/workspace/zhao/install/learn_topic:/home/ubuntu/Desktop/workspace/zhao/install/learn_service:/opt/ros/foxy /usr/bin/cmake --build /home/ubuntu/Desktop/workspace/zhao/build/learn_interface -- -j4 -l4
[0.531s] [  2%] Built target learn_interface__cpp
[0.531s] [ 12%] Built target learn_interface__rosidl_generator_c
[0.531s] [ 23%] Built target learn_interface__rosidl_typesupport_c
[0.531s] [ 34%] Built target learn_interface__rosidl_typesupport_cpp
[0.531s] [ 44%] Built target learn_interface__rosidl_typesupport_fastrtps_cpp
[0.532s] [ 55%] Built target learn_interface__rosidl_typesupport_introspection_cpp
[0.532s] [ 65%] Built target learn_interface__rosidl_typesupport_introspection_c
[0.532s] [ 76%] Built target learn_interface__rosidl_typesupport_fastrtps_c
[0.532s] [ 76%] Built target learn_interface
[0.532s] [ 78%] Built target learn_interface__py
[0.533s] [ 87%] Built target learn_interface__python
[0.533s] [ 91%] Built target learn_interface__rosidl_typesupport_fastrtps_c__pyext
[0.533s] [ 95%] Built target learn_interface__rosidl_typesupport_introspection_c__pyext
[0.541s] [100%] Built target learn_interface__rosidl_typesupport_c__pyext
[0.979s] Invoked command in '/home/ubuntu/Desktop/workspace/zhao/build/learn_interface' returned '0': CMAKE_PREFIX_PATH=${CMAKE_PREFIX_PATH}:/home/ubuntu/Desktop/workspace/zhao/install/learn_topic:/home/ubuntu/Desktop/workspace/zhao/install/learn_service:/opt/ros/foxy /usr/bin/cmake --build /home/ubuntu/Desktop/workspace/zhao/build/learn_interface -- -j4 -l4
[1.228s] Invoking command in '/home/ubuntu/Desktop/workspace/zhao/build/learn_interface': CMAKE_PREFIX_PATH=${CMAKE_PREFIX_PATH}:/home/ubuntu/Desktop/workspace/zhao/install/learn_topic:/home/ubuntu/Desktop/workspace/zhao/install/learn_service:/opt/ros/foxy /usr/bin/cmake --install /home/ubuntu/Desktop/workspace/zhao/build/learn_interface
[1.247s] -- Install configuration: ""
[1.248s] -- Up-to-date: /home/ubuntu/Desktop/workspace/zhao/install/learn_interface/share/ament_index/resource_index/rosidl_interfaces/learn_interface
[1.248s] -- Up-to-date: /home/ubuntu/Desktop/workspace/zhao/install/learn_interface/include/learn_interface
[1.248s] -- Up-to-date: /home/ubuntu/Desktop/workspace/zhao/install/learn_interface/include/learn_interface/msg
[1.249s] -- Up-to-date: /home/ubuntu/Desktop/workspace/zhao/install/learn_interface/include/learn_interface/msg/rosidl_generator_c__visibility_control.h
[1.249s] -- Up-to-date: /home/ubuntu/Desktop/workspace/zhao/install/learn_interface/include/learn_interface/msg/object_position.h
[1.249s] -- Up-to-date: /home/ubuntu/Desktop/workspace/zhao/install/learn_interface/include/learn_interface/msg/detail
[1.250s] -- Up-to-date: /home/ubuntu/Desktop/workspace/zhao/install/learn_interface/include/learn_interface/msg/detail/object_position__functions.c
[1.250s] -- Up-to-date: /home/ubuntu/Desktop/workspace/zhao/install/learn_interface/include/learn_interface/msg/detail/object_position__functions.h
[1.250s] -- Up-to-date: /home/ubuntu/Desktop/workspace/zhao/install/learn_interface/include/learn_interface/msg/detail/object_position__struct.h
[1.250s] -- Up-to-date: /home/ubuntu/Desktop/workspace/zhao/install/learn_interface/include/learn_interface/msg/detail/object_position__type_support.h
[1.250s] -- Up-to-date: /home/ubuntu/Desktop/workspace/zhao/install/learn_interface/include/learn_interface/srv
[1.251s] -- Up-to-date: /home/ubuntu/Desktop/workspace/zhao/install/learn_interface/include/learn_interface/srv/add_two_int32s.h
[1.254s] -- Up-to-date: /home/ubuntu/Desktop/workspace/zhao/install/learn_interface/include/learn_interface/srv/detail
[1.254s] -- Up-to-date: /home/ubuntu/Desktop/workspace/zhao/install/learn_interface/include/learn_interface/srv/detail/add_two_int32s__functions.c
[1.254s] -- Up-to-date: /home/ubuntu/Desktop/workspace/zhao/install/learn_interface/include/learn_interface/srv/detail/add_two_int32s__functions.h
[1.255s] -- Up-to-date: /home/ubuntu/Desktop/workspace/zhao/install/learn_interface/include/learn_interface/srv/detail/add_two_int32s__struct.h
[1.255s] -- Up-to-date: /home/ubuntu/Desktop/workspace/zhao/install/learn_interface/include/learn_interface/srv/detail/add_two_int32s__type_support.h
[1.255s] -- Up-to-date: /home/ubuntu/Desktop/workspace/zhao/install/learn_interface/include/learn_interface/srv/detail/get_object_position__functions.c
[1.255s] -- Up-to-date: /home/ubuntu/Desktop/workspace/zhao/install/learn_interface/include/learn_interface/srv/detail/get_object_position__functions.h
[1.256s] -- Up-to-date: /home/ubuntu/Desktop/workspace/zhao/install/learn_interface/include/learn_interface/srv/detail/get_object_position__struct.h
[1.266s] -- Up-to-date: /home/ubuntu/Desktop/workspace/zhao/install/learn_interface/include/learn_interface/srv/detail/get_object_position__type_support.h
[1.267s] -- Up-to-date: /home/ubuntu/Desktop/workspace/zhao/install/learn_interface/include/learn_interface/srv/detail/add_two_ints__functions.c
[1.267s] -- Up-to-date: /home/ubuntu/Desktop/workspace/zhao/install/learn_interface/include/learn_interface/srv/detail/add_two_ints__functions.h
[1.267s] -- Up-to-date: /home/ubuntu/Desktop/workspace/zhao/install/learn_interface/include/learn_interface/srv/detail/add_two_ints__struct.h
[1.267s] -- Up-to-date: /home/ubuntu/Desktop/workspace/zhao/install/learn_interface/include/learn_interface/srv/detail/add_two_ints__type_support.h
[1.268s] -- Up-to-date: /home/ubuntu/Desktop/workspace/zhao/install/learn_interface/include/learn_interface/srv/get_object_position.h
[1.268s] -- Up-to-date: /home/ubuntu/Desktop/workspace/zhao/install/learn_interface/include/learn_interface/srv/add_two_ints.h
[1.268s] -- Up-to-date: /home/ubuntu/Desktop/workspace/zhao/install/learn_interface/share/learn_interface/environment/library_path.sh
[1.268s] -- Up-to-date: /home/ubuntu/Desktop/workspace/zhao/install/learn_interface/share/learn_interface/environment/library_path.dsv
[1.268s] -- Up-to-date: /home/ubuntu/Desktop/workspace/zhao/install/learn_interface/lib/liblearn_interface__rosidl_generator_c.so
[1.268s] -- Up-to-date: /home/ubuntu/Desktop/workspace/zhao/install/learn_interface/include/learn_interface
[1.269s] -- Up-to-date: /home/ubuntu/Desktop/workspace/zhao/install/learn_interface/include/learn_interface/msg
[1.269s] -- Up-to-date: /home/ubuntu/Desktop/workspace/zhao/install/learn_interface/include/learn_interface/msg/rosidl_typesupport_fastrtps_c__visibility_control.h
[1.269s] -- Up-to-date: /home/ubuntu/Desktop/workspace/zhao/install/learn_interface/include/learn_interface/msg/detail
[1.270s] -- Up-to-date: /home/ubuntu/Desktop/workspace/zhao/install/learn_interface/include/learn_interface/msg/detail/object_position__rosidl_typesupport_fastrtps_c.h
[1.270s] -- Up-to-date: /home/ubuntu/Desktop/workspace/zhao/install/learn_interface/include/learn_interface/srv
[1.270s] -- Up-to-date: /home/ubuntu/Desktop/workspace/zhao/install/learn_interface/include/learn_interface/srv/detail
[1.270s] -- Up-to-date: /home/ubuntu/Desktop/workspace/zhao/install/learn_interface/include/learn_interface/srv/detail/add_two_int32s__rosidl_typesupport_fastrtps_c.h
[1.271s] -- Up-to-date: /home/ubuntu/Desktop/workspace/zhao/install/learn_interface/include/learn_interface/srv/detail/get_object_position__rosidl_typesupport_fastrtps_c.h
[1.271s] -- Up-to-date: /home/ubuntu/Desktop/workspace/zhao/install/learn_interface/include/learn_interface/srv/detail/add_two_ints__rosidl_typesupport_fastrtps_c.h
[1.272s] -- Up-to-date: /home/ubuntu/Desktop/workspace/zhao/install/learn_interface/lib/liblearn_interface__rosidl_typesupport_fastrtps_c.so
[1.272s] -- Up-to-date: /home/ubuntu/Desktop/workspace/zhao/install/learn_interface/include/learn_interface
[1.273s] -- Up-to-date: /home/ubuntu/Desktop/workspace/zhao/install/learn_interface/include/learn_interface/msg
[1.274s] -- Up-to-date: /home/ubuntu/Desktop/workspace/zhao/install/learn_interface/include/learn_interface/msg/rosidl_typesupport_fastrtps_cpp__visibility_control.h
[1.274s] -- Up-to-date: /home/ubuntu/Desktop/workspace/zhao/install/learn_interface/include/learn_interface/msg/detail
[1.276s] -- Up-to-date: /home/ubuntu/Desktop/workspace/zhao/install/learn_interface/include/learn_interface/msg/detail/object_position__rosidl_typesupport_fastrtps_cpp.hpp
[1.276s] -- Up-to-date: /home/ubuntu/Desktop/workspace/zhao/install/learn_interface/include/learn_interface/msg/detail/dds_fastrtps
[1.277s] -- Up-to-date: /home/ubuntu/Desktop/workspace/zhao/install/learn_interface/include/learn_interface/srv
[1.278s] -- Up-to-date: /home/ubuntu/Desktop/workspace/zhao/install/learn_interface/include/learn_interface/srv/detail
[1.278s] -- Up-to-date: /home/ubuntu/Desktop/workspace/zhao/install/learn_interface/include/learn_interface/srv/detail/add_two_int32s__rosidl_typesupport_fastrtps_cpp.hpp
[1.279s] -- Up-to-date: /home/ubuntu/Desktop/workspace/zhao/install/learn_interface/include/learn_interface/srv/detail/dds_fastrtps
[1.279s] -- Up-to-date: /home/ubuntu/Desktop/workspace/zhao/install/learn_interface/include/learn_interface/srv/detail/get_object_position__rosidl_typesupport_fastrtps_cpp.hpp
[1.281s] -- Up-to-date: /home/ubuntu/Desktop/workspace/zhao/install/learn_interface/include/learn_interface/srv/detail/add_two_ints__rosidl_typesupport_fastrtps_cpp.hpp
[1.282s] -- Up-to-date: /home/ubuntu/Desktop/workspace/zhao/install/learn_interface/lib/liblearn_interface__rosidl_typesupport_fastrtps_cpp.so
[1.282s] -- Up-to-date: /home/ubuntu/Desktop/workspace/zhao/install/learn_interface/include/learn_interface
[1.282s] -- Up-to-date: /home/ubuntu/Desktop/workspace/zhao/install/learn_interface/include/learn_interface/msg
[1.282s] -- Up-to-date: /home/ubuntu/Desktop/workspace/zhao/install/learn_interface/include/learn_interface/msg/rosidl_typesupport_introspection_c__visibility_control.h
[1.284s] -- Up-to-date: /home/ubuntu/Desktop/workspace/zhao/install/learn_interface/include/learn_interface/msg/detail
[1.285s] -- Up-to-date: /home/ubuntu/Desktop/workspace/zhao/install/learn_interface/include/learn_interface/msg/detail/object_position__rosidl_typesupport_introspection_c.h
[1.285s] -- Up-to-date: /home/ubuntu/Desktop/workspace/zhao/install/learn_interface/include/learn_interface/msg/detail/object_position__type_support.c
[1.285s] -- Up-to-date: /home/ubuntu/Desktop/workspace/zhao/install/learn_interface/include/learn_interface/srv
[1.285s] -- Up-to-date: /home/ubuntu/Desktop/workspace/zhao/install/learn_interface/include/learn_interface/srv/detail
[1.286s] -- Up-to-date: /home/ubuntu/Desktop/workspace/zhao/install/learn_interface/include/learn_interface/srv/detail/add_two_int32s__rosidl_typesupport_introspection_c.h
[1.287s] -- Up-to-date: /home/ubuntu/Desktop/workspace/zhao/install/learn_interface/include/learn_interface/srv/detail/add_two_int32s__type_support.c
[1.288s] -- Up-to-date: /home/ubuntu/Desktop/workspace/zhao/install/learn_interface/include/learn_interface/srv/detail/get_object_position__rosidl_typesupport_introspection_c.h
[1.288s] -- Up-to-date: /home/ubuntu/Desktop/workspace/zhao/install/learn_interface/include/learn_interface/srv/detail/get_object_position__type_support.c
[1.289s] -- Up-to-date: /home/ubuntu/Desktop/workspace/zhao/install/learn_interface/include/learn_interface/srv/detail/add_two_ints__rosidl_typesupport_introspection_c.h
[1.290s] -- Up-to-date: /home/ubuntu/Desktop/workspace/zhao/install/learn_interface/include/learn_interface/srv/detail/add_two_ints__type_support.c
[1.290s] -- Up-to-date: /home/ubuntu/Desktop/workspace/zhao/install/learn_interface/lib/liblearn_interface__rosidl_typesupport_introspection_c.so
[1.290s] -- Up-to-date: /home/ubuntu/Desktop/workspace/zhao/install/learn_interface/lib/liblearn_interface__rosidl_typesupport_c.so
[1.292s] -- Up-to-date: /home/ubuntu/Desktop/workspace/zhao/install/learn_interface/include/learn_interface
[1.293s] -- Up-to-date: /home/ubuntu/Desktop/workspace/zhao/install/learn_interface/include/learn_interface/srv
[1.293s] -- Up-to-date: /home/ubuntu/Desktop/workspace/zhao/install/learn_interface/include/learn_interface/srv/add_two_int32s.hpp
[1.293s] -- Up-to-date: /home/ubuntu/Desktop/workspace/zhao/install/learn_interface/include/learn_interface/srv/detail
[1.293s] -- Up-to-date: /home/ubuntu/Desktop/workspace/zhao/install/learn_interface/include/learn_interface/srv/detail/add_two_int32s__builder.hpp
[1.294s] -- Up-to-date: /home/ubuntu/Desktop/workspace/zhao/install/learn_interface/include/learn_interface/srv/detail/add_two_int32s__struct.hpp
[1.294s] -- Up-to-date: /home/ubuntu/Desktop/workspace/zhao/install/learn_interface/include/learn_interface/srv/detail/add_two_int32s__traits.hpp
[1.295s] -- Up-to-date: /home/ubuntu/Desktop/workspace/zhao/install/learn_interface/include/learn_interface/srv/detail/get_object_position__builder.hpp
[1.295s] -- Up-to-date: /home/ubuntu/Desktop/workspace/zhao/install/learn_interface/include/learn_interface/srv/detail/get_object_position__struct.hpp
[1.296s] -- Up-to-date: /home/ubuntu/Desktop/workspace/zhao/install/learn_interface/include/learn_interface/srv/detail/get_object_position__traits.hpp
[1.296s] -- Up-to-date: /home/ubuntu/Desktop/workspace/zhao/install/learn_interface/include/learn_interface/srv/detail/add_two_ints__builder.hpp
[1.298s] -- Up-to-date: /home/ubuntu/Desktop/workspace/zhao/install/learn_interface/include/learn_interface/srv/detail/add_two_ints__struct.hpp
[1.299s] -- Up-to-date: /home/ubuntu/Desktop/workspace/zhao/install/learn_interface/include/learn_interface/srv/detail/add_two_ints__traits.hpp
[1.299s] -- Up-to-date: /home/ubuntu/Desktop/workspace/zhao/install/learn_interface/include/learn_interface/srv/get_object_position.hpp
[1.299s] -- Up-to-date: /home/ubuntu/Desktop/workspace/zhao/install/learn_interface/include/learn_interface/srv/add_two_ints.hpp
[1.300s] -- Up-to-date: /home/ubuntu/Desktop/workspace/zhao/install/learn_interface/include/learn_interface/msg
[1.300s] -- Up-to-date: /home/ubuntu/Desktop/workspace/zhao/install/learn_interface/include/learn_interface/msg/object_position.hpp
[1.300s] -- Up-to-date: /home/ubuntu/Desktop/workspace/zhao/install/learn_interface/include/learn_interface/msg/detail
[1.300s] -- Up-to-date: /home/ubuntu/Desktop/workspace/zhao/install/learn_interface/include/learn_interface/msg/detail/object_position__builder.hpp
[1.301s] -- Up-to-date: /home/ubuntu/Desktop/workspace/zhao/install/learn_interface/include/learn_interface/msg/detail/object_position__struct.hpp
[1.304s] -- Up-to-date: /home/ubuntu/Desktop/workspace/zhao/install/learn_interface/include/learn_interface/msg/detail/object_position__traits.hpp
[1.305s] -- Up-to-date: /home/ubuntu/Desktop/workspace/zhao/install/learn_interface/include/learn_interface
[1.305s] -- Up-to-date: /home/ubuntu/Desktop/workspace/zhao/install/learn_interface/include/learn_interface/srv
[1.305s] -- Up-to-date: /home/ubuntu/Desktop/workspace/zhao/install/learn_interface/include/learn_interface/srv/detail
[1.305s] -- Up-to-date: /home/ubuntu/Desktop/workspace/zhao/install/learn_interface/include/learn_interface/srv/detail/add_two_int32s__rosidl_typesupport_introspection_cpp.hpp
[1.306s] -- Up-to-date: /home/ubuntu/Desktop/workspace/zhao/install/learn_interface/include/learn_interface/srv/detail/add_two_int32s__type_support.cpp
[1.306s] -- Up-to-date: /home/ubuntu/Desktop/workspace/zhao/install/learn_interface/include/learn_interface/srv/detail/get_object_position__rosidl_typesupport_introspection_cpp.hpp
[1.307s] -- Up-to-date: /home/ubuntu/Desktop/workspace/zhao/install/learn_interface/include/learn_interface/srv/detail/get_object_position__type_support.cpp
[1.307s] -- Up-to-date: /home/ubuntu/Desktop/workspace/zhao/install/learn_interface/include/learn_interface/srv/detail/add_two_ints__rosidl_typesupport_introspection_cpp.hpp
[1.307s] -- Up-to-date: /home/ubuntu/Desktop/workspace/zhao/install/learn_interface/include/learn_interface/srv/detail/add_two_ints__type_support.cpp
[1.309s] -- Up-to-date: /home/ubuntu/Desktop/workspace/zhao/install/learn_interface/include/learn_interface/msg
[1.310s] -- Up-to-date: /home/ubuntu/Desktop/workspace/zhao/install/learn_interface/include/learn_interface/msg/detail
[1.310s] -- Up-to-date: /home/ubuntu/Desktop/workspace/zhao/install/learn_interface/include/learn_interface/msg/detail/object_position__rosidl_typesupport_introspection_cpp.hpp
[1.310s] -- Up-to-date: /home/ubuntu/Desktop/workspace/zhao/install/learn_interface/include/learn_interface/msg/detail/object_position__type_support.cpp
[1.311s] -- Up-to-date: /home/ubuntu/Desktop/workspace/zhao/install/learn_interface/lib/liblearn_interface__rosidl_typesupport_introspection_cpp.so
[1.311s] -- Up-to-date: /home/ubuntu/Desktop/workspace/zhao/install/learn_interface/lib/liblearn_interface__rosidl_typesupport_cpp.so
[1.311s] -- Up-to-date: /home/ubuntu/Desktop/workspace/zhao/install/learn_interface/share/learn_interface/environment/pythonpath.sh
[1.312s] -- Up-to-date: /home/ubuntu/Desktop/workspace/zhao/install/learn_interface/share/learn_interface/environment/pythonpath.dsv
[1.313s] -- Up-to-date: /home/ubuntu/Desktop/workspace/zhao/install/learn_interface/lib/python3.8/site-packages/learn_interface/__init__.py
[1.349s] -- Up-to-date: /home/ubuntu/Desktop/workspace/zhao/install/learn_interface/lib/python3.8/site-packages/learn_interface/srv
[1.349s] -- Up-to-date: /home/ubuntu/Desktop/workspace/zhao/install/learn_interface/lib/python3.8/site-packages/learn_interface/srv/_add_two_int32s.py
[1.349s] -- Up-to-date: /home/ubuntu/Desktop/workspace/zhao/install/learn_interface/lib/python3.8/site-packages/learn_interface/srv/_add_two_int32s_s.c
[1.349s] -- Up-to-date: /home/ubuntu/Desktop/workspace/zhao/install/learn_interface/lib/python3.8/site-packages/learn_interface/srv/_get_object_position.py
[1.349s] -- Up-to-date: /home/ubuntu/Desktop/workspace/zhao/install/learn_interface/lib/python3.8/site-packages/learn_interface/srv/_get_object_position_s.c
[1.350s] -- Up-to-date: /home/ubuntu/Desktop/workspace/zhao/install/learn_interface/lib/python3.8/site-packages/learn_interface/srv/__init__.py
[1.350s] -- Up-to-date: /home/ubuntu/Desktop/workspace/zhao/install/learn_interface/lib/python3.8/site-packages/learn_interface/srv/_add_two_ints.py
[1.350s] -- Up-to-date: /home/ubuntu/Desktop/workspace/zhao/install/learn_interface/lib/python3.8/site-packages/learn_interface/srv/_add_two_ints_s.c
[1.350s] -- Up-to-date: /home/ubuntu/Desktop/workspace/zhao/install/learn_interface/lib/python3.8/site-packages/learn_interface/msg
[1.351s] -- Up-to-date: /home/ubuntu/Desktop/workspace/zhao/install/learn_interface/lib/python3.8/site-packages/learn_interface/msg/_object_position.py
[1.351s] -- Up-to-date: /home/ubuntu/Desktop/workspace/zhao/install/learn_interface/lib/python3.8/site-packages/learn_interface/msg/_object_position_s.c
[1.351s] -- Up-to-date: /home/ubuntu/Desktop/workspace/zhao/install/learn_interface/lib/python3.8/site-packages/learn_interface/msg/__init__.py
[1.351s] -- Up-to-date: /home/ubuntu/Desktop/workspace/zhao/install/learn_interface/lib/python3.8/site-packages/learn_interface/learn_interface_s__rosidl_typesupport_fastrtps_c.cpython-38-x86_64-linux-gnu.so
[1.352s] -- Up-to-date: /home/ubuntu/Desktop/workspace/zhao/install/learn_interface/lib/python3.8/site-packages/learn_interface/learn_interface_s__rosidl_typesupport_introspection_c.cpython-38-x86_64-linux-gnu.so
[1.353s] -- Up-to-date: /home/ubuntu/Desktop/workspace/zhao/install/learn_interface/lib/python3.8/site-packages/learn_interface/learn_interface_s__rosidl_typesupport_c.cpython-38-x86_64-linux-gnu.so
[1.354s] -- Up-to-date: /home/ubuntu/Desktop/workspace/zhao/install/learn_interface/lib/liblearn_interface__python.so
[1.355s] -- Up-to-date: /home/ubuntu/Desktop/workspace/zhao/install/learn_interface/share/learn_interface/srv/AddTwoInts.idl
[1.355s] -- Up-to-date: /home/ubuntu/Desktop/workspace/zhao/install/learn_interface/share/learn_interface/srv/GetObjectPosition.idl
[1.355s] -- Up-to-date: /home/ubuntu/Desktop/workspace/zhao/install/learn_interface/share/learn_interface/msg/ObjectPosition.idl
[1.356s] -- Up-to-date: /home/ubuntu/Desktop/workspace/zhao/install/learn_interface/share/learn_interface/srv/AddTwoInts.srv
[1.356s] -- Up-to-date: /home/ubuntu/Desktop/workspace/zhao/install/learn_interface/share/learn_interface/srv/AddTwoInts_Request.msg
[1.356s] -- Up-to-date: /home/ubuntu/Desktop/workspace/zhao/install/learn_interface/share/learn_interface/srv/AddTwoInts_Response.msg
[1.356s] -- Up-to-date: /home/ubuntu/Desktop/workspace/zhao/install/learn_interface/share/learn_interface/srv/GetObjectPosition.srv
[1.357s] -- Up-to-date: /home/ubuntu/Desktop/workspace/zhao/install/learn_interface/share/learn_interface/srv/GetObjectPosition_Request.msg
[1.357s] -- Up-to-date: /home/ubuntu/Desktop/workspace/zhao/install/learn_interface/share/learn_interface/srv/GetObjectPosition_Response.msg
[1.357s] -- Up-to-date: /home/ubuntu/Desktop/workspace/zhao/install/learn_interface/share/learn_interface/msg/ObjectPosition.msg
[1.358s] -- Up-to-date: /home/ubuntu/Desktop/workspace/zhao/install/learn_interface/share/ament_index/resource_index/package_run_dependencies/learn_interface
[1.358s] -- Up-to-date: /home/ubuntu/Desktop/workspace/zhao/install/learn_interface/share/ament_index/resource_index/parent_prefix_path/learn_interface
[1.358s] -- Up-to-date: /home/ubuntu/Desktop/workspace/zhao/install/learn_interface/share/learn_interface/environment/ament_prefix_path.sh
[1.359s] -- Up-to-date: /home/ubuntu/Desktop/workspace/zhao/install/learn_interface/share/learn_interface/environment/ament_prefix_path.dsv
[1.359s] -- Up-to-date: /home/ubuntu/Desktop/workspace/zhao/install/learn_interface/share/learn_interface/environment/path.sh
[1.359s] -- Up-to-date: /home/ubuntu/Desktop/workspace/zhao/install/learn_interface/share/learn_interface/environment/path.dsv
[1.359s] -- Up-to-date: /home/ubuntu/Desktop/workspace/zhao/install/learn_interface/share/learn_interface/local_setup.bash
[1.360s] -- Up-to-date: /home/ubuntu/Desktop/workspace/zhao/install/learn_interface/share/learn_interface/local_setup.sh
[1.360s] -- Up-to-date: /home/ubuntu/Desktop/workspace/zhao/install/learn_interface/share/learn_interface/local_setup.zsh
[1.360s] -- Up-to-date: /home/ubuntu/Desktop/workspace/zhao/install/learn_interface/share/learn_interface/local_setup.dsv
[1.361s] -- Installing: /home/ubuntu/Desktop/workspace/zhao/install/learn_interface/share/learn_interface/package.dsv
[1.361s] -- Up-to-date: /home/ubuntu/Desktop/workspace/zhao/install/learn_interface/share/ament_index/resource_index/packages/learn_interface
[1.362s] -- Up-to-date: /home/ubuntu/Desktop/workspace/zhao/install/learn_interface/share/learn_interface/cmake/learn_interface__rosidl_generator_cExport.cmake
[1.362s] -- Up-to-date: /home/ubuntu/Desktop/workspace/zhao/install/learn_interface/share/learn_interface/cmake/learn_interface__rosidl_generator_cExport-noconfig.cmake
[1.363s] -- Up-to-date: /home/ubuntu/Desktop/workspace/zhao/install/learn_interface/share/learn_interface/cmake/learn_interface__rosidl_typesupport_introspection_cExport.cmake
[1.363s] -- Up-to-date: /home/ubuntu/Desktop/workspace/zhao/install/learn_interface/share/learn_interface/cmake/learn_interface__rosidl_typesupport_introspection_cExport-noconfig.cmake
[1.363s] -- Up-to-date: /home/ubuntu/Desktop/workspace/zhao/install/learn_interface/share/learn_interface/cmake/learn_interface__rosidl_typesupport_cExport.cmake
[1.364s] -- Up-to-date: /home/ubuntu/Desktop/workspace/zhao/install/learn_interface/share/learn_interface/cmake/learn_interface__rosidl_typesupport_cExport-noconfig.cmake
[1.364s] -- Up-to-date: /home/ubuntu/Desktop/workspace/zhao/install/learn_interface/share/learn_interface/cmake/learn_interface__rosidl_generator_cppExport.cmake
[1.365s] -- Up-to-date: /home/ubuntu/Desktop/workspace/zhao/install/learn_interface/share/learn_interface/cmake/learn_interface__rosidl_typesupport_introspection_cppExport.cmake
[1.365s] -- Up-to-date: /home/ubuntu/Desktop/workspace/zhao/install/learn_interface/share/learn_interface/cmake/learn_interface__rosidl_typesupport_introspection_cppExport-noconfig.cmake
[1.365s] -- Up-to-date: /home/ubuntu/Desktop/workspace/zhao/install/learn_interface/share/learn_interface/cmake/learn_interface__rosidl_typesupport_cppExport.cmake
[1.366s] -- Up-to-date: /home/ubuntu/Desktop/workspace/zhao/install/learn_interface/share/learn_interface/cmake/learn_interface__rosidl_typesupport_cppExport-noconfig.cmake
[1.366s] -- Up-to-date: /home/ubuntu/Desktop/workspace/zhao/install/learn_interface/share/learn_interface/cmake/rosidl_cmake-extras.cmake
[1.366s] -- Up-to-date: /home/ubuntu/Desktop/workspace/zhao/install/learn_interface/share/learn_interface/cmake/ament_cmake_export_dependencies-extras.cmake
[1.367s] -- Up-to-date: /home/ubuntu/Desktop/workspace/zhao/install/learn_interface/share/learn_interface/cmake/ament_cmake_export_libraries-extras.cmake
[1.367s] -- Up-to-date: /home/ubuntu/Desktop/workspace/zhao/install/learn_interface/share/learn_interface/cmake/ament_cmake_export_targets-extras.cmake
[1.367s] -- Up-to-date: /home/ubuntu/Desktop/workspace/zhao/install/learn_interface/share/learn_interface/cmake/ament_cmake_export_include_directories-extras.cmake
[1.368s] -- Up-to-date: /home/ubuntu/Desktop/workspace/zhao/install/learn_interface/share/learn_interface/cmake/rosidl_cmake_export_typesupport_libraries-extras.cmake
[1.368s] -- Up-to-date: /home/ubuntu/Desktop/workspace/zhao/install/learn_interface/share/learn_interface/cmake/rosidl_cmake_export_typesupport_targets-extras.cmake
[1.368s] -- Up-to-date: /home/ubuntu/Desktop/workspace/zhao/install/learn_interface/share/learn_interface/cmake/learn_interfaceConfig.cmake
[1.368s] -- Up-to-date: /home/ubuntu/Desktop/workspace/zhao/install/learn_interface/share/learn_interface/cmake/learn_interfaceConfig-version.cmake
[1.369s] -- Up-to-date: /home/ubuntu/Desktop/workspace/zhao/install/learn_interface/share/learn_interface/package.xml
[1.374s] Invoked command in '/home/ubuntu/Desktop/workspace/zhao/build/learn_interface' returned '0': CMAKE_PREFIX_PATH=${CMAKE_PREFIX_PATH}:/home/ubuntu/Desktop/workspace/zhao/install/learn_topic:/home/ubuntu/Desktop/workspace/zhao/install/learn_service:/opt/ros/foxy /usr/bin/cmake --install /home/ubuntu/Desktop/workspace/zhao/build/learn_interface
