[0.231s] DEBUG:colcon:Command line arguments: ['/usr/bin/colcon', 'build']
[0.232s] DEBUG:colcon:Parsed command line arguments: Namespace(allow_overriding=[], ament_cmake_args=None, base_paths=['.'], build_base='build', catkin_cmake_args=None, catkin_skip_building_tests=False, cmake_args=None, cmake_clean_cache=False, cmake_clean_first=False, cmake_force_configure=False, cmake_target=None, cmake_target_skip_unavailable=False, continue_on_error=False, event_handlers=None, executor='parallel', ignore_user_meta=False, install_base='install', log_base=None, log_level=None, main=<bound method BuildVerb.main of <colcon_core.verb.build.BuildVerb object at 0x7f3f0dec1a60>>, merge_install=False, metas=['./colcon.meta'], packages_above=None, packages_above_and_dependencies=None, packages_above_depth=None, packages_end=None, packages_ignore=None, packages_ignore_regex=None, packages_select=None, packages_select_build_failed=False, packages_select_by_dep=None, packages_select_regex=None, packages_select_test_failures=False, packages_skip=None, packages_skip_build_finished=False, packages_skip_by_dep=None, packages_skip_regex=None, packages_skip_test_passed=False, packages_skip_up_to=None, packages_start=None, packages_up_to=None, packages_up_to_regex=None, parallel_workers=4, paths=None, symlink_install=False, test_result_base=None, verb_extension=<colcon_core.verb.build.BuildVerb object at 0x7f3f0dec1a60>, verb_name='build', verb_parser=<colcon_defaults.argument_parser.defaults.DefaultArgumentsDecorator object at 0x7f3f0decb040>)
[0.270s] Level 1:colcon.colcon_core.package_discovery:discover_packages(colcon_meta) check parameters
[0.270s] Level 1:colcon.colcon_core.package_discovery:discover_packages(recursive) check parameters
[0.270s] Level 1:colcon.colcon_core.package_discovery:discover_packages(ignore) check parameters
[0.270s] Level 1:colcon.colcon_core.package_discovery:discover_packages(path) check parameters
[0.270s] Level 1:colcon.colcon_core.package_discovery:discover_packages(colcon_meta) discover
[0.270s] Level 1:colcon.colcon_core.package_discovery:discover_packages(recursive) discover
[0.270s] INFO:colcon.colcon_core.package_discovery:Crawling recursively for packages in '/home/ubuntu/Desktop/workspace/zhao'
[0.271s] Level 1:colcon.colcon_core.package_identification:_identify(.) by extensions ['ignore', 'ignore_ament_install']
[0.271s] Level 1:colcon.colcon_core.package_identification:_identify(.) by extension 'ignore'
[0.271s] Level 1:colcon.colcon_core.package_identification:_identify(.) by extension 'ignore_ament_install'
[0.271s] Level 1:colcon.colcon_core.package_identification:_identify(.) by extensions ['colcon_pkg']
[0.271s] Level 1:colcon.colcon_core.package_identification:_identify(.) by extension 'colcon_pkg'
[0.271s] Level 1:colcon.colcon_core.package_identification:_identify(.) by extensions ['colcon_meta']
[0.271s] Level 1:colcon.colcon_core.package_identification:_identify(.) by extension 'colcon_meta'
[0.272s] Level 1:colcon.colcon_core.package_identification:_identify(.) by extensions ['ros']
[0.272s] Level 1:colcon.colcon_core.package_identification:_identify(.) by extension 'ros'
[0.289s] Level 1:colcon.colcon_core.package_identification:_identify(.) by extensions ['cmake', 'python']
[0.290s] Level 1:colcon.colcon_core.package_identification:_identify(.) by extension 'cmake'
[0.290s] Level 1:colcon.colcon_core.package_identification:_identify(.) by extension 'python'
[0.290s] Level 1:colcon.colcon_core.package_identification:_identify(.) by extensions ['python_setup_py']
[0.290s] Level 1:colcon.colcon_core.package_identification:_identify(.) by extension 'python_setup_py'
[0.290s] Level 1:colcon.colcon_core.package_identification:_identify(build) by extensions ['ignore', 'ignore_ament_install']
[0.290s] Level 1:colcon.colcon_core.package_identification:_identify(build) by extension 'ignore'
[0.290s] Level 1:colcon.colcon_core.package_identification:_identify(build) ignored
[0.291s] Level 1:colcon.colcon_core.package_identification:_identify(install) by extensions ['ignore', 'ignore_ament_install']
[0.291s] Level 1:colcon.colcon_core.package_identification:_identify(install) by extension 'ignore'
[0.291s] Level 1:colcon.colcon_core.package_identification:_identify(install) ignored
[0.291s] Level 1:colcon.colcon_core.package_identification:_identify(log) by extensions ['ignore', 'ignore_ament_install']
[0.291s] Level 1:colcon.colcon_core.package_identification:_identify(log) by extension 'ignore'
[0.291s] Level 1:colcon.colcon_core.package_identification:_identify(log) ignored
[0.291s] Level 1:colcon.colcon_core.package_identification:_identify(src) by extensions ['ignore', 'ignore_ament_install']
[0.292s] Level 1:colcon.colcon_core.package_identification:_identify(src) by extension 'ignore'
[0.292s] Level 1:colcon.colcon_core.package_identification:_identify(src) by extension 'ignore_ament_install'
[0.292s] Level 1:colcon.colcon_core.package_identification:_identify(src) by extensions ['colcon_pkg']
[0.292s] Level 1:colcon.colcon_core.package_identification:_identify(src) by extension 'colcon_pkg'
[0.292s] Level 1:colcon.colcon_core.package_identification:_identify(src) by extensions ['colcon_meta']
[0.292s] Level 1:colcon.colcon_core.package_identification:_identify(src) by extension 'colcon_meta'
[0.292s] Level 1:colcon.colcon_core.package_identification:_identify(src) by extensions ['ros']
[0.292s] Level 1:colcon.colcon_core.package_identification:_identify(src) by extension 'ros'
[0.293s] Level 1:colcon.colcon_core.package_identification:_identify(src) by extensions ['cmake', 'python']
[0.293s] Level 1:colcon.colcon_core.package_identification:_identify(src) by extension 'cmake'
[0.293s] Level 1:colcon.colcon_core.package_identification:_identify(src) by extension 'python'
[0.293s] Level 1:colcon.colcon_core.package_identification:_identify(src) by extensions ['python_setup_py']
[0.293s] Level 1:colcon.colcon_core.package_identification:_identify(src) by extension 'python_setup_py'
[0.293s] Level 1:colcon.colcon_core.package_identification:_identify(src/learn_interface) by extensions ['ignore', 'ignore_ament_install']
[0.293s] Level 1:colcon.colcon_core.package_identification:_identify(src/learn_interface) by extension 'ignore'
[0.293s] Level 1:colcon.colcon_core.package_identification:_identify(src/learn_interface) by extension 'ignore_ament_install'
[0.294s] Level 1:colcon.colcon_core.package_identification:_identify(src/learn_interface) by extensions ['colcon_pkg']
[0.294s] Level 1:colcon.colcon_core.package_identification:_identify(src/learn_interface) by extension 'colcon_pkg'
[0.294s] Level 1:colcon.colcon_core.package_identification:_identify(src/learn_interface) by extensions ['colcon_meta']
[0.294s] Level 1:colcon.colcon_core.package_identification:_identify(src/learn_interface) by extension 'colcon_meta'
[0.294s] Level 1:colcon.colcon_core.package_identification:_identify(src/learn_interface) by extensions ['ros']
[0.294s] Level 1:colcon.colcon_core.package_identification:_identify(src/learn_interface) by extension 'ros'
[0.298s] DEBUG:colcon.colcon_core.package_identification:Package 'src/learn_interface' with type 'ros.ament_cmake' and name 'learn_interface'
[0.299s] Level 1:colcon.colcon_core.package_identification:_identify(src/learn_service) by extensions ['ignore', 'ignore_ament_install']
[0.299s] Level 1:colcon.colcon_core.package_identification:_identify(src/learn_service) by extension 'ignore'
[0.299s] Level 1:colcon.colcon_core.package_identification:_identify(src/learn_service) by extension 'ignore_ament_install'
[0.299s] Level 1:colcon.colcon_core.package_identification:_identify(src/learn_service) by extensions ['colcon_pkg']
[0.299s] Level 1:colcon.colcon_core.package_identification:_identify(src/learn_service) by extension 'colcon_pkg'
[0.300s] Level 1:colcon.colcon_core.package_identification:_identify(src/learn_service) by extensions ['colcon_meta']
[0.300s] Level 1:colcon.colcon_core.package_identification:_identify(src/learn_service) by extension 'colcon_meta'
[0.300s] Level 1:colcon.colcon_core.package_identification:_identify(src/learn_service) by extensions ['ros']
[0.300s] Level 1:colcon.colcon_core.package_identification:_identify(src/learn_service) by extension 'ros'
[0.301s] DEBUG:colcon.colcon_core.package_identification:Package 'src/learn_service' with type 'ros.ament_python' and name 'learn_service'
[0.301s] Level 1:colcon.colcon_core.package_identification:_identify(src/learn_topic) by extensions ['ignore', 'ignore_ament_install']
[0.301s] Level 1:colcon.colcon_core.package_identification:_identify(src/learn_topic) by extension 'ignore'
[0.301s] Level 1:colcon.colcon_core.package_identification:_identify(src/learn_topic) by extension 'ignore_ament_install'
[0.301s] Level 1:colcon.colcon_core.package_identification:_identify(src/learn_topic) by extensions ['colcon_pkg']
[0.302s] Level 1:colcon.colcon_core.package_identification:_identify(src/learn_topic) by extension 'colcon_pkg'
[0.302s] Level 1:colcon.colcon_core.package_identification:_identify(src/learn_topic) by extensions ['colcon_meta']
[0.302s] Level 1:colcon.colcon_core.package_identification:_identify(src/learn_topic) by extension 'colcon_meta'
[0.302s] Level 1:colcon.colcon_core.package_identification:_identify(src/learn_topic) by extensions ['ros']
[0.302s] Level 1:colcon.colcon_core.package_identification:_identify(src/learn_topic) by extension 'ros'
[0.303s] DEBUG:colcon.colcon_core.package_identification:Package 'src/learn_topic' with type 'ros.ament_python' and name 'learn_topic'
[0.303s] Level 1:colcon.colcon_core.package_discovery:discover_packages(recursive) using defaults
[0.303s] Level 1:colcon.colcon_core.package_discovery:discover_packages(ignore) discover
[0.303s] Level 1:colcon.colcon_core.package_discovery:discover_packages(ignore) using defaults
[0.303s] Level 1:colcon.colcon_core.package_discovery:discover_packages(path) discover
[0.303s] Level 1:colcon.colcon_core.package_discovery:discover_packages(path) using defaults
[0.334s] Level 1:colcon.colcon_core.package_discovery:discover_packages(prefix_path) check parameters
[0.335s] Level 1:colcon.colcon_core.package_discovery:discover_packages(prefix_path) discover
[0.339s] DEBUG:colcon.colcon_installed_package_information.package_discovery:Found 3 installed packages in /home/ubuntu/Desktop/workspace/zhao/install
[0.342s] DEBUG:colcon.colcon_installed_package_information.package_discovery:Found 272 installed packages in /opt/ros/foxy
[0.345s] Level 1:colcon.colcon_core.package_discovery:discover_packages(prefix_path) using defaults
[0.485s] Level 5:colcon.colcon_core.verb:set package 'learn_interface' build argument 'cmake_args' from command line to 'None'
[0.485s] Level 5:colcon.colcon_core.verb:set package 'learn_interface' build argument 'cmake_target' from command line to 'None'
[0.485s] Level 5:colcon.colcon_core.verb:set package 'learn_interface' build argument 'cmake_target_skip_unavailable' from command line to 'False'
[0.485s] Level 5:colcon.colcon_core.verb:set package 'learn_interface' build argument 'cmake_clean_cache' from command line to 'False'
[0.485s] Level 5:colcon.colcon_core.verb:set package 'learn_interface' build argument 'cmake_clean_first' from command line to 'False'
[0.485s] Level 5:colcon.colcon_core.verb:set package 'learn_interface' build argument 'cmake_force_configure' from command line to 'False'
[0.485s] Level 5:colcon.colcon_core.verb:set package 'learn_interface' build argument 'ament_cmake_args' from command line to 'None'
[0.485s] Level 5:colcon.colcon_core.verb:set package 'learn_interface' build argument 'catkin_cmake_args' from command line to 'None'
[0.485s] Level 5:colcon.colcon_core.verb:set package 'learn_interface' build argument 'catkin_skip_building_tests' from command line to 'False'
[0.485s] DEBUG:colcon.colcon_core.verb:Building package 'learn_interface' with the following arguments: {'ament_cmake_args': None, 'build_base': '/home/ubuntu/Desktop/workspace/zhao/build/learn_interface', 'catkin_cmake_args': None, 'catkin_skip_building_tests': False, 'cmake_args': None, 'cmake_clean_cache': False, 'cmake_clean_first': False, 'cmake_force_configure': False, 'cmake_target': None, 'cmake_target_skip_unavailable': False, 'install_base': '/home/ubuntu/Desktop/workspace/zhao/install/learn_interface', 'merge_install': False, 'path': '/home/ubuntu/Desktop/workspace/zhao/src/learn_interface', 'symlink_install': False, 'test_result_base': None}
[0.487s] Level 5:colcon.colcon_core.verb:set package 'learn_service' build argument 'cmake_args' from command line to 'None'
[0.487s] Level 5:colcon.colcon_core.verb:set package 'learn_service' build argument 'cmake_target' from command line to 'None'
[0.487s] Level 5:colcon.colcon_core.verb:set package 'learn_service' build argument 'cmake_target_skip_unavailable' from command line to 'False'
[0.487s] Level 5:colcon.colcon_core.verb:set package 'learn_service' build argument 'cmake_clean_cache' from command line to 'False'
[0.487s] Level 5:colcon.colcon_core.verb:set package 'learn_service' build argument 'cmake_clean_first' from command line to 'False'
[0.487s] Level 5:colcon.colcon_core.verb:set package 'learn_service' build argument 'cmake_force_configure' from command line to 'False'
[0.487s] Level 5:colcon.colcon_core.verb:set package 'learn_service' build argument 'ament_cmake_args' from command line to 'None'
[0.487s] Level 5:colcon.colcon_core.verb:set package 'learn_service' build argument 'catkin_cmake_args' from command line to 'None'
[0.487s] Level 5:colcon.colcon_core.verb:set package 'learn_service' build argument 'catkin_skip_building_tests' from command line to 'False'
[0.488s] DEBUG:colcon.colcon_core.verb:Building package 'learn_service' with the following arguments: {'ament_cmake_args': None, 'build_base': '/home/ubuntu/Desktop/workspace/zhao/build/learn_service', 'catkin_cmake_args': None, 'catkin_skip_building_tests': False, 'cmake_args': None, 'cmake_clean_cache': False, 'cmake_clean_first': False, 'cmake_force_configure': False, 'cmake_target': None, 'cmake_target_skip_unavailable': False, 'install_base': '/home/ubuntu/Desktop/workspace/zhao/install/learn_service', 'merge_install': False, 'path': '/home/ubuntu/Desktop/workspace/zhao/src/learn_service', 'symlink_install': False, 'test_result_base': None}
[0.489s] Level 5:colcon.colcon_core.verb:set package 'learn_topic' build argument 'cmake_args' from command line to 'None'
[0.489s] Level 5:colcon.colcon_core.verb:set package 'learn_topic' build argument 'cmake_target' from command line to 'None'
[0.489s] Level 5:colcon.colcon_core.verb:set package 'learn_topic' build argument 'cmake_target_skip_unavailable' from command line to 'False'
[0.489s] Level 5:colcon.colcon_core.verb:set package 'learn_topic' build argument 'cmake_clean_cache' from command line to 'False'
[0.489s] Level 5:colcon.colcon_core.verb:set package 'learn_topic' build argument 'cmake_clean_first' from command line to 'False'
[0.489s] Level 5:colcon.colcon_core.verb:set package 'learn_topic' build argument 'cmake_force_configure' from command line to 'False'
[0.489s] Level 5:colcon.colcon_core.verb:set package 'learn_topic' build argument 'ament_cmake_args' from command line to 'None'
[0.490s] Level 5:colcon.colcon_core.verb:set package 'learn_topic' build argument 'catkin_cmake_args' from command line to 'None'
[0.490s] Level 5:colcon.colcon_core.verb:set package 'learn_topic' build argument 'catkin_skip_building_tests' from command line to 'False'
[0.490s] DEBUG:colcon.colcon_core.verb:Building package 'learn_topic' with the following arguments: {'ament_cmake_args': None, 'build_base': '/home/ubuntu/Desktop/workspace/zhao/build/learn_topic', 'catkin_cmake_args': None, 'catkin_skip_building_tests': False, 'cmake_args': None, 'cmake_clean_cache': False, 'cmake_clean_first': False, 'cmake_force_configure': False, 'cmake_target': None, 'cmake_target_skip_unavailable': False, 'install_base': '/home/ubuntu/Desktop/workspace/zhao/install/learn_topic', 'merge_install': False, 'path': '/home/ubuntu/Desktop/workspace/zhao/src/learn_topic', 'symlink_install': False, 'test_result_base': None}
[0.490s] INFO:colcon.colcon_core.executor:Executing jobs using 'parallel' executor
[0.494s] DEBUG:colcon.colcon_parallel_executor.executor.parallel:run_until_complete
[0.494s] INFO:colcon.colcon_ros.task.ament_cmake.build:Building ROS package in '/home/ubuntu/Desktop/workspace/zhao/src/learn_interface' with build type 'ament_cmake'
[0.494s] INFO:colcon.colcon_cmake.task.cmake.build:Building CMake package in '/home/ubuntu/Desktop/workspace/zhao/src/learn_interface'
[0.500s] INFO:colcon.colcon_core.plugin_system:Skipping extension 'colcon_core.shell.bat': Not used on non-Windows systems
[0.501s] INFO:colcon.colcon_core.shell:Skip shell extension 'powershell' for command environment: Not usable outside of PowerShell
[0.501s] DEBUG:colcon.colcon_core.shell:Skip shell extension 'dsv' for command environment
[0.509s] INFO:colcon.colcon_ros.task.ament_python.build:Building ROS package in '/home/ubuntu/Desktop/workspace/zhao/src/learn_service' with build type 'ament_python'
[0.510s] Level 1:colcon.colcon_core.shell:create_environment_hook('learn_service', 'ament_prefix_path')
[0.512s] INFO:colcon.colcon_core.shell:Creating environment hook '/home/ubuntu/Desktop/workspace/zhao/install/learn_service/share/learn_service/hook/ament_prefix_path.ps1'
[0.513s] INFO:colcon.colcon_core.shell:Creating environment descriptor '/home/ubuntu/Desktop/workspace/zhao/install/learn_service/share/learn_service/hook/ament_prefix_path.dsv'
[0.514s] INFO:colcon.colcon_core.shell:Creating environment hook '/home/ubuntu/Desktop/workspace/zhao/install/learn_service/share/learn_service/hook/ament_prefix_path.sh'
[0.515s] INFO:colcon.colcon_core.shell:Skip shell extension 'powershell' for command environment: Not usable outside of PowerShell
[0.515s] DEBUG:colcon.colcon_core.shell:Skip shell extension 'dsv' for command environment
[0.523s] INFO:colcon.colcon_ros.task.ament_python.build:Building ROS package in '/home/ubuntu/Desktop/workspace/zhao/src/learn_topic' with build type 'ament_python'
[0.524s] Level 1:colcon.colcon_core.shell:create_environment_hook('learn_topic', 'ament_prefix_path')
[0.526s] INFO:colcon.colcon_core.shell:Creating environment hook '/home/ubuntu/Desktop/workspace/zhao/install/learn_topic/share/learn_topic/hook/ament_prefix_path.ps1'
[0.527s] INFO:colcon.colcon_core.shell:Creating environment descriptor '/home/ubuntu/Desktop/workspace/zhao/install/learn_topic/share/learn_topic/hook/ament_prefix_path.dsv'
[0.527s] INFO:colcon.colcon_core.shell:Creating environment hook '/home/ubuntu/Desktop/workspace/zhao/install/learn_topic/share/learn_topic/hook/ament_prefix_path.sh'
[0.529s] INFO:colcon.colcon_core.shell:Skip shell extension 'powershell' for command environment: Not usable outside of PowerShell
[0.529s] DEBUG:colcon.colcon_core.shell:Skip shell extension 'dsv' for command environment
[0.543s] DEBUG:colcon.colcon_core.event_handler.log_command:Invoking command in '/home/ubuntu/Desktop/workspace/zhao/build/learn_interface': CMAKE_PREFIX_PATH=${CMAKE_PREFIX_PATH}:/home/ubuntu/Desktop/workspace/zhao/install/learn_topic:/home/ubuntu/Desktop/workspace/zhao/install/learn_service:/opt/ros/foxy /usr/bin/cmake --build /home/ubuntu/Desktop/workspace/zhao/build/learn_interface -- -j4 -l4
[1.004s] INFO:colcon.colcon_core.task.python.build:Building Python package in '/home/ubuntu/Desktop/workspace/zhao/src/learn_service'
[1.006s] INFO:colcon.colcon_core.shell:Skip shell extension 'powershell' for command environment: Not usable outside of PowerShell
[1.006s] DEBUG:colcon.colcon_core.shell:Skip shell extension 'dsv' for command environment
[1.440s] INFO:colcon.colcon_core.task.python.build:Building Python package in '/home/ubuntu/Desktop/workspace/zhao/src/learn_topic'
[1.442s] INFO:colcon.colcon_core.shell:Skip shell extension 'powershell' for command environment: Not usable outside of PowerShell
[1.442s] DEBUG:colcon.colcon_core.shell:Skip shell extension 'dsv' for command environment
[1.461s] DEBUG:colcon.colcon_core.event_handler.log_command:Invoked command in '/home/ubuntu/Desktop/workspace/zhao/build/learn_interface' returned '0': CMAKE_PREFIX_PATH=${CMAKE_PREFIX_PATH}:/home/ubuntu/Desktop/workspace/zhao/install/learn_topic:/home/ubuntu/Desktop/workspace/zhao/install/learn_service:/opt/ros/foxy /usr/bin/cmake --build /home/ubuntu/Desktop/workspace/zhao/build/learn_interface -- -j4 -l4
[1.716s] DEBUG:colcon.colcon_core.event_handler.log_command:Invoking command in '/home/ubuntu/Desktop/workspace/zhao/build/learn_interface': CMAKE_PREFIX_PATH=${CMAKE_PREFIX_PATH}:/home/ubuntu/Desktop/workspace/zhao/install/learn_topic:/home/ubuntu/Desktop/workspace/zhao/install/learn_service:/opt/ros/foxy /usr/bin/cmake --install /home/ubuntu/Desktop/workspace/zhao/build/learn_interface
[1.871s] Level 1:colcon.colcon_core.environment:create_environment_scripts_only(learn_interface)
[1.879s] Level 1:colcon.colcon_core.environment:checking '/home/ubuntu/Desktop/workspace/zhao/install/learn_interface' for CMake module files
[1.881s] Level 1:colcon.colcon_core.environment:checking '/home/ubuntu/Desktop/workspace/zhao/install/learn_interface' for CMake config files
[1.884s] Level 1:colcon.colcon_core.shell:create_environment_hook('learn_interface', 'cmake_prefix_path')
[1.884s] DEBUG:colcon.colcon_core.event_handler.log_command:Invoked command in '/home/ubuntu/Desktop/workspace/zhao/build/learn_interface' returned '0': CMAKE_PREFIX_PATH=${CMAKE_PREFIX_PATH}:/home/ubuntu/Desktop/workspace/zhao/install/learn_topic:/home/ubuntu/Desktop/workspace/zhao/install/learn_service:/opt/ros/foxy /usr/bin/cmake --install /home/ubuntu/Desktop/workspace/zhao/build/learn_interface
[1.886s] INFO:colcon.colcon_core.shell:Creating environment hook '/home/ubuntu/Desktop/workspace/zhao/install/learn_interface/share/learn_interface/hook/cmake_prefix_path.ps1'
[1.887s] INFO:colcon.colcon_core.shell:Creating environment descriptor '/home/ubuntu/Desktop/workspace/zhao/install/learn_interface/share/learn_interface/hook/cmake_prefix_path.dsv'
[1.888s] INFO:colcon.colcon_core.shell:Creating environment hook '/home/ubuntu/Desktop/workspace/zhao/install/learn_interface/share/learn_interface/hook/cmake_prefix_path.sh'
[1.889s] Level 1:colcon.colcon_core.environment:checking '/home/ubuntu/Desktop/workspace/zhao/install/learn_interface/lib'
[1.890s] Level 1:colcon.colcon_core.shell:create_environment_hook('learn_interface', 'ld_library_path_lib')
[1.891s] INFO:colcon.colcon_core.shell:Creating environment hook '/home/ubuntu/Desktop/workspace/zhao/install/learn_interface/share/learn_interface/hook/ld_library_path_lib.ps1'
[1.892s] INFO:colcon.colcon_core.shell:Creating environment descriptor '/home/ubuntu/Desktop/workspace/zhao/install/learn_interface/share/learn_interface/hook/ld_library_path_lib.dsv'
[1.893s] INFO:colcon.colcon_core.shell:Creating environment hook '/home/ubuntu/Desktop/workspace/zhao/install/learn_interface/share/learn_interface/hook/ld_library_path_lib.sh'
[1.894s] Level 1:colcon.colcon_core.environment:checking '/home/ubuntu/Desktop/workspace/zhao/install/learn_interface/bin'
[1.894s] Level 1:colcon.colcon_core.environment:checking '/home/ubuntu/Desktop/workspace/zhao/install/learn_interface/lib/pkgconfig/learn_interface.pc'
[1.895s] Level 1:colcon.colcon_core.environment:checking '/home/ubuntu/Desktop/workspace/zhao/install/learn_interface/lib/python3.8/site-packages'
[1.895s] Level 1:colcon.colcon_core.shell:create_environment_hook('learn_interface', 'pythonpath')
[1.896s] INFO:colcon.colcon_core.shell:Creating environment hook '/home/ubuntu/Desktop/workspace/zhao/install/learn_interface/share/learn_interface/hook/pythonpath.ps1'
[1.897s] INFO:colcon.colcon_core.shell:Creating environment descriptor '/home/ubuntu/Desktop/workspace/zhao/install/learn_interface/share/learn_interface/hook/pythonpath.dsv'
[1.898s] INFO:colcon.colcon_core.shell:Creating environment hook '/home/ubuntu/Desktop/workspace/zhao/install/learn_interface/share/learn_interface/hook/pythonpath.sh'
[1.900s] Level 1:colcon.colcon_core.environment:checking '/home/ubuntu/Desktop/workspace/zhao/install/learn_interface/bin'
[1.901s] INFO:colcon.colcon_core.shell:Creating package script '/home/ubuntu/Desktop/workspace/zhao/install/learn_interface/share/learn_interface/package.ps1'
[1.903s] INFO:colcon.colcon_core.shell:Creating package descriptor '/home/ubuntu/Desktop/workspace/zhao/install/learn_interface/share/learn_interface/package.dsv'
[1.905s] INFO:colcon.colcon_core.shell:Creating package script '/home/ubuntu/Desktop/workspace/zhao/install/learn_interface/share/learn_interface/package.sh'
[1.907s] INFO:colcon.colcon_core.shell:Creating package script '/home/ubuntu/Desktop/workspace/zhao/install/learn_interface/share/learn_interface/package.bash'
[1.909s] INFO:colcon.colcon_core.shell:Creating package script '/home/ubuntu/Desktop/workspace/zhao/install/learn_interface/share/learn_interface/package.zsh'
[1.910s] Level 1:colcon.colcon_core.environment:create_file_with_runtime_dependencies(/home/ubuntu/Desktop/workspace/zhao/install/learn_interface/share/colcon-core/packages/learn_interface)
[2.385s] Level 1:colcon.colcon_core.environment:create_environment_scripts_only(learn_interface)
[2.387s] Level 1:colcon.colcon_core.environment:checking '/home/ubuntu/Desktop/workspace/zhao/install/learn_interface' for CMake module files
[2.389s] Level 1:colcon.colcon_core.environment:checking '/home/ubuntu/Desktop/workspace/zhao/install/learn_interface' for CMake config files
[2.390s] Level 1:colcon.colcon_core.shell:create_environment_hook('learn_interface', 'cmake_prefix_path')
[2.392s] INFO:colcon.colcon_core.shell:Creating environment hook '/home/ubuntu/Desktop/workspace/zhao/install/learn_interface/share/learn_interface/hook/cmake_prefix_path.ps1'
[2.393s] INFO:colcon.colcon_core.shell:Creating environment descriptor '/home/ubuntu/Desktop/workspace/zhao/install/learn_interface/share/learn_interface/hook/cmake_prefix_path.dsv'
[2.394s] INFO:colcon.colcon_core.shell:Creating environment hook '/home/ubuntu/Desktop/workspace/zhao/install/learn_interface/share/learn_interface/hook/cmake_prefix_path.sh'
[2.395s] Level 1:colcon.colcon_core.environment:checking '/home/ubuntu/Desktop/workspace/zhao/install/learn_interface/lib'
[2.395s] Level 1:colcon.colcon_core.shell:create_environment_hook('learn_interface', 'ld_library_path_lib')
[2.397s] INFO:colcon.colcon_core.shell:Creating environment hook '/home/ubuntu/Desktop/workspace/zhao/install/learn_interface/share/learn_interface/hook/ld_library_path_lib.ps1'
[2.398s] INFO:colcon.colcon_core.shell:Creating environment descriptor '/home/ubuntu/Desktop/workspace/zhao/install/learn_interface/share/learn_interface/hook/ld_library_path_lib.dsv'
[2.399s] INFO:colcon.colcon_core.shell:Creating environment hook '/home/ubuntu/Desktop/workspace/zhao/install/learn_interface/share/learn_interface/hook/ld_library_path_lib.sh'
[2.401s] Level 1:colcon.colcon_core.environment:checking '/home/ubuntu/Desktop/workspace/zhao/install/learn_interface/bin'
[2.401s] Level 1:colcon.colcon_core.environment:checking '/home/ubuntu/Desktop/workspace/zhao/install/learn_interface/lib/pkgconfig/learn_interface.pc'
[2.402s] Level 1:colcon.colcon_core.environment:checking '/home/ubuntu/Desktop/workspace/zhao/install/learn_interface/lib/python3.8/site-packages'
[2.402s] Level 1:colcon.colcon_core.shell:create_environment_hook('learn_interface', 'pythonpath')
[2.403s] INFO:colcon.colcon_core.shell:Creating environment hook '/home/ubuntu/Desktop/workspace/zhao/install/learn_interface/share/learn_interface/hook/pythonpath.ps1'
[2.404s] INFO:colcon.colcon_core.shell:Creating environment descriptor '/home/ubuntu/Desktop/workspace/zhao/install/learn_interface/share/learn_interface/hook/pythonpath.dsv'
[2.405s] INFO:colcon.colcon_core.shell:Creating environment hook '/home/ubuntu/Desktop/workspace/zhao/install/learn_interface/share/learn_interface/hook/pythonpath.sh'
[2.406s] Level 1:colcon.colcon_core.environment:checking '/home/ubuntu/Desktop/workspace/zhao/install/learn_interface/bin'
[2.408s] INFO:colcon.colcon_core.shell:Creating package script '/home/ubuntu/Desktop/workspace/zhao/install/learn_interface/share/learn_interface/package.ps1'
[2.411s] INFO:colcon.colcon_core.shell:Creating package descriptor '/home/ubuntu/Desktop/workspace/zhao/install/learn_interface/share/learn_interface/package.dsv'
[2.414s] INFO:colcon.colcon_core.shell:Creating package script '/home/ubuntu/Desktop/workspace/zhao/install/learn_interface/share/learn_interface/package.sh'
[2.415s] INFO:colcon.colcon_core.shell:Creating package script '/home/ubuntu/Desktop/workspace/zhao/install/learn_interface/share/learn_interface/package.bash'
[2.417s] INFO:colcon.colcon_core.shell:Creating package script '/home/ubuntu/Desktop/workspace/zhao/install/learn_interface/share/learn_interface/package.zsh'
[2.418s] Level 1:colcon.colcon_core.environment:create_file_with_runtime_dependencies(/home/ubuntu/Desktop/workspace/zhao/install/learn_interface/share/colcon-core/packages/learn_interface)
[2.423s] DEBUG:colcon.colcon_core.event_handler.log_command:Invoking command in '/home/ubuntu/Desktop/workspace/zhao/src/learn_topic': PYTHONPATH=/home/ubuntu/Desktop/workspace/zhao/install/learn_topic/lib/python3.8/site-packages:${PYTHONPATH} /usr/bin/python3 setup.py egg_info --egg-base ../../build/learn_topic build --build-base /home/ubuntu/Desktop/workspace/zhao/build/learn_topic/build install --prefix /home/ubuntu/Desktop/workspace/zhao/install/learn_topic --record /home/ubuntu/Desktop/workspace/zhao/build/learn_topic/install.log --single-version-externally-managed
[2.475s] DEBUG:colcon.colcon_core.event_handler.log_command:Invoking command in '/home/ubuntu/Desktop/workspace/zhao/src/learn_service': PYTHONPATH=/home/ubuntu/Desktop/workspace/zhao/install/learn_service/lib/python3.8/site-packages:${PYTHONPATH} /usr/bin/python3 setup.py egg_info --egg-base ../../build/learn_service build --build-base /home/ubuntu/Desktop/workspace/zhao/build/learn_service/build install --prefix /home/ubuntu/Desktop/workspace/zhao/install/learn_service --record /home/ubuntu/Desktop/workspace/zhao/build/learn_service/install.log --single-version-externally-managed
[3.082s] Level 1:colcon.colcon_core.environment:checking '/home/ubuntu/Desktop/workspace/zhao/install/learn_topic' for CMake module files
[3.083s] DEBUG:colcon.colcon_core.event_handler.log_command:Invoked command in '/home/ubuntu/Desktop/workspace/zhao/src/learn_topic' returned '0': PYTHONPATH=/home/ubuntu/Desktop/workspace/zhao/install/learn_topic/lib/python3.8/site-packages:${PYTHONPATH} /usr/bin/python3 setup.py egg_info --egg-base ../../build/learn_topic build --build-base /home/ubuntu/Desktop/workspace/zhao/build/learn_topic/build install --prefix /home/ubuntu/Desktop/workspace/zhao/install/learn_topic --record /home/ubuntu/Desktop/workspace/zhao/build/learn_topic/install.log --single-version-externally-managed
[3.084s] Level 1:colcon.colcon_core.environment:checking '/home/ubuntu/Desktop/workspace/zhao/install/learn_topic' for CMake config files
[3.086s] Level 1:colcon.colcon_core.environment:checking '/home/ubuntu/Desktop/workspace/zhao/install/learn_topic/lib'
[3.086s] Level 1:colcon.colcon_core.environment:checking '/home/ubuntu/Desktop/workspace/zhao/install/learn_topic/bin'
[3.086s] Level 1:colcon.colcon_core.environment:checking '/home/ubuntu/Desktop/workspace/zhao/install/learn_topic/lib/pkgconfig/learn_topic.pc'
[3.087s] Level 1:colcon.colcon_core.environment:checking '/home/ubuntu/Desktop/workspace/zhao/install/learn_topic/lib/python3.8/site-packages'
[3.087s] Level 1:colcon.colcon_core.shell:create_environment_hook('learn_topic', 'pythonpath')
[3.088s] INFO:colcon.colcon_core.shell:Creating environment hook '/home/ubuntu/Desktop/workspace/zhao/install/learn_topic/share/learn_topic/hook/pythonpath.ps1'
[3.090s] INFO:colcon.colcon_core.shell:Creating environment descriptor '/home/ubuntu/Desktop/workspace/zhao/install/learn_topic/share/learn_topic/hook/pythonpath.dsv'
[3.092s] INFO:colcon.colcon_core.shell:Creating environment hook '/home/ubuntu/Desktop/workspace/zhao/install/learn_topic/share/learn_topic/hook/pythonpath.sh'
[3.093s] Level 1:colcon.colcon_core.environment:checking '/home/ubuntu/Desktop/workspace/zhao/install/learn_topic/bin'
[3.093s] Level 1:colcon.colcon_core.environment:create_environment_scripts_only(learn_topic)
[3.095s] INFO:colcon.colcon_core.shell:Creating package script '/home/ubuntu/Desktop/workspace/zhao/install/learn_topic/share/learn_topic/package.ps1'
[3.097s] INFO:colcon.colcon_core.shell:Creating package descriptor '/home/ubuntu/Desktop/workspace/zhao/install/learn_topic/share/learn_topic/package.dsv'
[3.098s] INFO:colcon.colcon_core.shell:Creating package script '/home/ubuntu/Desktop/workspace/zhao/install/learn_topic/share/learn_topic/package.sh'
[3.100s] INFO:colcon.colcon_core.shell:Creating package script '/home/ubuntu/Desktop/workspace/zhao/install/learn_topic/share/learn_topic/package.bash'
[3.101s] INFO:colcon.colcon_core.shell:Creating package script '/home/ubuntu/Desktop/workspace/zhao/install/learn_topic/share/learn_topic/package.zsh'
[3.102s] Level 1:colcon.colcon_core.environment:create_file_with_runtime_dependencies(/home/ubuntu/Desktop/workspace/zhao/install/learn_topic/share/colcon-core/packages/learn_topic)
[3.148s] Level 1:colcon.colcon_core.environment:checking '/home/ubuntu/Desktop/workspace/zhao/install/learn_service' for CMake module files
[3.149s] DEBUG:colcon.colcon_core.event_handler.log_command:Invoked command in '/home/ubuntu/Desktop/workspace/zhao/src/learn_service' returned '0': PYTHONPATH=/home/ubuntu/Desktop/workspace/zhao/install/learn_service/lib/python3.8/site-packages:${PYTHONPATH} /usr/bin/python3 setup.py egg_info --egg-base ../../build/learn_service build --build-base /home/ubuntu/Desktop/workspace/zhao/build/learn_service/build install --prefix /home/ubuntu/Desktop/workspace/zhao/install/learn_service --record /home/ubuntu/Desktop/workspace/zhao/build/learn_service/install.log --single-version-externally-managed
[3.150s] Level 1:colcon.colcon_core.environment:checking '/home/ubuntu/Desktop/workspace/zhao/install/learn_service' for CMake config files
[3.151s] Level 1:colcon.colcon_core.environment:checking '/home/ubuntu/Desktop/workspace/zhao/install/learn_service/lib'
[3.151s] Level 1:colcon.colcon_core.environment:checking '/home/ubuntu/Desktop/workspace/zhao/install/learn_service/bin'
[3.152s] Level 1:colcon.colcon_core.environment:checking '/home/ubuntu/Desktop/workspace/zhao/install/learn_service/lib/pkgconfig/learn_service.pc'
[3.152s] Level 1:colcon.colcon_core.environment:checking '/home/ubuntu/Desktop/workspace/zhao/install/learn_service/lib/python3.8/site-packages'
[3.152s] Level 1:colcon.colcon_core.shell:create_environment_hook('learn_service', 'pythonpath')
[3.153s] INFO:colcon.colcon_core.shell:Creating environment hook '/home/ubuntu/Desktop/workspace/zhao/install/learn_service/share/learn_service/hook/pythonpath.ps1'
[3.155s] INFO:colcon.colcon_core.shell:Creating environment descriptor '/home/ubuntu/Desktop/workspace/zhao/install/learn_service/share/learn_service/hook/pythonpath.dsv'
[3.156s] INFO:colcon.colcon_core.shell:Creating environment hook '/home/ubuntu/Desktop/workspace/zhao/install/learn_service/share/learn_service/hook/pythonpath.sh'
[3.157s] Level 1:colcon.colcon_core.environment:checking '/home/ubuntu/Desktop/workspace/zhao/install/learn_service/bin'
[3.157s] Level 1:colcon.colcon_core.environment:create_environment_scripts_only(learn_service)
[3.159s] INFO:colcon.colcon_core.shell:Creating package script '/home/ubuntu/Desktop/workspace/zhao/install/learn_service/share/learn_service/package.ps1'
[3.160s] INFO:colcon.colcon_core.shell:Creating package descriptor '/home/ubuntu/Desktop/workspace/zhao/install/learn_service/share/learn_service/package.dsv'
[3.161s] INFO:colcon.colcon_core.shell:Creating package script '/home/ubuntu/Desktop/workspace/zhao/install/learn_service/share/learn_service/package.sh'
[3.162s] INFO:colcon.colcon_core.shell:Creating package script '/home/ubuntu/Desktop/workspace/zhao/install/learn_service/share/learn_service/package.bash'
[3.163s] INFO:colcon.colcon_core.shell:Creating package script '/home/ubuntu/Desktop/workspace/zhao/install/learn_service/share/learn_service/package.zsh'
[3.163s] Level 1:colcon.colcon_core.environment:create_file_with_runtime_dependencies(/home/ubuntu/Desktop/workspace/zhao/install/learn_service/share/colcon-core/packages/learn_service)
[3.164s] DEBUG:colcon.colcon_parallel_executor.executor.parallel:closing loop
[3.164s] DEBUG:colcon.colcon_parallel_executor.executor.parallel:loop closed
[3.164s] DEBUG:colcon.colcon_parallel_executor.executor.parallel:run_until_complete finished with '0'
[3.165s] DEBUG:colcon.colcon_core.event_reactor:joining thread
[3.200s] INFO:colcon.colcon_core.plugin_system:Skipping extension 'colcon_notification.desktop_notification.notify_send': Could not find 'notify-send'
[3.200s] INFO:colcon.colcon_core.plugin_system:Skipping extension 'colcon_notification.desktop_notification.terminal_notifier': Not used on non-Darwin systems
[3.201s] INFO:colcon.colcon_core.plugin_system:Skipping extension 'colcon_notification.desktop_notification.win32': Not used on non-Windows systems
[3.201s] INFO:colcon.colcon_notification.desktop_notification:Sending desktop notification using 'notify2'
[3.225s] DEBUG:colcon.colcon_notification.desktop_notification.notify2:Failed to initialize notify2: org.freedesktop.DBus.Error.ServiceUnknown: The name org.freedesktop.Notifications was not provided by any .service files
[3.226s] DEBUG:colcon.colcon_core.event_reactor:joined thread
[3.227s] INFO:colcon.colcon_core.shell:Creating prefix script '/home/ubuntu/Desktop/workspace/zhao/install/local_setup.ps1'
[3.229s] INFO:colcon.colcon_core.shell:Creating prefix util module '/home/ubuntu/Desktop/workspace/zhao/install/_local_setup_util_ps1.py'
[3.232s] INFO:colcon.colcon_core.shell:Creating prefix chain script '/home/ubuntu/Desktop/workspace/zhao/install/setup.ps1'
[3.235s] INFO:colcon.colcon_core.shell:Creating prefix script '/home/ubuntu/Desktop/workspace/zhao/install/local_setup.sh'
[3.236s] INFO:colcon.colcon_core.shell:Creating prefix util module '/home/ubuntu/Desktop/workspace/zhao/install/_local_setup_util_sh.py'
[3.237s] INFO:colcon.colcon_core.shell:Creating prefix chain script '/home/ubuntu/Desktop/workspace/zhao/install/setup.sh'
[3.240s] INFO:colcon.colcon_core.shell:Creating prefix script '/home/ubuntu/Desktop/workspace/zhao/install/local_setup.bash'
[3.241s] INFO:colcon.colcon_core.shell:Creating prefix chain script '/home/ubuntu/Desktop/workspace/zhao/install/setup.bash'
[3.243s] INFO:colcon.colcon_core.shell:Creating prefix script '/home/ubuntu/Desktop/workspace/zhao/install/local_setup.zsh'
[3.244s] INFO:colcon.colcon_core.shell:Creating prefix chain script '/home/ubuntu/Desktop/workspace/zhao/install/setup.zsh'
