[1.092s] Invoking command in '/home/ubuntu/Desktop/workspace/zhao/src/learn_topic': PYTHONPATH=/home/ubuntu/Desktop/workspace/zhao/install/learn_topic/lib/python3.8/site-packages:${PYTHONPATH} /usr/bin/python3 setup.py egg_info --egg-base ../../build/learn_topic build --build-base /home/ubuntu/Desktop/workspace/zhao/build/learn_topic/build install --prefix /home/ubuntu/Desktop/workspace/zhao/install/learn_topic --record /home/ubuntu/Desktop/workspace/zhao/build/learn_topic/install.log --single-version-externally-managed
[1.405s] running egg_info
[1.406s] writing ../../build/learn_topic/learn_topic.egg-info/PKG-INFO
[1.407s] writing dependency_links to ../../build/learn_topic/learn_topic.egg-info/dependency_links.txt
[1.407s] writing entry points to ../../build/learn_topic/learn_topic.egg-info/entry_points.txt
[1.407s] writing requirements to ../../build/learn_topic/learn_topic.egg-info/requires.txt
[1.407s] writing top-level names to ../../build/learn_topic/learn_topic.egg-info/top_level.txt
[1.471s] reading manifest file '../../build/learn_topic/learn_topic.egg-info/SOURCES.txt'
[1.472s] writing manifest file '../../build/learn_topic/learn_topic.egg-info/SOURCES.txt'
[1.472s] running build
[1.473s] running build_py
[1.473s] copying learn_topic/topic_webcam_pub.py -> /home/ubuntu/Desktop/workspace/zhao/build/learn_topic/build/lib/learn_topic
[1.473s] running install
[1.474s] running install_lib
[1.476s] copying /home/ubuntu/Desktop/workspace/zhao/build/learn_topic/build/lib/learn_topic/topic_webcam_pub.py -> /home/ubuntu/Desktop/workspace/zhao/install/learn_topic/lib/python3.8/site-packages/learn_topic
[1.478s] byte-compiling /home/ubuntu/Desktop/workspace/zhao/install/learn_topic/lib/python3.8/site-packages/learn_topic/topic_webcam_pub.py to topic_webcam_pub.cpython-38.pyc
[1.481s] running install_data
[1.481s] running install_egg_info
[1.484s] removing '/home/ubuntu/Desktop/workspace/zhao/install/learn_topic/lib/python3.8/site-packages/learn_topic-0.0.0-py3.8.egg-info' (and everything under it)
[1.484s] Copying ../../build/learn_topic/learn_topic.egg-info to /home/ubuntu/Desktop/workspace/zhao/install/learn_topic/lib/python3.8/site-packages/learn_topic-0.0.0-py3.8.egg-info
[1.486s] running install_scripts
[1.512s] Installing topic_cam_pub script to /home/ubuntu/Desktop/workspace/zhao/install/learn_topic/lib/learn_topic
[1.512s] Installing topic_cam_sub script to /home/ubuntu/Desktop/workspace/zhao/install/learn_topic/lib/learn_topic
[1.513s] Installing topic_hello script to /home/ubuntu/Desktop/workspace/zhao/install/learn_topic/lib/learn_topic
[1.513s] writing list of installed files to '/home/ubuntu/Desktop/workspace/zhao/build/learn_topic/install.log'
[1.564s] Invoked command in '/home/ubuntu/Desktop/workspace/zhao/src/learn_topic' returned '0': PYTHONPATH=/home/ubuntu/Desktop/workspace/zhao/install/learn_topic/lib/python3.8/site-packages:${PYTHONPATH} /usr/bin/python3 setup.py egg_info --egg-base ../../build/learn_topic build --build-base /home/ubuntu/Desktop/workspace/zhao/build/learn_topic/build install --prefix /home/ubuntu/Desktop/workspace/zhao/install/learn_topic --record /home/ubuntu/Desktop/workspace/zhao/build/learn_topic/install.log --single-version-externally-managed
