[0.046s] Invoking command in '/home/ubuntu/Desktop/workspace/zhao/build/learn_interface': CMAKE_PREFIX_PATH=${CMAKE_PREFIX_PATH}:/home/ubuntu/Desktop/workspace/zhao/install/learn_topic:/home/ubuntu/Desktop/workspace/zhao/install/learn_service:/opt/ros/foxy /usr/bin/cmake --build /home/ubuntu/Desktop/workspace/zhao/build/learn_interface -- -j4 -l4
[0.841s] -- Found ament_cmake: 0.9.9 (/opt/ros/foxy/share/ament_cmake/cmake)
[0.841s] -- Using PYTHON_EXECUTABLE: /usr/bin/python3
[0.841s] -- Found rosidl_default_generators: 1.0.1 (/opt/ros/foxy/share/rosidl_default_generators/cmake)
[0.843s] -- Using all available rosidl_typesupport_c: rosidl_typesupport_fastrtps_c;rosidl_typesupport_introspection_c
[0.843s] -- Found rosidl_adapter: 1.2.1 (/opt/ros/foxy/share/rosidl_adapter/cmake)
[0.843s] -- Using all available rosidl_typesupport_cpp: rosidl_typesupport_fastrtps_cpp;rosidl_typesupport_introspection_cpp
[0.844s] -- Found PythonInterp: /usr/bin/python3 (found version "3.8.10") 
[1.344s] -- Found ament_cmake_ros: 0.9.2 (/opt/ros/foxy/share/ament_cmake_ros/cmake)
[1.501s] -- Using all available rosidl_typesupport_c: rosidl_typesupport_fastrtps_c;rosidl_typesupport_introspection_c
[1.527s] -- Using all available rosidl_typesupport_cpp: rosidl_typesupport_fastrtps_cpp;rosidl_typesupport_introspection_cpp
[1.590s] -- Found PythonInterp: /usr/bin/python3 (found suitable version "3.8.10", minimum required is "3.5") 
[1.590s] -- Found python_cmake_module: 0.8.1 (/opt/ros/foxy/share/python_cmake_module/cmake)
[1.698s] -- Using PYTHON_EXECUTABLE: /usr/bin/python3
[1.698s] -- Using PYTHON_INCLUDE_DIRS: /usr/include/python3.8
[1.698s] -- Using PYTHON_LIBRARIES: /usr/lib/x86_64-linux-gnu/libpython3.8.so
[1.744s] -- Found ament_lint_auto: 0.9.6 (/opt/ros/foxy/share/ament_lint_auto/cmake)
[1.789s] -- Added test 'copyright' to check source files copyright and LICENSE
[1.792s] -- Added test 'lint_cmake' to check CMake code style
[1.794s] -- Added test 'xmllint' to check XML markup files
[1.804s] -- Configuring done
[2.158s] -- Generating done
[2.168s] -- Build files have been written to: /home/ubuntu/Desktop/workspace/zhao/build/learn_interface
[2.214s] [35m[1mScanning dependencies of target learn_interface__cpp[0m
[2.214s] [  2%] [34m[1mGenerating C code for ROS interfaces[0m
[2.234s] [  5%] [34m[1mGenerating C++ code for ROS interfaces[0m
[3.196s] [  5%] Built target learn_interface__cpp
[3.387s] [  7%] [34m[1mGenerating C++ type support dispatch for ROS interfaces[0m
[3.495s] [ 10%] [34m[1mGenerating C++ type support for eProsima Fast-RTPS[0m
[3.506s] [35m[1mScanning dependencies of target learn_interface__rosidl_generator_c[0m
[3.517s] [ 12%] [34m[1mGenerating C++ introspection for ROS interfaces[0m
[3.577s] [ 15%] [32mBuilding C object CMakeFiles/learn_interface__rosidl_generator_c.dir/rosidl_generator_c/learn_interface/srv/detail/add_two_ints__functions.c.o[0m
[4.167s] [35m[1mScanning dependencies of target learn_interface__rosidl_typesupport_cpp[0m
[4.221s] [ 17%] [32mBuilding CXX object CMakeFiles/learn_interface__rosidl_typesupport_cpp.dir/rosidl_typesupport_cpp/learn_interface/srv/add_two_ints__type_support.cpp.o[0m
[4.527s] [35m[1mScanning dependencies of target learn_interface__rosidl_typesupport_introspection_cpp[0m
[4.553s] [ 20%] [32mBuilding CXX object CMakeFiles/learn_interface__rosidl_typesupport_introspection_cpp.dir/rosidl_typesupport_introspection_cpp/learn_interface/srv/detail/add_two_ints__type_support.cpp.o[0m
[5.063s] [35m[1mScanning dependencies of target learn_interface__rosidl_typesupport_fastrtps_cpp[0m
[5.092s] [ 23%] [32mBuilding CXX object CMakeFiles/learn_interface__rosidl_typesupport_fastrtps_cpp.dir/rosidl_typesupport_fastrtps_cpp/learn_interface/srv/detail/dds_fastrtps/add_two_ints__type_support.cpp.o[0m
[5.893s] [ 25%] [32mBuilding C object CMakeFiles/learn_interface__rosidl_generator_c.dir/rosidl_generator_c/learn_interface/srv/detail/get_object_position__functions.c.o[0m
[5.962s] [ 28%] [32m[1mLinking C shared library liblearn_interface__rosidl_generator_c.so[0m
[7.281s] [ 30%] [32mBuilding CXX object CMakeFiles/learn_interface__rosidl_typesupport_cpp.dir/rosidl_typesupport_cpp/learn_interface/srv/get_object_position__type_support.cpp.o[0m
[7.299s] [ 33%] [32mBuilding CXX object CMakeFiles/learn_interface__rosidl_typesupport_introspection_cpp.dir/rosidl_typesupport_introspection_cpp/learn_interface/srv/detail/get_object_position__type_support.cpp.o[0m
[7.646s] [ 33%] Built target learn_interface__rosidl_generator_c
[7.711s] [ 35%] [32m[1mLinking CXX shared library liblearn_interface__rosidl_typesupport_cpp.so[0m
[7.746s] [ 38%] [34m[1mGenerating C type support dispatch for ROS interfaces[0m
[7.747s] [ 41%] [32m[1mLinking CXX shared library liblearn_interface__rosidl_typesupport_introspection_cpp.so[0m
[7.920s] [ 41%] Built target learn_interface__rosidl_typesupport_cpp
[7.928s] [ 41%] Built target learn_interface__rosidl_typesupport_introspection_cpp
[7.945s] [ 43%] [32mBuilding CXX object CMakeFiles/learn_interface__rosidl_typesupport_fastrtps_cpp.dir/rosidl_typesupport_fastrtps_cpp/learn_interface/srv/detail/dds_fastrtps/get_object_position__type_support.cpp.o[0m
[8.024s] [ 46%] [34m[1mGenerating C introspection for ROS interfaces[0m
[8.556s] [35m[1mScanning dependencies of target learn_interface__rosidl_typesupport_c[0m
[8.596s] [ 48%] [32mBuilding CXX object CMakeFiles/learn_interface__rosidl_typesupport_c.dir/rosidl_typesupport_c/learn_interface/srv/add_two_ints__type_support.cpp.o[0m
[8.656s] [ 51%] [32mBuilding CXX object CMakeFiles/learn_interface__rosidl_typesupport_c.dir/rosidl_typesupport_c/learn_interface/srv/get_object_position__type_support.cpp.o[0m
[8.718s] [ 53%] [32m[1mLinking CXX shared library liblearn_interface__rosidl_typesupport_c.so[0m
[8.777s] [ 56%] [32m[1mLinking CXX shared library liblearn_interface__rosidl_typesupport_fastrtps_cpp.so[0m
[8.801s] [ 56%] Built target learn_interface__rosidl_typesupport_c
[8.852s] [35m[1mScanning dependencies of target learn_interface__rosidl_typesupport_introspection_c[0m
[8.915s] [ 61%] [32mBuilding C object CMakeFiles/learn_interface__rosidl_typesupport_introspection_c.dir/rosidl_typesupport_introspection_c/learn_interface/srv/detail/add_two_ints__type_support.c.o[0m
[8.915s] [ 61%] [32mBuilding C object CMakeFiles/learn_interface__rosidl_typesupport_introspection_c.dir/rosidl_typesupport_introspection_c/learn_interface/srv/detail/get_object_position__type_support.c.o[0m
[8.987s] [ 64%] [32m[1mLinking C shared library liblearn_interface__rosidl_typesupport_introspection_c.so[0m
[9.052s] [ 64%] Built target learn_interface__rosidl_typesupport_introspection_c
[9.175s] [ 64%] Built target learn_interface__rosidl_typesupport_fastrtps_cpp
[9.250s] [ 66%] [34m[1mGenerating C type support for eProsima Fast-RTPS[0m
[10.066s] [35m[1mScanning dependencies of target learn_interface__rosidl_typesupport_fastrtps_c[0m
[10.108s] [ 71%] [32mBuilding CXX object CMakeFiles/learn_interface__rosidl_typesupport_fastrtps_c.dir/rosidl_typesupport_fastrtps_c/learn_interface/srv/detail/add_two_ints__type_support_c.cpp.o[0m
[10.108s] [ 71%] [32mBuilding CXX object CMakeFiles/learn_interface__rosidl_typesupport_fastrtps_c.dir/rosidl_typesupport_fastrtps_c/learn_interface/srv/detail/get_object_position__type_support_c.cpp.o[0m
[10.805s] [ 74%] [32m[1mLinking CXX shared library liblearn_interface__rosidl_typesupport_fastrtps_c.so[0m
[10.995s] [ 74%] Built target learn_interface__rosidl_typesupport_fastrtps_c
[11.028s] [ 74%] Built target learn_interface
[11.044s] [35m[1mScanning dependencies of target learn_interface__py[0m
[11.060s] [ 76%] [34m[1mGenerating Python code for ROS interfaces[0m
[12.563s] [ 76%] Built target learn_interface__py
[12.751s] [35m[1mScanning dependencies of target learn_interface__python[0m
[12.808s] [ 82%] [32mBuilding C object CMakeFiles/learn_interface__python.dir/rosidl_generator_py/learn_interface/srv/_add_two_ints_s.c.o[0m
[12.809s] [ 82%] [32mBuilding C object CMakeFiles/learn_interface__python.dir/rosidl_generator_py/learn_interface/srv/_get_object_position_s.c.o[0m
[13.384s] [ 84%] [32m[1mLinking C shared library rosidl_generator_py/learn_interface/liblearn_interface__python.so[0m
[13.450s] [ 84%] Built target learn_interface__python
[13.493s] [35m[1mScanning dependencies of target learn_interface__rosidl_typesupport_fastrtps_c__pyext[0m
[13.497s] [35m[1mScanning dependencies of target learn_interface__rosidl_typesupport_introspection_c__pyext[0m
[13.502s] [35m[1mScanning dependencies of target learn_interface__rosidl_typesupport_c__pyext[0m
[13.532s] [ 87%] [32mBuilding C object CMakeFiles/learn_interface__rosidl_typesupport_introspection_c__pyext.dir/rosidl_generator_py/learn_interface/_learn_interface_s.ep.rosidl_typesupport_introspection_c.c.o[0m
[13.548s] [ 89%] [32mBuilding C object CMakeFiles/learn_interface__rosidl_typesupport_fastrtps_c__pyext.dir/rosidl_generator_py/learn_interface/_learn_interface_s.ep.rosidl_typesupport_fastrtps_c.c.o[0m
[13.607s] [ 92%] [32mBuilding C object CMakeFiles/learn_interface__rosidl_typesupport_c__pyext.dir/rosidl_generator_py/learn_interface/_learn_interface_s.ep.rosidl_typesupport_c.c.o[0m
[13.728s] [ 94%] [32m[1mLinking C shared library rosidl_generator_py/learn_interface/learn_interface_s__rosidl_typesupport_introspection_c.cpython-38-x86_64-linux-gnu.so[0m
[13.769s] [ 97%] [32m[1mLinking CXX shared library rosidl_generator_py/learn_interface/learn_interface_s__rosidl_typesupport_fastrtps_c.cpython-38-x86_64-linux-gnu.so[0m
[13.822s] [100%] [32m[1mLinking C shared library rosidl_generator_py/learn_interface/learn_interface_s__rosidl_typesupport_c.cpython-38-x86_64-linux-gnu.so[0m
[13.828s] [100%] Built target learn_interface__rosidl_typesupport_introspection_c__pyext
[13.893s] [100%] Built target learn_interface__rosidl_typesupport_c__pyext
[13.912s] [100%] Built target learn_interface__rosidl_typesupport_fastrtps_c__pyext
[13.931s] Invoked command in '/home/ubuntu/Desktop/workspace/zhao/build/learn_interface' returned '0': CMAKE_PREFIX_PATH=${CMAKE_PREFIX_PATH}:/home/ubuntu/Desktop/workspace/zhao/install/learn_topic:/home/ubuntu/Desktop/workspace/zhao/install/learn_service:/opt/ros/foxy /usr/bin/cmake --build /home/ubuntu/Desktop/workspace/zhao/build/learn_interface -- -j4 -l4
[14.052s] Invoking command in '/home/ubuntu/Desktop/workspace/zhao/build/learn_interface': CMAKE_PREFIX_PATH=${CMAKE_PREFIX_PATH}:/home/ubuntu/Desktop/workspace/zhao/install/learn_topic:/home/ubuntu/Desktop/workspace/zhao/install/learn_service:/opt/ros/foxy /usr/bin/cmake --install /home/ubuntu/Desktop/workspace/zhao/build/learn_interface
[14.072s] -- Install configuration: ""
[14.072s] -- Installing: /home/ubuntu/Desktop/workspace/zhao/install/learn_interface/share/ament_index/resource_index/rosidl_interfaces/learn_interface
[14.072s] -- Up-to-date: /home/ubuntu/Desktop/workspace/zhao/install/learn_interface/include/learn_interface
[14.073s] -- Up-to-date: /home/ubuntu/Desktop/workspace/zhao/install/learn_interface/include/learn_interface/msg
[14.073s] -- Up-to-date: /home/ubuntu/Desktop/workspace/zhao/install/learn_interface/include/learn_interface/msg/rosidl_generator_c__visibility_control.h
[14.073s] -- Up-to-date: /home/ubuntu/Desktop/workspace/zhao/install/learn_interface/include/learn_interface/srv
[14.073s] -- Up-to-date: /home/ubuntu/Desktop/workspace/zhao/install/learn_interface/include/learn_interface/srv/add_two_int32s.h
[14.074s] -- Up-to-date: /home/ubuntu/Desktop/workspace/zhao/install/learn_interface/include/learn_interface/srv/detail
[14.075s] -- Up-to-date: /home/ubuntu/Desktop/workspace/zhao/install/learn_interface/include/learn_interface/srv/detail/add_two_int32s__functions.c
[14.075s] -- Up-to-date: /home/ubuntu/Desktop/workspace/zhao/install/learn_interface/include/learn_interface/srv/detail/add_two_int32s__functions.h
[14.075s] -- Up-to-date: /home/ubuntu/Desktop/workspace/zhao/install/learn_interface/include/learn_interface/srv/detail/add_two_int32s__struct.h
[14.075s] -- Up-to-date: /home/ubuntu/Desktop/workspace/zhao/install/learn_interface/include/learn_interface/srv/detail/add_two_int32s__type_support.h
[14.075s] -- Installing: /home/ubuntu/Desktop/workspace/zhao/install/learn_interface/include/learn_interface/srv/detail/get_object_position__functions.c
[14.075s] -- Installing: /home/ubuntu/Desktop/workspace/zhao/install/learn_interface/include/learn_interface/srv/detail/get_object_position__functions.h
[14.076s] -- Installing: /home/ubuntu/Desktop/workspace/zhao/install/learn_interface/include/learn_interface/srv/detail/get_object_position__struct.h
[14.076s] -- Installing: /home/ubuntu/Desktop/workspace/zhao/install/learn_interface/include/learn_interface/srv/detail/get_object_position__type_support.h
[14.076s] -- Installing: /home/ubuntu/Desktop/workspace/zhao/install/learn_interface/include/learn_interface/srv/detail/add_two_ints__functions.c
[14.094s] -- Installing: /home/ubuntu/Desktop/workspace/zhao/install/learn_interface/include/learn_interface/srv/detail/add_two_ints__functions.h
[14.095s] -- Installing: /home/ubuntu/Desktop/workspace/zhao/install/learn_interface/include/learn_interface/srv/detail/add_two_ints__struct.h
[14.095s] -- Installing: /home/ubuntu/Desktop/workspace/zhao/install/learn_interface/include/learn_interface/srv/detail/add_two_ints__type_support.h
[14.096s] -- Installing: /home/ubuntu/Desktop/workspace/zhao/install/learn_interface/include/learn_interface/srv/get_object_position.h
[14.096s] -- Installing: /home/ubuntu/Desktop/workspace/zhao/install/learn_interface/include/learn_interface/srv/add_two_ints.h
[14.097s] -- Up-to-date: /home/ubuntu/Desktop/workspace/zhao/install/learn_interface/share/learn_interface/environment/library_path.sh
[14.097s] -- Installing: /home/ubuntu/Desktop/workspace/zhao/install/learn_interface/share/learn_interface/environment/library_path.dsv
[14.132s] -- Installing: /home/ubuntu/Desktop/workspace/zhao/install/learn_interface/lib/liblearn_interface__rosidl_generator_c.so
[14.141s] -- Set runtime path of "/home/ubuntu/Desktop/workspace/zhao/install/learn_interface/lib/liblearn_interface__rosidl_generator_c.so" to ""
[14.142s] -- Up-to-date: /home/ubuntu/Desktop/workspace/zhao/install/learn_interface/include/learn_interface
[14.142s] -- Up-to-date: /home/ubuntu/Desktop/workspace/zhao/install/learn_interface/include/learn_interface/msg
[14.143s] -- Up-to-date: /home/ubuntu/Desktop/workspace/zhao/install/learn_interface/include/learn_interface/msg/rosidl_typesupport_fastrtps_c__visibility_control.h
[14.143s] -- Up-to-date: /home/ubuntu/Desktop/workspace/zhao/install/learn_interface/include/learn_interface/srv
[14.144s] -- Up-to-date: /home/ubuntu/Desktop/workspace/zhao/install/learn_interface/include/learn_interface/srv/detail
[14.144s] -- Up-to-date: /home/ubuntu/Desktop/workspace/zhao/install/learn_interface/include/learn_interface/srv/detail/add_two_int32s__rosidl_typesupport_fastrtps_c.h
[14.144s] -- Installing: /home/ubuntu/Desktop/workspace/zhao/install/learn_interface/include/learn_interface/srv/detail/get_object_position__rosidl_typesupport_fastrtps_c.h
[14.144s] -- Installing: /home/ubuntu/Desktop/workspace/zhao/install/learn_interface/include/learn_interface/srv/detail/add_two_ints__rosidl_typesupport_fastrtps_c.h
[14.148s] -- Installing: /home/ubuntu/Desktop/workspace/zhao/install/learn_interface/lib/liblearn_interface__rosidl_typesupport_fastrtps_c.so
[14.152s] -- Set runtime path of "/home/ubuntu/Desktop/workspace/zhao/install/learn_interface/lib/liblearn_interface__rosidl_typesupport_fastrtps_c.so" to ""
[14.152s] -- Up-to-date: /home/ubuntu/Desktop/workspace/zhao/install/learn_interface/include/learn_interface
[14.155s] -- Up-to-date: /home/ubuntu/Desktop/workspace/zhao/install/learn_interface/include/learn_interface/msg
[14.155s] -- Up-to-date: /home/ubuntu/Desktop/workspace/zhao/install/learn_interface/include/learn_interface/msg/rosidl_typesupport_fastrtps_cpp__visibility_control.h
[14.155s] -- Up-to-date: /home/ubuntu/Desktop/workspace/zhao/install/learn_interface/include/learn_interface/srv
[14.156s] -- Up-to-date: /home/ubuntu/Desktop/workspace/zhao/install/learn_interface/include/learn_interface/srv/detail
[14.156s] -- Up-to-date: /home/ubuntu/Desktop/workspace/zhao/install/learn_interface/include/learn_interface/srv/detail/add_two_int32s__rosidl_typesupport_fastrtps_cpp.hpp
[14.156s] -- Up-to-date: /home/ubuntu/Desktop/workspace/zhao/install/learn_interface/include/learn_interface/srv/detail/dds_fastrtps
[14.156s] -- Installing: /home/ubuntu/Desktop/workspace/zhao/install/learn_interface/include/learn_interface/srv/detail/get_object_position__rosidl_typesupport_fastrtps_cpp.hpp
[14.156s] -- Installing: /home/ubuntu/Desktop/workspace/zhao/install/learn_interface/include/learn_interface/srv/detail/add_two_ints__rosidl_typesupport_fastrtps_cpp.hpp
[14.168s] -- Installing: /home/ubuntu/Desktop/workspace/zhao/install/learn_interface/lib/liblearn_interface__rosidl_typesupport_fastrtps_cpp.so
[14.177s] -- Set runtime path of "/home/ubuntu/Desktop/workspace/zhao/install/learn_interface/lib/liblearn_interface__rosidl_typesupport_fastrtps_cpp.so" to ""
[14.177s] -- Up-to-date: /home/ubuntu/Desktop/workspace/zhao/install/learn_interface/include/learn_interface
[14.177s] -- Up-to-date: /home/ubuntu/Desktop/workspace/zhao/install/learn_interface/include/learn_interface/msg
[14.180s] -- Up-to-date: /home/ubuntu/Desktop/workspace/zhao/install/learn_interface/include/learn_interface/msg/rosidl_typesupport_introspection_c__visibility_control.h
[14.180s] -- Up-to-date: /home/ubuntu/Desktop/workspace/zhao/install/learn_interface/include/learn_interface/srv
[14.183s] -- Up-to-date: /home/ubuntu/Desktop/workspace/zhao/install/learn_interface/include/learn_interface/srv/detail
[14.184s] -- Up-to-date: /home/ubuntu/Desktop/workspace/zhao/install/learn_interface/include/learn_interface/srv/detail/add_two_int32s__rosidl_typesupport_introspection_c.h
[14.185s] -- Up-to-date: /home/ubuntu/Desktop/workspace/zhao/install/learn_interface/include/learn_interface/srv/detail/add_two_int32s__type_support.c
[14.185s] -- Installing: /home/ubuntu/Desktop/workspace/zhao/install/learn_interface/include/learn_interface/srv/detail/get_object_position__rosidl_typesupport_introspection_c.h
[14.185s] -- Installing: /home/ubuntu/Desktop/workspace/zhao/install/learn_interface/include/learn_interface/srv/detail/get_object_position__type_support.c
[14.186s] -- Installing: /home/ubuntu/Desktop/workspace/zhao/install/learn_interface/include/learn_interface/srv/detail/add_two_ints__rosidl_typesupport_introspection_c.h
[14.186s] -- Installing: /home/ubuntu/Desktop/workspace/zhao/install/learn_interface/include/learn_interface/srv/detail/add_two_ints__type_support.c
[14.187s] -- Installing: /home/ubuntu/Desktop/workspace/zhao/install/learn_interface/lib/liblearn_interface__rosidl_typesupport_introspection_c.so
[14.189s] -- Set runtime path of "/home/ubuntu/Desktop/workspace/zhao/install/learn_interface/lib/liblearn_interface__rosidl_typesupport_introspection_c.so" to ""
[14.191s] -- Installing: /home/ubuntu/Desktop/workspace/zhao/install/learn_interface/lib/liblearn_interface__rosidl_typesupport_c.so
[14.192s] -- Set runtime path of "/home/ubuntu/Desktop/workspace/zhao/install/learn_interface/lib/liblearn_interface__rosidl_typesupport_c.so" to ""
[14.193s] -- Up-to-date: /home/ubuntu/Desktop/workspace/zhao/install/learn_interface/include/learn_interface
[14.193s] -- Up-to-date: /home/ubuntu/Desktop/workspace/zhao/install/learn_interface/include/learn_interface/srv
[14.193s] -- Up-to-date: /home/ubuntu/Desktop/workspace/zhao/install/learn_interface/include/learn_interface/srv/add_two_int32s.hpp
[14.194s] -- Up-to-date: /home/ubuntu/Desktop/workspace/zhao/install/learn_interface/include/learn_interface/srv/detail
[14.194s] -- Up-to-date: /home/ubuntu/Desktop/workspace/zhao/install/learn_interface/include/learn_interface/srv/detail/add_two_int32s__builder.hpp
[14.194s] -- Up-to-date: /home/ubuntu/Desktop/workspace/zhao/install/learn_interface/include/learn_interface/srv/detail/add_two_int32s__struct.hpp
[14.195s] -- Up-to-date: /home/ubuntu/Desktop/workspace/zhao/install/learn_interface/include/learn_interface/srv/detail/add_two_int32s__traits.hpp
[14.195s] -- Installing: /home/ubuntu/Desktop/workspace/zhao/install/learn_interface/include/learn_interface/srv/detail/get_object_position__builder.hpp
[14.195s] -- Installing: /home/ubuntu/Desktop/workspace/zhao/install/learn_interface/include/learn_interface/srv/detail/get_object_position__struct.hpp
[14.195s] -- Installing: /home/ubuntu/Desktop/workspace/zhao/install/learn_interface/include/learn_interface/srv/detail/get_object_position__traits.hpp
[14.195s] -- Installing: /home/ubuntu/Desktop/workspace/zhao/install/learn_interface/include/learn_interface/srv/detail/add_two_ints__builder.hpp
[14.196s] -- Installing: /home/ubuntu/Desktop/workspace/zhao/install/learn_interface/include/learn_interface/srv/detail/add_two_ints__struct.hpp
[14.202s] -- Installing: /home/ubuntu/Desktop/workspace/zhao/install/learn_interface/include/learn_interface/srv/detail/add_two_ints__traits.hpp
[14.202s] -- Installing: /home/ubuntu/Desktop/workspace/zhao/install/learn_interface/include/learn_interface/srv/get_object_position.hpp
[14.203s] -- Installing: /home/ubuntu/Desktop/workspace/zhao/install/learn_interface/include/learn_interface/srv/add_two_ints.hpp
[14.203s] -- Up-to-date: /home/ubuntu/Desktop/workspace/zhao/install/learn_interface/include/learn_interface
[14.204s] -- Up-to-date: /home/ubuntu/Desktop/workspace/zhao/install/learn_interface/include/learn_interface/srv
[14.204s] -- Up-to-date: /home/ubuntu/Desktop/workspace/zhao/install/learn_interface/include/learn_interface/srv/detail
[14.204s] -- Up-to-date: /home/ubuntu/Desktop/workspace/zhao/install/learn_interface/include/learn_interface/srv/detail/add_two_int32s__rosidl_typesupport_introspection_cpp.hpp
[14.204s] -- Up-to-date: /home/ubuntu/Desktop/workspace/zhao/install/learn_interface/include/learn_interface/srv/detail/add_two_int32s__type_support.cpp
[14.205s] -- Installing: /home/ubuntu/Desktop/workspace/zhao/install/learn_interface/include/learn_interface/srv/detail/get_object_position__rosidl_typesupport_introspection_cpp.hpp
[14.205s] -- Installing: /home/ubuntu/Desktop/workspace/zhao/install/learn_interface/include/learn_interface/srv/detail/get_object_position__type_support.cpp
[14.205s] -- Installing: /home/ubuntu/Desktop/workspace/zhao/install/learn_interface/include/learn_interface/srv/detail/add_two_ints__rosidl_typesupport_introspection_cpp.hpp
[14.206s] -- Installing: /home/ubuntu/Desktop/workspace/zhao/install/learn_interface/include/learn_interface/srv/detail/add_two_ints__type_support.cpp
[14.249s] -- Installing: /home/ubuntu/Desktop/workspace/zhao/install/learn_interface/lib/liblearn_interface__rosidl_typesupport_introspection_cpp.so
[14.257s] -- Set runtime path of "/home/ubuntu/Desktop/workspace/zhao/install/learn_interface/lib/liblearn_interface__rosidl_typesupport_introspection_cpp.so" to ""
[14.258s] -- Installing: /home/ubuntu/Desktop/workspace/zhao/install/learn_interface/lib/liblearn_interface__rosidl_typesupport_cpp.so
[14.259s] -- Set runtime path of "/home/ubuntu/Desktop/workspace/zhao/install/learn_interface/lib/liblearn_interface__rosidl_typesupport_cpp.so" to ""
[14.259s] -- Up-to-date: /home/ubuntu/Desktop/workspace/zhao/install/learn_interface/share/learn_interface/environment/pythonpath.sh
[14.260s] -- Installing: /home/ubuntu/Desktop/workspace/zhao/install/learn_interface/share/learn_interface/environment/pythonpath.dsv
[14.260s] -- Installing: /home/ubuntu/Desktop/workspace/zhao/install/learn_interface/lib/python3.8/site-packages/learn_interface/__init__.py
[14.318s] Compiling '/home/ubuntu/Desktop/workspace/zhao/install/learn_interface/lib/python3.8/site-packages/learn_interface/__init__.py'...
[14.332s] -- Up-to-date: /home/ubuntu/Desktop/workspace/zhao/install/learn_interface/lib/python3.8/site-packages/learn_interface/srv
[14.332s] -- Up-to-date: /home/ubuntu/Desktop/workspace/zhao/install/learn_interface/lib/python3.8/site-packages/learn_interface/srv/_add_two_int32s.py
[14.332s] -- Up-to-date: /home/ubuntu/Desktop/workspace/zhao/install/learn_interface/lib/python3.8/site-packages/learn_interface/srv/_add_two_int32s_s.c
[14.332s] -- Installing: /home/ubuntu/Desktop/workspace/zhao/install/learn_interface/lib/python3.8/site-packages/learn_interface/srv/_get_object_position.py
[14.333s] -- Installing: /home/ubuntu/Desktop/workspace/zhao/install/learn_interface/lib/python3.8/site-packages/learn_interface/srv/_get_object_position_s.c
[14.333s] -- Installing: /home/ubuntu/Desktop/workspace/zhao/install/learn_interface/lib/python3.8/site-packages/learn_interface/srv/__init__.py
[14.333s] -- Installing: /home/ubuntu/Desktop/workspace/zhao/install/learn_interface/lib/python3.8/site-packages/learn_interface/srv/_add_two_ints.py
[14.334s] -- Installing: /home/ubuntu/Desktop/workspace/zhao/install/learn_interface/lib/python3.8/site-packages/learn_interface/srv/_add_two_ints_s.c
[14.339s] -- Installing: /home/ubuntu/Desktop/workspace/zhao/install/learn_interface/lib/python3.8/site-packages/learn_interface/learn_interface_s__rosidl_typesupport_fastrtps_c.cpython-38-x86_64-linux-gnu.so
[14.341s] -- Set runtime path of "/home/ubuntu/Desktop/workspace/zhao/install/learn_interface/lib/python3.8/site-packages/learn_interface/learn_interface_s__rosidl_typesupport_fastrtps_c.cpython-38-x86_64-linux-gnu.so" to ""
[14.343s] -- Installing: /home/ubuntu/Desktop/workspace/zhao/install/learn_interface/lib/python3.8/site-packages/learn_interface/learn_interface_s__rosidl_typesupport_introspection_c.cpython-38-x86_64-linux-gnu.so
[14.346s] -- Set runtime path of "/home/ubuntu/Desktop/workspace/zhao/install/learn_interface/lib/python3.8/site-packages/learn_interface/learn_interface_s__rosidl_typesupport_introspection_c.cpython-38-x86_64-linux-gnu.so" to ""
[14.349s] -- Installing: /home/ubuntu/Desktop/workspace/zhao/install/learn_interface/lib/python3.8/site-packages/learn_interface/learn_interface_s__rosidl_typesupport_c.cpython-38-x86_64-linux-gnu.so
[14.361s] -- Set runtime path of "/home/ubuntu/Desktop/workspace/zhao/install/learn_interface/lib/python3.8/site-packages/learn_interface/learn_interface_s__rosidl_typesupport_c.cpython-38-x86_64-linux-gnu.so" to ""
[14.361s] -- Installing: /home/ubuntu/Desktop/workspace/zhao/install/learn_interface/lib/liblearn_interface__python.so
[14.362s] -- Set runtime path of "/home/ubuntu/Desktop/workspace/zhao/install/learn_interface/lib/liblearn_interface__python.so" to ""
[14.363s] -- Installing: /home/ubuntu/Desktop/workspace/zhao/install/learn_interface/share/learn_interface/srv/AddTwoInts.idl
[14.363s] -- Up-to-date: /home/ubuntu/Desktop/workspace/zhao/install/learn_interface/share/learn_interface/srv/GetObjectPosition.idl
[14.363s] -- Installing: /home/ubuntu/Desktop/workspace/zhao/install/learn_interface/share/learn_interface/srv/AddTwoInts.srv
[14.364s] -- Installing: /home/ubuntu/Desktop/workspace/zhao/install/learn_interface/share/learn_interface/srv/AddTwoInts_Request.msg
[14.364s] -- Installing: /home/ubuntu/Desktop/workspace/zhao/install/learn_interface/share/learn_interface/srv/AddTwoInts_Response.msg
[14.364s] -- Up-to-date: /home/ubuntu/Desktop/workspace/zhao/install/learn_interface/share/learn_interface/srv/GetObjectPosition.srv
[14.364s] -- Up-to-date: /home/ubuntu/Desktop/workspace/zhao/install/learn_interface/share/learn_interface/srv/GetObjectPosition_Request.msg
[14.365s] -- Up-to-date: /home/ubuntu/Desktop/workspace/zhao/install/learn_interface/share/learn_interface/srv/GetObjectPosition_Response.msg
[14.365s] -- Up-to-date: /home/ubuntu/Desktop/workspace/zhao/install/learn_interface/share/ament_index/resource_index/package_run_dependencies/learn_interface
[14.365s] -- Installing: /home/ubuntu/Desktop/workspace/zhao/install/learn_interface/share/ament_index/resource_index/parent_prefix_path/learn_interface
[14.366s] -- Up-to-date: /home/ubuntu/Desktop/workspace/zhao/install/learn_interface/share/learn_interface/environment/ament_prefix_path.sh
[14.366s] -- Installing: /home/ubuntu/Desktop/workspace/zhao/install/learn_interface/share/learn_interface/environment/ament_prefix_path.dsv
[14.366s] -- Up-to-date: /home/ubuntu/Desktop/workspace/zhao/install/learn_interface/share/learn_interface/environment/path.sh
[14.366s] -- Installing: /home/ubuntu/Desktop/workspace/zhao/install/learn_interface/share/learn_interface/environment/path.dsv
[14.366s] -- Up-to-date: /home/ubuntu/Desktop/workspace/zhao/install/learn_interface/share/learn_interface/local_setup.bash
[14.367s] -- Up-to-date: /home/ubuntu/Desktop/workspace/zhao/install/learn_interface/share/learn_interface/local_setup.sh
[14.367s] -- Up-to-date: /home/ubuntu/Desktop/workspace/zhao/install/learn_interface/share/learn_interface/local_setup.zsh
[14.367s] -- Installing: /home/ubuntu/Desktop/workspace/zhao/install/learn_interface/share/learn_interface/local_setup.dsv
[14.367s] -- Installing: /home/ubuntu/Desktop/workspace/zhao/install/learn_interface/share/learn_interface/package.dsv
[14.367s] -- Up-to-date: /home/ubuntu/Desktop/workspace/zhao/install/learn_interface/share/ament_index/resource_index/packages/learn_interface
[14.367s] -- Up-to-date: /home/ubuntu/Desktop/workspace/zhao/install/learn_interface/share/learn_interface/cmake/learn_interface__rosidl_generator_cExport.cmake
[14.368s] -- Installing: /home/ubuntu/Desktop/workspace/zhao/install/learn_interface/share/learn_interface/cmake/learn_interface__rosidl_generator_cExport-noconfig.cmake
[14.396s] -- Up-to-date: /home/ubuntu/Desktop/workspace/zhao/install/learn_interface/share/learn_interface/cmake/learn_interface__rosidl_typesupport_introspection_cExport.cmake
[14.396s] -- Installing: /home/ubuntu/Desktop/workspace/zhao/install/learn_interface/share/learn_interface/cmake/learn_interface__rosidl_typesupport_introspection_cExport-noconfig.cmake
[14.397s] -- Up-to-date: /home/ubuntu/Desktop/workspace/zhao/install/learn_interface/share/learn_interface/cmake/learn_interface__rosidl_typesupport_cExport.cmake
[14.397s] -- Installing: /home/ubuntu/Desktop/workspace/zhao/install/learn_interface/share/learn_interface/cmake/learn_interface__rosidl_typesupport_cExport-noconfig.cmake
[14.397s] -- Up-to-date: /home/ubuntu/Desktop/workspace/zhao/install/learn_interface/share/learn_interface/cmake/learn_interface__rosidl_generator_cppExport.cmake
[14.398s] -- Up-to-date: /home/ubuntu/Desktop/workspace/zhao/install/learn_interface/share/learn_interface/cmake/learn_interface__rosidl_typesupport_introspection_cppExport.cmake
[14.398s] -- Installing: /home/ubuntu/Desktop/workspace/zhao/install/learn_interface/share/learn_interface/cmake/learn_interface__rosidl_typesupport_introspection_cppExport-noconfig.cmake
[14.398s] -- Up-to-date: /home/ubuntu/Desktop/workspace/zhao/install/learn_interface/share/learn_interface/cmake/learn_interface__rosidl_typesupport_cppExport.cmake
[14.399s] -- Installing: /home/ubuntu/Desktop/workspace/zhao/install/learn_interface/share/learn_interface/cmake/learn_interface__rosidl_typesupport_cppExport-noconfig.cmake
[14.399s] -- Installing: /home/ubuntu/Desktop/workspace/zhao/install/learn_interface/share/learn_interface/cmake/rosidl_cmake-extras.cmake
[14.400s] -- Up-to-date: /home/ubuntu/Desktop/workspace/zhao/install/learn_interface/share/learn_interface/cmake/ament_cmake_export_dependencies-extras.cmake
[14.400s] -- Up-to-date: /home/ubuntu/Desktop/workspace/zhao/install/learn_interface/share/learn_interface/cmake/ament_cmake_export_libraries-extras.cmake
[14.401s] -- Up-to-date: /home/ubuntu/Desktop/workspace/zhao/install/learn_interface/share/learn_interface/cmake/ament_cmake_export_targets-extras.cmake
[14.401s] -- Up-to-date: /home/ubuntu/Desktop/workspace/zhao/install/learn_interface/share/learn_interface/cmake/ament_cmake_export_include_directories-extras.cmake
[14.401s] -- Up-to-date: /home/ubuntu/Desktop/workspace/zhao/install/learn_interface/share/learn_interface/cmake/rosidl_cmake_export_typesupport_libraries-extras.cmake
[14.402s] -- Up-to-date: /home/ubuntu/Desktop/workspace/zhao/install/learn_interface/share/learn_interface/cmake/rosidl_cmake_export_typesupport_targets-extras.cmake
[14.402s] -- Up-to-date: /home/ubuntu/Desktop/workspace/zhao/install/learn_interface/share/learn_interface/cmake/learn_interfaceConfig.cmake
[14.402s] -- Up-to-date: /home/ubuntu/Desktop/workspace/zhao/install/learn_interface/share/learn_interface/cmake/learn_interfaceConfig-version.cmake
[14.402s] -- Up-to-date: /home/ubuntu/Desktop/workspace/zhao/install/learn_interface/share/learn_interface/package.xml
[14.407s] Invoked command in '/home/ubuntu/Desktop/workspace/zhao/build/learn_interface' returned '0': CMAKE_PREFIX_PATH=${CMAKE_PREFIX_PATH}:/home/ubuntu/Desktop/workspace/zhao/install/learn_topic:/home/ubuntu/Desktop/workspace/zhao/install/learn_service:/opt/ros/foxy /usr/bin/cmake --install /home/ubuntu/Desktop/workspace/zhao/build/learn_interface
