[0.047s] Invoking command in '/home/ubuntu/Desktop/workspace/zhao/build/learn_interface': /usr/bin/cmake /home/ubuntu/Desktop/workspace/zhao/src/learn_interface -DCMAKE_INSTALL_PREFIX=/home/ubuntu/Desktop/workspace/zhao/install/learn_interface
[2.801s] -- The C compiler identification is GNU 9.4.0
[3.571s] -- The CXX compiler identification is GNU 9.4.0
[3.722s] -- Check for working C compiler: /usr/bin/cc
[3.837s] -- Check for working C compiler: /usr/bin/cc -- works
[3.840s] -- Detecting C compiler ABI info
[4.020s] -- Detecting C compiler ABI info - done
[4.040s] -- Detecting C compile features
[4.052s] -- Detecting C compile features - done
[4.066s] -- Check for working CXX compiler: /usr/bin/c++
[4.190s] -- Check for working CXX compiler: /usr/bin/c++ -- works
[4.192s] -- Detecting CXX compiler ABI info
[4.330s] -- Detecting CXX compiler ABI info - done
[4.351s] -- Detecting CXX compile features
[4.352s] -- Detecting CXX compile features - done
[4.467s] -- Found ament_cmake: 0.9.9 (/opt/ros/foxy/share/ament_cmake/cmake)
[4.533s] -- Found PythonInterp: /usr/bin/python3 (found suitable version "3.8.10", minimum required is "3") 
[4.533s] -- Using PYTHON_EXECUTABLE: /usr/bin/python3
[4.898s] -- Found rosidl_default_generators: 1.0.1 (/opt/ros/foxy/share/rosidl_default_generators/cmake)
[4.925s] -- Using all available rosidl_typesupport_c: rosidl_typesupport_fastrtps_c;rosidl_typesupport_introspection_c
[4.945s] -- Found rosidl_adapter: 1.2.1 (/opt/ros/foxy/share/rosidl_adapter/cmake)
[5.826s] -- Found OpenSSL: /usr/lib/x86_64-linux-gnu/libcrypto.so (found version "1.1.1f")  
[5.945s] -- Found FastRTPS: /opt/ros/foxy/include  
[6.059s] -- Using all available rosidl_typesupport_cpp: rosidl_typesupport_fastrtps_cpp;rosidl_typesupport_introspection_cpp
[6.137s] -- Found PythonInterp: /usr/bin/python3 (found version "3.8.10") 
[6.323s] CMake Error at /opt/ros/foxy/share/rosidl_adapter/cmake/rosidl_adapt_interfaces.cmake:60 (message):
[6.323s]   execute_process(/usr/bin/python3 -m rosidl_adapter --package-name
[6.324s]   learn_interface --arguments-file
[6.325s]   /home/ubuntu/Desktop/workspace/zhao/build/learn_interface/rosidl_adapter__arguments__learn_interface.json
[6.325s]   --output-dir
[6.325s]   /home/ubuntu/Desktop/workspace/zhao/build/learn_interface/rosidl_adapter/learn_interface
[6.326s]   --output-file
[6.326s]   /home/ubuntu/Desktop/workspace/zhao/build/learn_interface/rosidl_adapter/learn_interface.idls)
[6.326s]   returned error code 1:
[6.326s] 
[6.326s]   Traceback (most recent call last):
[6.326s] 
[6.326s]     File "/usr/lib/python3.8/runpy.py", line 194, in _run_module_as_main
[6.327s]       return _run_code(code, main_globals, None,
[6.327s]     File "/usr/lib/python3.8/runpy.py", line 87, in _run_code
[6.327s]       exec(code, run_globals)
[6.327s]     File "/opt/ros/foxy/lib/python3.8/site-packages/rosidl_adapter/__main__.py", line 19, in <module>
[6.327s]       sys.exit(main())
[6.327s]     File "/opt/ros/foxy/lib/python3.8/site-packages/rosidl_adapter/main.py", line 53, in main
[6.327s]       abs_idl_file = convert_to_idl(
[6.328s]     File "/opt/ros/foxy/lib/python3.8/site-packages/rosidl_adapter/__init__.py", line 24, in convert_to_idl
[6.328s]       return convert_srv_to_idl(
[6.328s]     File "/opt/ros/foxy/lib/python3.8/site-packages/rosidl_adapter/srv/__init__.py", line 28, in convert_srv_to_idl
[6.328s]       srv = parse_service_string(package_name, input_file.stem, content)
[6.328s]     File "/opt/ros/foxy/lib/python3.8/site-packages/rosidl_adapter/parser.py", line 852, in parse_service_string
[6.328s]       request_message = parse_message_string(
[6.328s]     File "/opt/ros/foxy/lib/python3.8/site-packages/rosidl_adapter/parser.py", line 540, in parse_message_string
[6.328s]       msg = MessageSpecification(pkg_name, msg_name, fields, constants)
[6.329s]     File "/opt/ros/foxy/lib/python3.8/site-packages/rosidl_adapter/parser.py", line 387, in __init__
[6.329s]       self.base_type = BaseType(
[6.329s]     File "/opt/ros/foxy/lib/python3.8/site-packages/rosidl_adapter/parser.py", line 204, in __init__
[6.329s]       raise InvalidResourceName(
[6.329s] 
[6.329s]   rosidl_adapter.parser.InvalidResourceName: 'addTwoInts_Request' is an
[6.329s]   invalid message name.  It should have the pattern '^[A-Z][A-Za-z0-9]*$'
[6.329s] 
[6.330s] Call Stack (most recent call first):
[6.330s]   /opt/ros/foxy/share/rosidl_cmake/cmake/rosidl_generate_interfaces.cmake:130 (rosidl_adapt_interfaces)
[6.330s]   CMakeLists.txt:25 (rosidl_generate_interfaces)
[6.330s] 
[6.330s] 
[6.330s] -- Configuring incomplete, errors occurred!
[6.330s] See also "/home/ubuntu/Desktop/workspace/zhao/build/learn_interface/CMakeFiles/CMakeOutput.log".
[6.339s] Invoked command in '/home/ubuntu/Desktop/workspace/zhao/build/learn_interface' returned '1': /usr/bin/cmake /home/ubuntu/Desktop/workspace/zhao/src/learn_interface -DCMAKE_INSTALL_PREFIX=/home/ubuntu/Desktop/workspace/zhao/install/learn_interface
