[0.607s] DEBUG:colcon:Command line arguments: ['/usr/bin/colcon', 'build']
[0.607s] DEBUG:colcon:Parsed command line arguments: Namespace(allow_overriding=[], ament_cmake_args=None, base_paths=['.'], build_base='build', catkin_cmake_args=None, catkin_skip_building_tests=False, cmake_args=None, cmake_clean_cache=False, cmake_clean_first=False, cmake_force_configure=False, cmake_target=None, cmake_target_skip_unavailable=False, continue_on_error=False, event_handlers=None, executor='parallel', ignore_user_meta=False, install_base='install', log_base=None, log_level=None, main=<bound method BuildVerb.main of <colcon_core.verb.build.BuildVerb object at 0x7f6f1b513b20>>, merge_install=False, metas=['./colcon.meta'], packages_above=None, packages_above_and_dependencies=None, packages_above_depth=None, packages_end=None, packages_ignore=None, packages_ignore_regex=None, packages_select=None, packages_select_build_failed=False, packages_select_by_dep=None, packages_select_regex=None, packages_select_test_failures=False, packages_skip=None, packages_skip_build_finished=False, packages_skip_by_dep=None, packages_skip_regex=None, packages_skip_test_passed=False, packages_skip_up_to=None, packages_start=None, packages_up_to=None, packages_up_to_regex=None, parallel_workers=4, paths=None, symlink_install=False, test_result_base=None, verb_extension=<colcon_core.verb.build.BuildVerb object at 0x7f6f1b513b20>, verb_name='build', verb_parser=<colcon_defaults.argument_parser.defaults.DefaultArgumentsDecorator object at 0x7f6f1b51e0d0>)
[0.689s] Level 1:colcon.colcon_core.package_discovery:discover_packages(colcon_meta) check parameters
[0.689s] Level 1:colcon.colcon_core.package_discovery:discover_packages(recursive) check parameters
[0.689s] Level 1:colcon.colcon_core.package_discovery:discover_packages(ignore) check parameters
[0.689s] Level 1:colcon.colcon_core.package_discovery:discover_packages(path) check parameters
[0.690s] Level 1:colcon.colcon_core.package_discovery:discover_packages(colcon_meta) discover
[0.690s] Level 1:colcon.colcon_core.package_discovery:discover_packages(recursive) discover
[0.690s] INFO:colcon.colcon_core.package_discovery:Crawling recursively for packages in '/home/ubuntu/Desktop/workspace/zhao'
[0.690s] Level 1:colcon.colcon_core.package_identification:_identify(.) by extensions ['ignore', 'ignore_ament_install']
[0.690s] Level 1:colcon.colcon_core.package_identification:_identify(.) by extension 'ignore'
[0.690s] Level 1:colcon.colcon_core.package_identification:_identify(.) by extension 'ignore_ament_install'
[0.690s] Level 1:colcon.colcon_core.package_identification:_identify(.) by extensions ['colcon_pkg']
[0.690s] Level 1:colcon.colcon_core.package_identification:_identify(.) by extension 'colcon_pkg'
[0.690s] Level 1:colcon.colcon_core.package_identification:_identify(.) by extensions ['colcon_meta']
[0.691s] Level 1:colcon.colcon_core.package_identification:_identify(.) by extension 'colcon_meta'
[0.691s] Level 1:colcon.colcon_core.package_identification:_identify(.) by extensions ['ros']
[0.691s] Level 1:colcon.colcon_core.package_identification:_identify(.) by extension 'ros'
[0.744s] Level 1:colcon.colcon_core.package_identification:_identify(.) by extensions ['cmake', 'python']
[0.744s] Level 1:colcon.colcon_core.package_identification:_identify(.) by extension 'cmake'
[0.744s] Level 1:colcon.colcon_core.package_identification:_identify(.) by extension 'python'
[0.744s] Level 1:colcon.colcon_core.package_identification:_identify(.) by extensions ['python_setup_py']
[0.744s] Level 1:colcon.colcon_core.package_identification:_identify(.) by extension 'python_setup_py'
[0.745s] Level 1:colcon.colcon_core.package_identification:_identify(build) by extensions ['ignore', 'ignore_ament_install']
[0.745s] Level 1:colcon.colcon_core.package_identification:_identify(build) by extension 'ignore'
[0.745s] Level 1:colcon.colcon_core.package_identification:_identify(build) ignored
[0.745s] Level 1:colcon.colcon_core.package_identification:_identify(install) by extensions ['ignore', 'ignore_ament_install']
[0.745s] Level 1:colcon.colcon_core.package_identification:_identify(install) by extension 'ignore'
[0.745s] Level 1:colcon.colcon_core.package_identification:_identify(install) ignored
[0.745s] Level 1:colcon.colcon_core.package_identification:_identify(log) by extensions ['ignore', 'ignore_ament_install']
[0.745s] Level 1:colcon.colcon_core.package_identification:_identify(log) by extension 'ignore'
[0.745s] Level 1:colcon.colcon_core.package_identification:_identify(log) ignored
[0.745s] Level 1:colcon.colcon_core.package_identification:_identify(src) by extensions ['ignore', 'ignore_ament_install']
[0.746s] Level 1:colcon.colcon_core.package_identification:_identify(src) by extension 'ignore'
[0.746s] Level 1:colcon.colcon_core.package_identification:_identify(src) by extension 'ignore_ament_install'
[0.746s] Level 1:colcon.colcon_core.package_identification:_identify(src) by extensions ['colcon_pkg']
[0.746s] Level 1:colcon.colcon_core.package_identification:_identify(src) by extension 'colcon_pkg'
[0.746s] Level 1:colcon.colcon_core.package_identification:_identify(src) by extensions ['colcon_meta']
[0.746s] Level 1:colcon.colcon_core.package_identification:_identify(src) by extension 'colcon_meta'
[0.746s] Level 1:colcon.colcon_core.package_identification:_identify(src) by extensions ['ros']
[0.746s] Level 1:colcon.colcon_core.package_identification:_identify(src) by extension 'ros'
[0.746s] Level 1:colcon.colcon_core.package_identification:_identify(src) by extensions ['cmake', 'python']
[0.746s] Level 1:colcon.colcon_core.package_identification:_identify(src) by extension 'cmake'
[0.746s] Level 1:colcon.colcon_core.package_identification:_identify(src) by extension 'python'
[0.746s] Level 1:colcon.colcon_core.package_identification:_identify(src) by extensions ['python_setup_py']
[0.746s] Level 1:colcon.colcon_core.package_identification:_identify(src) by extension 'python_setup_py'
[0.747s] Level 1:colcon.colcon_core.package_identification:_identify(src/learn_interface) by extensions ['ignore', 'ignore_ament_install']
[0.747s] Level 1:colcon.colcon_core.package_identification:_identify(src/learn_interface) by extension 'ignore'
[0.747s] Level 1:colcon.colcon_core.package_identification:_identify(src/learn_interface) by extension 'ignore_ament_install'
[0.747s] Level 1:colcon.colcon_core.package_identification:_identify(src/learn_interface) by extensions ['colcon_pkg']
[0.747s] Level 1:colcon.colcon_core.package_identification:_identify(src/learn_interface) by extension 'colcon_pkg'
[0.747s] Level 1:colcon.colcon_core.package_identification:_identify(src/learn_interface) by extensions ['colcon_meta']
[0.747s] Level 1:colcon.colcon_core.package_identification:_identify(src/learn_interface) by extension 'colcon_meta'
[0.747s] Level 1:colcon.colcon_core.package_identification:_identify(src/learn_interface) by extensions ['ros']
[0.747s] Level 1:colcon.colcon_core.package_identification:_identify(src/learn_interface) by extension 'ros'
[0.772s] DEBUG:colcon.colcon_core.package_identification:Package 'src/learn_interface' with type 'ros.ament_cmake' and name 'learn_interface'
[0.772s] Level 1:colcon.colcon_core.package_identification:_identify(src/learn_service) by extensions ['ignore', 'ignore_ament_install']
[0.772s] Level 1:colcon.colcon_core.package_identification:_identify(src/learn_service) by extension 'ignore'
[0.772s] Level 1:colcon.colcon_core.package_identification:_identify(src/learn_service) by extension 'ignore_ament_install'
[0.772s] Level 1:colcon.colcon_core.package_identification:_identify(src/learn_service) by extensions ['colcon_pkg']
[0.772s] Level 1:colcon.colcon_core.package_identification:_identify(src/learn_service) by extension 'colcon_pkg'
[0.772s] Level 1:colcon.colcon_core.package_identification:_identify(src/learn_service) by extensions ['colcon_meta']
[0.773s] Level 1:colcon.colcon_core.package_identification:_identify(src/learn_service) by extension 'colcon_meta'
[0.773s] Level 1:colcon.colcon_core.package_identification:_identify(src/learn_service) by extensions ['ros']
[0.773s] Level 1:colcon.colcon_core.package_identification:_identify(src/learn_service) by extension 'ros'
[0.773s] DEBUG:colcon.colcon_core.package_identification:Package 'src/learn_service' with type 'ros.ament_python' and name 'learn_service'
[0.774s] Level 1:colcon.colcon_core.package_identification:_identify(src/learn_topic) by extensions ['ignore', 'ignore_ament_install']
[0.774s] Level 1:colcon.colcon_core.package_identification:_identify(src/learn_topic) by extension 'ignore'
[0.774s] Level 1:colcon.colcon_core.package_identification:_identify(src/learn_topic) by extension 'ignore_ament_install'
[0.774s] Level 1:colcon.colcon_core.package_identification:_identify(src/learn_topic) by extensions ['colcon_pkg']
[0.774s] Level 1:colcon.colcon_core.package_identification:_identify(src/learn_topic) by extension 'colcon_pkg'
[0.774s] Level 1:colcon.colcon_core.package_identification:_identify(src/learn_topic) by extensions ['colcon_meta']
[0.774s] Level 1:colcon.colcon_core.package_identification:_identify(src/learn_topic) by extension 'colcon_meta'
[0.774s] Level 1:colcon.colcon_core.package_identification:_identify(src/learn_topic) by extensions ['ros']
[0.774s] Level 1:colcon.colcon_core.package_identification:_identify(src/learn_topic) by extension 'ros'
[0.775s] DEBUG:colcon.colcon_core.package_identification:Package 'src/learn_topic' with type 'ros.ament_python' and name 'learn_topic'
[0.775s] Level 1:colcon.colcon_core.package_discovery:discover_packages(recursive) using defaults
[0.775s] Level 1:colcon.colcon_core.package_discovery:discover_packages(ignore) discover
[0.775s] Level 1:colcon.colcon_core.package_discovery:discover_packages(ignore) using defaults
[0.775s] Level 1:colcon.colcon_core.package_discovery:discover_packages(path) discover
[0.775s] Level 1:colcon.colcon_core.package_discovery:discover_packages(path) using defaults
[0.814s] Level 1:colcon.colcon_core.package_discovery:discover_packages(prefix_path) check parameters
[0.815s] Level 1:colcon.colcon_core.package_discovery:discover_packages(prefix_path) discover
[0.818s] DEBUG:colcon.colcon_installed_package_information.package_discovery:Found 3 installed packages in /home/ubuntu/Desktop/workspace/zhao/install
[0.821s] DEBUG:colcon.colcon_installed_package_information.package_discovery:Found 272 installed packages in /opt/ros/foxy
[0.825s] Level 1:colcon.colcon_core.package_discovery:discover_packages(prefix_path) using defaults
[0.965s] Level 5:colcon.colcon_core.verb:set package 'learn_interface' build argument 'cmake_args' from command line to 'None'
[0.965s] Level 5:colcon.colcon_core.verb:set package 'learn_interface' build argument 'cmake_target' from command line to 'None'
[0.965s] Level 5:colcon.colcon_core.verb:set package 'learn_interface' build argument 'cmake_target_skip_unavailable' from command line to 'False'
[0.965s] Level 5:colcon.colcon_core.verb:set package 'learn_interface' build argument 'cmake_clean_cache' from command line to 'False'
[0.965s] Level 5:colcon.colcon_core.verb:set package 'learn_interface' build argument 'cmake_clean_first' from command line to 'False'
[0.965s] Level 5:colcon.colcon_core.verb:set package 'learn_interface' build argument 'cmake_force_configure' from command line to 'False'
[0.965s] Level 5:colcon.colcon_core.verb:set package 'learn_interface' build argument 'ament_cmake_args' from command line to 'None'
[0.965s] Level 5:colcon.colcon_core.verb:set package 'learn_interface' build argument 'catkin_cmake_args' from command line to 'None'
[0.965s] Level 5:colcon.colcon_core.verb:set package 'learn_interface' build argument 'catkin_skip_building_tests' from command line to 'False'
[0.965s] DEBUG:colcon.colcon_core.verb:Building package 'learn_interface' with the following arguments: {'ament_cmake_args': None, 'build_base': '/home/ubuntu/Desktop/workspace/zhao/build/learn_interface', 'catkin_cmake_args': None, 'catkin_skip_building_tests': False, 'cmake_args': None, 'cmake_clean_cache': False, 'cmake_clean_first': False, 'cmake_force_configure': False, 'cmake_target': None, 'cmake_target_skip_unavailable': False, 'install_base': '/home/ubuntu/Desktop/workspace/zhao/install/learn_interface', 'merge_install': False, 'path': '/home/ubuntu/Desktop/workspace/zhao/src/learn_interface', 'symlink_install': False, 'test_result_base': None}
[0.966s] Level 5:colcon.colcon_core.verb:set package 'learn_service' build argument 'cmake_args' from command line to 'None'
[0.966s] Level 5:colcon.colcon_core.verb:set package 'learn_service' build argument 'cmake_target' from command line to 'None'
[0.966s] Level 5:colcon.colcon_core.verb:set package 'learn_service' build argument 'cmake_target_skip_unavailable' from command line to 'False'
[0.967s] Level 5:colcon.colcon_core.verb:set package 'learn_service' build argument 'cmake_clean_cache' from command line to 'False'
[0.967s] Level 5:colcon.colcon_core.verb:set package 'learn_service' build argument 'cmake_clean_first' from command line to 'False'
[0.967s] Level 5:colcon.colcon_core.verb:set package 'learn_service' build argument 'cmake_force_configure' from command line to 'False'
[0.967s] Level 5:colcon.colcon_core.verb:set package 'learn_service' build argument 'ament_cmake_args' from command line to 'None'
[0.967s] Level 5:colcon.colcon_core.verb:set package 'learn_service' build argument 'catkin_cmake_args' from command line to 'None'
[0.967s] Level 5:colcon.colcon_core.verb:set package 'learn_service' build argument 'catkin_skip_building_tests' from command line to 'False'
[0.967s] DEBUG:colcon.colcon_core.verb:Building package 'learn_service' with the following arguments: {'ament_cmake_args': None, 'build_base': '/home/ubuntu/Desktop/workspace/zhao/build/learn_service', 'catkin_cmake_args': None, 'catkin_skip_building_tests': False, 'cmake_args': None, 'cmake_clean_cache': False, 'cmake_clean_first': False, 'cmake_force_configure': False, 'cmake_target': None, 'cmake_target_skip_unavailable': False, 'install_base': '/home/ubuntu/Desktop/workspace/zhao/install/learn_service', 'merge_install': False, 'path': '/home/ubuntu/Desktop/workspace/zhao/src/learn_service', 'symlink_install': False, 'test_result_base': None}
[0.968s] Level 5:colcon.colcon_core.verb:set package 'learn_topic' build argument 'cmake_args' from command line to 'None'
[0.968s] Level 5:colcon.colcon_core.verb:set package 'learn_topic' build argument 'cmake_target' from command line to 'None'
[0.968s] Level 5:colcon.colcon_core.verb:set package 'learn_topic' build argument 'cmake_target_skip_unavailable' from command line to 'False'
[0.968s] Level 5:colcon.colcon_core.verb:set package 'learn_topic' build argument 'cmake_clean_cache' from command line to 'False'
[0.968s] Level 5:colcon.colcon_core.verb:set package 'learn_topic' build argument 'cmake_clean_first' from command line to 'False'
[0.968s] Level 5:colcon.colcon_core.verb:set package 'learn_topic' build argument 'cmake_force_configure' from command line to 'False'
[0.968s] Level 5:colcon.colcon_core.verb:set package 'learn_topic' build argument 'ament_cmake_args' from command line to 'None'
[0.968s] Level 5:colcon.colcon_core.verb:set package 'learn_topic' build argument 'catkin_cmake_args' from command line to 'None'
[0.968s] Level 5:colcon.colcon_core.verb:set package 'learn_topic' build argument 'catkin_skip_building_tests' from command line to 'False'
[0.968s] DEBUG:colcon.colcon_core.verb:Building package 'learn_topic' with the following arguments: {'ament_cmake_args': None, 'build_base': '/home/ubuntu/Desktop/workspace/zhao/build/learn_topic', 'catkin_cmake_args': None, 'catkin_skip_building_tests': False, 'cmake_args': None, 'cmake_clean_cache': False, 'cmake_clean_first': False, 'cmake_force_configure': False, 'cmake_target': None, 'cmake_target_skip_unavailable': False, 'install_base': '/home/ubuntu/Desktop/workspace/zhao/install/learn_topic', 'merge_install': False, 'path': '/home/ubuntu/Desktop/workspace/zhao/src/learn_topic', 'symlink_install': False, 'test_result_base': None}
[0.969s] INFO:colcon.colcon_core.executor:Executing jobs using 'parallel' executor
[0.972s] DEBUG:colcon.colcon_parallel_executor.executor.parallel:run_until_complete
[0.972s] INFO:colcon.colcon_ros.task.ament_cmake.build:Building ROS package in '/home/ubuntu/Desktop/workspace/zhao/src/learn_interface' with build type 'ament_cmake'
[0.972s] INFO:colcon.colcon_cmake.task.cmake.build:Building CMake package in '/home/ubuntu/Desktop/workspace/zhao/src/learn_interface'
[0.978s] INFO:colcon.colcon_core.plugin_system:Skipping extension 'colcon_core.shell.bat': Not used on non-Windows systems
[0.979s] INFO:colcon.colcon_core.shell:Skip shell extension 'powershell' for command environment: Not usable outside of PowerShell
[0.979s] DEBUG:colcon.colcon_core.shell:Skip shell extension 'dsv' for command environment
[0.987s] INFO:colcon.colcon_ros.task.ament_python.build:Building ROS package in '/home/ubuntu/Desktop/workspace/zhao/src/learn_service' with build type 'ament_python'
[0.988s] Level 1:colcon.colcon_core.shell:create_environment_hook('learn_service', 'ament_prefix_path')
[0.989s] INFO:colcon.colcon_core.shell:Creating environment hook '/home/ubuntu/Desktop/workspace/zhao/install/learn_service/share/learn_service/hook/ament_prefix_path.ps1'
[0.990s] INFO:colcon.colcon_core.shell:Creating environment descriptor '/home/ubuntu/Desktop/workspace/zhao/install/learn_service/share/learn_service/hook/ament_prefix_path.dsv'
[0.991s] INFO:colcon.colcon_core.shell:Creating environment hook '/home/ubuntu/Desktop/workspace/zhao/install/learn_service/share/learn_service/hook/ament_prefix_path.sh'
[0.993s] INFO:colcon.colcon_core.shell:Skip shell extension 'powershell' for command environment: Not usable outside of PowerShell
[0.993s] DEBUG:colcon.colcon_core.shell:Skip shell extension 'dsv' for command environment
[1.000s] INFO:colcon.colcon_ros.task.ament_python.build:Building ROS package in '/home/ubuntu/Desktop/workspace/zhao/src/learn_topic' with build type 'ament_python'
[1.001s] Level 1:colcon.colcon_core.shell:create_environment_hook('learn_topic', 'ament_prefix_path')
[1.002s] INFO:colcon.colcon_core.shell:Creating environment hook '/home/ubuntu/Desktop/workspace/zhao/install/learn_topic/share/learn_topic/hook/ament_prefix_path.ps1'
[1.005s] INFO:colcon.colcon_core.shell:Creating environment descriptor '/home/ubuntu/Desktop/workspace/zhao/install/learn_topic/share/learn_topic/hook/ament_prefix_path.dsv'
[1.006s] INFO:colcon.colcon_core.shell:Creating environment hook '/home/ubuntu/Desktop/workspace/zhao/install/learn_topic/share/learn_topic/hook/ament_prefix_path.sh'
[1.008s] INFO:colcon.colcon_core.shell:Skip shell extension 'powershell' for command environment: Not usable outside of PowerShell
[1.008s] DEBUG:colcon.colcon_core.shell:Skip shell extension 'dsv' for command environment
[1.040s] DEBUG:colcon.colcon_core.event_handler.log_command:Invoking command in '/home/ubuntu/Desktop/workspace/zhao/build/learn_interface': CMAKE_PREFIX_PATH=${CMAKE_PREFIX_PATH}:/home/ubuntu/Desktop/workspace/zhao/install/learn_topic:/home/ubuntu/Desktop/workspace/zhao/install/learn_service:/opt/ros/foxy /usr/bin/cmake --build /home/ubuntu/Desktop/workspace/zhao/build/learn_interface -- -j4 -l4
[1.442s] INFO:colcon.colcon_core.task.python.build:Building Python package in '/home/ubuntu/Desktop/workspace/zhao/src/learn_service'
[1.443s] INFO:colcon.colcon_core.shell:Skip shell extension 'powershell' for command environment: Not usable outside of PowerShell
[1.443s] DEBUG:colcon.colcon_core.shell:Skip shell extension 'dsv' for command environment
[1.889s] INFO:colcon.colcon_core.task.python.build:Building Python package in '/home/ubuntu/Desktop/workspace/zhao/src/learn_topic'
[1.890s] INFO:colcon.colcon_core.shell:Skip shell extension 'powershell' for command environment: Not usable outside of PowerShell
[1.890s] DEBUG:colcon.colcon_core.shell:Skip shell extension 'dsv' for command environment
[3.801s] DEBUG:colcon.colcon_core.event_handler.log_command:Invoked command in '/home/ubuntu/Desktop/workspace/zhao/build/learn_interface' returned '2': CMAKE_PREFIX_PATH=${CMAKE_PREFIX_PATH}:/home/ubuntu/Desktop/workspace/zhao/install/learn_topic:/home/ubuntu/Desktop/workspace/zhao/install/learn_service:/opt/ros/foxy /usr/bin/cmake --build /home/ubuntu/Desktop/workspace/zhao/build/learn_interface -- -j4 -l4
[3.949s] DEBUG:colcon.colcon_core.event_handler.log_command:Invoking command in '/home/ubuntu/Desktop/workspace/zhao/src/learn_service': PYTHONPATH=/home/ubuntu/Desktop/workspace/zhao/install/learn_service/lib/python3.8/site-packages:${PYTHONPATH} /usr/bin/python3 setup.py egg_info --egg-base ../../build/learn_service build --build-base /home/ubuntu/Desktop/workspace/zhao/build/learn_service/build install --prefix /home/ubuntu/Desktop/workspace/zhao/install/learn_service --record /home/ubuntu/Desktop/workspace/zhao/build/learn_service/install.log --single-version-externally-managed
[3.965s] DEBUG:colcon.colcon_core.event_handler.log_command:Invoking command in '/home/ubuntu/Desktop/workspace/zhao/src/learn_topic': PYTHONPATH=/home/ubuntu/Desktop/workspace/zhao/install/learn_topic/lib/python3.8/site-packages:${PYTHONPATH} /usr/bin/python3 setup.py egg_info --egg-base ../../build/learn_topic build --build-base /home/ubuntu/Desktop/workspace/zhao/build/learn_topic/build install --prefix /home/ubuntu/Desktop/workspace/zhao/install/learn_topic --record /home/ubuntu/Desktop/workspace/zhao/build/learn_topic/install.log --single-version-externally-managed
[3.974s] Level 1:colcon.colcon_core.environment:create_environment_scripts_only(learn_interface)
[3.980s] Level 1:colcon.colcon_core.environment:checking '/home/ubuntu/Desktop/workspace/zhao/install/learn_interface' for CMake module files
[3.982s] Level 1:colcon.colcon_core.environment:checking '/home/ubuntu/Desktop/workspace/zhao/install/learn_interface' for CMake config files
[3.982s] Level 1:colcon.colcon_core.shell:create_environment_hook('learn_interface', 'cmake_prefix_path')
[3.983s] INFO:colcon.colcon_core.shell:Creating environment hook '/home/ubuntu/Desktop/workspace/zhao/install/learn_interface/share/learn_interface/hook/cmake_prefix_path.ps1'
[3.984s] INFO:colcon.colcon_core.shell:Creating environment descriptor '/home/ubuntu/Desktop/workspace/zhao/install/learn_interface/share/learn_interface/hook/cmake_prefix_path.dsv'
[3.985s] INFO:colcon.colcon_core.shell:Creating environment hook '/home/ubuntu/Desktop/workspace/zhao/install/learn_interface/share/learn_interface/hook/cmake_prefix_path.sh'
[3.986s] Level 1:colcon.colcon_core.environment:checking '/home/ubuntu/Desktop/workspace/zhao/install/learn_interface/lib'
[3.986s] Level 1:colcon.colcon_core.shell:create_environment_hook('learn_interface', 'ld_library_path_lib')
[3.987s] INFO:colcon.colcon_core.shell:Creating environment hook '/home/ubuntu/Desktop/workspace/zhao/install/learn_interface/share/learn_interface/hook/ld_library_path_lib.ps1'
[3.990s] INFO:colcon.colcon_core.shell:Creating environment descriptor '/home/ubuntu/Desktop/workspace/zhao/install/learn_interface/share/learn_interface/hook/ld_library_path_lib.dsv'
[3.991s] INFO:colcon.colcon_core.shell:Creating environment hook '/home/ubuntu/Desktop/workspace/zhao/install/learn_interface/share/learn_interface/hook/ld_library_path_lib.sh'
[3.992s] Level 1:colcon.colcon_core.environment:checking '/home/ubuntu/Desktop/workspace/zhao/install/learn_interface/bin'
[3.992s] Level 1:colcon.colcon_core.environment:checking '/home/ubuntu/Desktop/workspace/zhao/install/learn_interface/lib/pkgconfig/learn_interface.pc'
[3.993s] Level 1:colcon.colcon_core.environment:checking '/home/ubuntu/Desktop/workspace/zhao/install/learn_interface/lib/python3.8/site-packages'
[3.993s] Level 1:colcon.colcon_core.shell:create_environment_hook('learn_interface', 'pythonpath')
[3.994s] INFO:colcon.colcon_core.shell:Creating environment hook '/home/ubuntu/Desktop/workspace/zhao/install/learn_interface/share/learn_interface/hook/pythonpath.ps1'
[3.995s] INFO:colcon.colcon_core.shell:Creating environment descriptor '/home/ubuntu/Desktop/workspace/zhao/install/learn_interface/share/learn_interface/hook/pythonpath.dsv'
[3.995s] INFO:colcon.colcon_core.shell:Creating environment hook '/home/ubuntu/Desktop/workspace/zhao/install/learn_interface/share/learn_interface/hook/pythonpath.sh'
[3.996s] Level 1:colcon.colcon_core.environment:checking '/home/ubuntu/Desktop/workspace/zhao/install/learn_interface/bin'
[3.998s] INFO:colcon.colcon_core.shell:Creating package script '/home/ubuntu/Desktop/workspace/zhao/install/learn_interface/share/learn_interface/package.ps1'
[4.001s] INFO:colcon.colcon_core.shell:Creating package descriptor '/home/ubuntu/Desktop/workspace/zhao/install/learn_interface/share/learn_interface/package.dsv'
[4.003s] INFO:colcon.colcon_core.shell:Creating package script '/home/ubuntu/Desktop/workspace/zhao/install/learn_interface/share/learn_interface/package.sh'
[4.004s] INFO:colcon.colcon_core.shell:Creating package script '/home/ubuntu/Desktop/workspace/zhao/install/learn_interface/share/learn_interface/package.bash'
[4.007s] INFO:colcon.colcon_core.shell:Creating package script '/home/ubuntu/Desktop/workspace/zhao/install/learn_interface/share/learn_interface/package.zsh'
[4.008s] Level 1:colcon.colcon_core.environment:create_file_with_runtime_dependencies(/home/ubuntu/Desktop/workspace/zhao/install/learn_interface/share/colcon-core/packages/learn_interface)
[4.555s] DEBUG:colcon.colcon_parallel_executor.executor.parallel:closing loop
[4.555s] DEBUG:colcon.colcon_parallel_executor.executor.parallel:loop closed
[4.555s] DEBUG:colcon.colcon_parallel_executor.executor.parallel:run_until_complete finished with '2'
[4.555s] DEBUG:colcon.colcon_core.event_reactor:joining thread
[4.613s] INFO:colcon.colcon_core.plugin_system:Skipping extension 'colcon_notification.desktop_notification.notify_send': Could not find 'notify-send'
[4.613s] INFO:colcon.colcon_core.plugin_system:Skipping extension 'colcon_notification.desktop_notification.terminal_notifier': Not used on non-Darwin systems
[4.613s] INFO:colcon.colcon_core.plugin_system:Skipping extension 'colcon_notification.desktop_notification.win32': Not used on non-Windows systems
[4.613s] INFO:colcon.colcon_notification.desktop_notification:Sending desktop notification using 'notify2'
[4.692s] DEBUG:colcon.colcon_notification.desktop_notification.notify2:Failed to initialize notify2: org.freedesktop.DBus.Error.ServiceUnknown: The name org.freedesktop.Notifications was not provided by any .service files
[4.692s] DEBUG:colcon.colcon_core.event_reactor:joined thread
[4.694s] INFO:colcon.colcon_core.shell:Creating prefix script '/home/ubuntu/Desktop/workspace/zhao/install/local_setup.ps1'
[4.695s] INFO:colcon.colcon_core.shell:Creating prefix util module '/home/ubuntu/Desktop/workspace/zhao/install/_local_setup_util_ps1.py'
[4.716s] INFO:colcon.colcon_core.shell:Creating prefix chain script '/home/ubuntu/Desktop/workspace/zhao/install/setup.ps1'
[4.718s] INFO:colcon.colcon_core.shell:Creating prefix script '/home/ubuntu/Desktop/workspace/zhao/install/local_setup.sh'
[4.765s] INFO:colcon.colcon_core.shell:Creating prefix util module '/home/ubuntu/Desktop/workspace/zhao/install/_local_setup_util_sh.py'
[4.766s] INFO:colcon.colcon_core.shell:Creating prefix chain script '/home/ubuntu/Desktop/workspace/zhao/install/setup.sh'
[4.767s] INFO:colcon.colcon_core.shell:Creating prefix script '/home/ubuntu/Desktop/workspace/zhao/install/local_setup.bash'
[4.768s] INFO:colcon.colcon_core.shell:Creating prefix chain script '/home/ubuntu/Desktop/workspace/zhao/install/setup.bash'
[4.769s] INFO:colcon.colcon_core.shell:Creating prefix script '/home/ubuntu/Desktop/workspace/zhao/install/local_setup.zsh'
[4.770s] INFO:colcon.colcon_core.shell:Creating prefix chain script '/home/ubuntu/Desktop/workspace/zhao/install/setup.zsh'
