[2.964s] Invoking command in '/home/ubuntu/Desktop/workspace/zhao/src/learn_topic': PYTHONPATH=/home/ubuntu/Desktop/workspace/zhao/install/learn_topic/lib/python3.8/site-packages:${PYTHONPATH} /usr/bin/python3 setup.py egg_info --egg-base ../../build/learn_topic build --build-base /home/ubuntu/Desktop/workspace/zhao/build/learn_topic/build install --prefix /home/ubuntu/Desktop/workspace/zhao/install/learn_topic --record /home/ubuntu/Desktop/workspace/zhao/build/learn_topic/install.log --single-version-externally-managed
[3.323s] running egg_info
[3.324s] writing ../../build/learn_topic/learn_topic.egg-info/PKG-INFO
[3.324s] writing dependency_links to ../../build/learn_topic/learn_topic.egg-info/dependency_links.txt
[3.324s] writing entry points to ../../build/learn_topic/learn_topic.egg-info/entry_points.txt
[3.324s] writing requirements to ../../build/learn_topic/learn_topic.egg-info/requires.txt
[3.325s] writing top-level names to ../../build/learn_topic/learn_topic.egg-info/top_level.txt
[3.434s] reading manifest file '../../build/learn_topic/learn_topic.egg-info/SOURCES.txt'
[3.436s] writing manifest file '../../build/learn_topic/learn_topic.egg-info/SOURCES.txt'
[3.436s] running build
[3.436s] running build_py
[3.436s] running install
[3.438s] running install_lib
[3.440s] running install_data
[3.441s] running install_egg_info
[3.443s] removing '/home/ubuntu/Desktop/workspace/zhao/install/learn_topic/lib/python3.8/site-packages/learn_topic-0.0.0-py3.8.egg-info' (and everything under it)
[3.445s] Copying ../../build/learn_topic/learn_topic.egg-info to /home/ubuntu/Desktop/workspace/zhao/install/learn_topic/lib/python3.8/site-packages/learn_topic-0.0.0-py3.8.egg-info
[3.446s] running install_scripts
[3.475s] Installing topic_cam_pub script to /home/ubuntu/Desktop/workspace/zhao/install/learn_topic/lib/learn_topic
[3.475s] Installing topic_cam_sub script to /home/ubuntu/Desktop/workspace/zhao/install/learn_topic/lib/learn_topic
[3.476s] Installing topic_hello script to /home/ubuntu/Desktop/workspace/zhao/install/learn_topic/lib/learn_topic
[3.476s] writing list of installed files to '/home/ubuntu/Desktop/workspace/zhao/build/learn_topic/install.log'
