[0.495s] Invoking command in '/home/ubuntu/Desktop/workspace/zhao/build/learn_interface': CMAKE_PREFIX_PATH=${CMAKE_PREFIX_PATH}:/home/ubuntu/Desktop/workspace/zhao/install/learn_action:/home/ubuntu/Desktop/workspace/zhao/install/learn_topic:/home/ubuntu/Desktop/workspace/zhao/install/learn_service:/opt/ros/foxy /usr/bin/cmake --build /home/ubuntu/Desktop/workspace/zhao/build/learn_interface -- -j4 -l4
[1.196s] [  1%] Built target learn_interface__cpp
[1.196s] [ 12%] Built target learn_interface__rosidl_generator_c
[1.199s] [ 23%] Built target learn_interface__rosidl_typesupport_cpp
[1.200s] [ 34%] Built target learn_interface__rosidl_typesupport_fastrtps_cpp
[1.200s] [ 45%] Built target learn_interface__rosidl_typesupport_introspection_cpp
[1.200s] [ 56%] Built target learn_interface__rosidl_typesupport_c
[1.200s] [ 67%] Built target learn_interface__rosidl_typesupport_introspection_c
[1.201s] [ 78%] Built target learn_interface__rosidl_typesupport_fastrtps_c
[1.202s] [ 78%] Built target learn_interface
[1.203s] [ 80%] Built target learn_interface__py
[1.208s] [ 89%] Built target learn_interface__python
[1.208s] [ 92%] Built target learn_interface__rosidl_typesupport_introspection_c__pyext
[1.208s] [ 96%] Built target learn_interface__rosidl_typesupport_c__pyext
[1.209s] [100%] Built target learn_interface__rosidl_typesupport_fastrtps_c__pyext
[1.727s] Invoked command in '/home/ubuntu/Desktop/workspace/zhao/build/learn_interface' returned '0': CMAKE_PREFIX_PATH=${CMAKE_PREFIX_PATH}:/home/ubuntu/Desktop/workspace/zhao/install/learn_action:/home/ubuntu/Desktop/workspace/zhao/install/learn_topic:/home/ubuntu/Desktop/workspace/zhao/install/learn_service:/opt/ros/foxy /usr/bin/cmake --build /home/ubuntu/Desktop/workspace/zhao/build/learn_interface -- -j4 -l4
[2.355s] Invoking command in '/home/ubuntu/Desktop/workspace/zhao/build/learn_interface': CMAKE_PREFIX_PATH=${CMAKE_PREFIX_PATH}:/home/ubuntu/Desktop/workspace/zhao/install/learn_action:/home/ubuntu/Desktop/workspace/zhao/install/learn_topic:/home/ubuntu/Desktop/workspace/zhao/install/learn_service:/opt/ros/foxy /usr/bin/cmake --install /home/ubuntu/Desktop/workspace/zhao/build/learn_interface
[2.406s] -- Install configuration: ""
[2.407s] -- Up-to-date: /home/ubuntu/Desktop/workspace/zhao/install/learn_interface/share/ament_index/resource_index/rosidl_interfaces/learn_interface
[2.407s] -- Up-to-date: /home/ubuntu/Desktop/workspace/zhao/install/learn_interface/include/learn_interface
[2.408s] -- Up-to-date: /home/ubuntu/Desktop/workspace/zhao/install/learn_interface/include/learn_interface/msg
[2.409s] -- Up-to-date: /home/ubuntu/Desktop/workspace/zhao/install/learn_interface/include/learn_interface/msg/rosidl_generator_c__visibility_control.h
[2.409s] -- Up-to-date: /home/ubuntu/Desktop/workspace/zhao/install/learn_interface/include/learn_interface/msg/object_position.h
[2.409s] -- Up-to-date: /home/ubuntu/Desktop/workspace/zhao/install/learn_interface/include/learn_interface/msg/detail
[2.410s] -- Up-to-date: /home/ubuntu/Desktop/workspace/zhao/install/learn_interface/include/learn_interface/msg/detail/object_position__functions.c
[2.412s] -- Up-to-date: /home/ubuntu/Desktop/workspace/zhao/install/learn_interface/include/learn_interface/msg/detail/object_position__functions.h
[2.414s] -- Up-to-date: /home/ubuntu/Desktop/workspace/zhao/install/learn_interface/include/learn_interface/msg/detail/object_position__struct.h
[2.414s] -- Up-to-date: /home/ubuntu/Desktop/workspace/zhao/install/learn_interface/include/learn_interface/msg/detail/object_position__type_support.h
[2.414s] -- Up-to-date: /home/ubuntu/Desktop/workspace/zhao/install/learn_interface/include/learn_interface/srv
[2.416s] -- Up-to-date: /home/ubuntu/Desktop/workspace/zhao/install/learn_interface/include/learn_interface/srv/add_two_int32s.h
[2.416s] -- Up-to-date: /home/ubuntu/Desktop/workspace/zhao/install/learn_interface/include/learn_interface/srv/detail
[2.416s] -- Up-to-date: /home/ubuntu/Desktop/workspace/zhao/install/learn_interface/include/learn_interface/srv/detail/add_two_int32s__functions.c
[2.417s] -- Up-to-date: /home/ubuntu/Desktop/workspace/zhao/install/learn_interface/include/learn_interface/srv/detail/add_two_int32s__functions.h
[2.417s] -- Up-to-date: /home/ubuntu/Desktop/workspace/zhao/install/learn_interface/include/learn_interface/srv/detail/add_two_int32s__struct.h
[2.417s] -- Up-to-date: /home/ubuntu/Desktop/workspace/zhao/install/learn_interface/include/learn_interface/srv/detail/add_two_int32s__type_support.h
[2.417s] -- Up-to-date: /home/ubuntu/Desktop/workspace/zhao/install/learn_interface/include/learn_interface/srv/detail/get_object_position__functions.c
[2.418s] -- Up-to-date: /home/ubuntu/Desktop/workspace/zhao/install/learn_interface/include/learn_interface/srv/detail/get_object_position__functions.h
[2.418s] -- Up-to-date: /home/ubuntu/Desktop/workspace/zhao/install/learn_interface/include/learn_interface/srv/detail/get_object_position__struct.h
[2.419s] -- Up-to-date: /home/ubuntu/Desktop/workspace/zhao/install/learn_interface/include/learn_interface/srv/detail/get_object_position__type_support.h
[2.419s] -- Up-to-date: /home/ubuntu/Desktop/workspace/zhao/install/learn_interface/include/learn_interface/srv/detail/add_two_ints__functions.c
[2.419s] -- Up-to-date: /home/ubuntu/Desktop/workspace/zhao/install/learn_interface/include/learn_interface/srv/detail/add_two_ints__functions.h
[2.420s] -- Up-to-date: /home/ubuntu/Desktop/workspace/zhao/install/learn_interface/include/learn_interface/srv/detail/add_two_ints__struct.h
[2.424s] -- Up-to-date: /home/ubuntu/Desktop/workspace/zhao/install/learn_interface/include/learn_interface/srv/detail/add_two_ints__type_support.h
[2.425s] -- Up-to-date: /home/ubuntu/Desktop/workspace/zhao/install/learn_interface/include/learn_interface/srv/get_object_position.h
[2.425s] -- Up-to-date: /home/ubuntu/Desktop/workspace/zhao/install/learn_interface/include/learn_interface/srv/add_two_ints.h
[2.426s] -- Up-to-date: /home/ubuntu/Desktop/workspace/zhao/install/learn_interface/include/learn_interface/action
[2.426s] -- Up-to-date: /home/ubuntu/Desktop/workspace/zhao/install/learn_interface/include/learn_interface/action/move_circle.h
[2.426s] -- Up-to-date: /home/ubuntu/Desktop/workspace/zhao/install/learn_interface/include/learn_interface/action/detail
[2.427s] -- Up-to-date: /home/ubuntu/Desktop/workspace/zhao/install/learn_interface/include/learn_interface/action/detail/move_circle__functions.c
[2.427s] -- Up-to-date: /home/ubuntu/Desktop/workspace/zhao/install/learn_interface/include/learn_interface/action/detail/move_circle__functions.h
[2.427s] -- Up-to-date: /home/ubuntu/Desktop/workspace/zhao/install/learn_interface/include/learn_interface/action/detail/move_circle__struct.h
[2.428s] -- Up-to-date: /home/ubuntu/Desktop/workspace/zhao/install/learn_interface/include/learn_interface/action/detail/move_circle__type_support.h
[2.428s] -- Up-to-date: /home/ubuntu/Desktop/workspace/zhao/install/learn_interface/share/learn_interface/environment/library_path.sh
[2.428s] -- Up-to-date: /home/ubuntu/Desktop/workspace/zhao/install/learn_interface/share/learn_interface/environment/library_path.dsv
[2.428s] -- Up-to-date: /home/ubuntu/Desktop/workspace/zhao/install/learn_interface/lib/liblearn_interface__rosidl_generator_c.so
[2.428s] -- Up-to-date: /home/ubuntu/Desktop/workspace/zhao/install/learn_interface/include/learn_interface
[2.429s] -- Up-to-date: /home/ubuntu/Desktop/workspace/zhao/install/learn_interface/include/learn_interface/msg
[2.429s] -- Up-to-date: /home/ubuntu/Desktop/workspace/zhao/install/learn_interface/include/learn_interface/msg/rosidl_typesupport_fastrtps_c__visibility_control.h
[2.429s] -- Up-to-date: /home/ubuntu/Desktop/workspace/zhao/install/learn_interface/include/learn_interface/msg/detail
[2.430s] -- Up-to-date: /home/ubuntu/Desktop/workspace/zhao/install/learn_interface/include/learn_interface/msg/detail/object_position__rosidl_typesupport_fastrtps_c.h
[2.433s] -- Up-to-date: /home/ubuntu/Desktop/workspace/zhao/install/learn_interface/include/learn_interface/srv
[2.433s] -- Up-to-date: /home/ubuntu/Desktop/workspace/zhao/install/learn_interface/include/learn_interface/srv/detail
[2.434s] -- Up-to-date: /home/ubuntu/Desktop/workspace/zhao/install/learn_interface/include/learn_interface/srv/detail/add_two_int32s__rosidl_typesupport_fastrtps_c.h
[2.434s] -- Up-to-date: /home/ubuntu/Desktop/workspace/zhao/install/learn_interface/include/learn_interface/srv/detail/get_object_position__rosidl_typesupport_fastrtps_c.h
[2.434s] -- Up-to-date: /home/ubuntu/Desktop/workspace/zhao/install/learn_interface/include/learn_interface/srv/detail/add_two_ints__rosidl_typesupport_fastrtps_c.h
[2.434s] -- Up-to-date: /home/ubuntu/Desktop/workspace/zhao/install/learn_interface/include/learn_interface/action
[2.434s] -- Up-to-date: /home/ubuntu/Desktop/workspace/zhao/install/learn_interface/include/learn_interface/action/detail
[2.435s] -- Up-to-date: /home/ubuntu/Desktop/workspace/zhao/install/learn_interface/include/learn_interface/action/detail/move_circle__rosidl_typesupport_fastrtps_c.h
[2.437s] -- Up-to-date: /home/ubuntu/Desktop/workspace/zhao/install/learn_interface/lib/liblearn_interface__rosidl_typesupport_fastrtps_c.so
[2.439s] -- Up-to-date: /home/ubuntu/Desktop/workspace/zhao/install/learn_interface/include/learn_interface
[2.439s] -- Up-to-date: /home/ubuntu/Desktop/workspace/zhao/install/learn_interface/include/learn_interface/msg
[2.440s] -- Up-to-date: /home/ubuntu/Desktop/workspace/zhao/install/learn_interface/include/learn_interface/msg/rosidl_typesupport_fastrtps_cpp__visibility_control.h
[2.440s] -- Up-to-date: /home/ubuntu/Desktop/workspace/zhao/install/learn_interface/include/learn_interface/msg/detail
[2.442s] -- Up-to-date: /home/ubuntu/Desktop/workspace/zhao/install/learn_interface/include/learn_interface/msg/detail/object_position__rosidl_typesupport_fastrtps_cpp.hpp
[2.444s] -- Up-to-date: /home/ubuntu/Desktop/workspace/zhao/install/learn_interface/include/learn_interface/msg/detail/dds_fastrtps
[2.444s] -- Up-to-date: /home/ubuntu/Desktop/workspace/zhao/install/learn_interface/include/learn_interface/srv
[2.445s] -- Up-to-date: /home/ubuntu/Desktop/workspace/zhao/install/learn_interface/include/learn_interface/srv/detail
[2.445s] -- Up-to-date: /home/ubuntu/Desktop/workspace/zhao/install/learn_interface/include/learn_interface/srv/detail/add_two_int32s__rosidl_typesupport_fastrtps_cpp.hpp
[2.445s] -- Up-to-date: /home/ubuntu/Desktop/workspace/zhao/install/learn_interface/include/learn_interface/srv/detail/dds_fastrtps
[2.448s] -- Up-to-date: /home/ubuntu/Desktop/workspace/zhao/install/learn_interface/include/learn_interface/srv/detail/get_object_position__rosidl_typesupport_fastrtps_cpp.hpp
[2.448s] -- Up-to-date: /home/ubuntu/Desktop/workspace/zhao/install/learn_interface/include/learn_interface/srv/detail/add_two_ints__rosidl_typesupport_fastrtps_cpp.hpp
[2.448s] -- Up-to-date: /home/ubuntu/Desktop/workspace/zhao/install/learn_interface/include/learn_interface/action
[2.449s] -- Up-to-date: /home/ubuntu/Desktop/workspace/zhao/install/learn_interface/include/learn_interface/action/detail
[2.451s] -- Up-to-date: /home/ubuntu/Desktop/workspace/zhao/install/learn_interface/include/learn_interface/action/detail/move_circle__rosidl_typesupport_fastrtps_cpp.hpp
[2.451s] -- Up-to-date: /home/ubuntu/Desktop/workspace/zhao/install/learn_interface/include/learn_interface/action/detail/dds_fastrtps
[2.452s] -- Up-to-date: /home/ubuntu/Desktop/workspace/zhao/install/learn_interface/lib/liblearn_interface__rosidl_typesupport_fastrtps_cpp.so
[2.452s] -- Up-to-date: /home/ubuntu/Desktop/workspace/zhao/install/learn_interface/include/learn_interface
[2.452s] -- Up-to-date: /home/ubuntu/Desktop/workspace/zhao/install/learn_interface/include/learn_interface/msg
[2.454s] -- Up-to-date: /home/ubuntu/Desktop/workspace/zhao/install/learn_interface/include/learn_interface/msg/rosidl_typesupport_introspection_c__visibility_control.h
[2.455s] -- Up-to-date: /home/ubuntu/Desktop/workspace/zhao/install/learn_interface/include/learn_interface/msg/detail
[2.455s] -- Up-to-date: /home/ubuntu/Desktop/workspace/zhao/install/learn_interface/include/learn_interface/msg/detail/object_position__rosidl_typesupport_introspection_c.h
[2.455s] -- Up-to-date: /home/ubuntu/Desktop/workspace/zhao/install/learn_interface/include/learn_interface/msg/detail/object_position__type_support.c
[2.457s] -- Up-to-date: /home/ubuntu/Desktop/workspace/zhao/install/learn_interface/include/learn_interface/srv
[2.458s] -- Up-to-date: /home/ubuntu/Desktop/workspace/zhao/install/learn_interface/include/learn_interface/srv/detail
[2.458s] -- Up-to-date: /home/ubuntu/Desktop/workspace/zhao/install/learn_interface/include/learn_interface/srv/detail/add_two_int32s__rosidl_typesupport_introspection_c.h
[2.459s] -- Up-to-date: /home/ubuntu/Desktop/workspace/zhao/install/learn_interface/include/learn_interface/srv/detail/add_two_int32s__type_support.c
[2.459s] -- Up-to-date: /home/ubuntu/Desktop/workspace/zhao/install/learn_interface/include/learn_interface/srv/detail/get_object_position__rosidl_typesupport_introspection_c.h
[2.470s] -- Up-to-date: /home/ubuntu/Desktop/workspace/zhao/install/learn_interface/include/learn_interface/srv/detail/get_object_position__type_support.c
[2.479s] -- Up-to-date: /home/ubuntu/Desktop/workspace/zhao/install/learn_interface/include/learn_interface/srv/detail/add_two_ints__rosidl_typesupport_introspection_c.h
[2.479s] -- Up-to-date: /home/ubuntu/Desktop/workspace/zhao/install/learn_interface/include/learn_interface/srv/detail/add_two_ints__type_support.c
[2.479s] -- Up-to-date: /home/ubuntu/Desktop/workspace/zhao/install/learn_interface/include/learn_interface/action
[2.479s] -- Up-to-date: /home/ubuntu/Desktop/workspace/zhao/install/learn_interface/include/learn_interface/action/detail
[2.480s] -- Up-to-date: /home/ubuntu/Desktop/workspace/zhao/install/learn_interface/include/learn_interface/action/detail/move_circle__rosidl_typesupport_introspection_c.h
[2.480s] -- Up-to-date: /home/ubuntu/Desktop/workspace/zhao/install/learn_interface/include/learn_interface/action/detail/move_circle__type_support.c
[2.480s] -- Up-to-date: /home/ubuntu/Desktop/workspace/zhao/install/learn_interface/lib/liblearn_interface__rosidl_typesupport_introspection_c.so
[2.480s] -- Up-to-date: /home/ubuntu/Desktop/workspace/zhao/install/learn_interface/lib/liblearn_interface__rosidl_typesupport_c.so
[2.480s] -- Up-to-date: /home/ubuntu/Desktop/workspace/zhao/install/learn_interface/include/learn_interface
[2.480s] -- Up-to-date: /home/ubuntu/Desktop/workspace/zhao/install/learn_interface/include/learn_interface/srv
[2.481s] -- Up-to-date: /home/ubuntu/Desktop/workspace/zhao/install/learn_interface/include/learn_interface/srv/add_two_int32s.hpp
[2.489s] -- Up-to-date: /home/ubuntu/Desktop/workspace/zhao/install/learn_interface/include/learn_interface/srv/detail
[2.489s] -- Up-to-date: /home/ubuntu/Desktop/workspace/zhao/install/learn_interface/include/learn_interface/srv/detail/add_two_int32s__builder.hpp
[2.489s] -- Up-to-date: /home/ubuntu/Desktop/workspace/zhao/install/learn_interface/include/learn_interface/srv/detail/add_two_int32s__struct.hpp
[2.489s] -- Up-to-date: /home/ubuntu/Desktop/workspace/zhao/install/learn_interface/include/learn_interface/srv/detail/add_two_int32s__traits.hpp
[2.490s] -- Up-to-date: /home/ubuntu/Desktop/workspace/zhao/install/learn_interface/include/learn_interface/srv/detail/get_object_position__builder.hpp
[2.490s] -- Up-to-date: /home/ubuntu/Desktop/workspace/zhao/install/learn_interface/include/learn_interface/srv/detail/get_object_position__struct.hpp
[2.490s] -- Up-to-date: /home/ubuntu/Desktop/workspace/zhao/install/learn_interface/include/learn_interface/srv/detail/get_object_position__traits.hpp
[2.490s] -- Up-to-date: /home/ubuntu/Desktop/workspace/zhao/install/learn_interface/include/learn_interface/srv/detail/add_two_ints__builder.hpp
[2.490s] -- Up-to-date: /home/ubuntu/Desktop/workspace/zhao/install/learn_interface/include/learn_interface/srv/detail/add_two_ints__struct.hpp
[2.491s] -- Up-to-date: /home/ubuntu/Desktop/workspace/zhao/install/learn_interface/include/learn_interface/srv/detail/add_two_ints__traits.hpp
[2.491s] -- Up-to-date: /home/ubuntu/Desktop/workspace/zhao/install/learn_interface/include/learn_interface/srv/get_object_position.hpp
[2.491s] -- Up-to-date: /home/ubuntu/Desktop/workspace/zhao/install/learn_interface/include/learn_interface/srv/add_two_ints.hpp
[2.491s] -- Up-to-date: /home/ubuntu/Desktop/workspace/zhao/install/learn_interface/include/learn_interface/msg
[2.491s] -- Up-to-date: /home/ubuntu/Desktop/workspace/zhao/install/learn_interface/include/learn_interface/msg/object_position.hpp
[2.492s] -- Up-to-date: /home/ubuntu/Desktop/workspace/zhao/install/learn_interface/include/learn_interface/msg/detail
[2.492s] -- Up-to-date: /home/ubuntu/Desktop/workspace/zhao/install/learn_interface/include/learn_interface/msg/detail/object_position__builder.hpp
[2.492s] -- Up-to-date: /home/ubuntu/Desktop/workspace/zhao/install/learn_interface/include/learn_interface/msg/detail/object_position__struct.hpp
[2.492s] -- Up-to-date: /home/ubuntu/Desktop/workspace/zhao/install/learn_interface/include/learn_interface/msg/detail/object_position__traits.hpp
[2.492s] -- Up-to-date: /home/ubuntu/Desktop/workspace/zhao/install/learn_interface/include/learn_interface/action
[2.493s] -- Up-to-date: /home/ubuntu/Desktop/workspace/zhao/install/learn_interface/include/learn_interface/action/move_circle.hpp
[2.493s] -- Up-to-date: /home/ubuntu/Desktop/workspace/zhao/install/learn_interface/include/learn_interface/action/detail
[2.493s] -- Up-to-date: /home/ubuntu/Desktop/workspace/zhao/install/learn_interface/include/learn_interface/action/detail/move_circle__builder.hpp
[2.493s] -- Up-to-date: /home/ubuntu/Desktop/workspace/zhao/install/learn_interface/include/learn_interface/action/detail/move_circle__struct.hpp
[2.493s] -- Up-to-date: /home/ubuntu/Desktop/workspace/zhao/install/learn_interface/include/learn_interface/action/detail/move_circle__traits.hpp
[2.493s] -- Up-to-date: /home/ubuntu/Desktop/workspace/zhao/install/learn_interface/include/learn_interface
[2.494s] -- Up-to-date: /home/ubuntu/Desktop/workspace/zhao/install/learn_interface/include/learn_interface/srv
[2.494s] -- Up-to-date: /home/ubuntu/Desktop/workspace/zhao/install/learn_interface/include/learn_interface/srv/detail
[2.494s] -- Up-to-date: /home/ubuntu/Desktop/workspace/zhao/install/learn_interface/include/learn_interface/srv/detail/add_two_int32s__rosidl_typesupport_introspection_cpp.hpp
[2.494s] -- Up-to-date: /home/ubuntu/Desktop/workspace/zhao/install/learn_interface/include/learn_interface/srv/detail/add_two_int32s__type_support.cpp
[2.494s] -- Up-to-date: /home/ubuntu/Desktop/workspace/zhao/install/learn_interface/include/learn_interface/srv/detail/get_object_position__rosidl_typesupport_introspection_cpp.hpp
[2.495s] -- Up-to-date: /home/ubuntu/Desktop/workspace/zhao/install/learn_interface/include/learn_interface/srv/detail/get_object_position__type_support.cpp
[2.495s] -- Up-to-date: /home/ubuntu/Desktop/workspace/zhao/install/learn_interface/include/learn_interface/srv/detail/add_two_ints__rosidl_typesupport_introspection_cpp.hpp
[2.495s] -- Up-to-date: /home/ubuntu/Desktop/workspace/zhao/install/learn_interface/include/learn_interface/srv/detail/add_two_ints__type_support.cpp
[2.495s] -- Up-to-date: /home/ubuntu/Desktop/workspace/zhao/install/learn_interface/include/learn_interface/msg
[2.495s] -- Up-to-date: /home/ubuntu/Desktop/workspace/zhao/install/learn_interface/include/learn_interface/msg/detail
[2.503s] -- Up-to-date: /home/ubuntu/Desktop/workspace/zhao/install/learn_interface/include/learn_interface/msg/detail/object_position__rosidl_typesupport_introspection_cpp.hpp
[2.516s] -- Up-to-date: /home/ubuntu/Desktop/workspace/zhao/install/learn_interface/include/learn_interface/msg/detail/object_position__type_support.cpp
[2.516s] -- Up-to-date: /home/ubuntu/Desktop/workspace/zhao/install/learn_interface/include/learn_interface/action
[2.517s] -- Up-to-date: /home/ubuntu/Desktop/workspace/zhao/install/learn_interface/include/learn_interface/action/detail
[2.520s] -- Up-to-date: /home/ubuntu/Desktop/workspace/zhao/install/learn_interface/include/learn_interface/action/detail/move_circle__rosidl_typesupport_introspection_cpp.hpp
[2.521s] -- Up-to-date: /home/ubuntu/Desktop/workspace/zhao/install/learn_interface/include/learn_interface/action/detail/move_circle__type_support.cpp
[2.523s] -- Up-to-date: /home/ubuntu/Desktop/workspace/zhao/install/learn_interface/lib/liblearn_interface__rosidl_typesupport_introspection_cpp.so
[2.524s] -- Up-to-date: /home/ubuntu/Desktop/workspace/zhao/install/learn_interface/lib/liblearn_interface__rosidl_typesupport_cpp.so
[2.524s] -- Up-to-date: /home/ubuntu/Desktop/workspace/zhao/install/learn_interface/share/learn_interface/environment/pythonpath.sh
[2.524s] -- Up-to-date: /home/ubuntu/Desktop/workspace/zhao/install/learn_interface/share/learn_interface/environment/pythonpath.dsv
[2.524s] -- Up-to-date: /home/ubuntu/Desktop/workspace/zhao/install/learn_interface/lib/python3.8/site-packages/learn_interface/__init__.py
[2.669s] -- Up-to-date: /home/ubuntu/Desktop/workspace/zhao/install/learn_interface/lib/python3.8/site-packages/learn_interface/srv
[2.669s] -- Up-to-date: /home/ubuntu/Desktop/workspace/zhao/install/learn_interface/lib/python3.8/site-packages/learn_interface/srv/_add_two_int32s.py
[2.670s] -- Up-to-date: /home/ubuntu/Desktop/workspace/zhao/install/learn_interface/lib/python3.8/site-packages/learn_interface/srv/_add_two_int32s_s.c
[2.670s] -- Up-to-date: /home/ubuntu/Desktop/workspace/zhao/install/learn_interface/lib/python3.8/site-packages/learn_interface/srv/_get_object_position.py
[2.670s] -- Up-to-date: /home/ubuntu/Desktop/workspace/zhao/install/learn_interface/lib/python3.8/site-packages/learn_interface/srv/_get_object_position_s.c
[2.671s] -- Up-to-date: /home/ubuntu/Desktop/workspace/zhao/install/learn_interface/lib/python3.8/site-packages/learn_interface/srv/__init__.py
[2.671s] -- Up-to-date: /home/ubuntu/Desktop/workspace/zhao/install/learn_interface/lib/python3.8/site-packages/learn_interface/srv/_add_two_ints.py
[2.671s] -- Up-to-date: /home/ubuntu/Desktop/workspace/zhao/install/learn_interface/lib/python3.8/site-packages/learn_interface/srv/_add_two_ints_s.c
[2.671s] -- Up-to-date: /home/ubuntu/Desktop/workspace/zhao/install/learn_interface/lib/python3.8/site-packages/learn_interface/msg
[2.671s] -- Up-to-date: /home/ubuntu/Desktop/workspace/zhao/install/learn_interface/lib/python3.8/site-packages/learn_interface/msg/_object_position.py
[2.672s] -- Up-to-date: /home/ubuntu/Desktop/workspace/zhao/install/learn_interface/lib/python3.8/site-packages/learn_interface/msg/_object_position_s.c
[2.672s] -- Up-to-date: /home/ubuntu/Desktop/workspace/zhao/install/learn_interface/lib/python3.8/site-packages/learn_interface/msg/__init__.py
[2.673s] -- Up-to-date: /home/ubuntu/Desktop/workspace/zhao/install/learn_interface/lib/python3.8/site-packages/learn_interface/action
[2.673s] -- Up-to-date: /home/ubuntu/Desktop/workspace/zhao/install/learn_interface/lib/python3.8/site-packages/learn_interface/action/_move_circle.py
[2.673s] -- Up-to-date: /home/ubuntu/Desktop/workspace/zhao/install/learn_interface/lib/python3.8/site-packages/learn_interface/action/_move_circle_s.c
[2.673s] -- Up-to-date: /home/ubuntu/Desktop/workspace/zhao/install/learn_interface/lib/python3.8/site-packages/learn_interface/action/__init__.py
[2.673s] -- Up-to-date: /home/ubuntu/Desktop/workspace/zhao/install/learn_interface/lib/python3.8/site-packages/learn_interface/learn_interface_s__rosidl_typesupport_fastrtps_c.cpython-38-x86_64-linux-gnu.so
[2.674s] -- Up-to-date: /home/ubuntu/Desktop/workspace/zhao/install/learn_interface/lib/python3.8/site-packages/learn_interface/learn_interface_s__rosidl_typesupport_introspection_c.cpython-38-x86_64-linux-gnu.so
[2.674s] -- Up-to-date: /home/ubuntu/Desktop/workspace/zhao/install/learn_interface/lib/python3.8/site-packages/learn_interface/learn_interface_s__rosidl_typesupport_c.cpython-38-x86_64-linux-gnu.so
[2.676s] -- Up-to-date: /home/ubuntu/Desktop/workspace/zhao/install/learn_interface/lib/liblearn_interface__python.so
[2.676s] -- Up-to-date: /home/ubuntu/Desktop/workspace/zhao/install/learn_interface/share/learn_interface/srv/AddTwoInts.idl
[2.676s] -- Up-to-date: /home/ubuntu/Desktop/workspace/zhao/install/learn_interface/share/learn_interface/srv/GetObjectPosition.idl
[2.677s] -- Up-to-date: /home/ubuntu/Desktop/workspace/zhao/install/learn_interface/share/learn_interface/msg/ObjectPosition.idl
[2.677s] -- Up-to-date: /home/ubuntu/Desktop/workspace/zhao/install/learn_interface/share/learn_interface/action/MoveCircle.idl
[2.677s] -- Up-to-date: /home/ubuntu/Desktop/workspace/zhao/install/learn_interface/share/learn_interface/srv/AddTwoInts.srv
[2.677s] -- Up-to-date: /home/ubuntu/Desktop/workspace/zhao/install/learn_interface/share/learn_interface/srv/AddTwoInts_Request.msg
[2.678s] -- Up-to-date: /home/ubuntu/Desktop/workspace/zhao/install/learn_interface/share/learn_interface/srv/AddTwoInts_Response.msg
[2.678s] -- Up-to-date: /home/ubuntu/Desktop/workspace/zhao/install/learn_interface/share/learn_interface/srv/GetObjectPosition.srv
[2.678s] -- Up-to-date: /home/ubuntu/Desktop/workspace/zhao/install/learn_interface/share/learn_interface/srv/GetObjectPosition_Request.msg
[2.679s] -- Up-to-date: /home/ubuntu/Desktop/workspace/zhao/install/learn_interface/share/learn_interface/srv/GetObjectPosition_Response.msg
[2.679s] -- Up-to-date: /home/ubuntu/Desktop/workspace/zhao/install/learn_interface/share/learn_interface/msg/ObjectPosition.msg
[2.679s] -- Up-to-date: /home/ubuntu/Desktop/workspace/zhao/install/learn_interface/share/learn_interface/action/MoveCircle.action
[2.679s] -- Up-to-date: /home/ubuntu/Desktop/workspace/zhao/install/learn_interface/share/ament_index/resource_index/package_run_dependencies/learn_interface
[2.680s] -- Up-to-date: /home/ubuntu/Desktop/workspace/zhao/install/learn_interface/share/ament_index/resource_index/parent_prefix_path/learn_interface
[2.680s] -- Up-to-date: /home/ubuntu/Desktop/workspace/zhao/install/learn_interface/share/learn_interface/environment/ament_prefix_path.sh
[2.680s] -- Up-to-date: /home/ubuntu/Desktop/workspace/zhao/install/learn_interface/share/learn_interface/environment/ament_prefix_path.dsv
[2.681s] -- Up-to-date: /home/ubuntu/Desktop/workspace/zhao/install/learn_interface/share/learn_interface/environment/path.sh
[2.681s] -- Up-to-date: /home/ubuntu/Desktop/workspace/zhao/install/learn_interface/share/learn_interface/environment/path.dsv
[2.681s] -- Up-to-date: /home/ubuntu/Desktop/workspace/zhao/install/learn_interface/share/learn_interface/local_setup.bash
[2.681s] -- Up-to-date: /home/ubuntu/Desktop/workspace/zhao/install/learn_interface/share/learn_interface/local_setup.sh
[2.682s] -- Up-to-date: /home/ubuntu/Desktop/workspace/zhao/install/learn_interface/share/learn_interface/local_setup.zsh
[2.684s] -- Up-to-date: /home/ubuntu/Desktop/workspace/zhao/install/learn_interface/share/learn_interface/local_setup.dsv
[2.684s] -- Installing: /home/ubuntu/Desktop/workspace/zhao/install/learn_interface/share/learn_interface/package.dsv
[2.685s] -- Up-to-date: /home/ubuntu/Desktop/workspace/zhao/install/learn_interface/share/ament_index/resource_index/packages/learn_interface
[2.694s] -- Up-to-date: /home/ubuntu/Desktop/workspace/zhao/install/learn_interface/share/learn_interface/cmake/learn_interface__rosidl_generator_cExport.cmake
[2.694s] -- Up-to-date: /home/ubuntu/Desktop/workspace/zhao/install/learn_interface/share/learn_interface/cmake/learn_interface__rosidl_generator_cExport-noconfig.cmake
[2.697s] -- Up-to-date: /home/ubuntu/Desktop/workspace/zhao/install/learn_interface/share/learn_interface/cmake/learn_interface__rosidl_typesupport_introspection_cExport.cmake
[2.697s] -- Up-to-date: /home/ubuntu/Desktop/workspace/zhao/install/learn_interface/share/learn_interface/cmake/learn_interface__rosidl_typesupport_introspection_cExport-noconfig.cmake
[2.701s] -- Up-to-date: /home/ubuntu/Desktop/workspace/zhao/install/learn_interface/share/learn_interface/cmake/learn_interface__rosidl_typesupport_cExport.cmake
[2.701s] -- Up-to-date: /home/ubuntu/Desktop/workspace/zhao/install/learn_interface/share/learn_interface/cmake/learn_interface__rosidl_typesupport_cExport-noconfig.cmake
[2.707s] -- Up-to-date: /home/ubuntu/Desktop/workspace/zhao/install/learn_interface/share/learn_interface/cmake/learn_interface__rosidl_generator_cppExport.cmake
[2.732s] -- Up-to-date: /home/ubuntu/Desktop/workspace/zhao/install/learn_interface/share/learn_interface/cmake/learn_interface__rosidl_typesupport_introspection_cppExport.cmake
[2.732s] -- Up-to-date: /home/ubuntu/Desktop/workspace/zhao/install/learn_interface/share/learn_interface/cmake/learn_interface__rosidl_typesupport_introspection_cppExport-noconfig.cmake
[2.733s] -- Up-to-date: /home/ubuntu/Desktop/workspace/zhao/install/learn_interface/share/learn_interface/cmake/learn_interface__rosidl_typesupport_cppExport.cmake
[2.733s] -- Up-to-date: /home/ubuntu/Desktop/workspace/zhao/install/learn_interface/share/learn_interface/cmake/learn_interface__rosidl_typesupport_cppExport-noconfig.cmake
[2.733s] -- Up-to-date: /home/ubuntu/Desktop/workspace/zhao/install/learn_interface/share/learn_interface/cmake/rosidl_cmake-extras.cmake
[2.733s] -- Up-to-date: /home/ubuntu/Desktop/workspace/zhao/install/learn_interface/share/learn_interface/cmake/ament_cmake_export_dependencies-extras.cmake
[2.734s] -- Up-to-date: /home/ubuntu/Desktop/workspace/zhao/install/learn_interface/share/learn_interface/cmake/ament_cmake_export_libraries-extras.cmake
[2.734s] -- Up-to-date: /home/ubuntu/Desktop/workspace/zhao/install/learn_interface/share/learn_interface/cmake/ament_cmake_export_targets-extras.cmake
[2.734s] -- Up-to-date: /home/ubuntu/Desktop/workspace/zhao/install/learn_interface/share/learn_interface/cmake/ament_cmake_export_include_directories-extras.cmake
[2.735s] -- Up-to-date: /home/ubuntu/Desktop/workspace/zhao/install/learn_interface/share/learn_interface/cmake/rosidl_cmake_export_typesupport_libraries-extras.cmake
[2.735s] -- Up-to-date: /home/ubuntu/Desktop/workspace/zhao/install/learn_interface/share/learn_interface/cmake/rosidl_cmake_export_typesupport_targets-extras.cmake
[2.735s] -- Up-to-date: /home/ubuntu/Desktop/workspace/zhao/install/learn_interface/share/learn_interface/cmake/learn_interfaceConfig.cmake
[2.735s] -- Up-to-date: /home/ubuntu/Desktop/workspace/zhao/install/learn_interface/share/learn_interface/cmake/learn_interfaceConfig-version.cmake
[2.736s] -- Up-to-date: /home/ubuntu/Desktop/workspace/zhao/install/learn_interface/share/learn_interface/package.xml
[2.738s] Invoked command in '/home/ubuntu/Desktop/workspace/zhao/build/learn_interface' returned '0': CMAKE_PREFIX_PATH=${CMAKE_PREFIX_PATH}:/home/ubuntu/Desktop/workspace/zhao/install/learn_action:/home/ubuntu/Desktop/workspace/zhao/install/learn_topic:/home/ubuntu/Desktop/workspace/zhao/install/learn_service:/opt/ros/foxy /usr/bin/cmake --install /home/ubuntu/Desktop/workspace/zhao/build/learn_interface
