[1.736s] Invoking command in '/home/ubuntu/Desktop/workspace/zhao/src/learn_service': PYTHONPATH=/home/ubuntu/Desktop/workspace/zhao/install/learn_service/lib/python3.8/site-packages:${PYTHONPATH} /usr/bin/python3 setup.py egg_info --egg-base ../../build/learn_service build --build-base /home/ubuntu/Desktop/workspace/zhao/build/learn_service/build install --prefix /home/ubuntu/Desktop/workspace/zhao/install/learn_service --record /home/ubuntu/Desktop/workspace/zhao/build/learn_service/install.log --single-version-externally-managed
[2.059s] running egg_info
[2.061s] creating ../../build/learn_service/learn_service.egg-info
[2.061s] writing ../../build/learn_service/learn_service.egg-info/PKG-INFO
[2.061s] writing dependency_links to ../../build/learn_service/learn_service.egg-info/dependency_links.txt
[2.061s] writing entry points to ../../build/learn_service/learn_service.egg-info/entry_points.txt
[2.062s] writing requirements to ../../build/learn_service/learn_service.egg-info/requires.txt
[2.062s] writing top-level names to ../../build/learn_service/learn_service.egg-info/top_level.txt
[2.101s] writing manifest file '../../build/learn_service/learn_service.egg-info/SOURCES.txt'
[2.175s] reading manifest file '../../build/learn_service/learn_service.egg-info/SOURCES.txt'
[2.176s] writing manifest file '../../build/learn_service/learn_service.egg-info/SOURCES.txt'
[2.177s] running build
[2.177s] running build_py
[2.178s] creating /home/ubuntu/Desktop/workspace/zhao/build/learn_service/build
[2.178s] creating /home/ubuntu/Desktop/workspace/zhao/build/learn_service/build/lib
[2.179s] creating /home/ubuntu/Desktop/workspace/zhao/build/learn_service/build/lib/learn_service
[2.179s] copying learn_service/__init__.py -> /home/ubuntu/Desktop/workspace/zhao/build/learn_service/build/lib/learn_service
[2.179s] copying learn_service/service_first_client.py -> /home/ubuntu/Desktop/workspace/zhao/build/learn_service/build/lib/learn_service
[2.179s] copying learn_service/service_first_server.py -> /home/ubuntu/Desktop/workspace/zhao/build/learn_service/build/lib/learn_service
[2.180s] copying learn_service/service_img_servicer.py -> /home/ubuntu/Desktop/workspace/zhao/build/learn_service/build/lib/learn_service
[2.180s] running install
[2.181s] running install_lib
[2.181s] creating /home/ubuntu/Desktop/workspace/zhao/install/learn_service/lib/python3.8/site-packages/learn_service
[2.182s] copying /home/ubuntu/Desktop/workspace/zhao/build/learn_service/build/lib/learn_service/__init__.py -> /home/ubuntu/Desktop/workspace/zhao/install/learn_service/lib/python3.8/site-packages/learn_service
[2.182s] copying /home/ubuntu/Desktop/workspace/zhao/build/learn_service/build/lib/learn_service/service_first_client.py -> /home/ubuntu/Desktop/workspace/zhao/install/learn_service/lib/python3.8/site-packages/learn_service
[2.182s] copying /home/ubuntu/Desktop/workspace/zhao/build/learn_service/build/lib/learn_service/service_first_server.py -> /home/ubuntu/Desktop/workspace/zhao/install/learn_service/lib/python3.8/site-packages/learn_service
[2.183s] copying /home/ubuntu/Desktop/workspace/zhao/build/learn_service/build/lib/learn_service/service_img_servicer.py -> /home/ubuntu/Desktop/workspace/zhao/install/learn_service/lib/python3.8/site-packages/learn_service
[2.183s] byte-compiling /home/ubuntu/Desktop/workspace/zhao/install/learn_service/lib/python3.8/site-packages/learn_service/__init__.py to __init__.cpython-38.pyc
[2.185s] byte-compiling /home/ubuntu/Desktop/workspace/zhao/install/learn_service/lib/python3.8/site-packages/learn_service/service_first_client.py to service_first_client.cpython-38.pyc
[2.186s] byte-compiling /home/ubuntu/Desktop/workspace/zhao/install/learn_service/lib/python3.8/site-packages/learn_service/service_first_server.py to service_first_server.cpython-38.pyc
[2.186s]   File "/home/ubuntu/Desktop/workspace/zhao/install/learn_service/lib/python3.8/site-packages/learn_service/service_first_client.py", line 9
[2.186s]     from learin_
[2.187s]                ^
[2.187s] SyntaxError: invalid syntax
[2.187s] 
[2.188s]   File "/home/ubuntu/Desktop/workspace/zhao/install/learn_service/lib/python3.8/site-packages/learn_service/service_first_server.py", line 6
[2.188s]     from learning_interface
[2.188s]                           ^
[2.188s] SyntaxError: invalid syntax
[2.189s] 
[2.189s] byte-compiling /home/ubuntu/Desktop/workspace/zhao/install/learn_service/lib/python3.8/site-packages/learn_service/service_img_servicer.py to service_img_servicer.cpython-38.pyc
[2.189s] running install_data
[2.189s] creating /home/ubuntu/Desktop/workspace/zhao/install/learn_service/share/ament_index
[2.190s] creating /home/ubuntu/Desktop/workspace/zhao/install/learn_service/share/ament_index/resource_index
[2.190s] creating /home/ubuntu/Desktop/workspace/zhao/install/learn_service/share/ament_index/resource_index/packages
[2.191s] copying resource/learn_service -> /home/ubuntu/Desktop/workspace/zhao/install/learn_service/share/ament_index/resource_index/packages
[2.191s] copying package.xml -> /home/ubuntu/Desktop/workspace/zhao/install/learn_service/share/learn_service
[2.191s] running install_egg_info
[2.192s] Copying ../../build/learn_service/learn_service.egg-info to /home/ubuntu/Desktop/workspace/zhao/install/learn_service/lib/python3.8/site-packages/learn_service-0.0.0-py3.8.egg-info
[2.192s] running install_scripts
[2.218s] Installing service_first script to /home/ubuntu/Desktop/workspace/zhao/install/learn_service/lib/learn_service
[2.218s] Installing service_img script to /home/ubuntu/Desktop/workspace/zhao/install/learn_service/lib/learn_service
[2.219s] writing list of installed files to '/home/ubuntu/Desktop/workspace/zhao/build/learn_service/install.log'
[2.308s] Invoked command in '/home/ubuntu/Desktop/workspace/zhao/src/learn_service' returned '0': PYTHONPATH=/home/ubuntu/Desktop/workspace/zhao/install/learn_service/lib/python3.8/site-packages:${PYTHONPATH} /usr/bin/python3 setup.py egg_info --egg-base ../../build/learn_service build --build-base /home/ubuntu/Desktop/workspace/zhao/build/learn_service/build install --prefix /home/ubuntu/Desktop/workspace/zhao/install/learn_service --record /home/ubuntu/Desktop/workspace/zhao/build/learn_service/install.log --single-version-externally-managed
