[0.992s] Invoking command in '/home/ubuntu/Desktop/workspace/zhao/src/learn_topic': PYTHONPATH=/home/ubuntu/Desktop/workspace/zhao/install/learn_topic/lib/python3.8/site-packages:${PYTHONPATH} /usr/bin/python3 setup.py egg_info --egg-base ../../build/learn_topic build --build-base /home/ubuntu/Desktop/workspace/zhao/build/learn_topic/build install --prefix /home/ubuntu/Desktop/workspace/zhao/install/learn_topic --record /home/ubuntu/Desktop/workspace/zhao/build/learn_topic/install.log --single-version-externally-managed
[1.304s] running egg_info
[1.305s] writing ../../build/learn_topic/learn_topic.egg-info/PKG-INFO
[1.305s] writing dependency_links to ../../build/learn_topic/learn_topic.egg-info/dependency_links.txt
[1.306s] writing entry points to ../../build/learn_topic/learn_topic.egg-info/entry_points.txt
[1.306s] writing requirements to ../../build/learn_topic/learn_topic.egg-info/requires.txt
[1.306s] writing top-level names to ../../build/learn_topic/learn_topic.egg-info/top_level.txt
[1.368s] reading manifest file '../../build/learn_topic/learn_topic.egg-info/SOURCES.txt'
[1.369s] writing manifest file '../../build/learn_topic/learn_topic.egg-info/SOURCES.txt'
[1.369s] running build
[1.370s] running build_py
[1.370s] running install
[1.372s] running install_lib
[1.374s] running install_data
[1.375s] running install_egg_info
[1.377s] removing '/home/ubuntu/Desktop/workspace/zhao/install/learn_topic/lib/python3.8/site-packages/learn_topic-0.0.0-py3.8.egg-info' (and everything under it)
[1.378s] Copying ../../build/learn_topic/learn_topic.egg-info to /home/ubuntu/Desktop/workspace/zhao/install/learn_topic/lib/python3.8/site-packages/learn_topic-0.0.0-py3.8.egg-info
[1.379s] running install_scripts
[1.406s] Installing topic_cam_pub script to /home/ubuntu/Desktop/workspace/zhao/install/learn_topic/lib/learn_topic
[1.406s] Installing topic_cam_sub script to /home/ubuntu/Desktop/workspace/zhao/install/learn_topic/lib/learn_topic
[1.406s] Installing topic_hello script to /home/ubuntu/Desktop/workspace/zhao/install/learn_topic/lib/learn_topic
[1.407s] writing list of installed files to '/home/ubuntu/Desktop/workspace/zhao/build/learn_topic/install.log'
[1.456s] Invoked command in '/home/ubuntu/Desktop/workspace/zhao/src/learn_topic' returned '0': PYTHONPATH=/home/ubuntu/Desktop/workspace/zhao/install/learn_topic/lib/python3.8/site-packages:${PYTHONPATH} /usr/bin/python3 setup.py egg_info --egg-base ../../build/learn_topic build --build-base /home/ubuntu/Desktop/workspace/zhao/build/learn_topic/build install --prefix /home/ubuntu/Desktop/workspace/zhao/install/learn_topic --record /home/ubuntu/Desktop/workspace/zhao/build/learn_topic/install.log --single-version-externally-managed
