[0.053s] Invoking command in '/home/ubuntu/Desktop/workspace/zhao/build/learn_interface': CMAKE_PREFIX_PATH=${CMAKE_PREFIX_PATH}:/home/ubuntu/Desktop/workspace/zhao/install/learn_topic:/home/ubuntu/Desktop/workspace/zhao/install/learn_service:/opt/ros/foxy /usr/bin/cmake --build /home/ubuntu/Desktop/workspace/zhao/build/learn_interface -- -j4 -l4
[0.932s] [ 10%] Built target learn_interface__rosidl_generator_c
[0.936s] [ 12%] Built target learn_interface__cpp
[0.939s] [ 23%] Built target learn_interface__rosidl_typesupport_c
[0.940s] [ 34%] Built target learn_interface__rosidl_typesupport_fastrtps_cpp
[0.940s] [ 44%] Built target learn_interface__rosidl_typesupport_introspection_c
[0.940s] [ 55%] Built target learn_interface__rosidl_typesupport_cpp
[0.941s] [ 65%] Built target learn_interface__rosidl_typesupport_introspection_cpp
[0.941s] [ 76%] Built target learn_interface__rosidl_typesupport_fastrtps_c
[0.941s] [ 76%] Built target learn_interface
[0.941s] [ 78%] Built target learn_interface__py
[0.941s] [ 87%] Built target learn_interface__python
[0.942s] [ 91%] Built target learn_interface__rosidl_typesupport_c__pyext
[0.942s] [ 95%] Built target learn_interface__rosidl_typesupport_introspection_c__pyext
[0.942s] [100%] Built target learn_interface__rosidl_typesupport_fastrtps_c__pyext
[0.947s] Invoked command in '/home/ubuntu/Desktop/workspace/zhao/build/learn_interface' returned '0': CMAKE_PREFIX_PATH=${CMAKE_PREFIX_PATH}:/home/ubuntu/Desktop/workspace/zhao/install/learn_topic:/home/ubuntu/Desktop/workspace/zhao/install/learn_service:/opt/ros/foxy /usr/bin/cmake --build /home/ubuntu/Desktop/workspace/zhao/build/learn_interface -- -j4 -l4
[1.150s] Invoking command in '/home/ubuntu/Desktop/workspace/zhao/build/learn_interface': CMAKE_PREFIX_PATH=${CMAKE_PREFIX_PATH}:/home/ubuntu/Desktop/workspace/zhao/install/learn_topic:/home/ubuntu/Desktop/workspace/zhao/install/learn_service:/opt/ros/foxy /usr/bin/cmake --install /home/ubuntu/Desktop/workspace/zhao/build/learn_interface
[1.171s] -- Install configuration: ""
[1.172s] -- Up-to-date: /home/ubuntu/Desktop/workspace/zhao/install/learn_interface/share/ament_index/resource_index/rosidl_interfaces/learn_interface
[1.172s] -- Up-to-date: /home/ubuntu/Desktop/workspace/zhao/install/learn_interface/include/learn_interface
[1.173s] -- Up-to-date: /home/ubuntu/Desktop/workspace/zhao/install/learn_interface/include/learn_interface/msg
[1.173s] -- Up-to-date: /home/ubuntu/Desktop/workspace/zhao/install/learn_interface/include/learn_interface/msg/rosidl_generator_c__visibility_control.h
[1.173s] -- Up-to-date: /home/ubuntu/Desktop/workspace/zhao/install/learn_interface/include/learn_interface/msg/object_position.h
[1.174s] -- Up-to-date: /home/ubuntu/Desktop/workspace/zhao/install/learn_interface/include/learn_interface/msg/detail
[1.174s] -- Up-to-date: /home/ubuntu/Desktop/workspace/zhao/install/learn_interface/include/learn_interface/msg/detail/object_position__functions.c
[1.174s] -- Up-to-date: /home/ubuntu/Desktop/workspace/zhao/install/learn_interface/include/learn_interface/msg/detail/object_position__functions.h
[1.175s] -- Up-to-date: /home/ubuntu/Desktop/workspace/zhao/install/learn_interface/include/learn_interface/msg/detail/object_position__struct.h
[1.175s] -- Up-to-date: /home/ubuntu/Desktop/workspace/zhao/install/learn_interface/include/learn_interface/msg/detail/object_position__type_support.h
[1.176s] -- Up-to-date: /home/ubuntu/Desktop/workspace/zhao/install/learn_interface/include/learn_interface/srv
[1.176s] -- Up-to-date: /home/ubuntu/Desktop/workspace/zhao/install/learn_interface/include/learn_interface/srv/add_two_int32s.h
[1.176s] -- Up-to-date: /home/ubuntu/Desktop/workspace/zhao/install/learn_interface/include/learn_interface/srv/detail
[1.177s] -- Up-to-date: /home/ubuntu/Desktop/workspace/zhao/install/learn_interface/include/learn_interface/srv/detail/add_two_int32s__functions.c
[1.177s] -- Up-to-date: /home/ubuntu/Desktop/workspace/zhao/install/learn_interface/include/learn_interface/srv/detail/add_two_int32s__functions.h
[1.177s] -- Up-to-date: /home/ubuntu/Desktop/workspace/zhao/install/learn_interface/include/learn_interface/srv/detail/add_two_int32s__struct.h
[1.178s] -- Up-to-date: /home/ubuntu/Desktop/workspace/zhao/install/learn_interface/include/learn_interface/srv/detail/add_two_int32s__type_support.h
[1.178s] -- Up-to-date: /home/ubuntu/Desktop/workspace/zhao/install/learn_interface/include/learn_interface/srv/detail/get_object_position__functions.c
[1.179s] -- Up-to-date: /home/ubuntu/Desktop/workspace/zhao/install/learn_interface/include/learn_interface/srv/detail/get_object_position__functions.h
[1.179s] -- Up-to-date: /home/ubuntu/Desktop/workspace/zhao/install/learn_interface/include/learn_interface/srv/detail/get_object_position__struct.h
[1.180s] -- Up-to-date: /home/ubuntu/Desktop/workspace/zhao/install/learn_interface/include/learn_interface/srv/detail/get_object_position__type_support.h
[1.180s] -- Up-to-date: /home/ubuntu/Desktop/workspace/zhao/install/learn_interface/include/learn_interface/srv/detail/add_two_ints__functions.c
[1.181s] -- Up-to-date: /home/ubuntu/Desktop/workspace/zhao/install/learn_interface/include/learn_interface/srv/detail/add_two_ints__functions.h
[1.181s] -- Up-to-date: /home/ubuntu/Desktop/workspace/zhao/install/learn_interface/include/learn_interface/srv/detail/add_two_ints__struct.h
[1.181s] -- Up-to-date: /home/ubuntu/Desktop/workspace/zhao/install/learn_interface/include/learn_interface/srv/detail/add_two_ints__type_support.h
[1.182s] -- Up-to-date: /home/ubuntu/Desktop/workspace/zhao/install/learn_interface/include/learn_interface/srv/get_object_position.h
[1.182s] -- Up-to-date: /home/ubuntu/Desktop/workspace/zhao/install/learn_interface/include/learn_interface/srv/add_two_ints.h
[1.183s] -- Up-to-date: /home/ubuntu/Desktop/workspace/zhao/install/learn_interface/share/learn_interface/environment/library_path.sh
[1.184s] -- Up-to-date: /home/ubuntu/Desktop/workspace/zhao/install/learn_interface/share/learn_interface/environment/library_path.dsv
[1.184s] -- Up-to-date: /home/ubuntu/Desktop/workspace/zhao/install/learn_interface/lib/liblearn_interface__rosidl_generator_c.so
[1.186s] -- Up-to-date: /home/ubuntu/Desktop/workspace/zhao/install/learn_interface/include/learn_interface
[1.186s] -- Up-to-date: /home/ubuntu/Desktop/workspace/zhao/install/learn_interface/include/learn_interface/msg
[1.187s] -- Up-to-date: /home/ubuntu/Desktop/workspace/zhao/install/learn_interface/include/learn_interface/msg/rosidl_typesupport_fastrtps_c__visibility_control.h
[1.187s] -- Up-to-date: /home/ubuntu/Desktop/workspace/zhao/install/learn_interface/include/learn_interface/msg/detail
[1.187s] -- Up-to-date: /home/ubuntu/Desktop/workspace/zhao/install/learn_interface/include/learn_interface/msg/detail/object_position__rosidl_typesupport_fastrtps_c.h
[1.187s] -- Up-to-date: /home/ubuntu/Desktop/workspace/zhao/install/learn_interface/include/learn_interface/srv
[1.188s] -- Up-to-date: /home/ubuntu/Desktop/workspace/zhao/install/learn_interface/include/learn_interface/srv/detail
[1.188s] -- Up-to-date: /home/ubuntu/Desktop/workspace/zhao/install/learn_interface/include/learn_interface/srv/detail/add_two_int32s__rosidl_typesupport_fastrtps_c.h
[1.188s] -- Up-to-date: /home/ubuntu/Desktop/workspace/zhao/install/learn_interface/include/learn_interface/srv/detail/get_object_position__rosidl_typesupport_fastrtps_c.h
[1.188s] -- Up-to-date: /home/ubuntu/Desktop/workspace/zhao/install/learn_interface/include/learn_interface/srv/detail/add_two_ints__rosidl_typesupport_fastrtps_c.h
[1.188s] -- Up-to-date: /home/ubuntu/Desktop/workspace/zhao/install/learn_interface/lib/liblearn_interface__rosidl_typesupport_fastrtps_c.so
[1.189s] -- Up-to-date: /home/ubuntu/Desktop/workspace/zhao/install/learn_interface/include/learn_interface
[1.189s] -- Up-to-date: /home/ubuntu/Desktop/workspace/zhao/install/learn_interface/include/learn_interface/msg
[1.190s] -- Up-to-date: /home/ubuntu/Desktop/workspace/zhao/install/learn_interface/include/learn_interface/msg/rosidl_typesupport_fastrtps_cpp__visibility_control.h
[1.192s] -- Up-to-date: /home/ubuntu/Desktop/workspace/zhao/install/learn_interface/include/learn_interface/msg/detail
[1.192s] -- Up-to-date: /home/ubuntu/Desktop/workspace/zhao/install/learn_interface/include/learn_interface/msg/detail/object_position__rosidl_typesupport_fastrtps_cpp.hpp
[1.192s] -- Up-to-date: /home/ubuntu/Desktop/workspace/zhao/install/learn_interface/include/learn_interface/msg/detail/dds_fastrtps
[1.193s] -- Up-to-date: /home/ubuntu/Desktop/workspace/zhao/install/learn_interface/include/learn_interface/srv
[1.193s] -- Up-to-date: /home/ubuntu/Desktop/workspace/zhao/install/learn_interface/include/learn_interface/srv/detail
[1.193s] -- Up-to-date: /home/ubuntu/Desktop/workspace/zhao/install/learn_interface/include/learn_interface/srv/detail/add_two_int32s__rosidl_typesupport_fastrtps_cpp.hpp
[1.193s] -- Up-to-date: /home/ubuntu/Desktop/workspace/zhao/install/learn_interface/include/learn_interface/srv/detail/dds_fastrtps
[1.193s] -- Up-to-date: /home/ubuntu/Desktop/workspace/zhao/install/learn_interface/include/learn_interface/srv/detail/get_object_position__rosidl_typesupport_fastrtps_cpp.hpp
[1.194s] -- Up-to-date: /home/ubuntu/Desktop/workspace/zhao/install/learn_interface/include/learn_interface/srv/detail/add_two_ints__rosidl_typesupport_fastrtps_cpp.hpp
[1.194s] -- Up-to-date: /home/ubuntu/Desktop/workspace/zhao/install/learn_interface/lib/liblearn_interface__rosidl_typesupport_fastrtps_cpp.so
[1.195s] -- Up-to-date: /home/ubuntu/Desktop/workspace/zhao/install/learn_interface/include/learn_interface
[1.195s] -- Up-to-date: /home/ubuntu/Desktop/workspace/zhao/install/learn_interface/include/learn_interface/msg
[1.198s] -- Up-to-date: /home/ubuntu/Desktop/workspace/zhao/install/learn_interface/include/learn_interface/msg/rosidl_typesupport_introspection_c__visibility_control.h
[1.198s] -- Up-to-date: /home/ubuntu/Desktop/workspace/zhao/install/learn_interface/include/learn_interface/msg/detail
[1.198s] -- Up-to-date: /home/ubuntu/Desktop/workspace/zhao/install/learn_interface/include/learn_interface/msg/detail/object_position__rosidl_typesupport_introspection_c.h
[1.198s] -- Up-to-date: /home/ubuntu/Desktop/workspace/zhao/install/learn_interface/include/learn_interface/msg/detail/object_position__type_support.c
[1.199s] -- Up-to-date: /home/ubuntu/Desktop/workspace/zhao/install/learn_interface/include/learn_interface/srv
[1.199s] -- Up-to-date: /home/ubuntu/Desktop/workspace/zhao/install/learn_interface/include/learn_interface/srv/detail
[1.199s] -- Up-to-date: /home/ubuntu/Desktop/workspace/zhao/install/learn_interface/include/learn_interface/srv/detail/add_two_int32s__rosidl_typesupport_introspection_c.h
[1.199s] -- Up-to-date: /home/ubuntu/Desktop/workspace/zhao/install/learn_interface/include/learn_interface/srv/detail/add_two_int32s__type_support.c
[1.199s] -- Up-to-date: /home/ubuntu/Desktop/workspace/zhao/install/learn_interface/include/learn_interface/srv/detail/get_object_position__rosidl_typesupport_introspection_c.h
[1.199s] -- Up-to-date: /home/ubuntu/Desktop/workspace/zhao/install/learn_interface/include/learn_interface/srv/detail/get_object_position__type_support.c
[1.200s] -- Up-to-date: /home/ubuntu/Desktop/workspace/zhao/install/learn_interface/include/learn_interface/srv/detail/add_two_ints__rosidl_typesupport_introspection_c.h
[1.200s] -- Up-to-date: /home/ubuntu/Desktop/workspace/zhao/install/learn_interface/include/learn_interface/srv/detail/add_two_ints__type_support.c
[1.206s] -- Up-to-date: /home/ubuntu/Desktop/workspace/zhao/install/learn_interface/lib/liblearn_interface__rosidl_typesupport_introspection_c.so
[1.207s] -- Up-to-date: /home/ubuntu/Desktop/workspace/zhao/install/learn_interface/lib/liblearn_interface__rosidl_typesupport_c.so
[1.207s] -- Up-to-date: /home/ubuntu/Desktop/workspace/zhao/install/learn_interface/include/learn_interface
[1.207s] -- Up-to-date: /home/ubuntu/Desktop/workspace/zhao/install/learn_interface/include/learn_interface/srv
[1.208s] -- Up-to-date: /home/ubuntu/Desktop/workspace/zhao/install/learn_interface/include/learn_interface/srv/add_two_int32s.hpp
[1.208s] -- Up-to-date: /home/ubuntu/Desktop/workspace/zhao/install/learn_interface/include/learn_interface/srv/detail
[1.208s] -- Up-to-date: /home/ubuntu/Desktop/workspace/zhao/install/learn_interface/include/learn_interface/srv/detail/add_two_int32s__builder.hpp
[1.208s] -- Up-to-date: /home/ubuntu/Desktop/workspace/zhao/install/learn_interface/include/learn_interface/srv/detail/add_two_int32s__struct.hpp
[1.208s] -- Up-to-date: /home/ubuntu/Desktop/workspace/zhao/install/learn_interface/include/learn_interface/srv/detail/add_two_int32s__traits.hpp
[1.209s] -- Up-to-date: /home/ubuntu/Desktop/workspace/zhao/install/learn_interface/include/learn_interface/srv/detail/get_object_position__builder.hpp
[1.209s] -- Up-to-date: /home/ubuntu/Desktop/workspace/zhao/install/learn_interface/include/learn_interface/srv/detail/get_object_position__struct.hpp
[1.209s] -- Up-to-date: /home/ubuntu/Desktop/workspace/zhao/install/learn_interface/include/learn_interface/srv/detail/get_object_position__traits.hpp
[1.209s] -- Up-to-date: /home/ubuntu/Desktop/workspace/zhao/install/learn_interface/include/learn_interface/srv/detail/add_two_ints__builder.hpp
[1.209s] -- Up-to-date: /home/ubuntu/Desktop/workspace/zhao/install/learn_interface/include/learn_interface/srv/detail/add_two_ints__struct.hpp
[1.210s] -- Up-to-date: /home/ubuntu/Desktop/workspace/zhao/install/learn_interface/include/learn_interface/srv/detail/add_two_ints__traits.hpp
[1.210s] -- Up-to-date: /home/ubuntu/Desktop/workspace/zhao/install/learn_interface/include/learn_interface/srv/get_object_position.hpp
[1.210s] -- Up-to-date: /home/ubuntu/Desktop/workspace/zhao/install/learn_interface/include/learn_interface/srv/add_two_ints.hpp
[1.210s] -- Up-to-date: /home/ubuntu/Desktop/workspace/zhao/install/learn_interface/include/learn_interface/msg
[1.210s] -- Up-to-date: /home/ubuntu/Desktop/workspace/zhao/install/learn_interface/include/learn_interface/msg/object_position.hpp
[1.211s] -- Up-to-date: /home/ubuntu/Desktop/workspace/zhao/install/learn_interface/include/learn_interface/msg/detail
[1.211s] -- Up-to-date: /home/ubuntu/Desktop/workspace/zhao/install/learn_interface/include/learn_interface/msg/detail/object_position__builder.hpp
[1.211s] -- Up-to-date: /home/ubuntu/Desktop/workspace/zhao/install/learn_interface/include/learn_interface/msg/detail/object_position__struct.hpp
[1.211s] -- Up-to-date: /home/ubuntu/Desktop/workspace/zhao/install/learn_interface/include/learn_interface/msg/detail/object_position__traits.hpp
[1.211s] -- Up-to-date: /home/ubuntu/Desktop/workspace/zhao/install/learn_interface/include/learn_interface
[1.211s] -- Up-to-date: /home/ubuntu/Desktop/workspace/zhao/install/learn_interface/include/learn_interface/srv
[1.212s] -- Up-to-date: /home/ubuntu/Desktop/workspace/zhao/install/learn_interface/include/learn_interface/srv/detail
[1.212s] -- Up-to-date: /home/ubuntu/Desktop/workspace/zhao/install/learn_interface/include/learn_interface/srv/detail/add_two_int32s__rosidl_typesupport_introspection_cpp.hpp
[1.212s] -- Up-to-date: /home/ubuntu/Desktop/workspace/zhao/install/learn_interface/include/learn_interface/srv/detail/add_two_int32s__type_support.cpp
[1.212s] -- Up-to-date: /home/ubuntu/Desktop/workspace/zhao/install/learn_interface/include/learn_interface/srv/detail/get_object_position__rosidl_typesupport_introspection_cpp.hpp
[1.212s] -- Up-to-date: /home/ubuntu/Desktop/workspace/zhao/install/learn_interface/include/learn_interface/srv/detail/get_object_position__type_support.cpp
[1.212s] -- Up-to-date: /home/ubuntu/Desktop/workspace/zhao/install/learn_interface/include/learn_interface/srv/detail/add_two_ints__rosidl_typesupport_introspection_cpp.hpp
[1.213s] -- Up-to-date: /home/ubuntu/Desktop/workspace/zhao/install/learn_interface/include/learn_interface/srv/detail/add_two_ints__type_support.cpp
[1.213s] -- Up-to-date: /home/ubuntu/Desktop/workspace/zhao/install/learn_interface/include/learn_interface/msg
[1.213s] -- Up-to-date: /home/ubuntu/Desktop/workspace/zhao/install/learn_interface/include/learn_interface/msg/detail
[1.213s] -- Up-to-date: /home/ubuntu/Desktop/workspace/zhao/install/learn_interface/include/learn_interface/msg/detail/object_position__rosidl_typesupport_introspection_cpp.hpp
[1.213s] -- Up-to-date: /home/ubuntu/Desktop/workspace/zhao/install/learn_interface/include/learn_interface/msg/detail/object_position__type_support.cpp
[1.214s] -- Up-to-date: /home/ubuntu/Desktop/workspace/zhao/install/learn_interface/lib/liblearn_interface__rosidl_typesupport_introspection_cpp.so
[1.214s] -- Up-to-date: /home/ubuntu/Desktop/workspace/zhao/install/learn_interface/lib/liblearn_interface__rosidl_typesupport_cpp.so
[1.214s] -- Up-to-date: /home/ubuntu/Desktop/workspace/zhao/install/learn_interface/share/learn_interface/environment/pythonpath.sh
[1.214s] -- Up-to-date: /home/ubuntu/Desktop/workspace/zhao/install/learn_interface/share/learn_interface/environment/pythonpath.dsv
[1.214s] -- Up-to-date: /home/ubuntu/Desktop/workspace/zhao/install/learn_interface/lib/python3.8/site-packages/learn_interface/__init__.py
[1.277s] -- Up-to-date: /home/ubuntu/Desktop/workspace/zhao/install/learn_interface/lib/python3.8/site-packages/learn_interface/srv
[1.278s] -- Up-to-date: /home/ubuntu/Desktop/workspace/zhao/install/learn_interface/lib/python3.8/site-packages/learn_interface/srv/_add_two_int32s.py
[1.278s] -- Up-to-date: /home/ubuntu/Desktop/workspace/zhao/install/learn_interface/lib/python3.8/site-packages/learn_interface/srv/_add_two_int32s_s.c
[1.278s] -- Up-to-date: /home/ubuntu/Desktop/workspace/zhao/install/learn_interface/lib/python3.8/site-packages/learn_interface/srv/_get_object_position.py
[1.278s] -- Up-to-date: /home/ubuntu/Desktop/workspace/zhao/install/learn_interface/lib/python3.8/site-packages/learn_interface/srv/_get_object_position_s.c
[1.279s] -- Up-to-date: /home/ubuntu/Desktop/workspace/zhao/install/learn_interface/lib/python3.8/site-packages/learn_interface/srv/__init__.py
[1.279s] -- Up-to-date: /home/ubuntu/Desktop/workspace/zhao/install/learn_interface/lib/python3.8/site-packages/learn_interface/srv/_add_two_ints.py
[1.281s] -- Up-to-date: /home/ubuntu/Desktop/workspace/zhao/install/learn_interface/lib/python3.8/site-packages/learn_interface/srv/_add_two_ints_s.c
[1.282s] -- Up-to-date: /home/ubuntu/Desktop/workspace/zhao/install/learn_interface/lib/python3.8/site-packages/learn_interface/msg
[1.282s] -- Up-to-date: /home/ubuntu/Desktop/workspace/zhao/install/learn_interface/lib/python3.8/site-packages/learn_interface/msg/_object_position.py
[1.282s] -- Up-to-date: /home/ubuntu/Desktop/workspace/zhao/install/learn_interface/lib/python3.8/site-packages/learn_interface/msg/_object_position_s.c
[1.282s] -- Up-to-date: /home/ubuntu/Desktop/workspace/zhao/install/learn_interface/lib/python3.8/site-packages/learn_interface/msg/__init__.py
[1.284s] -- Up-to-date: /home/ubuntu/Desktop/workspace/zhao/install/learn_interface/lib/python3.8/site-packages/learn_interface/learn_interface_s__rosidl_typesupport_fastrtps_c.cpython-38-x86_64-linux-gnu.so
[1.285s] -- Up-to-date: /home/ubuntu/Desktop/workspace/zhao/install/learn_interface/lib/python3.8/site-packages/learn_interface/learn_interface_s__rosidl_typesupport_introspection_c.cpython-38-x86_64-linux-gnu.so
[1.285s] -- Up-to-date: /home/ubuntu/Desktop/workspace/zhao/install/learn_interface/lib/python3.8/site-packages/learn_interface/learn_interface_s__rosidl_typesupport_c.cpython-38-x86_64-linux-gnu.so
[1.285s] -- Up-to-date: /home/ubuntu/Desktop/workspace/zhao/install/learn_interface/lib/liblearn_interface__python.so
[1.285s] -- Up-to-date: /home/ubuntu/Desktop/workspace/zhao/install/learn_interface/share/learn_interface/srv/AddTwoInts.idl
[1.285s] -- Up-to-date: /home/ubuntu/Desktop/workspace/zhao/install/learn_interface/share/learn_interface/srv/GetObjectPosition.idl
[1.285s] -- Up-to-date: /home/ubuntu/Desktop/workspace/zhao/install/learn_interface/share/learn_interface/msg/ObjectPosition.idl
[1.286s] -- Up-to-date: /home/ubuntu/Desktop/workspace/zhao/install/learn_interface/share/learn_interface/srv/AddTwoInts.srv
[1.286s] -- Up-to-date: /home/ubuntu/Desktop/workspace/zhao/install/learn_interface/share/learn_interface/srv/AddTwoInts_Request.msg
[1.286s] -- Up-to-date: /home/ubuntu/Desktop/workspace/zhao/install/learn_interface/share/learn_interface/srv/AddTwoInts_Response.msg
[1.286s] -- Up-to-date: /home/ubuntu/Desktop/workspace/zhao/install/learn_interface/share/learn_interface/srv/GetObjectPosition.srv
[1.286s] -- Up-to-date: /home/ubuntu/Desktop/workspace/zhao/install/learn_interface/share/learn_interface/srv/GetObjectPosition_Request.msg
[1.286s] -- Up-to-date: /home/ubuntu/Desktop/workspace/zhao/install/learn_interface/share/learn_interface/srv/GetObjectPosition_Response.msg
[1.287s] -- Up-to-date: /home/ubuntu/Desktop/workspace/zhao/install/learn_interface/share/learn_interface/msg/ObjectPosition.msg
[1.287s] -- Up-to-date: /home/ubuntu/Desktop/workspace/zhao/install/learn_interface/share/ament_index/resource_index/package_run_dependencies/learn_interface
[1.289s] -- Up-to-date: /home/ubuntu/Desktop/workspace/zhao/install/learn_interface/share/ament_index/resource_index/parent_prefix_path/learn_interface
[1.289s] -- Up-to-date: /home/ubuntu/Desktop/workspace/zhao/install/learn_interface/share/learn_interface/environment/ament_prefix_path.sh
[1.290s] -- Up-to-date: /home/ubuntu/Desktop/workspace/zhao/install/learn_interface/share/learn_interface/environment/ament_prefix_path.dsv
[1.293s] -- Up-to-date: /home/ubuntu/Desktop/workspace/zhao/install/learn_interface/share/learn_interface/environment/path.sh
[1.293s] -- Up-to-date: /home/ubuntu/Desktop/workspace/zhao/install/learn_interface/share/learn_interface/environment/path.dsv
[1.294s] -- Up-to-date: /home/ubuntu/Desktop/workspace/zhao/install/learn_interface/share/learn_interface/local_setup.bash
[1.294s] -- Up-to-date: /home/ubuntu/Desktop/workspace/zhao/install/learn_interface/share/learn_interface/local_setup.sh
[1.294s] -- Up-to-date: /home/ubuntu/Desktop/workspace/zhao/install/learn_interface/share/learn_interface/local_setup.zsh
[1.295s] -- Up-to-date: /home/ubuntu/Desktop/workspace/zhao/install/learn_interface/share/learn_interface/local_setup.dsv
[1.295s] -- Installing: /home/ubuntu/Desktop/workspace/zhao/install/learn_interface/share/learn_interface/package.dsv
[1.295s] -- Up-to-date: /home/ubuntu/Desktop/workspace/zhao/install/learn_interface/share/ament_index/resource_index/packages/learn_interface
[1.296s] -- Up-to-date: /home/ubuntu/Desktop/workspace/zhao/install/learn_interface/share/learn_interface/cmake/learn_interface__rosidl_generator_cExport.cmake
[1.296s] -- Up-to-date: /home/ubuntu/Desktop/workspace/zhao/install/learn_interface/share/learn_interface/cmake/learn_interface__rosidl_generator_cExport-noconfig.cmake
[1.297s] -- Up-to-date: /home/ubuntu/Desktop/workspace/zhao/install/learn_interface/share/learn_interface/cmake/learn_interface__rosidl_typesupport_introspection_cExport.cmake
[1.297s] -- Up-to-date: /home/ubuntu/Desktop/workspace/zhao/install/learn_interface/share/learn_interface/cmake/learn_interface__rosidl_typesupport_introspection_cExport-noconfig.cmake
[1.298s] -- Up-to-date: /home/ubuntu/Desktop/workspace/zhao/install/learn_interface/share/learn_interface/cmake/learn_interface__rosidl_typesupport_cExport.cmake
[1.298s] -- Up-to-date: /home/ubuntu/Desktop/workspace/zhao/install/learn_interface/share/learn_interface/cmake/learn_interface__rosidl_typesupport_cExport-noconfig.cmake
[1.299s] -- Up-to-date: /home/ubuntu/Desktop/workspace/zhao/install/learn_interface/share/learn_interface/cmake/learn_interface__rosidl_generator_cppExport.cmake
[1.299s] -- Up-to-date: /home/ubuntu/Desktop/workspace/zhao/install/learn_interface/share/learn_interface/cmake/learn_interface__rosidl_typesupport_introspection_cppExport.cmake
[1.299s] -- Up-to-date: /home/ubuntu/Desktop/workspace/zhao/install/learn_interface/share/learn_interface/cmake/learn_interface__rosidl_typesupport_introspection_cppExport-noconfig.cmake
[1.300s] -- Up-to-date: /home/ubuntu/Desktop/workspace/zhao/install/learn_interface/share/learn_interface/cmake/learn_interface__rosidl_typesupport_cppExport.cmake
[1.300s] -- Up-to-date: /home/ubuntu/Desktop/workspace/zhao/install/learn_interface/share/learn_interface/cmake/learn_interface__rosidl_typesupport_cppExport-noconfig.cmake
[1.300s] -- Up-to-date: /home/ubuntu/Desktop/workspace/zhao/install/learn_interface/share/learn_interface/cmake/rosidl_cmake-extras.cmake
[1.309s] -- Up-to-date: /home/ubuntu/Desktop/workspace/zhao/install/learn_interface/share/learn_interface/cmake/ament_cmake_export_dependencies-extras.cmake
[1.312s] -- Up-to-date: /home/ubuntu/Desktop/workspace/zhao/install/learn_interface/share/learn_interface/cmake/ament_cmake_export_libraries-extras.cmake
[1.312s] -- Up-to-date: /home/ubuntu/Desktop/workspace/zhao/install/learn_interface/share/learn_interface/cmake/ament_cmake_export_targets-extras.cmake
[1.313s] -- Up-to-date: /home/ubuntu/Desktop/workspace/zhao/install/learn_interface/share/learn_interface/cmake/ament_cmake_export_include_directories-extras.cmake
[1.313s] -- Up-to-date: /home/ubuntu/Desktop/workspace/zhao/install/learn_interface/share/learn_interface/cmake/rosidl_cmake_export_typesupport_libraries-extras.cmake
[1.313s] -- Up-to-date: /home/ubuntu/Desktop/workspace/zhao/install/learn_interface/share/learn_interface/cmake/rosidl_cmake_export_typesupport_targets-extras.cmake
[1.314s] -- Up-to-date: /home/ubuntu/Desktop/workspace/zhao/install/learn_interface/share/learn_interface/cmake/learn_interfaceConfig.cmake
[1.314s] -- Up-to-date: /home/ubuntu/Desktop/workspace/zhao/install/learn_interface/share/learn_interface/cmake/learn_interfaceConfig-version.cmake
[1.314s] -- Up-to-date: /home/ubuntu/Desktop/workspace/zhao/install/learn_interface/share/learn_interface/package.xml
[1.315s] Invoked command in '/home/ubuntu/Desktop/workspace/zhao/build/learn_interface' returned '0': CMAKE_PREFIX_PATH=${CMAKE_PREFIX_PATH}:/home/ubuntu/Desktop/workspace/zhao/install/learn_topic:/home/ubuntu/Desktop/workspace/zhao/install/learn_service:/opt/ros/foxy /usr/bin/cmake --install /home/ubuntu/Desktop/workspace/zhao/build/learn_interface
