[1.327s] Invoking command in '/home/ubuntu/Desktop/workspace/zhao/src/learn_topic': PYTHONPATH=/home/ubuntu/Desktop/workspace/zhao/install/learn_topic/lib/python3.8/site-packages:${PYTHONPATH} /usr/bin/python3 setup.py egg_info --egg-base ../../build/learn_topic build --build-base /home/ubuntu/Desktop/workspace/zhao/build/learn_topic/build install --prefix /home/ubuntu/Desktop/workspace/zhao/install/learn_topic --record /home/ubuntu/Desktop/workspace/zhao/build/learn_topic/install.log --single-version-externally-managed
[1.689s] running egg_info
[1.689s] writing ../../build/learn_topic/learn_topic.egg-info/PKG-INFO
[1.690s] writing dependency_links to ../../build/learn_topic/learn_topic.egg-info/dependency_links.txt
[1.690s] writing entry points to ../../build/learn_topic/learn_topic.egg-info/entry_points.txt
[1.690s] writing requirements to ../../build/learn_topic/learn_topic.egg-info/requires.txt
[1.691s] writing top-level names to ../../build/learn_topic/learn_topic.egg-info/top_level.txt
[1.759s] reading manifest file '../../build/learn_topic/learn_topic.egg-info/SOURCES.txt'
[1.761s] writing manifest file '../../build/learn_topic/learn_topic.egg-info/SOURCES.txt'
[1.762s] running build
[1.762s] running build_py
[1.762s] copying learn_topic/topic_hello.py -> /home/ubuntu/Desktop/workspace/zhao/build/learn_topic/build/lib/learn_topic
[1.763s] copying learn_topic/topic_webcam_pub.py -> /home/ubuntu/Desktop/workspace/zhao/build/learn_topic/build/lib/learn_topic
[1.764s] copying learn_topic/topic_webcam_sub.py -> /home/ubuntu/Desktop/workspace/zhao/build/learn_topic/build/lib/learn_topic
[1.765s] running install
[1.767s] running install_lib
[1.769s] copying /home/ubuntu/Desktop/workspace/zhao/build/learn_topic/build/lib/learn_topic/topic_hello.py -> /home/ubuntu/Desktop/workspace/zhao/install/learn_topic/lib/python3.8/site-packages/learn_topic
[1.769s] copying /home/ubuntu/Desktop/workspace/zhao/build/learn_topic/build/lib/learn_topic/topic_webcam_pub.py -> /home/ubuntu/Desktop/workspace/zhao/install/learn_topic/lib/python3.8/site-packages/learn_topic
[1.770s] copying /home/ubuntu/Desktop/workspace/zhao/build/learn_topic/build/lib/learn_topic/topic_webcam_sub.py -> /home/ubuntu/Desktop/workspace/zhao/install/learn_topic/lib/python3.8/site-packages/learn_topic
[1.771s] byte-compiling /home/ubuntu/Desktop/workspace/zhao/install/learn_topic/lib/python3.8/site-packages/learn_topic/topic_hello.py to topic_hello.cpython-38.pyc
[1.774s] byte-compiling /home/ubuntu/Desktop/workspace/zhao/install/learn_topic/lib/python3.8/site-packages/learn_topic/topic_webcam_pub.py to topic_webcam_pub.cpython-38.pyc
[1.775s] byte-compiling /home/ubuntu/Desktop/workspace/zhao/install/learn_topic/lib/python3.8/site-packages/learn_topic/topic_webcam_sub.py to topic_webcam_sub.cpython-38.pyc
[1.775s] running install_data
[1.776s] running install_egg_info
[1.779s] removing '/home/ubuntu/Desktop/workspace/zhao/install/learn_topic/lib/python3.8/site-packages/learn_topic-0.0.0-py3.8.egg-info' (and everything under it)
[1.779s] Copying ../../build/learn_topic/learn_topic.egg-info to /home/ubuntu/Desktop/workspace/zhao/install/learn_topic/lib/python3.8/site-packages/learn_topic-0.0.0-py3.8.egg-info
[1.781s] running install_scripts
[1.810s] Installing topic_cam_pub script to /home/ubuntu/Desktop/workspace/zhao/install/learn_topic/lib/learn_topic
[1.810s] Installing topic_cam_sub script to /home/ubuntu/Desktop/workspace/zhao/install/learn_topic/lib/learn_topic
[1.810s] Installing topic_hello script to /home/ubuntu/Desktop/workspace/zhao/install/learn_topic/lib/learn_topic
[1.810s] writing list of installed files to '/home/ubuntu/Desktop/workspace/zhao/build/learn_topic/install.log'
[1.885s] Invoked command in '/home/ubuntu/Desktop/workspace/zhao/src/learn_topic' returned '0': PYTHONPATH=/home/ubuntu/Desktop/workspace/zhao/install/learn_topic/lib/python3.8/site-packages:${PYTHONPATH} /usr/bin/python3 setup.py egg_info --egg-base ../../build/learn_topic build --build-base /home/ubuntu/Desktop/workspace/zhao/build/learn_topic/build install --prefix /home/ubuntu/Desktop/workspace/zhao/install/learn_topic --record /home/ubuntu/Desktop/workspace/zhao/build/learn_topic/install.log --single-version-externally-managed
