[1.306s] DEBUG:colcon:Command line arguments: ['/usr/bin/colcon', 'build']
[1.306s] DEBUG:colcon:Parsed command line arguments: Namespace(allow_overriding=[], ament_cmake_args=None, base_paths=['.'], build_base='build', catkin_cmake_args=None, catkin_skip_building_tests=False, cmake_args=None, cmake_clean_cache=False, cmake_clean_first=False, cmake_force_configure=False, cmake_target=None, cmake_target_skip_unavailable=False, continue_on_error=False, event_handlers=None, executor='parallel', ignore_user_meta=False, install_base='install', log_base=None, log_level=None, main=<bound method BuildVerb.main of <colcon_core.verb.build.BuildVerb object at 0x7fd47fed2790>>, merge_install=False, metas=['./colcon.meta'], packages_above=None, packages_above_and_dependencies=None, packages_above_depth=None, packages_end=None, packages_ignore=None, packages_ignore_regex=None, packages_select=None, packages_select_build_failed=False, packages_select_by_dep=None, packages_select_regex=None, packages_select_test_failures=False, packages_skip=None, packages_skip_build_finished=False, packages_skip_by_dep=None, packages_skip_regex=None, packages_skip_test_passed=False, packages_skip_up_to=None, packages_start=None, packages_up_to=None, packages_up_to_regex=None, parallel_workers=4, paths=None, symlink_install=False, test_result_base=None, verb_extension=<colcon_core.verb.build.BuildVerb object at 0x7fd47fed2790>, verb_name='build', verb_parser=<colcon_defaults.argument_parser.defaults.DefaultArgumentsDecorator object at 0x7fd47fed2d00>)
[1.617s] Level 1:colcon.colcon_core.package_discovery:discover_packages(colcon_meta) check parameters
[1.617s] Level 1:colcon.colcon_core.package_discovery:discover_packages(recursive) check parameters
[1.617s] Level 1:colcon.colcon_core.package_discovery:discover_packages(ignore) check parameters
[1.617s] Level 1:colcon.colcon_core.package_discovery:discover_packages(path) check parameters
[1.618s] Level 1:colcon.colcon_core.package_discovery:discover_packages(colcon_meta) discover
[1.618s] Level 1:colcon.colcon_core.package_discovery:discover_packages(recursive) discover
[1.618s] INFO:colcon.colcon_core.package_discovery:Crawling recursively for packages in '/home/ubuntu/Desktop/workspace/zhao'
[1.619s] Level 1:colcon.colcon_core.package_identification:_identify(.) by extensions ['ignore', 'ignore_ament_install']
[1.620s] Level 1:colcon.colcon_core.package_identification:_identify(.) by extension 'ignore'
[1.620s] Level 1:colcon.colcon_core.package_identification:_identify(.) by extension 'ignore_ament_install'
[1.620s] Level 1:colcon.colcon_core.package_identification:_identify(.) by extensions ['colcon_pkg']
[1.620s] Level 1:colcon.colcon_core.package_identification:_identify(.) by extension 'colcon_pkg'
[1.620s] Level 1:colcon.colcon_core.package_identification:_identify(.) by extensions ['colcon_meta']
[1.620s] Level 1:colcon.colcon_core.package_identification:_identify(.) by extension 'colcon_meta'
[1.620s] Level 1:colcon.colcon_core.package_identification:_identify(.) by extensions ['ros']
[1.620s] Level 1:colcon.colcon_core.package_identification:_identify(.) by extension 'ros'
[1.744s] Level 1:colcon.colcon_core.package_identification:_identify(.) by extensions ['cmake', 'python']
[1.745s] Level 1:colcon.colcon_core.package_identification:_identify(.) by extension 'cmake'
[1.746s] Level 1:colcon.colcon_core.package_identification:_identify(.) by extension 'python'
[1.746s] Level 1:colcon.colcon_core.package_identification:_identify(.) by extensions ['python_setup_py']
[1.746s] Level 1:colcon.colcon_core.package_identification:_identify(.) by extension 'python_setup_py'
[1.747s] Level 1:colcon.colcon_core.package_identification:_identify(build) by extensions ['ignore', 'ignore_ament_install']
[1.747s] Level 1:colcon.colcon_core.package_identification:_identify(build) by extension 'ignore'
[1.747s] Level 1:colcon.colcon_core.package_identification:_identify(build) ignored
[1.747s] Level 1:colcon.colcon_core.package_identification:_identify(install) by extensions ['ignore', 'ignore_ament_install']
[1.747s] Level 1:colcon.colcon_core.package_identification:_identify(install) by extension 'ignore'
[1.747s] Level 1:colcon.colcon_core.package_identification:_identify(install) ignored
[1.748s] Level 1:colcon.colcon_core.package_identification:_identify(log) by extensions ['ignore', 'ignore_ament_install']
[1.748s] Level 1:colcon.colcon_core.package_identification:_identify(log) by extension 'ignore'
[1.748s] Level 1:colcon.colcon_core.package_identification:_identify(log) ignored
[1.748s] Level 1:colcon.colcon_core.package_identification:_identify(src) by extensions ['ignore', 'ignore_ament_install']
[1.749s] Level 1:colcon.colcon_core.package_identification:_identify(src) by extension 'ignore'
[1.750s] Level 1:colcon.colcon_core.package_identification:_identify(src) by extension 'ignore_ament_install'
[1.750s] Level 1:colcon.colcon_core.package_identification:_identify(src) by extensions ['colcon_pkg']
[1.750s] Level 1:colcon.colcon_core.package_identification:_identify(src) by extension 'colcon_pkg'
[1.750s] Level 1:colcon.colcon_core.package_identification:_identify(src) by extensions ['colcon_meta']
[1.750s] Level 1:colcon.colcon_core.package_identification:_identify(src) by extension 'colcon_meta'
[1.750s] Level 1:colcon.colcon_core.package_identification:_identify(src) by extensions ['ros']
[1.750s] Level 1:colcon.colcon_core.package_identification:_identify(src) by extension 'ros'
[1.750s] Level 1:colcon.colcon_core.package_identification:_identify(src) by extensions ['cmake', 'python']
[1.750s] Level 1:colcon.colcon_core.package_identification:_identify(src) by extension 'cmake'
[1.751s] Level 1:colcon.colcon_core.package_identification:_identify(src) by extension 'python'
[1.751s] Level 1:colcon.colcon_core.package_identification:_identify(src) by extensions ['python_setup_py']
[1.751s] Level 1:colcon.colcon_core.package_identification:_identify(src) by extension 'python_setup_py'
[1.751s] Level 1:colcon.colcon_core.package_identification:_identify(src/learn_interface) by extensions ['ignore', 'ignore_ament_install']
[1.751s] Level 1:colcon.colcon_core.package_identification:_identify(src/learn_interface) by extension 'ignore'
[1.751s] Level 1:colcon.colcon_core.package_identification:_identify(src/learn_interface) by extension 'ignore_ament_install'
[1.751s] Level 1:colcon.colcon_core.package_identification:_identify(src/learn_interface) by extensions ['colcon_pkg']
[1.751s] Level 1:colcon.colcon_core.package_identification:_identify(src/learn_interface) by extension 'colcon_pkg'
[1.751s] Level 1:colcon.colcon_core.package_identification:_identify(src/learn_interface) by extensions ['colcon_meta']
[1.752s] Level 1:colcon.colcon_core.package_identification:_identify(src/learn_interface) by extension 'colcon_meta'
[1.752s] Level 1:colcon.colcon_core.package_identification:_identify(src/learn_interface) by extensions ['ros']
[1.752s] Level 1:colcon.colcon_core.package_identification:_identify(src/learn_interface) by extension 'ros'
[1.752s] Level 1:colcon.colcon_core.package_identification:_identify(src/learn_interface) by extensions ['cmake', 'python']
[1.752s] Level 1:colcon.colcon_core.package_identification:_identify(src/learn_interface) by extension 'cmake'
[1.754s] Level 1:colcon.colcon_core.package_identification:_identify(src/learn_interface) by extension 'python'
[1.754s] DEBUG:colcon.colcon_core.package_identification:Package 'src/learn_interface' with type 'cmake' and name 'learn_interface'
[1.754s] Level 1:colcon.colcon_core.package_identification:_identify(src/learn_service) by extensions ['ignore', 'ignore_ament_install']
[1.755s] Level 1:colcon.colcon_core.package_identification:_identify(src/learn_service) by extension 'ignore'
[1.755s] Level 1:colcon.colcon_core.package_identification:_identify(src/learn_service) by extension 'ignore_ament_install'
[1.755s] Level 1:colcon.colcon_core.package_identification:_identify(src/learn_service) by extensions ['colcon_pkg']
[1.755s] Level 1:colcon.colcon_core.package_identification:_identify(src/learn_service) by extension 'colcon_pkg'
[1.755s] Level 1:colcon.colcon_core.package_identification:_identify(src/learn_service) by extensions ['colcon_meta']
[1.755s] Level 1:colcon.colcon_core.package_identification:_identify(src/learn_service) by extension 'colcon_meta'
[1.755s] Level 1:colcon.colcon_core.package_identification:_identify(src/learn_service) by extensions ['ros']
[1.755s] Level 1:colcon.colcon_core.package_identification:_identify(src/learn_service) by extension 'ros'
[1.771s] DEBUG:colcon.colcon_core.package_identification:Package 'src/learn_service' with type 'ros.ament_python' and name 'learn_service'
[1.771s] Level 1:colcon.colcon_core.package_identification:_identify(src/learn_topic) by extensions ['ignore', 'ignore_ament_install']
[1.772s] Level 1:colcon.colcon_core.package_identification:_identify(src/learn_topic) by extension 'ignore'
[1.772s] Level 1:colcon.colcon_core.package_identification:_identify(src/learn_topic) by extension 'ignore_ament_install'
[1.772s] Level 1:colcon.colcon_core.package_identification:_identify(src/learn_topic) by extensions ['colcon_pkg']
[1.772s] Level 1:colcon.colcon_core.package_identification:_identify(src/learn_topic) by extension 'colcon_pkg'
[1.772s] Level 1:colcon.colcon_core.package_identification:_identify(src/learn_topic) by extensions ['colcon_meta']
[1.772s] Level 1:colcon.colcon_core.package_identification:_identify(src/learn_topic) by extension 'colcon_meta'
[1.772s] Level 1:colcon.colcon_core.package_identification:_identify(src/learn_topic) by extensions ['ros']
[1.772s] Level 1:colcon.colcon_core.package_identification:_identify(src/learn_topic) by extension 'ros'
[1.774s] DEBUG:colcon.colcon_core.package_identification:Package 'src/learn_topic' with type 'ros.ament_python' and name 'learn_topic'
[1.774s] Level 1:colcon.colcon_core.package_discovery:discover_packages(recursive) using defaults
[1.774s] Level 1:colcon.colcon_core.package_discovery:discover_packages(ignore) discover
[1.774s] Level 1:colcon.colcon_core.package_discovery:discover_packages(ignore) using defaults
[1.774s] Level 1:colcon.colcon_core.package_discovery:discover_packages(path) discover
[1.774s] Level 1:colcon.colcon_core.package_discovery:discover_packages(path) using defaults
[2.090s] Level 1:colcon.colcon_core.package_discovery:discover_packages(prefix_path) check parameters
[2.090s] Level 1:colcon.colcon_core.package_discovery:discover_packages(prefix_path) discover
[2.095s] DEBUG:colcon.colcon_installed_package_information.package_discovery:Found 272 installed packages in /opt/ros/foxy
[2.099s] Level 1:colcon.colcon_core.package_discovery:discover_packages(prefix_path) using defaults
[2.511s] Level 5:colcon.colcon_core.verb:set package 'learn_interface' build argument 'cmake_args' from command line to 'None'
[2.512s] Level 5:colcon.colcon_core.verb:set package 'learn_interface' build argument 'cmake_target' from command line to 'None'
[2.512s] Level 5:colcon.colcon_core.verb:set package 'learn_interface' build argument 'cmake_target_skip_unavailable' from command line to 'False'
[2.512s] Level 5:colcon.colcon_core.verb:set package 'learn_interface' build argument 'cmake_clean_cache' from command line to 'False'
[2.512s] Level 5:colcon.colcon_core.verb:set package 'learn_interface' build argument 'cmake_clean_first' from command line to 'False'
[2.512s] Level 5:colcon.colcon_core.verb:set package 'learn_interface' build argument 'cmake_force_configure' from command line to 'False'
[2.512s] Level 5:colcon.colcon_core.verb:set package 'learn_interface' build argument 'ament_cmake_args' from command line to 'None'
[2.512s] Level 5:colcon.colcon_core.verb:set package 'learn_interface' build argument 'catkin_cmake_args' from command line to 'None'
[2.512s] Level 5:colcon.colcon_core.verb:set package 'learn_interface' build argument 'catkin_skip_building_tests' from command line to 'False'
[2.512s] DEBUG:colcon.colcon_core.verb:Building package 'learn_interface' with the following arguments: {'ament_cmake_args': None, 'build_base': '/home/ubuntu/Desktop/workspace/zhao/build/learn_interface', 'catkin_cmake_args': None, 'catkin_skip_building_tests': False, 'cmake_args': None, 'cmake_clean_cache': False, 'cmake_clean_first': False, 'cmake_force_configure': False, 'cmake_target': None, 'cmake_target_skip_unavailable': False, 'install_base': '/home/ubuntu/Desktop/workspace/zhao/install/learn_interface', 'merge_install': False, 'path': '/home/ubuntu/Desktop/workspace/zhao/src/learn_interface', 'symlink_install': False, 'test_result_base': None}
[2.514s] Level 5:colcon.colcon_core.verb:set package 'learn_service' build argument 'cmake_args' from command line to 'None'
[2.514s] Level 5:colcon.colcon_core.verb:set package 'learn_service' build argument 'cmake_target' from command line to 'None'
[2.514s] Level 5:colcon.colcon_core.verb:set package 'learn_service' build argument 'cmake_target_skip_unavailable' from command line to 'False'
[2.514s] Level 5:colcon.colcon_core.verb:set package 'learn_service' build argument 'cmake_clean_cache' from command line to 'False'
[2.515s] Level 5:colcon.colcon_core.verb:set package 'learn_service' build argument 'cmake_clean_first' from command line to 'False'
[2.515s] Level 5:colcon.colcon_core.verb:set package 'learn_service' build argument 'cmake_force_configure' from command line to 'False'
[2.515s] Level 5:colcon.colcon_core.verb:set package 'learn_service' build argument 'ament_cmake_args' from command line to 'None'
[2.515s] Level 5:colcon.colcon_core.verb:set package 'learn_service' build argument 'catkin_cmake_args' from command line to 'None'
[2.515s] Level 5:colcon.colcon_core.verb:set package 'learn_service' build argument 'catkin_skip_building_tests' from command line to 'False'
[2.515s] DEBUG:colcon.colcon_core.verb:Building package 'learn_service' with the following arguments: {'ament_cmake_args': None, 'build_base': '/home/ubuntu/Desktop/workspace/zhao/build/learn_service', 'catkin_cmake_args': None, 'catkin_skip_building_tests': False, 'cmake_args': None, 'cmake_clean_cache': False, 'cmake_clean_first': False, 'cmake_force_configure': False, 'cmake_target': None, 'cmake_target_skip_unavailable': False, 'install_base': '/home/ubuntu/Desktop/workspace/zhao/install/learn_service', 'merge_install': False, 'path': '/home/ubuntu/Desktop/workspace/zhao/src/learn_service', 'symlink_install': False, 'test_result_base': None}
[2.517s] Level 5:colcon.colcon_core.verb:set package 'learn_topic' build argument 'cmake_args' from command line to 'None'
[2.517s] Level 5:colcon.colcon_core.verb:set package 'learn_topic' build argument 'cmake_target' from command line to 'None'
[2.517s] Level 5:colcon.colcon_core.verb:set package 'learn_topic' build argument 'cmake_target_skip_unavailable' from command line to 'False'
[2.517s] Level 5:colcon.colcon_core.verb:set package 'learn_topic' build argument 'cmake_clean_cache' from command line to 'False'
[2.518s] Level 5:colcon.colcon_core.verb:set package 'learn_topic' build argument 'cmake_clean_first' from command line to 'False'
[2.518s] Level 5:colcon.colcon_core.verb:set package 'learn_topic' build argument 'cmake_force_configure' from command line to 'False'
[2.518s] Level 5:colcon.colcon_core.verb:set package 'learn_topic' build argument 'ament_cmake_args' from command line to 'None'
[2.518s] Level 5:colcon.colcon_core.verb:set package 'learn_topic' build argument 'catkin_cmake_args' from command line to 'None'
[2.518s] Level 5:colcon.colcon_core.verb:set package 'learn_topic' build argument 'catkin_skip_building_tests' from command line to 'False'
[2.518s] DEBUG:colcon.colcon_core.verb:Building package 'learn_topic' with the following arguments: {'ament_cmake_args': None, 'build_base': '/home/ubuntu/Desktop/workspace/zhao/build/learn_topic', 'catkin_cmake_args': None, 'catkin_skip_building_tests': False, 'cmake_args': None, 'cmake_clean_cache': False, 'cmake_clean_first': False, 'cmake_force_configure': False, 'cmake_target': None, 'cmake_target_skip_unavailable': False, 'install_base': '/home/ubuntu/Desktop/workspace/zhao/install/learn_topic', 'merge_install': False, 'path': '/home/ubuntu/Desktop/workspace/zhao/src/learn_topic', 'symlink_install': False, 'test_result_base': None}
[2.519s] INFO:colcon.colcon_core.executor:Executing jobs using 'parallel' executor
[2.524s] DEBUG:colcon.colcon_parallel_executor.executor.parallel:run_until_complete
[2.525s] INFO:colcon.colcon_cmake.task.cmake.build:Building CMake package in '/home/ubuntu/Desktop/workspace/zhao/src/learn_interface'
[2.543s] INFO:colcon.colcon_core.plugin_system:Skipping extension 'colcon_core.shell.bat': Not used on non-Windows systems
[2.548s] INFO:colcon.colcon_core.shell:Skip shell extension 'powershell' for command environment: Not usable outside of PowerShell
[2.549s] DEBUG:colcon.colcon_core.shell:Skip shell extension 'dsv' for command environment
[2.558s] INFO:colcon.colcon_ros.task.ament_python.build:Building ROS package in '/home/ubuntu/Desktop/workspace/zhao/src/learn_service' with build type 'ament_python'
[2.559s] Level 1:colcon.colcon_core.shell:create_environment_hook('learn_service', 'ament_prefix_path')
[2.560s] INFO:colcon.colcon_core.shell:Creating environment hook '/home/ubuntu/Desktop/workspace/zhao/install/learn_service/share/learn_service/hook/ament_prefix_path.ps1'
[2.562s] INFO:colcon.colcon_core.shell:Creating environment descriptor '/home/ubuntu/Desktop/workspace/zhao/install/learn_service/share/learn_service/hook/ament_prefix_path.dsv'
[2.574s] INFO:colcon.colcon_core.shell:Creating environment hook '/home/ubuntu/Desktop/workspace/zhao/install/learn_service/share/learn_service/hook/ament_prefix_path.sh'
[2.576s] INFO:colcon.colcon_core.shell:Skip shell extension 'powershell' for command environment: Not usable outside of PowerShell
[2.576s] DEBUG:colcon.colcon_core.shell:Skip shell extension 'dsv' for command environment
[2.586s] INFO:colcon.colcon_ros.task.ament_python.build:Building ROS package in '/home/ubuntu/Desktop/workspace/zhao/src/learn_topic' with build type 'ament_python'
[2.587s] Level 1:colcon.colcon_core.shell:create_environment_hook('learn_topic', 'ament_prefix_path')
[2.589s] INFO:colcon.colcon_core.shell:Creating environment hook '/home/ubuntu/Desktop/workspace/zhao/install/learn_topic/share/learn_topic/hook/ament_prefix_path.ps1'
[2.591s] INFO:colcon.colcon_core.shell:Creating environment descriptor '/home/ubuntu/Desktop/workspace/zhao/install/learn_topic/share/learn_topic/hook/ament_prefix_path.dsv'
[2.592s] INFO:colcon.colcon_core.shell:Creating environment hook '/home/ubuntu/Desktop/workspace/zhao/install/learn_topic/share/learn_topic/hook/ament_prefix_path.sh'
[2.594s] INFO:colcon.colcon_core.shell:Skip shell extension 'powershell' for command environment: Not usable outside of PowerShell
[2.594s] DEBUG:colcon.colcon_core.shell:Skip shell extension 'dsv' for command environment
[2.619s] DEBUG:colcon.colcon_core.event_handler.log_command:Invoking command in '/home/ubuntu/Desktop/workspace/zhao/build/learn_interface': /usr/bin/cmake /home/ubuntu/Desktop/workspace/zhao/src/learn_interface -DCMAKE_INSTALL_PREFIX=/home/ubuntu/Desktop/workspace/zhao/install/learn_interface
[3.169s] INFO:colcon.colcon_core.task.python.build:Building Python package in '/home/ubuntu/Desktop/workspace/zhao/src/learn_service'
[3.171s] INFO:colcon.colcon_core.shell:Skip shell extension 'powershell' for command environment: Not usable outside of PowerShell
[3.171s] DEBUG:colcon.colcon_core.shell:Skip shell extension 'dsv' for command environment
[3.669s] INFO:colcon.colcon_core.task.python.build:Building Python package in '/home/ubuntu/Desktop/workspace/zhao/src/learn_topic'
[3.671s] INFO:colcon.colcon_core.shell:Skip shell extension 'powershell' for command environment: Not usable outside of PowerShell
[3.671s] DEBUG:colcon.colcon_core.shell:Skip shell extension 'dsv' for command environment
[4.644s] DEBUG:colcon.colcon_core.event_handler.log_command:Invoked command in '/home/ubuntu/Desktop/workspace/zhao/build/learn_interface' returned '1': /usr/bin/cmake /home/ubuntu/Desktop/workspace/zhao/src/learn_interface -DCMAKE_INSTALL_PREFIX=/home/ubuntu/Desktop/workspace/zhao/install/learn_interface
[4.993s] DEBUG:colcon.colcon_parallel_executor.executor.parallel:closing loop
[4.993s] DEBUG:colcon.colcon_parallel_executor.executor.parallel:loop closed
[4.993s] DEBUG:colcon.colcon_parallel_executor.executor.parallel:run_until_complete finished with '1'
[4.993s] DEBUG:colcon.colcon_core.event_reactor:joining thread
[5.068s] INFO:colcon.colcon_core.plugin_system:Skipping extension 'colcon_notification.desktop_notification.notify_send': Could not find 'notify-send'
[5.068s] INFO:colcon.colcon_core.plugin_system:Skipping extension 'colcon_notification.desktop_notification.terminal_notifier': Not used on non-Darwin systems
[5.068s] INFO:colcon.colcon_core.plugin_system:Skipping extension 'colcon_notification.desktop_notification.win32': Not used on non-Windows systems
[5.068s] INFO:colcon.colcon_notification.desktop_notification:Sending desktop notification using 'notify2'
[5.111s] DEBUG:colcon.colcon_notification.desktop_notification.notify2:Failed to initialize notify2: org.freedesktop.DBus.Error.ServiceUnknown: The name org.freedesktop.Notifications was not provided by any .service files
[5.111s] DEBUG:colcon.colcon_core.event_reactor:joined thread
[5.113s] INFO:colcon.colcon_core.shell:Creating prefix script '/home/ubuntu/Desktop/workspace/zhao/install/local_setup.ps1'
[5.114s] INFO:colcon.colcon_core.shell:Creating prefix util module '/home/ubuntu/Desktop/workspace/zhao/install/_local_setup_util_ps1.py'
[5.141s] INFO:colcon.colcon_core.shell:Creating prefix chain script '/home/ubuntu/Desktop/workspace/zhao/install/setup.ps1'
[5.144s] INFO:colcon.colcon_core.shell:Creating prefix script '/home/ubuntu/Desktop/workspace/zhao/install/local_setup.sh'
[5.190s] INFO:colcon.colcon_core.shell:Creating prefix util module '/home/ubuntu/Desktop/workspace/zhao/install/_local_setup_util_sh.py'
[5.191s] INFO:colcon.colcon_core.shell:Creating prefix chain script '/home/ubuntu/Desktop/workspace/zhao/install/setup.sh'
[5.194s] INFO:colcon.colcon_core.shell:Creating prefix script '/home/ubuntu/Desktop/workspace/zhao/install/local_setup.bash'
[5.196s] INFO:colcon.colcon_core.shell:Creating prefix chain script '/home/ubuntu/Desktop/workspace/zhao/install/setup.bash'
[5.198s] INFO:colcon.colcon_core.shell:Creating prefix script '/home/ubuntu/Desktop/workspace/zhao/install/local_setup.zsh'
[5.200s] INFO:colcon.colcon_core.shell:Creating prefix chain script '/home/ubuntu/Desktop/workspace/zhao/install/setup.zsh'
