[2.033s] Invoking command in '/home/ubuntu/Desktop/workspace/zhao/src/learn_service': PYTHONPATH=/home/ubuntu/Desktop/workspace/zhao/install/learn_service/lib/python3.8/site-packages:${PYTHONPATH} /usr/bin/python3 setup.py egg_info --egg-base ../../build/learn_service build --build-base /home/ubuntu/Desktop/workspace/zhao/build/learn_service/build install --prefix /home/ubuntu/Desktop/workspace/zhao/install/learn_service --record /home/ubuntu/Desktop/workspace/zhao/build/learn_service/install.log --single-version-externally-managed
[2.497s] running egg_info
[2.498s] writing ../../build/learn_service/learn_service.egg-info/PKG-INFO
[2.499s] writing dependency_links to ../../build/learn_service/learn_service.egg-info/dependency_links.txt
[2.499s] writing entry points to ../../build/learn_service/learn_service.egg-info/entry_points.txt
[2.499s] writing requirements to ../../build/learn_service/learn_service.egg-info/requires.txt
[2.499s] writing top-level names to ../../build/learn_service/learn_service.egg-info/top_level.txt
[2.586s] reading manifest file '../../build/learn_service/learn_service.egg-info/SOURCES.txt'
[2.588s] writing manifest file '../../build/learn_service/learn_service.egg-info/SOURCES.txt'
[2.588s] running build
[2.588s] running build_py
[2.589s] copying learn_service/service_first_server.py -> /home/ubuntu/Desktop/workspace/zhao/build/learn_service/build/lib/learn_service
[2.589s] running install
[2.591s] running install_lib
[2.594s] copying /home/ubuntu/Desktop/workspace/zhao/build/learn_service/build/lib/learn_service/service_first_server.py -> /home/ubuntu/Desktop/workspace/zhao/install/learn_service/lib/python3.8/site-packages/learn_service
[2.595s] byte-compiling /home/ubuntu/Desktop/workspace/zhao/install/learn_service/lib/python3.8/site-packages/learn_service/service_first_server.py to service_first_server.cpython-38.pyc
[2.599s] running install_data
[2.600s] running install_egg_info
[2.603s] removing '/home/ubuntu/Desktop/workspace/zhao/install/learn_service/lib/python3.8/site-packages/learn_service-0.0.0-py3.8.egg-info' (and everything under it)
[2.604s] Copying ../../build/learn_service/learn_service.egg-info to /home/ubuntu/Desktop/workspace/zhao/install/learn_service/lib/python3.8/site-packages/learn_service-0.0.0-py3.8.egg-info
[2.606s] running install_scripts
[2.643s] Installing service_first script to /home/ubuntu/Desktop/workspace/zhao/install/learn_service/lib/learn_service
[2.643s] Installing service_first_client script to /home/ubuntu/Desktop/workspace/zhao/install/learn_service/lib/learn_service
[2.644s] writing list of installed files to '/home/ubuntu/Desktop/workspace/zhao/build/learn_service/install.log'
[2.722s] Invoked command in '/home/ubuntu/Desktop/workspace/zhao/src/learn_service' returned '0': PYTHONPATH=/home/ubuntu/Desktop/workspace/zhao/install/learn_service/lib/python3.8/site-packages:${PYTHONPATH} /usr/bin/python3 setup.py egg_info --egg-base ../../build/learn_service build --build-base /home/ubuntu/Desktop/workspace/zhao/build/learn_service/build install --prefix /home/ubuntu/Desktop/workspace/zhao/install/learn_service --record /home/ubuntu/Desktop/workspace/zhao/build/learn_service/install.log --single-version-externally-managed
