[0.043s] Invoking command in '/home/ubuntu/Desktop/workspace/zhao/build/learn_interface': /usr/bin/cmake /home/ubuntu/Desktop/workspace/zhao/src/learn_interface -DCMAKE_INSTALL_PREFIX=/home/ubuntu/Desktop/workspace/zhao/install/learn_interface
[0.458s] -- Found ament_cmake: 0.9.9 (/opt/ros/foxy/share/ament_cmake/cmake)
[0.458s] -- Found PythonInterp: /usr/bin/python3 (found suitable version "3.8.10", minimum required is "3") 
[0.459s] -- Using PYTHON_EXECUTABLE: /usr/bin/python3
[0.459s] -- Found rosidl_default_generators: 1.0.1 (/opt/ros/foxy/share/rosidl_default_generators/cmake)
[0.459s] -- Using all available rosidl_typesupport_c: rosidl_typesupport_fastrtps_c;rosidl_typesupport_introspection_c
[0.464s] -- Found rosidl_adapter: 1.2.1 (/opt/ros/foxy/share/rosidl_adapter/cmake)
[0.676s] -- Using all available rosidl_typesupport_cpp: rosidl_typesupport_fastrtps_cpp;rosidl_typesupport_introspection_cpp
[0.754s] -- Found PythonInterp: /usr/bin/python3 (found version "3.8.10") 
[0.892s] CMake Error: File /home/ubuntu/Desktop/workspace/zhao/src/learn_interface/package.xml does not exist.
[0.893s] CMake Error at /opt/ros/foxy/share/ament_cmake_core/cmake/core/stamp.cmake:24 (configure_file):
[0.893s]   configure_file Problem configuring file
[0.893s] Call Stack (most recent call first):
[0.893s]   /opt/ros/foxy/share/ament_cmake_core/cmake/core/ament_package_xml.cmake:73 (stamp)
[0.893s]   /opt/ros/foxy/share/ament_cmake_core/cmake/core/ament_package_xml.cmake:49 (_ament_package_xml)
[0.893s]   /opt/ros/foxy/share/rosidl_cmake/cmake/rosidl_generate_interfaces.cmake:226 (ament_package_xml)
[0.893s]   CMakeLists.txt:25 (rosidl_generate_interfaces)
[0.894s] 
[0.894s] 
[0.894s] CMake Error at /opt/ros/foxy/share/rosidl_cmake/cmake/rosidl_generate_interfaces.cmake:229 (message):
[0.894s]   Packages installing interfaces must include
[0.895s]   '<member_of_group>rosidl_interface_packages</member_of_group>' in their
[0.895s]   package.xml
[0.895s] Call Stack (most recent call first):
[0.895s]   CMakeLists.txt:25 (rosidl_generate_interfaces)
[0.895s] 
[0.895s] 
[0.896s] -- Configuring incomplete, errors occurred!
[0.896s] See also "/home/ubuntu/Desktop/workspace/zhao/build/learn_interface/CMakeFiles/CMakeOutput.log".
[0.903s] Invoked command in '/home/ubuntu/Desktop/workspace/zhao/build/learn_interface' returned '1': /usr/bin/cmake /home/ubuntu/Desktop/workspace/zhao/src/learn_interface -DCMAKE_INSTALL_PREFIX=/home/ubuntu/Desktop/workspace/zhao/install/learn_interface
