[0.048s] Invoking command in '/home/ubuntu/Desktop/workspace/zhao/build/learn_interface': CMAKE_PREFIX_PATH=${CMAKE_PREFIX_PATH}:/home/ubuntu/Desktop/workspace/zhao/install/learn_topic:/home/ubuntu/Desktop/workspace/zhao/install/learn_service:/opt/ros/foxy /usr/bin/cmake --build /home/ubuntu/Desktop/workspace/zhao/build/learn_interface -- -j4 -l4
[0.958s] [  2%] Built target learn_interface__cpp
[0.959s] [ 12%] Built target learn_interface__rosidl_generator_c
[0.960s] [ 23%] Built target learn_interface__rosidl_typesupport_cpp
[0.961s] [ 34%] Built target learn_interface__rosidl_typesupport_introspection_cpp
[0.964s] [ 44%] Built target learn_interface__rosidl_typesupport_c
[0.964s] [ 55%] Built target learn_interface__rosidl_typesupport_fastrtps_cpp
[0.964s] [ 65%] Built target learn_interface__rosidl_typesupport_introspection_c
[0.965s] [ 76%] Built target learn_interface__rosidl_typesupport_fastrtps_c
[0.965s] [ 76%] Built target learn_interface
[0.965s] [ 78%] Built target learn_interface__py
[0.965s] [ 87%] Built target learn_interface__python
[0.965s] [ 91%] Built target learn_interface__rosidl_typesupport_c__pyext
[0.966s] [ 95%] Built target learn_interface__rosidl_typesupport_fastrtps_c__pyext
[0.966s] [100%] Built target learn_interface__rosidl_typesupport_introspection_c__pyext
[0.966s] Invoked command in '/home/ubuntu/Desktop/workspace/zhao/build/learn_interface' returned '0': CMAKE_PREFIX_PATH=${CMAKE_PREFIX_PATH}:/home/ubuntu/Desktop/workspace/zhao/install/learn_topic:/home/ubuntu/Desktop/workspace/zhao/install/learn_service:/opt/ros/foxy /usr/bin/cmake --build /home/ubuntu/Desktop/workspace/zhao/build/learn_interface -- -j4 -l4
[1.221s] Invoking command in '/home/ubuntu/Desktop/workspace/zhao/build/learn_interface': CMAKE_PREFIX_PATH=${CMAKE_PREFIX_PATH}:/home/ubuntu/Desktop/workspace/zhao/install/learn_topic:/home/ubuntu/Desktop/workspace/zhao/install/learn_service:/opt/ros/foxy /usr/bin/cmake --install /home/ubuntu/Desktop/workspace/zhao/build/learn_interface
[1.243s] -- Install configuration: ""
[1.243s] -- Up-to-date: /home/ubuntu/Desktop/workspace/zhao/install/learn_interface/share/ament_index/resource_index/rosidl_interfaces/learn_interface
[1.244s] -- Up-to-date: /home/ubuntu/Desktop/workspace/zhao/install/learn_interface/include/learn_interface
[1.244s] -- Up-to-date: /home/ubuntu/Desktop/workspace/zhao/install/learn_interface/include/learn_interface/msg
[1.244s] -- Up-to-date: /home/ubuntu/Desktop/workspace/zhao/install/learn_interface/include/learn_interface/msg/rosidl_generator_c__visibility_control.h
[1.245s] -- Up-to-date: /home/ubuntu/Desktop/workspace/zhao/install/learn_interface/include/learn_interface/msg/object_position.h
[1.245s] -- Up-to-date: /home/ubuntu/Desktop/workspace/zhao/install/learn_interface/include/learn_interface/msg/detail
[1.245s] -- Up-to-date: /home/ubuntu/Desktop/workspace/zhao/install/learn_interface/include/learn_interface/msg/detail/object_position__functions.c
[1.245s] -- Up-to-date: /home/ubuntu/Desktop/workspace/zhao/install/learn_interface/include/learn_interface/msg/detail/object_position__functions.h
[1.246s] -- Up-to-date: /home/ubuntu/Desktop/workspace/zhao/install/learn_interface/include/learn_interface/msg/detail/object_position__struct.h
[1.246s] -- Up-to-date: /home/ubuntu/Desktop/workspace/zhao/install/learn_interface/include/learn_interface/msg/detail/object_position__type_support.h
[1.246s] -- Up-to-date: /home/ubuntu/Desktop/workspace/zhao/install/learn_interface/include/learn_interface/srv
[1.246s] -- Up-to-date: /home/ubuntu/Desktop/workspace/zhao/install/learn_interface/include/learn_interface/srv/add_two_int32s.h
[1.247s] -- Up-to-date: /home/ubuntu/Desktop/workspace/zhao/install/learn_interface/include/learn_interface/srv/detail
[1.247s] -- Up-to-date: /home/ubuntu/Desktop/workspace/zhao/install/learn_interface/include/learn_interface/srv/detail/add_two_int32s__functions.c
[1.247s] -- Up-to-date: /home/ubuntu/Desktop/workspace/zhao/install/learn_interface/include/learn_interface/srv/detail/add_two_int32s__functions.h
[1.247s] -- Up-to-date: /home/ubuntu/Desktop/workspace/zhao/install/learn_interface/include/learn_interface/srv/detail/add_two_int32s__struct.h
[1.248s] -- Up-to-date: /home/ubuntu/Desktop/workspace/zhao/install/learn_interface/include/learn_interface/srv/detail/add_two_int32s__type_support.h
[1.248s] -- Up-to-date: /home/ubuntu/Desktop/workspace/zhao/install/learn_interface/include/learn_interface/srv/detail/get_object_position__functions.c
[1.248s] -- Up-to-date: /home/ubuntu/Desktop/workspace/zhao/install/learn_interface/include/learn_interface/srv/detail/get_object_position__functions.h
[1.248s] -- Up-to-date: /home/ubuntu/Desktop/workspace/zhao/install/learn_interface/include/learn_interface/srv/detail/get_object_position__struct.h
[1.248s] -- Up-to-date: /home/ubuntu/Desktop/workspace/zhao/install/learn_interface/include/learn_interface/srv/detail/get_object_position__type_support.h
[1.249s] -- Up-to-date: /home/ubuntu/Desktop/workspace/zhao/install/learn_interface/include/learn_interface/srv/detail/add_two_ints__functions.c
[1.249s] -- Up-to-date: /home/ubuntu/Desktop/workspace/zhao/install/learn_interface/include/learn_interface/srv/detail/add_two_ints__functions.h
[1.249s] -- Up-to-date: /home/ubuntu/Desktop/workspace/zhao/install/learn_interface/include/learn_interface/srv/detail/add_two_ints__struct.h
[1.250s] -- Up-to-date: /home/ubuntu/Desktop/workspace/zhao/install/learn_interface/include/learn_interface/srv/detail/add_two_ints__type_support.h
[1.250s] -- Up-to-date: /home/ubuntu/Desktop/workspace/zhao/install/learn_interface/include/learn_interface/srv/get_object_position.h
[1.251s] -- Up-to-date: /home/ubuntu/Desktop/workspace/zhao/install/learn_interface/include/learn_interface/srv/add_two_ints.h
[1.251s] -- Up-to-date: /home/ubuntu/Desktop/workspace/zhao/install/learn_interface/share/learn_interface/environment/library_path.sh
[1.251s] -- Up-to-date: /home/ubuntu/Desktop/workspace/zhao/install/learn_interface/share/learn_interface/environment/library_path.dsv
[1.252s] -- Up-to-date: /home/ubuntu/Desktop/workspace/zhao/install/learn_interface/lib/liblearn_interface__rosidl_generator_c.so
[1.252s] -- Up-to-date: /home/ubuntu/Desktop/workspace/zhao/install/learn_interface/include/learn_interface
[1.252s] -- Up-to-date: /home/ubuntu/Desktop/workspace/zhao/install/learn_interface/include/learn_interface/msg
[1.253s] -- Up-to-date: /home/ubuntu/Desktop/workspace/zhao/install/learn_interface/include/learn_interface/msg/rosidl_typesupport_fastrtps_c__visibility_control.h
[1.253s] -- Up-to-date: /home/ubuntu/Desktop/workspace/zhao/install/learn_interface/include/learn_interface/msg/detail
[1.253s] -- Up-to-date: /home/ubuntu/Desktop/workspace/zhao/install/learn_interface/include/learn_interface/msg/detail/object_position__rosidl_typesupport_fastrtps_c.h
[1.254s] -- Up-to-date: /home/ubuntu/Desktop/workspace/zhao/install/learn_interface/include/learn_interface/srv
[1.254s] -- Up-to-date: /home/ubuntu/Desktop/workspace/zhao/install/learn_interface/include/learn_interface/srv/detail
[1.254s] -- Up-to-date: /home/ubuntu/Desktop/workspace/zhao/install/learn_interface/include/learn_interface/srv/detail/add_two_int32s__rosidl_typesupport_fastrtps_c.h
[1.254s] -- Up-to-date: /home/ubuntu/Desktop/workspace/zhao/install/learn_interface/include/learn_interface/srv/detail/get_object_position__rosidl_typesupport_fastrtps_c.h
[1.255s] -- Up-to-date: /home/ubuntu/Desktop/workspace/zhao/install/learn_interface/include/learn_interface/srv/detail/add_two_ints__rosidl_typesupport_fastrtps_c.h
[1.255s] -- Up-to-date: /home/ubuntu/Desktop/workspace/zhao/install/learn_interface/lib/liblearn_interface__rosidl_typesupport_fastrtps_c.so
[1.255s] -- Up-to-date: /home/ubuntu/Desktop/workspace/zhao/install/learn_interface/include/learn_interface
[1.255s] -- Up-to-date: /home/ubuntu/Desktop/workspace/zhao/install/learn_interface/include/learn_interface/msg
[1.256s] -- Up-to-date: /home/ubuntu/Desktop/workspace/zhao/install/learn_interface/include/learn_interface/msg/rosidl_typesupport_fastrtps_cpp__visibility_control.h
[1.256s] -- Up-to-date: /home/ubuntu/Desktop/workspace/zhao/install/learn_interface/include/learn_interface/msg/detail
[1.257s] -- Up-to-date: /home/ubuntu/Desktop/workspace/zhao/install/learn_interface/include/learn_interface/msg/detail/object_position__rosidl_typesupport_fastrtps_cpp.hpp
[1.257s] -- Up-to-date: /home/ubuntu/Desktop/workspace/zhao/install/learn_interface/include/learn_interface/msg/detail/dds_fastrtps
[1.258s] -- Up-to-date: /home/ubuntu/Desktop/workspace/zhao/install/learn_interface/include/learn_interface/srv
[1.259s] -- Up-to-date: /home/ubuntu/Desktop/workspace/zhao/install/learn_interface/include/learn_interface/srv/detail
[1.260s] -- Up-to-date: /home/ubuntu/Desktop/workspace/zhao/install/learn_interface/include/learn_interface/srv/detail/add_two_int32s__rosidl_typesupport_fastrtps_cpp.hpp
[1.261s] -- Up-to-date: /home/ubuntu/Desktop/workspace/zhao/install/learn_interface/include/learn_interface/srv/detail/dds_fastrtps
[1.261s] -- Up-to-date: /home/ubuntu/Desktop/workspace/zhao/install/learn_interface/include/learn_interface/srv/detail/get_object_position__rosidl_typesupport_fastrtps_cpp.hpp
[1.262s] -- Up-to-date: /home/ubuntu/Desktop/workspace/zhao/install/learn_interface/include/learn_interface/srv/detail/add_two_ints__rosidl_typesupport_fastrtps_cpp.hpp
[1.262s] -- Up-to-date: /home/ubuntu/Desktop/workspace/zhao/install/learn_interface/lib/liblearn_interface__rosidl_typesupport_fastrtps_cpp.so
[1.262s] -- Up-to-date: /home/ubuntu/Desktop/workspace/zhao/install/learn_interface/include/learn_interface
[1.264s] -- Up-to-date: /home/ubuntu/Desktop/workspace/zhao/install/learn_interface/include/learn_interface/msg
[1.264s] -- Up-to-date: /home/ubuntu/Desktop/workspace/zhao/install/learn_interface/include/learn_interface/msg/rosidl_typesupport_introspection_c__visibility_control.h
[1.264s] -- Up-to-date: /home/ubuntu/Desktop/workspace/zhao/install/learn_interface/include/learn_interface/msg/detail
[1.265s] -- Up-to-date: /home/ubuntu/Desktop/workspace/zhao/install/learn_interface/include/learn_interface/msg/detail/object_position__rosidl_typesupport_introspection_c.h
[1.265s] -- Up-to-date: /home/ubuntu/Desktop/workspace/zhao/install/learn_interface/include/learn_interface/msg/detail/object_position__type_support.c
[1.266s] -- Up-to-date: /home/ubuntu/Desktop/workspace/zhao/install/learn_interface/include/learn_interface/srv
[1.266s] -- Up-to-date: /home/ubuntu/Desktop/workspace/zhao/install/learn_interface/include/learn_interface/srv/detail
[1.267s] -- Up-to-date: /home/ubuntu/Desktop/workspace/zhao/install/learn_interface/include/learn_interface/srv/detail/add_two_int32s__rosidl_typesupport_introspection_c.h
[1.269s] -- Up-to-date: /home/ubuntu/Desktop/workspace/zhao/install/learn_interface/include/learn_interface/srv/detail/add_two_int32s__type_support.c
[1.269s] -- Up-to-date: /home/ubuntu/Desktop/workspace/zhao/install/learn_interface/include/learn_interface/srv/detail/get_object_position__rosidl_typesupport_introspection_c.h
[1.270s] -- Up-to-date: /home/ubuntu/Desktop/workspace/zhao/install/learn_interface/include/learn_interface/srv/detail/get_object_position__type_support.c
[1.270s] -- Up-to-date: /home/ubuntu/Desktop/workspace/zhao/install/learn_interface/include/learn_interface/srv/detail/add_two_ints__rosidl_typesupport_introspection_c.h
[1.270s] -- Up-to-date: /home/ubuntu/Desktop/workspace/zhao/install/learn_interface/include/learn_interface/srv/detail/add_two_ints__type_support.c
[1.270s] -- Up-to-date: /home/ubuntu/Desktop/workspace/zhao/install/learn_interface/lib/liblearn_interface__rosidl_typesupport_introspection_c.so
[1.271s] -- Up-to-date: /home/ubuntu/Desktop/workspace/zhao/install/learn_interface/lib/liblearn_interface__rosidl_typesupport_c.so
[1.271s] -- Up-to-date: /home/ubuntu/Desktop/workspace/zhao/install/learn_interface/include/learn_interface
[1.272s] -- Up-to-date: /home/ubuntu/Desktop/workspace/zhao/install/learn_interface/include/learn_interface/srv
[1.273s] -- Up-to-date: /home/ubuntu/Desktop/workspace/zhao/install/learn_interface/include/learn_interface/srv/add_two_int32s.hpp
[1.274s] -- Up-to-date: /home/ubuntu/Desktop/workspace/zhao/install/learn_interface/include/learn_interface/srv/detail
[1.274s] -- Up-to-date: /home/ubuntu/Desktop/workspace/zhao/install/learn_interface/include/learn_interface/srv/detail/add_two_int32s__builder.hpp
[1.274s] -- Up-to-date: /home/ubuntu/Desktop/workspace/zhao/install/learn_interface/include/learn_interface/srv/detail/add_two_int32s__struct.hpp
[1.274s] -- Up-to-date: /home/ubuntu/Desktop/workspace/zhao/install/learn_interface/include/learn_interface/srv/detail/add_two_int32s__traits.hpp
[1.275s] -- Up-to-date: /home/ubuntu/Desktop/workspace/zhao/install/learn_interface/include/learn_interface/srv/detail/get_object_position__builder.hpp
[1.275s] -- Up-to-date: /home/ubuntu/Desktop/workspace/zhao/install/learn_interface/include/learn_interface/srv/detail/get_object_position__struct.hpp
[1.276s] -- Up-to-date: /home/ubuntu/Desktop/workspace/zhao/install/learn_interface/include/learn_interface/srv/detail/get_object_position__traits.hpp
[1.276s] -- Up-to-date: /home/ubuntu/Desktop/workspace/zhao/install/learn_interface/include/learn_interface/srv/detail/add_two_ints__builder.hpp
[1.277s] -- Up-to-date: /home/ubuntu/Desktop/workspace/zhao/install/learn_interface/include/learn_interface/srv/detail/add_two_ints__struct.hpp
[1.277s] -- Up-to-date: /home/ubuntu/Desktop/workspace/zhao/install/learn_interface/include/learn_interface/srv/detail/add_two_ints__traits.hpp
[1.277s] -- Up-to-date: /home/ubuntu/Desktop/workspace/zhao/install/learn_interface/include/learn_interface/srv/get_object_position.hpp
[1.278s] -- Up-to-date: /home/ubuntu/Desktop/workspace/zhao/install/learn_interface/include/learn_interface/srv/add_two_ints.hpp
[1.278s] -- Up-to-date: /home/ubuntu/Desktop/workspace/zhao/install/learn_interface/include/learn_interface/msg
[1.279s] -- Up-to-date: /home/ubuntu/Desktop/workspace/zhao/install/learn_interface/include/learn_interface/msg/object_position.hpp
[1.279s] -- Up-to-date: /home/ubuntu/Desktop/workspace/zhao/install/learn_interface/include/learn_interface/msg/detail
[1.279s] -- Up-to-date: /home/ubuntu/Desktop/workspace/zhao/install/learn_interface/include/learn_interface/msg/detail/object_position__builder.hpp
[1.279s] -- Up-to-date: /home/ubuntu/Desktop/workspace/zhao/install/learn_interface/include/learn_interface/msg/detail/object_position__struct.hpp
[1.282s] -- Up-to-date: /home/ubuntu/Desktop/workspace/zhao/install/learn_interface/include/learn_interface/msg/detail/object_position__traits.hpp
[1.282s] -- Up-to-date: /home/ubuntu/Desktop/workspace/zhao/install/learn_interface/include/learn_interface
[1.282s] -- Up-to-date: /home/ubuntu/Desktop/workspace/zhao/install/learn_interface/include/learn_interface/srv
[1.283s] -- Up-to-date: /home/ubuntu/Desktop/workspace/zhao/install/learn_interface/include/learn_interface/srv/detail
[1.283s] -- Up-to-date: /home/ubuntu/Desktop/workspace/zhao/install/learn_interface/include/learn_interface/srv/detail/add_two_int32s__rosidl_typesupport_introspection_cpp.hpp
[1.283s] -- Up-to-date: /home/ubuntu/Desktop/workspace/zhao/install/learn_interface/include/learn_interface/srv/detail/add_two_int32s__type_support.cpp
[1.283s] -- Up-to-date: /home/ubuntu/Desktop/workspace/zhao/install/learn_interface/include/learn_interface/srv/detail/get_object_position__rosidl_typesupport_introspection_cpp.hpp
[1.284s] -- Up-to-date: /home/ubuntu/Desktop/workspace/zhao/install/learn_interface/include/learn_interface/srv/detail/get_object_position__type_support.cpp
[1.284s] -- Up-to-date: /home/ubuntu/Desktop/workspace/zhao/install/learn_interface/include/learn_interface/srv/detail/add_two_ints__rosidl_typesupport_introspection_cpp.hpp
[1.284s] -- Up-to-date: /home/ubuntu/Desktop/workspace/zhao/install/learn_interface/include/learn_interface/srv/detail/add_two_ints__type_support.cpp
[1.285s] -- Up-to-date: /home/ubuntu/Desktop/workspace/zhao/install/learn_interface/include/learn_interface/msg
[1.286s] -- Up-to-date: /home/ubuntu/Desktop/workspace/zhao/install/learn_interface/include/learn_interface/msg/detail
[1.286s] -- Up-to-date: /home/ubuntu/Desktop/workspace/zhao/install/learn_interface/include/learn_interface/msg/detail/object_position__rosidl_typesupport_introspection_cpp.hpp
[1.286s] -- Up-to-date: /home/ubuntu/Desktop/workspace/zhao/install/learn_interface/include/learn_interface/msg/detail/object_position__type_support.cpp
[1.290s] -- Up-to-date: /home/ubuntu/Desktop/workspace/zhao/install/learn_interface/lib/liblearn_interface__rosidl_typesupport_introspection_cpp.so
[1.290s] -- Up-to-date: /home/ubuntu/Desktop/workspace/zhao/install/learn_interface/lib/liblearn_interface__rosidl_typesupport_cpp.so
[1.290s] -- Up-to-date: /home/ubuntu/Desktop/workspace/zhao/install/learn_interface/share/learn_interface/environment/pythonpath.sh
[1.290s] -- Up-to-date: /home/ubuntu/Desktop/workspace/zhao/install/learn_interface/share/learn_interface/environment/pythonpath.dsv
[1.291s] -- Up-to-date: /home/ubuntu/Desktop/workspace/zhao/install/learn_interface/lib/python3.8/site-packages/learn_interface/__init__.py
[1.354s] -- Up-to-date: /home/ubuntu/Desktop/workspace/zhao/install/learn_interface/lib/python3.8/site-packages/learn_interface/srv
[1.355s] -- Up-to-date: /home/ubuntu/Desktop/workspace/zhao/install/learn_interface/lib/python3.8/site-packages/learn_interface/srv/_add_two_int32s.py
[1.355s] -- Up-to-date: /home/ubuntu/Desktop/workspace/zhao/install/learn_interface/lib/python3.8/site-packages/learn_interface/srv/_add_two_int32s_s.c
[1.355s] -- Up-to-date: /home/ubuntu/Desktop/workspace/zhao/install/learn_interface/lib/python3.8/site-packages/learn_interface/srv/_get_object_position.py
[1.355s] -- Up-to-date: /home/ubuntu/Desktop/workspace/zhao/install/learn_interface/lib/python3.8/site-packages/learn_interface/srv/_get_object_position_s.c
[1.355s] -- Up-to-date: /home/ubuntu/Desktop/workspace/zhao/install/learn_interface/lib/python3.8/site-packages/learn_interface/srv/__init__.py
[1.356s] -- Up-to-date: /home/ubuntu/Desktop/workspace/zhao/install/learn_interface/lib/python3.8/site-packages/learn_interface/srv/_add_two_ints.py
[1.356s] -- Up-to-date: /home/ubuntu/Desktop/workspace/zhao/install/learn_interface/lib/python3.8/site-packages/learn_interface/srv/_add_two_ints_s.c
[1.356s] -- Up-to-date: /home/ubuntu/Desktop/workspace/zhao/install/learn_interface/lib/python3.8/site-packages/learn_interface/msg
[1.356s] -- Up-to-date: /home/ubuntu/Desktop/workspace/zhao/install/learn_interface/lib/python3.8/site-packages/learn_interface/msg/_object_position.py
[1.356s] -- Up-to-date: /home/ubuntu/Desktop/workspace/zhao/install/learn_interface/lib/python3.8/site-packages/learn_interface/msg/_object_position_s.c
[1.357s] -- Up-to-date: /home/ubuntu/Desktop/workspace/zhao/install/learn_interface/lib/python3.8/site-packages/learn_interface/msg/__init__.py
[1.357s] -- Up-to-date: /home/ubuntu/Desktop/workspace/zhao/install/learn_interface/lib/python3.8/site-packages/learn_interface/learn_interface_s__rosidl_typesupport_fastrtps_c.cpython-38-x86_64-linux-gnu.so
[1.357s] -- Up-to-date: /home/ubuntu/Desktop/workspace/zhao/install/learn_interface/lib/python3.8/site-packages/learn_interface/learn_interface_s__rosidl_typesupport_introspection_c.cpython-38-x86_64-linux-gnu.so
[1.357s] -- Up-to-date: /home/ubuntu/Desktop/workspace/zhao/install/learn_interface/lib/python3.8/site-packages/learn_interface/learn_interface_s__rosidl_typesupport_c.cpython-38-x86_64-linux-gnu.so
[1.358s] -- Up-to-date: /home/ubuntu/Desktop/workspace/zhao/install/learn_interface/lib/liblearn_interface__python.so
[1.359s] -- Up-to-date: /home/ubuntu/Desktop/workspace/zhao/install/learn_interface/share/learn_interface/srv/AddTwoInts.idl
[1.359s] -- Up-to-date: /home/ubuntu/Desktop/workspace/zhao/install/learn_interface/share/learn_interface/srv/GetObjectPosition.idl
[1.359s] -- Up-to-date: /home/ubuntu/Desktop/workspace/zhao/install/learn_interface/share/learn_interface/msg/ObjectPosition.idl
[1.359s] -- Up-to-date: /home/ubuntu/Desktop/workspace/zhao/install/learn_interface/share/learn_interface/srv/AddTwoInts.srv
[1.360s] -- Up-to-date: /home/ubuntu/Desktop/workspace/zhao/install/learn_interface/share/learn_interface/srv/AddTwoInts_Request.msg
[1.360s] -- Up-to-date: /home/ubuntu/Desktop/workspace/zhao/install/learn_interface/share/learn_interface/srv/AddTwoInts_Response.msg
[1.360s] -- Up-to-date: /home/ubuntu/Desktop/workspace/zhao/install/learn_interface/share/learn_interface/srv/GetObjectPosition.srv
[1.360s] -- Up-to-date: /home/ubuntu/Desktop/workspace/zhao/install/learn_interface/share/learn_interface/srv/GetObjectPosition_Request.msg
[1.361s] -- Up-to-date: /home/ubuntu/Desktop/workspace/zhao/install/learn_interface/share/learn_interface/srv/GetObjectPosition_Response.msg
[1.361s] -- Up-to-date: /home/ubuntu/Desktop/workspace/zhao/install/learn_interface/share/learn_interface/msg/ObjectPosition.msg
[1.361s] -- Up-to-date: /home/ubuntu/Desktop/workspace/zhao/install/learn_interface/share/ament_index/resource_index/package_run_dependencies/learn_interface
[1.363s] -- Up-to-date: /home/ubuntu/Desktop/workspace/zhao/install/learn_interface/share/ament_index/resource_index/parent_prefix_path/learn_interface
[1.363s] -- Up-to-date: /home/ubuntu/Desktop/workspace/zhao/install/learn_interface/share/learn_interface/environment/ament_prefix_path.sh
[1.363s] -- Up-to-date: /home/ubuntu/Desktop/workspace/zhao/install/learn_interface/share/learn_interface/environment/ament_prefix_path.dsv
[1.366s] -- Up-to-date: /home/ubuntu/Desktop/workspace/zhao/install/learn_interface/share/learn_interface/environment/path.sh
[1.367s] -- Up-to-date: /home/ubuntu/Desktop/workspace/zhao/install/learn_interface/share/learn_interface/environment/path.dsv
[1.367s] -- Up-to-date: /home/ubuntu/Desktop/workspace/zhao/install/learn_interface/share/learn_interface/local_setup.bash
[1.367s] -- Up-to-date: /home/ubuntu/Desktop/workspace/zhao/install/learn_interface/share/learn_interface/local_setup.sh
[1.368s] -- Up-to-date: /home/ubuntu/Desktop/workspace/zhao/install/learn_interface/share/learn_interface/local_setup.zsh
[1.368s] -- Up-to-date: /home/ubuntu/Desktop/workspace/zhao/install/learn_interface/share/learn_interface/local_setup.dsv
[1.368s] -- Installing: /home/ubuntu/Desktop/workspace/zhao/install/learn_interface/share/learn_interface/package.dsv
[1.369s] -- Up-to-date: /home/ubuntu/Desktop/workspace/zhao/install/learn_interface/share/ament_index/resource_index/packages/learn_interface
[1.369s] -- Up-to-date: /home/ubuntu/Desktop/workspace/zhao/install/learn_interface/share/learn_interface/cmake/learn_interface__rosidl_generator_cExport.cmake
[1.369s] -- Up-to-date: /home/ubuntu/Desktop/workspace/zhao/install/learn_interface/share/learn_interface/cmake/learn_interface__rosidl_generator_cExport-noconfig.cmake
[1.370s] -- Up-to-date: /home/ubuntu/Desktop/workspace/zhao/install/learn_interface/share/learn_interface/cmake/learn_interface__rosidl_typesupport_introspection_cExport.cmake
[1.370s] -- Up-to-date: /home/ubuntu/Desktop/workspace/zhao/install/learn_interface/share/learn_interface/cmake/learn_interface__rosidl_typesupport_introspection_cExport-noconfig.cmake
[1.371s] -- Up-to-date: /home/ubuntu/Desktop/workspace/zhao/install/learn_interface/share/learn_interface/cmake/learn_interface__rosidl_typesupport_cExport.cmake
[1.371s] -- Up-to-date: /home/ubuntu/Desktop/workspace/zhao/install/learn_interface/share/learn_interface/cmake/learn_interface__rosidl_typesupport_cExport-noconfig.cmake
[1.372s] -- Up-to-date: /home/ubuntu/Desktop/workspace/zhao/install/learn_interface/share/learn_interface/cmake/learn_interface__rosidl_generator_cppExport.cmake
[1.372s] -- Up-to-date: /home/ubuntu/Desktop/workspace/zhao/install/learn_interface/share/learn_interface/cmake/learn_interface__rosidl_typesupport_introspection_cppExport.cmake
[1.372s] -- Up-to-date: /home/ubuntu/Desktop/workspace/zhao/install/learn_interface/share/learn_interface/cmake/learn_interface__rosidl_typesupport_introspection_cppExport-noconfig.cmake
[1.373s] -- Up-to-date: /home/ubuntu/Desktop/workspace/zhao/install/learn_interface/share/learn_interface/cmake/learn_interface__rosidl_typesupport_cppExport.cmake
[1.373s] -- Up-to-date: /home/ubuntu/Desktop/workspace/zhao/install/learn_interface/share/learn_interface/cmake/learn_interface__rosidl_typesupport_cppExport-noconfig.cmake
[1.373s] -- Up-to-date: /home/ubuntu/Desktop/workspace/zhao/install/learn_interface/share/learn_interface/cmake/rosidl_cmake-extras.cmake
[1.374s] -- Up-to-date: /home/ubuntu/Desktop/workspace/zhao/install/learn_interface/share/learn_interface/cmake/ament_cmake_export_dependencies-extras.cmake
[1.374s] -- Up-to-date: /home/ubuntu/Desktop/workspace/zhao/install/learn_interface/share/learn_interface/cmake/ament_cmake_export_libraries-extras.cmake
[1.375s] -- Up-to-date: /home/ubuntu/Desktop/workspace/zhao/install/learn_interface/share/learn_interface/cmake/ament_cmake_export_targets-extras.cmake
[1.384s] -- Up-to-date: /home/ubuntu/Desktop/workspace/zhao/install/learn_interface/share/learn_interface/cmake/ament_cmake_export_include_directories-extras.cmake
[1.384s] -- Up-to-date: /home/ubuntu/Desktop/workspace/zhao/install/learn_interface/share/learn_interface/cmake/rosidl_cmake_export_typesupport_libraries-extras.cmake
[1.387s] -- Up-to-date: /home/ubuntu/Desktop/workspace/zhao/install/learn_interface/share/learn_interface/cmake/rosidl_cmake_export_typesupport_targets-extras.cmake
[1.387s] -- Up-to-date: /home/ubuntu/Desktop/workspace/zhao/install/learn_interface/share/learn_interface/cmake/learn_interfaceConfig.cmake
[1.387s] -- Up-to-date: /home/ubuntu/Desktop/workspace/zhao/install/learn_interface/share/learn_interface/cmake/learn_interfaceConfig-version.cmake
[1.388s] -- Up-to-date: /home/ubuntu/Desktop/workspace/zhao/install/learn_interface/share/learn_interface/package.xml
[1.388s] Invoked command in '/home/ubuntu/Desktop/workspace/zhao/build/learn_interface' returned '0': CMAKE_PREFIX_PATH=${CMAKE_PREFIX_PATH}:/home/ubuntu/Desktop/workspace/zhao/install/learn_topic:/home/ubuntu/Desktop/workspace/zhao/install/learn_service:/opt/ros/foxy /usr/bin/cmake --install /home/ubuntu/Desktop/workspace/zhao/build/learn_interface
